{"uid":"126ef5b96d83bbd3","name":"test_list_address_08_200","fullName":"tests.test_checklist.TestPromotionChecklist#test_list_address_08_200","historyId":"a413fbe189da277cb3efbf54af92d132","time":{"start":1739792657329,"stop":1739792736198,"duration":78869},"status":"failed","statusMessage":"AssertionError: False is not true : list_address.properties.address\n+\n[add]\nCreateObjectMapper(json_path={\"a_street_number\":\"StreetNumber\",\"b_street_dir_prefix\":\"StreetDirPrefix\",\"c_street_name\":\"StreetName\",\"f_unit_number\":\"UnitNumber\",\"g_city\":\"City\",\"h_state_or_province\":\"StateOrProvince\",\"i_postal_code\":\"PostalCode\"},skip_values=[])\n[add]\n[add]\nAddressConcatenator()\n[add]","statusTrace":"tests/test_checklist.py:569: in test_list_address\n    raise e  # Re-raise to ensure the test fails\ntests/test_checklist.py:564: in test_list_address\n    self.assertTrue(result, actual)\nE   AssertionError: False is not true : list_address.properties.address\nE   +\nE   [add]\nE   CreateObjectMapper(json_path={\"a_street_number\":\"StreetNumber\",\"b_street_dir_prefix\":\"StreetDirPrefix\",\"c_street_name\":\"StreetName\",\"f_unit_number\":\"UnitNumber\",\"g_city\":\"City\",\"h_state_or_province\":\"StateOrProvince\",\"i_postal_code\":\"PostalCode\"},skip_values=[])\nE   [add]\nE   [add]\nE   AddressConcatenator()\nE   [add]","flaky":false,"newFailed":false,"newBroken":false,"newPassed":false,"retriesCount":0,"retriesStatusChange":false,"beforeStages":[{"name":"_unittest_setUpClass_fixture_TestPromotionChecklist","time":{"start":1739788254308,"stop":1739788254308,"duration":0},"status":"passed","steps":[],"attachments":[],"parameters":[],"shouldDisplayMessage":false,"stepsCount":0,"attachmentsCount":0,"hasContent":false,"attachmentStep":false}],"testStage":{"status":"failed","statusMessage":"AssertionError: False is not true : list_address.properties.address\n+\n[add]\nCreateObjectMapper(json_path={\"a_street_number\":\"StreetNumber\",\"b_street_dir_prefix\":\"StreetDirPrefix\",\"c_street_name\":\"StreetName\",\"f_unit_number\":\"UnitNumber\",\"g_city\":\"City\",\"h_state_or_province\":\"StateOrProvince\",\"i_postal_code\":\"PostalCode\"},skip_values=[])\n[add]\n[add]\nAddressConcatenator()\n[add]","statusTrace":"tests/test_checklist.py:569: in test_list_address\n    raise e  # Re-raise to ensure the test fails\ntests/test_checklist.py:564: in test_list_address\n    self.assertTrue(result, actual)\nE   AssertionError: False is not true : list_address.properties.address\nE   +\nE   [add]\nE   CreateObjectMapper(json_path={\"a_street_number\":\"StreetNumber\",\"b_street_dir_prefix\":\"StreetDirPrefix\",\"c_street_name\":\"StreetName\",\"f_unit_number\":\"UnitNumber\",\"g_city\":\"City\",\"h_state_or_province\":\"StateOrProvince\",\"i_postal_code\":\"PostalCode\"},skip_values=[])\nE   [add]\nE   [add]\nE   AddressConcatenator()\nE   [add]","steps":[{"name":"Click authorisation button","time":{"start":1739792658122,"stop":1739792665389,"duration":7267},"status":"passed","steps":[{"name":"Get authorisation button","time":{"start":1739792658122,"stop":1739792658134,"duration":12},"status":"passed","steps":[],"attachments":[],"parameters":[],"shouldDisplayMessage":false,"stepsCount":0,"attachmentsCount":0,"hasContent":false,"attachmentStep":false}],"attachments":[],"parameters":[],"shouldDisplayMessage":false,"stepsCount":1,"attachmentsCount":0,"hasContent":true,"attachmentStep":false},{"name":"Source select","time":{"start":1739792665925,"stop":1739792666048,"duration":123},"status":"passed","steps":[],"attachments":[],"parameters":[{"name":"source","value":"'200'"}],"shouldDisplayMessage":false,"stepsCount":0,"attachmentsCount":0,"hasContent":true,"attachmentStep":false},{"name":"Select main metadata","time":{"start":1739792667549,"stop":1739792667647,"duration":98},"status":"passed","steps":[],"attachments":[],"parameters":[{"name":"metadata","value":"1"}],"shouldDisplayMessage":false,"stepsCount":0,"attachmentsCount":0,"hasContent":true,"attachmentStep":false},{"name":"Implicit wait metadata","time":{"start":1739792667647,"stop":1739792675474,"duration":7827},"status":"passed","steps":[],"attachments":[],"parameters":[],"shouldDisplayMessage":false,"stepsCount":0,"attachmentsCount":0,"hasContent":false,"attachmentStep":false},{"name":"\nMetadata = PROPERTY Failed ‚ùå \n","time":{"start":1739792675499,"stop":1739792675499,"duration":0},"status":"passed","steps":[],"attachments":[],"parameters":[],"shouldDisplayMessage":false,"stepsCount":0,"attachmentsCount":0,"hasContent":false,"attachmentStep":false},{"name":"Select main metadata","time":{"start":1739792675548,"stop":1739792675700,"duration":152},"status":"passed","steps":[],"attachments":[],"parameters":[{"name":"metadata","value":"2"}],"shouldDisplayMessage":false,"stepsCount":0,"attachmentsCount":0,"hasContent":true,"attachmentStep":false},{"name":"Implicit wait metadata","time":{"start":1739792675700,"stop":1739792695750,"duration":20050},"status":"broken","statusMessage":"selenium.common.exceptions.NoSuchElementException: Message: no such element: Unable to locate element: {\"method\":\"css selector\",\"selector\":\"#listing_mapper_list_category__0\"}\n  (Session info: chrome=133.0.6943.98); For documentation on this error, please visit: https://www.selenium.dev/documentation/webdriver/troubleshooting/errors#no-such-element-exception\nStacktrace:\n#0 0x55a25478409a <unknown>\n#1 0x55a25424b8b0 <unknown>\n#2 0x55a25429cb99 <unknown>\n#3 0x55a25429cd21 <unknown>\n#4 0x55a2542eb854 <unknown>\n#5 0x55a2542c29ad <unknown>\n#6 0x55a2542e8b8b <unknown>\n#7 0x55a2542c2753 <unknown>\n#8 0x55a25428e38e <unknown>\n#9 0x55a25428fb51 <unknown>\n#10 0x55a25474d76b <unknown>\n#11 0x55a2547516f2 <unknown>\n#12 0x55a2547398fc <unknown>\n#13 0x55a2547522e4 <unknown>\n#14 0x55a25471d9cf <unknown>\n#15 0x55a254772cd8 <unknown>\n#16 0x55a254772eb6 <unknown>\n#17 0x55a254782f16 <unknown>\n#18 0x7ff82789caa4 <unknown>\n#19 0x7ff827929c3c <unknown>\n\n","statusTrace":"  File \"/opt/hostedtoolcache/Python/3.13.2/x64/lib/python3.13/site-packages/allure_commons/_allure.py\", line 192, in impl\n    return func(*a, **kw)\n  File \"/home/runner/work/eim-map-test/eim-map-test/SLP/ui/PageObjects/SLPMain/slp_main.py\", line 63, in impl_wait_metadata\n    ListComponent(self.driver).get_map_filed(IMPLIS_WAIT_MAP)\n    ~~~~~~~~~~~~~~~~~~~~~~~~~~~~~~~~~~~~~~~~^^^^^^^^^^^^^^^^^\n  File \"/home/runner/work/eim-map-test/eim-map-test/SLP/ui/PageObjects/SLPMain/listing_component.py\", line 46, in get_map_filed\n    return self.node.find_element(*xpath)\n           ~~~~~~~~~~~~~~~~~~~~~~^^^^^^^^\n  File \"/opt/hostedtoolcache/Python/3.13.2/x64/lib/python3.13/site-packages/selenium/webdriver/remote/webdriver.py\", line 770, in find_element\n    return self.execute(Command.FIND_ELEMENT, {\"using\": by, \"value\": value})[\"value\"]\n           ~~~~~~~~~~~~^^^^^^^^^^^^^^^^^^^^^^^^^^^^^^^^^^^^^^^^^^^^^^^^^^^^^\n  File \"/opt/hostedtoolcache/Python/3.13.2/x64/lib/python3.13/site-packages/selenium/webdriver/remote/webdriver.py\", line 384, in execute\n    self.error_handler.check_response(response)\n    ~~~~~~~~~~~~~~~~~~~~~~~~~~~~~~~~~^^^^^^^^^^\n  File \"/opt/hostedtoolcache/Python/3.13.2/x64/lib/python3.13/site-packages/selenium/webdriver/remote/errorhandler.py\", line 232, in check_response\n    raise exception_class(message, screen, stacktrace)\n","steps":[],"attachments":[],"parameters":[],"shouldDisplayMessage":true,"stepsCount":0,"attachmentsCount":0,"hasContent":true,"attachmentStep":false},{"name":"Looks like the class LOOKUP is not mapped","time":{"start":1739792695751,"stop":1739792695751,"duration":0},"status":"passed","steps":[],"attachments":[],"parameters":[],"shouldDisplayMessage":false,"stepsCount":0,"attachmentsCount":0,"hasContent":false,"attachmentStep":false},{"name":"Select main metadata","time":{"start":1739792695788,"stop":1739792695905,"duration":117},"status":"passed","steps":[],"attachments":[],"parameters":[{"name":"metadata","value":"3"}],"shouldDisplayMessage":false,"stepsCount":0,"attachmentsCount":0,"hasContent":true,"attachmentStep":false},{"name":"Implicit wait metadata","time":{"start":1739792695905,"stop":1739792715965,"duration":20060},"status":"broken","statusMessage":"selenium.common.exceptions.NoSuchElementException: Message: no such element: Unable to locate element: {\"method\":\"css selector\",\"selector\":\"#listing_mapper_list_category__0\"}\n  (Session info: chrome=133.0.6943.98); For documentation on this error, please visit: https://www.selenium.dev/documentation/webdriver/troubleshooting/errors#no-such-element-exception\nStacktrace:\n#0 0x55a25478409a <unknown>\n#1 0x55a25424b8b0 <unknown>\n#2 0x55a25429cb99 <unknown>\n#3 0x55a25429cd21 <unknown>\n#4 0x55a2542eb854 <unknown>\n#5 0x55a2542c29ad <unknown>\n#6 0x55a2542e8b8b <unknown>\n#7 0x55a2542c2753 <unknown>\n#8 0x55a25428e38e <unknown>\n#9 0x55a25428fb51 <unknown>\n#10 0x55a25474d76b <unknown>\n#11 0x55a2547516f2 <unknown>\n#12 0x55a2547398fc <unknown>\n#13 0x55a2547522e4 <unknown>\n#14 0x55a25471d9cf <unknown>\n#15 0x55a254772cd8 <unknown>\n#16 0x55a254772eb6 <unknown>\n#17 0x55a254782f16 <unknown>\n#18 0x7ff82789caa4 <unknown>\n#19 0x7ff827929c3c <unknown>\n\n","statusTrace":"  File \"/opt/hostedtoolcache/Python/3.13.2/x64/lib/python3.13/site-packages/allure_commons/_allure.py\", line 192, in impl\n    return func(*a, **kw)\n  File \"/home/runner/work/eim-map-test/eim-map-test/SLP/ui/PageObjects/SLPMain/slp_main.py\", line 63, in impl_wait_metadata\n    ListComponent(self.driver).get_map_filed(IMPLIS_WAIT_MAP)\n    ~~~~~~~~~~~~~~~~~~~~~~~~~~~~~~~~~~~~~~~~^^^^^^^^^^^^^^^^^\n  File \"/home/runner/work/eim-map-test/eim-map-test/SLP/ui/PageObjects/SLPMain/listing_component.py\", line 46, in get_map_filed\n    return self.node.find_element(*xpath)\n           ~~~~~~~~~~~~~~~~~~~~~~^^^^^^^^\n  File \"/opt/hostedtoolcache/Python/3.13.2/x64/lib/python3.13/site-packages/selenium/webdriver/remote/webdriver.py\", line 770, in find_element\n    return self.execute(Command.FIND_ELEMENT, {\"using\": by, \"value\": value})[\"value\"]\n           ~~~~~~~~~~~~^^^^^^^^^^^^^^^^^^^^^^^^^^^^^^^^^^^^^^^^^^^^^^^^^^^^^\n  File \"/opt/hostedtoolcache/Python/3.13.2/x64/lib/python3.13/site-packages/selenium/webdriver/remote/webdriver.py\", line 384, in execute\n    self.error_handler.check_response(response)\n    ~~~~~~~~~~~~~~~~~~~~~~~~~~~~~~~~~^^^^^^^^^^\n  File \"/opt/hostedtoolcache/Python/3.13.2/x64/lib/python3.13/site-packages/selenium/webdriver/remote/errorhandler.py\", line 232, in check_response\n    raise exception_class(message, screen, stacktrace)\n","steps":[],"attachments":[],"parameters":[],"shouldDisplayMessage":true,"stepsCount":0,"attachmentsCount":0,"hasContent":true,"attachmentStep":false},{"name":"Looks like the class PROPERTYROOMS is not mapped","time":{"start":1739792715966,"stop":1739792715966,"duration":0},"status":"passed","steps":[],"attachments":[],"parameters":[],"shouldDisplayMessage":false,"stepsCount":0,"attachmentsCount":0,"hasContent":false,"attachmentStep":false},{"name":"Select main metadata","time":{"start":1739792715985,"stop":1739792716100,"duration":115},"status":"passed","steps":[],"attachments":[],"parameters":[{"name":"metadata","value":"4"}],"shouldDisplayMessage":false,"stepsCount":0,"attachmentsCount":0,"hasContent":true,"attachmentStep":false},{"name":"Implicit wait metadata","time":{"start":1739792716101,"stop":1739792736131,"duration":20030},"status":"broken","statusMessage":"selenium.common.exceptions.NoSuchElementException: Message: no such element: Unable to locate element: {\"method\":\"css selector\",\"selector\":\"#listing_mapper_list_category__0\"}\n  (Session info: chrome=133.0.6943.98); For documentation on this error, please visit: https://www.selenium.dev/documentation/webdriver/troubleshooting/errors#no-such-element-exception\nStacktrace:\n#0 0x55a25478409a <unknown>\n#1 0x55a25424b8b0 <unknown>\n#2 0x55a25429cb99 <unknown>\n#3 0x55a25429cd21 <unknown>\n#4 0x55a2542eb854 <unknown>\n#5 0x55a2542c29ad <unknown>\n#6 0x55a2542e8b8b <unknown>\n#7 0x55a2542c2753 <unknown>\n#8 0x55a25428e38e <unknown>\n#9 0x55a25428fb51 <unknown>\n#10 0x55a25474d76b <unknown>\n#11 0x55a2547516f2 <unknown>\n#12 0x55a2547398fc <unknown>\n#13 0x55a2547522e4 <unknown>\n#14 0x55a25471d9cf <unknown>\n#15 0x55a254772cd8 <unknown>\n#16 0x55a254772eb6 <unknown>\n#17 0x55a254782f16 <unknown>\n#18 0x7ff82789caa4 <unknown>\n#19 0x7ff827929c3c <unknown>\n\n","statusTrace":"  File \"/opt/hostedtoolcache/Python/3.13.2/x64/lib/python3.13/site-packages/allure_commons/_allure.py\", line 192, in impl\n    return func(*a, **kw)\n  File \"/home/runner/work/eim-map-test/eim-map-test/SLP/ui/PageObjects/SLPMain/slp_main.py\", line 63, in impl_wait_metadata\n    ListComponent(self.driver).get_map_filed(IMPLIS_WAIT_MAP)\n    ~~~~~~~~~~~~~~~~~~~~~~~~~~~~~~~~~~~~~~~~^^^^^^^^^^^^^^^^^\n  File \"/home/runner/work/eim-map-test/eim-map-test/SLP/ui/PageObjects/SLPMain/listing_component.py\", line 46, in get_map_filed\n    return self.node.find_element(*xpath)\n           ~~~~~~~~~~~~~~~~~~~~~~^^^^^^^^\n  File \"/opt/hostedtoolcache/Python/3.13.2/x64/lib/python3.13/site-packages/selenium/webdriver/remote/webdriver.py\", line 770, in find_element\n    return self.execute(Command.FIND_ELEMENT, {\"using\": by, \"value\": value})[\"value\"]\n           ~~~~~~~~~~~~^^^^^^^^^^^^^^^^^^^^^^^^^^^^^^^^^^^^^^^^^^^^^^^^^^^^^\n  File \"/opt/hostedtoolcache/Python/3.13.2/x64/lib/python3.13/site-packages/selenium/webdriver/remote/webdriver.py\", line 384, in execute\n    self.error_handler.check_response(response)\n    ~~~~~~~~~~~~~~~~~~~~~~~~~~~~~~~~~^^^^^^^^^^\n  File \"/opt/hostedtoolcache/Python/3.13.2/x64/lib/python3.13/site-packages/selenium/webdriver/remote/errorhandler.py\", line 232, in check_response\n    raise exception_class(message, screen, stacktrace)\n","steps":[],"attachments":[],"parameters":[],"shouldDisplayMessage":true,"stepsCount":0,"attachmentsCount":0,"hasContent":true,"attachmentStep":false},{"name":"Looks like the class PROPERTYUNITTYPES is not mapped","time":{"start":1739792736132,"stop":1739792736132,"duration":0},"status":"passed","steps":[],"attachments":[],"parameters":[],"shouldDisplayMessage":false,"stepsCount":0,"attachmentsCount":0,"hasContent":false,"attachmentStep":false}],"attachments":[],"parameters":[],"shouldDisplayMessage":true,"stepsCount":15,"attachmentsCount":0,"hasContent":true,"attachmentStep":false},"afterStages":[{"name":"_unittest_setUpClass_fixture_TestPromotionChecklist::0","time":{"start":1739801612961,"stop":1739801612961,"duration":0},"status":"passed","steps":[],"attachments":[],"parameters":[],"shouldDisplayMessage":false,"stepsCount":0,"attachmentsCount":0,"hasContent":false,"attachmentStep":false}],"labels":[{"name":"tag","value":"@pytest.mark.filterwarnings('ignore::DeprecationWarning')"},{"name":"parentSuite","value":"tests"},{"name":"suite","value":"test_checklist"},{"name":"subSuite","value":"TestPromotionChecklist"},{"name":"host","value":"fv-az1043-579"},{"name":"thread","value":"3351-MainThread"},{"name":"framework","value":"pytest"},{"name":"language","value":"cpython3"},{"name":"package","value":"tests.test_checklist"},{"name":"resultFormat","value":"allure2"}],"parameters":[],"links":[],"hidden":false,"retry":false,"extra":{"severity":"normal","retries":[],"categories":[{"name":"Product defects","matchedStatuses":[],"flaky":false}],"tags":["@pytest.mark.filterwarnings('ignore::DeprecationWarning')"]},"source":"126ef5b96d83bbd3.json","parameterValues":[]}