{"uid":"13221cb7c94e0991","name":"test_ph_category_09_287","fullName":"tests.test_checklist.TestPromotionChecklist#test_ph_category_09_287","historyId":"8fee4aa443e37c893f8f3a222551d181","time":{"start":1739743747405,"stop":1739743771147,"duration":23742},"status":"failed","statusMessage":"AssertionError: False is not true : photos.items.properties.ph_category\n+\n[add]\n[add]\n[add]\n[add]\nSetConstant(const=photo,const_type=str)","statusTrace":"tests/test_checklist.py:737: in test_ph_category\n    raise e  # Re-raise to ensure the test fails\ntests/test_checklist.py:732: in test_ph_category\n    self.assertTrue(result, ph_text)\nE   AssertionError: False is not true : photos.items.properties.ph_category\nE   +\nE   [add]\nE   [add]\nE   [add]\nE   [add]\nE   SetConstant(const=photo,const_type=str)","flaky":false,"newFailed":false,"newBroken":false,"newPassed":false,"retriesCount":0,"retriesStatusChange":false,"beforeStages":[{"name":"_unittest_setUpClass_fixture_TestPromotionChecklist","time":{"start":1739732022652,"stop":1739732022652,"duration":0},"status":"passed","steps":[],"attachments":[],"parameters":[],"shouldDisplayMessage":false,"stepsCount":0,"attachmentsCount":0,"hasContent":false,"attachmentStep":false}],"testStage":{"status":"failed","statusMessage":"AssertionError: False is not true : photos.items.properties.ph_category\n+\n[add]\n[add]\n[add]\n[add]\nSetConstant(const=photo,const_type=str)","statusTrace":"tests/test_checklist.py:737: in test_ph_category\n    raise e  # Re-raise to ensure the test fails\ntests/test_checklist.py:732: in test_ph_category\n    self.assertTrue(result, ph_text)\nE   AssertionError: False is not true : photos.items.properties.ph_category\nE   +\nE   [add]\nE   [add]\nE   [add]\nE   [add]\nE   SetConstant(const=photo,const_type=str)","steps":[{"name":"Click authorisation button","time":{"start":1739743748163,"stop":1739743748712,"duration":549},"status":"passed","steps":[{"name":"Get authorisation button","time":{"start":1739743748163,"stop":1739743748175,"duration":12},"status":"passed","steps":[],"attachments":[],"parameters":[],"shouldDisplayMessage":false,"stepsCount":0,"attachmentsCount":0,"hasContent":false,"attachmentStep":false}],"attachments":[],"parameters":[],"shouldDisplayMessage":false,"stepsCount":1,"attachmentsCount":0,"hasContent":true,"attachmentStep":false},{"name":"Source select","time":{"start":1739743749309,"stop":1739743749427,"duration":118},"status":"passed","steps":[],"attachments":[],"parameters":[{"name":"source","value":"'287'"}],"shouldDisplayMessage":false,"stepsCount":0,"attachmentsCount":0,"hasContent":true,"attachmentStep":false},{"name":"Select main metadata","time":{"start":1739743750729,"stop":1739743750795,"duration":66},"status":"passed","steps":[],"attachments":[],"parameters":[{"name":"metadata","value":"1"}],"shouldDisplayMessage":false,"stepsCount":0,"attachmentsCount":0,"hasContent":true,"attachmentStep":false},{"name":"Implicit wait metadata","time":{"start":1739743750795,"stop":1739743750918,"duration":123},"status":"passed","steps":[],"attachments":[],"parameters":[],"shouldDisplayMessage":false,"stepsCount":0,"attachmentsCount":0,"hasContent":false,"attachmentStep":false},{"name":"\nMetadata = MEDIA Failed ‚ùå \n","time":{"start":1739743750937,"stop":1739743750937,"duration":0},"status":"passed","steps":[],"attachments":[],"parameters":[],"shouldDisplayMessage":false,"stepsCount":0,"attachmentsCount":0,"hasContent":false,"attachmentStep":false},{"name":"Select main metadata","time":{"start":1739743750978,"stop":1739743751045,"duration":67},"status":"passed","steps":[],"attachments":[],"parameters":[{"name":"metadata","value":"2"}],"shouldDisplayMessage":false,"stepsCount":0,"attachmentsCount":0,"hasContent":true,"attachmentStep":false},{"name":"Implicit wait metadata","time":{"start":1739743751045,"stop":1739743771081,"duration":20036},"status":"broken","statusMessage":"selenium.common.exceptions.NoSuchElementException: Message: no such element: Unable to locate element: {\"method\":\"css selector\",\"selector\":\"#photo_mapper_mls_number__0\"}\n  (Session info: chrome=133.0.6943.98); For documentation on this error, please visit: https://www.selenium.dev/documentation/webdriver/troubleshooting/errors#no-such-element-exception\nStacktrace:\n#0 0x564e3e28809a <unknown>\n#1 0x564e3dd4f8b0 <unknown>\n#2 0x564e3dda0b99 <unknown>\n#3 0x564e3dda0d21 <unknown>\n#4 0x564e3ddef854 <unknown>\n#5 0x564e3ddc69ad <unknown>\n#6 0x564e3ddecb8b <unknown>\n#7 0x564e3ddc6753 <unknown>\n#8 0x564e3dd9238e <unknown>\n#9 0x564e3dd93b51 <unknown>\n#10 0x564e3e25176b <unknown>\n#11 0x564e3e2556f2 <unknown>\n#12 0x564e3e23d8fc <unknown>\n#13 0x564e3e2562e4 <unknown>\n#14 0x564e3e2219cf <unknown>\n#15 0x564e3e276cd8 <unknown>\n#16 0x564e3e276eb6 <unknown>\n#17 0x564e3e286f16 <unknown>\n#18 0x7f6aa009caa4 <unknown>\n#19 0x7f6aa0129c3c <unknown>\n\n","statusTrace":"  File \"/opt/hostedtoolcache/Python/3.13.2/x64/lib/python3.13/site-packages/allure_commons/_allure.py\", line 192, in impl\n    return func(*a, **kw)\n  File \"/home/runner/work/eim-map-test/eim-map-test/SLP/ui/PageObjects/SLPMain/slp_main.py\", line 67, in impl_wait_media_metadata\n    MediaComponent(self.driver).get_map_filed(IMPLIS_WAIT_MEDIA_MAP)\n    ~~~~~~~~~~~~~~~~~~~~~~~~~~~~~~~~~~~~~~~~~^^^^^^^^^^^^^^^^^^^^^^^\n  File \"/home/runner/work/eim-map-test/eim-map-test/SLP/ui/PageObjects/SLPMain/madia_component.py\", line 18, in get_map_filed\n    return self.node.find_element(*xpath)\n           ~~~~~~~~~~~~~~~~~~~~~~^^^^^^^^\n  File \"/opt/hostedtoolcache/Python/3.13.2/x64/lib/python3.13/site-packages/selenium/webdriver/remote/webdriver.py\", line 770, in find_element\n    return self.execute(Command.FIND_ELEMENT, {\"using\": by, \"value\": value})[\"value\"]\n           ~~~~~~~~~~~~^^^^^^^^^^^^^^^^^^^^^^^^^^^^^^^^^^^^^^^^^^^^^^^^^^^^^\n  File \"/opt/hostedtoolcache/Python/3.13.2/x64/lib/python3.13/site-packages/selenium/webdriver/remote/webdriver.py\", line 384, in execute\n    self.error_handler.check_response(response)\n    ~~~~~~~~~~~~~~~~~~~~~~~~~~~~~~~~~^^^^^^^^^^\n  File \"/opt/hostedtoolcache/Python/3.13.2/x64/lib/python3.13/site-packages/selenium/webdriver/remote/errorhandler.py\", line 232, in check_response\n    raise exception_class(message, screen, stacktrace)\n","steps":[],"attachments":[],"parameters":[],"shouldDisplayMessage":true,"stepsCount":0,"attachmentsCount":0,"hasContent":true,"attachmentStep":false},{"name":"Looks like the class PHOTO_URLS is not mapped","time":{"start":1739743771082,"stop":1739743771082,"duration":0},"status":"passed","steps":[],"attachments":[],"parameters":[],"shouldDisplayMessage":false,"stepsCount":0,"attachmentsCount":0,"hasContent":false,"attachmentStep":false}],"attachments":[],"parameters":[],"shouldDisplayMessage":true,"stepsCount":9,"attachmentsCount":0,"hasContent":true,"attachmentStep":false},"afterStages":[{"name":"_unittest_setUpClass_fixture_TestPromotionChecklist::0","time":{"start":1739748083629,"stop":1739748083629,"duration":0},"status":"passed","steps":[],"attachments":[],"parameters":[],"shouldDisplayMessage":false,"stepsCount":0,"attachmentsCount":0,"hasContent":false,"attachmentStep":false}],"labels":[{"name":"tag","value":"@pytest.mark.filterwarnings('ignore::DeprecationWarning')"},{"name":"parentSuite","value":"tests"},{"name":"suite","value":"test_checklist"},{"name":"subSuite","value":"TestPromotionChecklist"},{"name":"host","value":"fv-az1718-879"},{"name":"thread","value":"3355-MainThread"},{"name":"framework","value":"pytest"},{"name":"language","value":"cpython3"},{"name":"package","value":"tests.test_checklist"},{"name":"resultFormat","value":"allure2"}],"parameters":[],"links":[],"hidden":false,"retry":false,"extra":{"severity":"normal","retries":[],"categories":[{"name":"Product defects","matchedStatuses":[],"flaky":false}],"tags":["@pytest.mark.filterwarnings('ignore::DeprecationWarning')"]},"source":"13221cb7c94e0991.json","parameterValues":[]}