{"uid":"17b08f0cba60fcec","name":"test_list_address_properties_country_0_741","fullName":"tests.test_checklist.TestPromotionChecklist#test_list_address_properties_country_0_741","historyId":"32545792c557fd8f084a88f8698c45f7","time":{"start":1737539592075,"stop":1737539634851,"duration":42776},"description":"list_address.country is SetConstant to country code (US or CA) [with source='741']","descriptionHtml":"<p>list_address.country is SetConstant to country code (US or CA) [with source='741']</p>\n","status":"broken","statusMessage":"selenium.common.exceptions.TimeoutException: Message: \nStacktrace:\n#0 0x557e1563a8fa <unknown>\n#1 0x557e1514bd20 <unknown>\n#2 0x557e1519aa66 <unknown>\n#3 0x557e1519ad01 <unknown>\n#4 0x557e151e0184 <unknown>\n#5 0x557e151beb1d <unknown>\n#6 0x557e151dd560 <unknown>\n#7 0x557e151be893 <unknown>\n#8 0x557e1518d30d <unknown>\n#9 0x557e1518e32e <unknown>\n#10 0x557e1560700b <unknown>\n#11 0x557e1560af97 <unknown>\n#12 0x557e155f371c <unknown>\n#13 0x557e1560bb17 <unknown>\n#14 0x557e155d86cf <unknown>\n#15 0x557e156296b8 <unknown>\n#16 0x557e15629880 <unknown>\n#17 0x557e15639776 <unknown>\n#18 0x7fb44949ca94 <unknown>\n#19 0x7fb449529c3c <unknown>","statusTrace":"a = (<tests.test_checklist.TestPromotionChecklist testMethod=test_list_address_properties_country_0_741>,)\nkw = {}\n\n    @wraps(func)\n    def standalone_func(*a, **kw):\n>       return func(*(a + p.args), **p.kwargs, **kw)\n\n/opt/hostedtoolcache/Python/3.12.8/x64/lib/python3.12/site-packages/parameterized/parameterized.py:620: \n_ _ _ _ _ _ _ _ _ _ _ _ _ _ _ _ _ _ _ _ _ _ _ _ _ _ _ _ _ _ _ _ _ _ _ _ _ _ _ _ \ntests/test_checklist.py:109: in test_list_address_properties_country\n    WebDriverWait(self.driver, 30).until(EC.element_to_be_clickable(SOURCE_ID))\n_ _ _ _ _ _ _ _ _ _ _ _ _ _ _ _ _ _ _ _ _ _ _ _ _ _ _ _ _ _ _ _ _ _ _ _ _ _ _ _ \n\nself = <selenium.webdriver.support.wait.WebDriverWait (session=\"16bed3716e8cd89efd94f7288f2f0c7a\")>\nmethod = <function element_to_be_clickable.<locals>._predicate at 0x7ffa916a8360>\nmessage = ''\n\n    def until(self, method: Callable[[D], Union[Literal[False], T]], message: str = \"\") -> T:\n        \"\"\"Calls the method provided with the driver as an argument until the \\\n        return value does not evaluate to ``False``.\n    \n        :param method: callable(WebDriver)\n        :param message: optional message for :exc:`TimeoutException`\n        :returns: the result of the last call to `method`\n        :raises: :exc:`selenium.common.exceptions.TimeoutException` if timeout occurs\n        \"\"\"\n        screen = None\n        stacktrace = None\n    \n        end_time = time.monotonic() + self._timeout\n        while True:\n            try:\n                value = method(self._driver)\n                if value:\n                    return value\n            except self._ignored_exceptions as exc:\n                screen = getattr(exc, \"screen\", None)\n                stacktrace = getattr(exc, \"stacktrace\", None)\n            if time.monotonic() > end_time:\n                break\n            time.sleep(self._poll)\n>       raise TimeoutException(message, screen, stacktrace)\nE       selenium.common.exceptions.TimeoutException: Message: \nE       Stacktrace:\nE       #0 0x557e1563a8fa <unknown>\nE       #1 0x557e1514bd20 <unknown>\nE       #2 0x557e1519aa66 <unknown>\nE       #3 0x557e1519ad01 <unknown>\nE       #4 0x557e151e0184 <unknown>\nE       #5 0x557e151beb1d <unknown>\nE       #6 0x557e151dd560 <unknown>\nE       #7 0x557e151be893 <unknown>\nE       #8 0x557e1518d30d <unknown>\nE       #9 0x557e1518e32e <unknown>\nE       #10 0x557e1560700b <unknown>\nE       #11 0x557e1560af97 <unknown>\nE       #12 0x557e155f371c <unknown>\nE       #13 0x557e1560bb17 <unknown>\nE       #14 0x557e155d86cf <unknown>\nE       #15 0x557e156296b8 <unknown>\nE       #16 0x557e15629880 <unknown>\nE       #17 0x557e15639776 <unknown>\nE       #18 0x7fb44949ca94 <unknown>\nE       #19 0x7fb449529c3c <unknown>\n\n/opt/hostedtoolcache/Python/3.12.8/x64/lib/python3.12/site-packages/selenium/webdriver/support/wait.py:105: TimeoutException","flaky":false,"newFailed":false,"newBroken":false,"newPassed":false,"retriesCount":0,"retriesStatusChange":false,"beforeStages":[{"name":"_unittest_setUpClass_fixture_TestPromotionChecklist","time":{"start":1737539370478,"stop":1737539370478,"duration":0},"status":"passed","steps":[],"attachments":[],"parameters":[],"shouldDisplayMessage":false,"stepsCount":0,"attachmentsCount":0,"hasContent":false,"attachmentStep":false}],"testStage":{"description":"list_address.country is SetConstant to country code (US or CA) [with source='741']","status":"broken","statusMessage":"selenium.common.exceptions.TimeoutException: Message: \nStacktrace:\n#0 0x557e1563a8fa <unknown>\n#1 0x557e1514bd20 <unknown>\n#2 0x557e1519aa66 <unknown>\n#3 0x557e1519ad01 <unknown>\n#4 0x557e151e0184 <unknown>\n#5 0x557e151beb1d <unknown>\n#6 0x557e151dd560 <unknown>\n#7 0x557e151be893 <unknown>\n#8 0x557e1518d30d <unknown>\n#9 0x557e1518e32e <unknown>\n#10 0x557e1560700b <unknown>\n#11 0x557e1560af97 <unknown>\n#12 0x557e155f371c <unknown>\n#13 0x557e1560bb17 <unknown>\n#14 0x557e155d86cf <unknown>\n#15 0x557e156296b8 <unknown>\n#16 0x557e15629880 <unknown>\n#17 0x557e15639776 <unknown>\n#18 0x7fb44949ca94 <unknown>\n#19 0x7fb449529c3c <unknown>","statusTrace":"a = (<tests.test_checklist.TestPromotionChecklist testMethod=test_list_address_properties_country_0_741>,)\nkw = {}\n\n    @wraps(func)\n    def standalone_func(*a, **kw):\n>       return func(*(a + p.args), **p.kwargs, **kw)\n\n/opt/hostedtoolcache/Python/3.12.8/x64/lib/python3.12/site-packages/parameterized/parameterized.py:620: \n_ _ _ _ _ _ _ _ _ _ _ _ _ _ _ _ _ _ _ _ _ _ _ _ _ _ _ _ _ _ _ _ _ _ _ _ _ _ _ _ \ntests/test_checklist.py:109: in test_list_address_properties_country\n    WebDriverWait(self.driver, 30).until(EC.element_to_be_clickable(SOURCE_ID))\n_ _ _ _ _ _ _ _ _ _ _ _ _ _ _ _ _ _ _ _ _ _ _ _ _ _ _ _ _ _ _ _ _ _ _ _ _ _ _ _ \n\nself = <selenium.webdriver.support.wait.WebDriverWait (session=\"16bed3716e8cd89efd94f7288f2f0c7a\")>\nmethod = <function element_to_be_clickable.<locals>._predicate at 0x7ffa916a8360>\nmessage = ''\n\n    def until(self, method: Callable[[D], Union[Literal[False], T]], message: str = \"\") -> T:\n        \"\"\"Calls the method provided with the driver as an argument until the \\\n        return value does not evaluate to ``False``.\n    \n        :param method: callable(WebDriver)\n        :param message: optional message for :exc:`TimeoutException`\n        :returns: the result of the last call to `method`\n        :raises: :exc:`selenium.common.exceptions.TimeoutException` if timeout occurs\n        \"\"\"\n        screen = None\n        stacktrace = None\n    \n        end_time = time.monotonic() + self._timeout\n        while True:\n            try:\n                value = method(self._driver)\n                if value:\n                    return value\n            except self._ignored_exceptions as exc:\n                screen = getattr(exc, \"screen\", None)\n                stacktrace = getattr(exc, \"stacktrace\", None)\n            if time.monotonic() > end_time:\n                break\n            time.sleep(self._poll)\n>       raise TimeoutException(message, screen, stacktrace)\nE       selenium.common.exceptions.TimeoutException: Message: \nE       Stacktrace:\nE       #0 0x557e1563a8fa <unknown>\nE       #1 0x557e1514bd20 <unknown>\nE       #2 0x557e1519aa66 <unknown>\nE       #3 0x557e1519ad01 <unknown>\nE       #4 0x557e151e0184 <unknown>\nE       #5 0x557e151beb1d <unknown>\nE       #6 0x557e151dd560 <unknown>\nE       #7 0x557e151be893 <unknown>\nE       #8 0x557e1518d30d <unknown>\nE       #9 0x557e1518e32e <unknown>\nE       #10 0x557e1560700b <unknown>\nE       #11 0x557e1560af97 <unknown>\nE       #12 0x557e155f371c <unknown>\nE       #13 0x557e1560bb17 <unknown>\nE       #14 0x557e155d86cf <unknown>\nE       #15 0x557e156296b8 <unknown>\nE       #16 0x557e15629880 <unknown>\nE       #17 0x557e15639776 <unknown>\nE       #18 0x7fb44949ca94 <unknown>\nE       #19 0x7fb449529c3c <unknown>\n\n/opt/hostedtoolcache/Python/3.12.8/x64/lib/python3.12/site-packages/selenium/webdriver/support/wait.py:105: TimeoutException","steps":[],"attachments":[{"uid":"ce10b70516bbbe5c","name":"log","source":"ce10b70516bbbe5c.txt","type":"text/plain","size":360}],"parameters":[],"shouldDisplayMessage":true,"stepsCount":0,"attachmentsCount":1,"hasContent":true,"attachmentStep":false},"afterStages":[{"name":"_unittest_setUpClass_fixture_TestPromotionChecklist::0","time":{"start":1737539841779,"stop":1737539841779,"duration":0},"status":"passed","steps":[],"attachments":[],"parameters":[],"shouldDisplayMessage":false,"stepsCount":0,"attachmentsCount":0,"hasContent":false,"attachmentStep":false}],"labels":[{"name":"parentSuite","value":"tests"},{"name":"suite","value":"test_checklist"},{"name":"subSuite","value":"TestPromotionChecklist"},{"name":"host","value":"fv-az1676-475"},{"name":"thread","value":"3335-MainThread"},{"name":"framework","value":"pytest"},{"name":"language","value":"cpython3"},{"name":"package","value":"tests.test_checklist"},{"name":"resultFormat","value":"allure2"}],"parameters":[],"links":[],"hidden":false,"retry":false,"extra":{"severity":"normal","retries":[],"categories":[{"name":"Test defects","matchedStatuses":[],"flaky":false}],"tags":[]},"source":"17b08f0cba60fcec.json","parameterValues":[]}