{"uid":"2bc1045c6758cac8","name":"test_list_address_nullifier_const_08_200","fullName":"tests.test_checklist.TestPromotionChecklist#test_list_address_nullifier_const_08_200","historyId":"31805e57947e419fef1991a6028a9fae","time":{"start":1739795346470,"stop":1739795394314,"duration":47844},"status":"failed","statusMessage":"AssertionError: False is not true : {'list_address-properties-address': True, 'list_address-properties-state_prov': False, 'list_address-properties-postal_code': False, 'list_address-properties-street_name': False, 'list_address-properties-street_number': False, 'list_address-properties-unit_number': False, 'list_address-properties-street_suffix': True, 'list_address-properties-street_post_dir': True, 'list_address-properties-street_direction': False}","statusTrace":"tests/test_checklist.py:91: in test_list_address_nullifier_const\n    raise e  # Re-raise to ensure the test fails\ntests/test_checklist.py:86: in test_list_address_nullifier_const\n    self.assertTrue(all(actual), result)\nE   AssertionError: False is not true : {'list_address-properties-address': True, 'list_address-properties-state_prov': False, 'list_address-properties-postal_code': False, 'list_address-properties-street_name': False, 'list_address-properties-street_number': False, 'list_address-properties-unit_number': False, 'list_address-properties-street_suffix': True, 'list_address-properties-street_post_dir': True, 'list_address-properties-street_direction': False}","flaky":false,"newFailed":false,"newBroken":false,"newPassed":false,"retriesCount":0,"retriesStatusChange":false,"beforeStages":[{"name":"_unittest_setUpClass_fixture_TestPromotionChecklist","time":{"start":1739788254308,"stop":1739788254308,"duration":0},"status":"passed","steps":[],"attachments":[],"parameters":[],"shouldDisplayMessage":false,"stepsCount":0,"attachmentsCount":0,"hasContent":false,"attachmentStep":false}],"testStage":{"status":"failed","statusMessage":"AssertionError: False is not true : {'list_address-properties-address': True, 'list_address-properties-state_prov': False, 'list_address-properties-postal_code': False, 'list_address-properties-street_name': False, 'list_address-properties-street_number': False, 'list_address-properties-unit_number': False, 'list_address-properties-street_suffix': True, 'list_address-properties-street_post_dir': True, 'list_address-properties-street_direction': False}","statusTrace":"tests/test_checklist.py:91: in test_list_address_nullifier_const\n    raise e  # Re-raise to ensure the test fails\ntests/test_checklist.py:86: in test_list_address_nullifier_const\n    self.assertTrue(all(actual), result)\nE   AssertionError: False is not true : {'list_address-properties-address': True, 'list_address-properties-state_prov': False, 'list_address-properties-postal_code': False, 'list_address-properties-street_name': False, 'list_address-properties-street_number': False, 'list_address-properties-unit_number': False, 'list_address-properties-street_suffix': True, 'list_address-properties-street_post_dir': True, 'list_address-properties-street_direction': False}","steps":[{"name":"Click authorisation button","time":{"start":1739795347263,"stop":1739795354066,"duration":6803},"status":"passed","steps":[{"name":"Get authorisation button","time":{"start":1739795347263,"stop":1739795347276,"duration":13},"status":"passed","steps":[],"attachments":[],"parameters":[],"shouldDisplayMessage":false,"stepsCount":0,"attachmentsCount":0,"hasContent":false,"attachmentStep":false}],"attachments":[],"parameters":[],"shouldDisplayMessage":false,"stepsCount":1,"attachmentsCount":0,"hasContent":true,"attachmentStep":false},{"name":"Source select","time":{"start":1739795354600,"stop":1739795354719,"duration":119},"status":"passed","steps":[],"attachments":[],"parameters":[{"name":"source","value":"'200'"}],"shouldDisplayMessage":false,"stepsCount":0,"attachmentsCount":0,"hasContent":true,"attachmentStep":false},{"name":"Select main metadata","time":{"start":1739795356044,"stop":1739795356139,"duration":95},"status":"passed","steps":[],"attachments":[],"parameters":[{"name":"metadata","value":"1"}],"shouldDisplayMessage":false,"stepsCount":0,"attachmentsCount":0,"hasContent":true,"attachmentStep":false},{"name":"Implicit wait metadata","time":{"start":1739795356174,"stop":1739795363434,"duration":7260},"status":"passed","steps":[],"attachments":[],"parameters":[],"shouldDisplayMessage":false,"stepsCount":0,"attachmentsCount":0,"hasContent":false,"attachmentStep":false},{"name":"\nMetadata = PROPERTY Failed ‚ùå \n","time":{"start":1739795363618,"stop":1739795363618,"duration":0},"status":"passed","steps":[],"attachments":[],"parameters":[],"shouldDisplayMessage":false,"stepsCount":0,"attachmentsCount":0,"hasContent":false,"attachmentStep":false},{"name":"Select main metadata","time":{"start":1739795363640,"stop":1739795363782,"duration":142},"status":"passed","steps":[],"attachments":[],"parameters":[{"name":"metadata","value":"2"}],"shouldDisplayMessage":false,"stepsCount":0,"attachmentsCount":0,"hasContent":true,"attachmentStep":false},{"name":"Implicit wait metadata","time":{"start":1739795363807,"stop":1739795373852,"duration":10045},"status":"broken","statusMessage":"selenium.common.exceptions.NoSuchElementException: Message: no such element: Unable to locate element: {\"method\":\"css selector\",\"selector\":\"#listing_mapper_list_category__0\"}\n  (Session info: chrome=133.0.6943.98); For documentation on this error, please visit: https://www.selenium.dev/documentation/webdriver/troubleshooting/errors#no-such-element-exception\nStacktrace:\n#0 0x55db8ccf209a <unknown>\n#1 0x55db8c7b98b0 <unknown>\n#2 0x55db8c80ab99 <unknown>\n#3 0x55db8c80ad21 <unknown>\n#4 0x55db8c859854 <unknown>\n#5 0x55db8c8309ad <unknown>\n#6 0x55db8c856b8b <unknown>\n#7 0x55db8c830753 <unknown>\n#8 0x55db8c7fc38e <unknown>\n#9 0x55db8c7fdb51 <unknown>\n#10 0x55db8ccbb76b <unknown>\n#11 0x55db8ccbf6f2 <unknown>\n#12 0x55db8cca78fc <unknown>\n#13 0x55db8ccc02e4 <unknown>\n#14 0x55db8cc8b9cf <unknown>\n#15 0x55db8cce0cd8 <unknown>\n#16 0x55db8cce0eb6 <unknown>\n#17 0x55db8ccf0f16 <unknown>\n#18 0x7f8e7869caa4 <unknown>\n#19 0x7f8e78729c3c <unknown>\n\n","statusTrace":"  File \"/opt/hostedtoolcache/Python/3.13.2/x64/lib/python3.13/site-packages/allure_commons/_allure.py\", line 192, in impl\n    return func(*a, **kw)\n  File \"/home/runner/work/eim-map-test/eim-map-test/SLP/ui/PageObjects/SLPMain/slp_main.py\", line 63, in impl_wait_metadata\n    ListComponent(self.driver).get_map_filed(IMPLIS_WAIT_MAP)\n    ~~~~~~~~~~~~~~~~~~~~~~~~~~~~~~~~~~~~~~~~^^^^^^^^^^^^^^^^^\n  File \"/home/runner/work/eim-map-test/eim-map-test/SLP/ui/PageObjects/SLPMain/listing_component.py\", line 46, in get_map_filed\n    return self.node.find_element(*xpath)\n           ~~~~~~~~~~~~~~~~~~~~~~^^^^^^^^\n  File \"/opt/hostedtoolcache/Python/3.13.2/x64/lib/python3.13/site-packages/selenium/webdriver/remote/webdriver.py\", line 770, in find_element\n    return self.execute(Command.FIND_ELEMENT, {\"using\": by, \"value\": value})[\"value\"]\n           ~~~~~~~~~~~~^^^^^^^^^^^^^^^^^^^^^^^^^^^^^^^^^^^^^^^^^^^^^^^^^^^^^\n  File \"/opt/hostedtoolcache/Python/3.13.2/x64/lib/python3.13/site-packages/selenium/webdriver/remote/webdriver.py\", line 384, in execute\n    self.error_handler.check_response(response)\n    ~~~~~~~~~~~~~~~~~~~~~~~~~~~~~~~~~^^^^^^^^^^\n  File \"/opt/hostedtoolcache/Python/3.13.2/x64/lib/python3.13/site-packages/selenium/webdriver/remote/errorhandler.py\", line 232, in check_response\n    raise exception_class(message, screen, stacktrace)\n","steps":[],"attachments":[],"parameters":[],"shouldDisplayMessage":true,"stepsCount":0,"attachmentsCount":0,"hasContent":true,"attachmentStep":false},{"name":"Looks like the class LOOKUP is not mapped","time":{"start":1739795373853,"stop":1739795373853,"duration":0},"status":"passed","steps":[],"attachments":[],"parameters":[],"shouldDisplayMessage":false,"stepsCount":0,"attachmentsCount":0,"hasContent":false,"attachmentStep":false},{"name":"Select main metadata","time":{"start":1739795373853,"stop":1739795373970,"duration":117},"status":"passed","steps":[],"attachments":[],"parameters":[{"name":"metadata","value":"3"}],"shouldDisplayMessage":false,"stepsCount":0,"attachmentsCount":0,"hasContent":true,"attachmentStep":false},{"name":"Implicit wait metadata","time":{"start":1739795373992,"stop":1739795384035,"duration":10043},"status":"broken","statusMessage":"selenium.common.exceptions.NoSuchElementException: Message: no such element: Unable to locate element: {\"method\":\"css selector\",\"selector\":\"#listing_mapper_list_category__0\"}\n  (Session info: chrome=133.0.6943.98); For documentation on this error, please visit: https://www.selenium.dev/documentation/webdriver/troubleshooting/errors#no-such-element-exception\nStacktrace:\n#0 0x55db8ccf209a <unknown>\n#1 0x55db8c7b98b0 <unknown>\n#2 0x55db8c80ab99 <unknown>\n#3 0x55db8c80ad21 <unknown>\n#4 0x55db8c859854 <unknown>\n#5 0x55db8c8309ad <unknown>\n#6 0x55db8c856b8b <unknown>\n#7 0x55db8c830753 <unknown>\n#8 0x55db8c7fc38e <unknown>\n#9 0x55db8c7fdb51 <unknown>\n#10 0x55db8ccbb76b <unknown>\n#11 0x55db8ccbf6f2 <unknown>\n#12 0x55db8cca78fc <unknown>\n#13 0x55db8ccc02e4 <unknown>\n#14 0x55db8cc8b9cf <unknown>\n#15 0x55db8cce0cd8 <unknown>\n#16 0x55db8cce0eb6 <unknown>\n#17 0x55db8ccf0f16 <unknown>\n#18 0x7f8e7869caa4 <unknown>\n#19 0x7f8e78729c3c <unknown>\n\n","statusTrace":"  File \"/opt/hostedtoolcache/Python/3.13.2/x64/lib/python3.13/site-packages/allure_commons/_allure.py\", line 192, in impl\n    return func(*a, **kw)\n  File \"/home/runner/work/eim-map-test/eim-map-test/SLP/ui/PageObjects/SLPMain/slp_main.py\", line 63, in impl_wait_metadata\n    ListComponent(self.driver).get_map_filed(IMPLIS_WAIT_MAP)\n    ~~~~~~~~~~~~~~~~~~~~~~~~~~~~~~~~~~~~~~~~^^^^^^^^^^^^^^^^^\n  File \"/home/runner/work/eim-map-test/eim-map-test/SLP/ui/PageObjects/SLPMain/listing_component.py\", line 46, in get_map_filed\n    return self.node.find_element(*xpath)\n           ~~~~~~~~~~~~~~~~~~~~~~^^^^^^^^\n  File \"/opt/hostedtoolcache/Python/3.13.2/x64/lib/python3.13/site-packages/selenium/webdriver/remote/webdriver.py\", line 770, in find_element\n    return self.execute(Command.FIND_ELEMENT, {\"using\": by, \"value\": value})[\"value\"]\n           ~~~~~~~~~~~~^^^^^^^^^^^^^^^^^^^^^^^^^^^^^^^^^^^^^^^^^^^^^^^^^^^^^\n  File \"/opt/hostedtoolcache/Python/3.13.2/x64/lib/python3.13/site-packages/selenium/webdriver/remote/webdriver.py\", line 384, in execute\n    self.error_handler.check_response(response)\n    ~~~~~~~~~~~~~~~~~~~~~~~~~~~~~~~~~^^^^^^^^^^\n  File \"/opt/hostedtoolcache/Python/3.13.2/x64/lib/python3.13/site-packages/selenium/webdriver/remote/errorhandler.py\", line 232, in check_response\n    raise exception_class(message, screen, stacktrace)\n","steps":[],"attachments":[],"parameters":[],"shouldDisplayMessage":true,"stepsCount":0,"attachmentsCount":0,"hasContent":true,"attachmentStep":false},{"name":"Looks like the class PROPERTYROOMS is not mapped","time":{"start":1739795384036,"stop":1739795384036,"duration":0},"status":"passed","steps":[],"attachments":[],"parameters":[],"shouldDisplayMessage":false,"stepsCount":0,"attachmentsCount":0,"hasContent":false,"attachmentStep":false},{"name":"Select main metadata","time":{"start":1739795384036,"stop":1739795384155,"duration":119},"status":"passed","steps":[],"attachments":[],"parameters":[{"name":"metadata","value":"4"}],"shouldDisplayMessage":false,"stepsCount":0,"attachmentsCount":0,"hasContent":true,"attachmentStep":false},{"name":"Implicit wait metadata","time":{"start":1739795384188,"stop":1739795394250,"duration":10062},"status":"broken","statusMessage":"selenium.common.exceptions.NoSuchElementException: Message: no such element: Unable to locate element: {\"method\":\"css selector\",\"selector\":\"#listing_mapper_list_category__0\"}\n  (Session info: chrome=133.0.6943.98); For documentation on this error, please visit: https://www.selenium.dev/documentation/webdriver/troubleshooting/errors#no-such-element-exception\nStacktrace:\n#0 0x55db8ccf209a <unknown>\n#1 0x55db8c7b98b0 <unknown>\n#2 0x55db8c80ab99 <unknown>\n#3 0x55db8c80ad21 <unknown>\n#4 0x55db8c859854 <unknown>\n#5 0x55db8c8309ad <unknown>\n#6 0x55db8c856b8b <unknown>\n#7 0x55db8c830753 <unknown>\n#8 0x55db8c7fc38e <unknown>\n#9 0x55db8c7fdb51 <unknown>\n#10 0x55db8ccbb76b <unknown>\n#11 0x55db8ccbf6f2 <unknown>\n#12 0x55db8cca78fc <unknown>\n#13 0x55db8ccc02e4 <unknown>\n#14 0x55db8cc8b9cf <unknown>\n#15 0x55db8cce0cd8 <unknown>\n#16 0x55db8cce0eb6 <unknown>\n#17 0x55db8ccf0f16 <unknown>\n#18 0x7f8e7869caa4 <unknown>\n#19 0x7f8e78729c3c <unknown>\n\n","statusTrace":"  File \"/opt/hostedtoolcache/Python/3.13.2/x64/lib/python3.13/site-packages/allure_commons/_allure.py\", line 192, in impl\n    return func(*a, **kw)\n  File \"/home/runner/work/eim-map-test/eim-map-test/SLP/ui/PageObjects/SLPMain/slp_main.py\", line 63, in impl_wait_metadata\n    ListComponent(self.driver).get_map_filed(IMPLIS_WAIT_MAP)\n    ~~~~~~~~~~~~~~~~~~~~~~~~~~~~~~~~~~~~~~~~^^^^^^^^^^^^^^^^^\n  File \"/home/runner/work/eim-map-test/eim-map-test/SLP/ui/PageObjects/SLPMain/listing_component.py\", line 46, in get_map_filed\n    return self.node.find_element(*xpath)\n           ~~~~~~~~~~~~~~~~~~~~~~^^^^^^^^\n  File \"/opt/hostedtoolcache/Python/3.13.2/x64/lib/python3.13/site-packages/selenium/webdriver/remote/webdriver.py\", line 770, in find_element\n    return self.execute(Command.FIND_ELEMENT, {\"using\": by, \"value\": value})[\"value\"]\n           ~~~~~~~~~~~~^^^^^^^^^^^^^^^^^^^^^^^^^^^^^^^^^^^^^^^^^^^^^^^^^^^^^\n  File \"/opt/hostedtoolcache/Python/3.13.2/x64/lib/python3.13/site-packages/selenium/webdriver/remote/webdriver.py\", line 384, in execute\n    self.error_handler.check_response(response)\n    ~~~~~~~~~~~~~~~~~~~~~~~~~~~~~~~~~^^^^^^^^^^\n  File \"/opt/hostedtoolcache/Python/3.13.2/x64/lib/python3.13/site-packages/selenium/webdriver/remote/errorhandler.py\", line 232, in check_response\n    raise exception_class(message, screen, stacktrace)\n","steps":[],"attachments":[],"parameters":[],"shouldDisplayMessage":true,"stepsCount":0,"attachmentsCount":0,"hasContent":true,"attachmentStep":false},{"name":"Looks like the class PROPERTYUNITTYPES is not mapped","time":{"start":1739795394251,"stop":1739795394251,"duration":0},"status":"passed","steps":[],"attachments":[],"parameters":[],"shouldDisplayMessage":false,"stepsCount":0,"attachmentsCount":0,"hasContent":false,"attachmentStep":false}],"attachments":[],"parameters":[],"shouldDisplayMessage":true,"stepsCount":15,"attachmentsCount":0,"hasContent":true,"attachmentStep":false},"afterStages":[{"name":"_unittest_setUpClass_fixture_TestPromotionChecklist::0","time":{"start":1739801612961,"stop":1739801612961,"duration":0},"status":"passed","steps":[],"attachments":[],"parameters":[],"shouldDisplayMessage":false,"stepsCount":0,"attachmentsCount":0,"hasContent":false,"attachmentStep":false}],"labels":[{"name":"tag","value":"@pytest.mark.filterwarnings('ignore::DeprecationWarning')"},{"name":"parentSuite","value":"tests"},{"name":"suite","value":"test_checklist"},{"name":"subSuite","value":"TestPromotionChecklist"},{"name":"host","value":"fv-az1043-579"},{"name":"thread","value":"3351-MainThread"},{"name":"framework","value":"pytest"},{"name":"language","value":"cpython3"},{"name":"package","value":"tests.test_checklist"},{"name":"resultFormat","value":"allure2"}],"parameters":[],"links":[],"hidden":false,"retry":false,"extra":{"severity":"normal","retries":[],"categories":[{"name":"Product defects","matchedStatuses":[],"flaky":false}],"tags":["@pytest.mark.filterwarnings('ignore::DeprecationWarning')"]},"source":"2bc1045c6758cac8.json","parameterValues":[]}