{"uid":"3dbec015b58d5280","name":"test_kww_region_0_316","fullName":"tests.test_checklist.TestPromotionChecklist#test_kww_region_0_316","historyId":"84a3ea4fe9ae16b3a1703044d4fb0a90","time":{"start":1736847926911,"stop":1736847960664,"duration":33753},"description":"Kww_region has no mapping [with source='316']","descriptionHtml":"<p>Kww_region has no mapping [with source='316']</p>\n","status":"broken","statusMessage":"selenium.common.exceptions.TimeoutException: Message: \nStacktrace:\n#0 0x558b9afc11fa <unknown>\n#1 0x558b9aad1810 <unknown>\n#2 0x558b9ab20506 <unknown>\n#3 0x558b9ab207a1 <unknown>\n#4 0x558b9ab65c24 <unknown>\n#5 0x558b9ab445ad <unknown>\n#6 0x558b9ab63007 <unknown>\n#7 0x558b9ab44323 <unknown>\n#8 0x558b9ab12de0 <unknown>\n#9 0x558b9ab13dbe <unknown>\n#10 0x558b9af8d12b <unknown>\n#11 0x558b9af910c7 <unknown>\n#12 0x558b9af7a6cc <unknown>\n#13 0x558b9af91c47 <unknown>\n#14 0x558b9af5f67f <unknown>\n#15 0x558b9afb0288 <unknown>\n#16 0x558b9afb0450 <unknown>\n#17 0x558b9afc0076 <unknown>\n#18 0x7f4c12294ac3 <unknown>","statusTrace":"a = (<tests.test_checklist.TestPromotionChecklist testMethod=test_kww_region_0_316>,)\nkw = {}\n\n    @wraps(func)\n    def standalone_func(*a, **kw):\n>       return func(*(a + p.args), **p.kwargs, **kw)\n\n/opt/hostedtoolcache/Python/3.12.8/x64/lib/python3.12/site-packages/parameterized/parameterized.py:620: \n_ _ _ _ _ _ _ _ _ _ _ _ _ _ _ _ _ _ _ _ _ _ _ _ _ _ _ _ _ _ _ _ _ _ _ _ _ _ _ _ \ntests/test_checklist.py:453: in test_kww_region\n    WebDriverWait(self.driver, 30).until(EC.element_to_be_clickable(SOURCE_ID))\n_ _ _ _ _ _ _ _ _ _ _ _ _ _ _ _ _ _ _ _ _ _ _ _ _ _ _ _ _ _ _ _ _ _ _ _ _ _ _ _ \n\nself = <selenium.webdriver.support.wait.WebDriverWait (session=\"f23b7d98b028f4c46619d0dbbdaf2d9a\")>\nmethod = <function element_to_be_clickable.<locals>._predicate at 0x7faf331a2660>\nmessage = ''\n\n    def until(self, method: Callable[[D], Union[Literal[False], T]], message: str = \"\") -> T:\n        \"\"\"Calls the method provided with the driver as an argument until the \\\n        return value does not evaluate to ``False``.\n    \n        :param method: callable(WebDriver)\n        :param message: optional message for :exc:`TimeoutException`\n        :returns: the result of the last call to `method`\n        :raises: :exc:`selenium.common.exceptions.TimeoutException` if timeout occurs\n        \"\"\"\n        screen = None\n        stacktrace = None\n    \n        end_time = time.monotonic() + self._timeout\n        while True:\n            try:\n                value = method(self._driver)\n                if value:\n                    return value\n            except self._ignored_exceptions as exc:\n                screen = getattr(exc, \"screen\", None)\n                stacktrace = getattr(exc, \"stacktrace\", None)\n            if time.monotonic() > end_time:\n                break\n            time.sleep(self._poll)\n>       raise TimeoutException(message, screen, stacktrace)\nE       selenium.common.exceptions.TimeoutException: Message: \nE       Stacktrace:\nE       #0 0x558b9afc11fa <unknown>\nE       #1 0x558b9aad1810 <unknown>\nE       #2 0x558b9ab20506 <unknown>\nE       #3 0x558b9ab207a1 <unknown>\nE       #4 0x558b9ab65c24 <unknown>\nE       #5 0x558b9ab445ad <unknown>\nE       #6 0x558b9ab63007 <unknown>\nE       #7 0x558b9ab44323 <unknown>\nE       #8 0x558b9ab12de0 <unknown>\nE       #9 0x558b9ab13dbe <unknown>\nE       #10 0x558b9af8d12b <unknown>\nE       #11 0x558b9af910c7 <unknown>\nE       #12 0x558b9af7a6cc <unknown>\nE       #13 0x558b9af91c47 <unknown>\nE       #14 0x558b9af5f67f <unknown>\nE       #15 0x558b9afb0288 <unknown>\nE       #16 0x558b9afb0450 <unknown>\nE       #17 0x558b9afc0076 <unknown>\nE       #18 0x7f4c12294ac3 <unknown>\n\n/opt/hostedtoolcache/Python/3.12.8/x64/lib/python3.12/site-packages/selenium/webdriver/support/wait.py:105: TimeoutException","flaky":false,"newFailed":false,"newBroken":false,"newPassed":false,"retriesCount":0,"retriesStatusChange":false,"beforeStages":[{"name":"_unittest_setUpClass_fixture_TestPromotionChecklist","time":{"start":1736847732633,"stop":1736847732633,"duration":0},"status":"passed","steps":[],"attachments":[],"parameters":[],"stepsCount":0,"shouldDisplayMessage":false,"attachmentsCount":0,"hasContent":false,"attachmentStep":false}],"afterStages":[{"name":"_unittest_setUpClass_fixture_TestPromotionChecklist::0","time":{"start":1736848248462,"stop":1736848248462,"duration":0},"status":"passed","steps":[],"attachments":[],"parameters":[],"stepsCount":0,"shouldDisplayMessage":false,"attachmentsCount":0,"hasContent":false,"attachmentStep":false}],"labels":[{"name":"tag","value":"@pytest.mark.filterwarnings('ignore::DeprecationWarning')"},{"name":"parentSuite","value":"tests"},{"name":"suite","value":"test_checklist"},{"name":"subSuite","value":"TestPromotionChecklist"},{"name":"host","value":"fv-az915-568"},{"name":"thread","value":"2486-MainThread"},{"name":"framework","value":"pytest"},{"name":"language","value":"cpython3"},{"name":"package","value":"tests.test_checklist"},{"name":"resultFormat","value":"allure2"}],"parameters":[],"links":[],"hidden":false,"retry":false,"extra":{"severity":"normal","retries":[],"categories":[{"name":"Test defects","matchedStatuses":[],"flaky":false}],"tags":["@pytest.mark.filterwarnings('ignore::DeprecationWarning')"]},"source":"3dbec015b58d5280.json","parameterValues":[]}