{"uid":"3f8c1dc4b4c8578","name":"test_list_address_coordinates_03_92","fullName":"tests.test_checklist.TestPromotionChecklist#test_list_address_coordinates_03_92","historyId":"376d12243f516f510cb82aa299c1d620","time":{"start":1739793958334,"stop":1739794039945,"duration":81611},"status":"failed","statusMessage":"AssertionError: False is not true : list_address.properties.coordinates_gs\n+\n[add]\n[add]\n[add]\n[add]\nGeocodeEnhancer(), ,list_address.properties.coordinates_gp\n+\n[add]\n[add]\n[add]\n[add]\nGeocodeEnhancer()","statusTrace":"tests/test_checklist.py:601: in test_list_address_coordinates\n    raise e  # Re-raise to ensure the test fails\ntests/test_checklist.py:596: in test_list_address_coordinates\n    self.assertTrue(result, f'{actual_gs}, ,{actual_gp}')\nE   AssertionError: False is not true : list_address.properties.coordinates_gs\nE   +\nE   [add]\nE   [add]\nE   [add]\nE   [add]\nE   GeocodeEnhancer(), ,list_address.properties.coordinates_gp\nE   +\nE   [add]\nE   [add]\nE   [add]\nE   [add]\nE   GeocodeEnhancer()","flaky":false,"newFailed":false,"newBroken":false,"newPassed":false,"retriesCount":0,"retriesStatusChange":false,"beforeStages":[{"name":"_unittest_setUpClass_fixture_TestPromotionChecklist","time":{"start":1739788254308,"stop":1739788254308,"duration":0},"status":"passed","steps":[],"attachments":[],"parameters":[],"shouldDisplayMessage":false,"stepsCount":0,"attachmentsCount":0,"hasContent":false,"attachmentStep":false}],"testStage":{"status":"failed","statusMessage":"AssertionError: False is not true : list_address.properties.coordinates_gs\n+\n[add]\n[add]\n[add]\n[add]\nGeocodeEnhancer(), ,list_address.properties.coordinates_gp\n+\n[add]\n[add]\n[add]\n[add]\nGeocodeEnhancer()","statusTrace":"tests/test_checklist.py:601: in test_list_address_coordinates\n    raise e  # Re-raise to ensure the test fails\ntests/test_checklist.py:596: in test_list_address_coordinates\n    self.assertTrue(result, f'{actual_gs}, ,{actual_gp}')\nE   AssertionError: False is not true : list_address.properties.coordinates_gs\nE   +\nE   [add]\nE   [add]\nE   [add]\nE   [add]\nE   GeocodeEnhancer(), ,list_address.properties.coordinates_gp\nE   +\nE   [add]\nE   [add]\nE   [add]\nE   [add]\nE   GeocodeEnhancer()","steps":[{"name":"Click authorisation button","time":{"start":1739793959417,"stop":1739793968678,"duration":9261},"status":"passed","steps":[{"name":"Get authorisation button","time":{"start":1739793959417,"stop":1739793959426,"duration":9},"status":"passed","steps":[],"attachments":[],"parameters":[],"shouldDisplayMessage":false,"stepsCount":0,"attachmentsCount":0,"hasContent":false,"attachmentStep":false}],"attachments":[],"parameters":[],"shouldDisplayMessage":false,"stepsCount":1,"attachmentsCount":0,"hasContent":true,"attachmentStep":false},{"name":"Source select","time":{"start":1739793969215,"stop":1739793969339,"duration":124},"status":"passed","steps":[],"attachments":[],"parameters":[{"name":"source","value":"'92'"}],"shouldDisplayMessage":false,"stepsCount":0,"attachmentsCount":0,"hasContent":true,"attachmentStep":false},{"name":"Select main metadata","time":{"start":1739793970752,"stop":1739793970849,"duration":97},"status":"passed","steps":[],"attachments":[],"parameters":[{"name":"metadata","value":"1"}],"shouldDisplayMessage":false,"stepsCount":0,"attachmentsCount":0,"hasContent":true,"attachmentStep":false},{"name":"Implicit wait metadata","time":{"start":1739793970849,"stop":1739793979272,"duration":8423},"status":"passed","steps":[],"attachments":[],"parameters":[],"shouldDisplayMessage":false,"stepsCount":0,"attachmentsCount":0,"hasContent":false,"attachmentStep":false},{"name":"\nMetadata = PROPERTY Failed ‚ùå \n","time":{"start":1739793979316,"stop":1739793979316,"duration":0},"status":"passed","steps":[],"attachments":[],"parameters":[],"shouldDisplayMessage":false,"stepsCount":0,"attachmentsCount":0,"hasContent":false,"attachmentStep":false},{"name":"Select main metadata","time":{"start":1739793979367,"stop":1739793979509,"duration":142},"status":"passed","steps":[],"attachments":[],"parameters":[{"name":"metadata","value":"2"}],"shouldDisplayMessage":false,"stepsCount":0,"attachmentsCount":0,"hasContent":true,"attachmentStep":false},{"name":"Implicit wait metadata","time":{"start":1739793979509,"stop":1739793999538,"duration":20029},"status":"broken","statusMessage":"selenium.common.exceptions.NoSuchElementException: Message: no such element: Unable to locate element: {\"method\":\"css selector\",\"selector\":\"#listing_mapper_list_category__0\"}\n  (Session info: chrome=133.0.6943.98); For documentation on this error, please visit: https://www.selenium.dev/documentation/webdriver/troubleshooting/errors#no-such-element-exception\nStacktrace:\n#0 0x56148221a09a <unknown>\n#1 0x561481ce18b0 <unknown>\n#2 0x561481d32b99 <unknown>\n#3 0x561481d32d21 <unknown>\n#4 0x561481d81854 <unknown>\n#5 0x561481d589ad <unknown>\n#6 0x561481d7eb8b <unknown>\n#7 0x561481d58753 <unknown>\n#8 0x561481d2438e <unknown>\n#9 0x561481d25b51 <unknown>\n#10 0x5614821e376b <unknown>\n#11 0x5614821e76f2 <unknown>\n#12 0x5614821cf8fc <unknown>\n#13 0x5614821e82e4 <unknown>\n#14 0x5614821b39cf <unknown>\n#15 0x561482208cd8 <unknown>\n#16 0x561482208eb6 <unknown>\n#17 0x561482218f16 <unknown>\n#18 0x7f69e2a9caa4 <unknown>\n#19 0x7f69e2b29c3c <unknown>\n\n","statusTrace":"  File \"/opt/hostedtoolcache/Python/3.13.2/x64/lib/python3.13/site-packages/allure_commons/_allure.py\", line 192, in impl\n    return func(*a, **kw)\n  File \"/home/runner/work/eim-map-test/eim-map-test/SLP/ui/PageObjects/SLPMain/slp_main.py\", line 63, in impl_wait_metadata\n    ListComponent(self.driver).get_map_filed(IMPLIS_WAIT_MAP)\n    ~~~~~~~~~~~~~~~~~~~~~~~~~~~~~~~~~~~~~~~~^^^^^^^^^^^^^^^^^\n  File \"/home/runner/work/eim-map-test/eim-map-test/SLP/ui/PageObjects/SLPMain/listing_component.py\", line 46, in get_map_filed\n    return self.node.find_element(*xpath)\n           ~~~~~~~~~~~~~~~~~~~~~~^^^^^^^^\n  File \"/opt/hostedtoolcache/Python/3.13.2/x64/lib/python3.13/site-packages/selenium/webdriver/remote/webdriver.py\", line 770, in find_element\n    return self.execute(Command.FIND_ELEMENT, {\"using\": by, \"value\": value})[\"value\"]\n           ~~~~~~~~~~~~^^^^^^^^^^^^^^^^^^^^^^^^^^^^^^^^^^^^^^^^^^^^^^^^^^^^^\n  File \"/opt/hostedtoolcache/Python/3.13.2/x64/lib/python3.13/site-packages/selenium/webdriver/remote/webdriver.py\", line 384, in execute\n    self.error_handler.check_response(response)\n    ~~~~~~~~~~~~~~~~~~~~~~~~~~~~~~~~~^^^^^^^^^^\n  File \"/opt/hostedtoolcache/Python/3.13.2/x64/lib/python3.13/site-packages/selenium/webdriver/remote/errorhandler.py\", line 232, in check_response\n    raise exception_class(message, screen, stacktrace)\n","steps":[],"attachments":[],"parameters":[],"shouldDisplayMessage":true,"stepsCount":0,"attachmentsCount":0,"hasContent":true,"attachmentStep":false},{"name":"Looks like the class LOOKUP is not mapped","time":{"start":1739793999539,"stop":1739793999539,"duration":0},"status":"passed","steps":[],"attachments":[],"parameters":[],"shouldDisplayMessage":false,"stepsCount":0,"attachmentsCount":0,"hasContent":false,"attachmentStep":false},{"name":"Select main metadata","time":{"start":1739793999562,"stop":1739793999686,"duration":124},"status":"passed","steps":[],"attachments":[],"parameters":[{"name":"metadata","value":"3"}],"shouldDisplayMessage":false,"stepsCount":0,"attachmentsCount":0,"hasContent":true,"attachmentStep":false},{"name":"Implicit wait metadata","time":{"start":1739793999686,"stop":1739794019698,"duration":20012},"status":"broken","statusMessage":"selenium.common.exceptions.NoSuchElementException: Message: no such element: Unable to locate element: {\"method\":\"css selector\",\"selector\":\"#listing_mapper_list_category__0\"}\n  (Session info: chrome=133.0.6943.98); For documentation on this error, please visit: https://www.selenium.dev/documentation/webdriver/troubleshooting/errors#no-such-element-exception\nStacktrace:\n#0 0x56148221a09a <unknown>\n#1 0x561481ce18b0 <unknown>\n#2 0x561481d32b99 <unknown>\n#3 0x561481d32d21 <unknown>\n#4 0x561481d81854 <unknown>\n#5 0x561481d589ad <unknown>\n#6 0x561481d7eb8b <unknown>\n#7 0x561481d58753 <unknown>\n#8 0x561481d2438e <unknown>\n#9 0x561481d25b51 <unknown>\n#10 0x5614821e376b <unknown>\n#11 0x5614821e76f2 <unknown>\n#12 0x5614821cf8fc <unknown>\n#13 0x5614821e82e4 <unknown>\n#14 0x5614821b39cf <unknown>\n#15 0x561482208cd8 <unknown>\n#16 0x561482208eb6 <unknown>\n#17 0x561482218f16 <unknown>\n#18 0x7f69e2a9caa4 <unknown>\n#19 0x7f69e2b29c3c <unknown>\n\n","statusTrace":"  File \"/opt/hostedtoolcache/Python/3.13.2/x64/lib/python3.13/site-packages/allure_commons/_allure.py\", line 192, in impl\n    return func(*a, **kw)\n  File \"/home/runner/work/eim-map-test/eim-map-test/SLP/ui/PageObjects/SLPMain/slp_main.py\", line 63, in impl_wait_metadata\n    ListComponent(self.driver).get_map_filed(IMPLIS_WAIT_MAP)\n    ~~~~~~~~~~~~~~~~~~~~~~~~~~~~~~~~~~~~~~~~^^^^^^^^^^^^^^^^^\n  File \"/home/runner/work/eim-map-test/eim-map-test/SLP/ui/PageObjects/SLPMain/listing_component.py\", line 46, in get_map_filed\n    return self.node.find_element(*xpath)\n           ~~~~~~~~~~~~~~~~~~~~~~^^^^^^^^\n  File \"/opt/hostedtoolcache/Python/3.13.2/x64/lib/python3.13/site-packages/selenium/webdriver/remote/webdriver.py\", line 770, in find_element\n    return self.execute(Command.FIND_ELEMENT, {\"using\": by, \"value\": value})[\"value\"]\n           ~~~~~~~~~~~~^^^^^^^^^^^^^^^^^^^^^^^^^^^^^^^^^^^^^^^^^^^^^^^^^^^^^\n  File \"/opt/hostedtoolcache/Python/3.13.2/x64/lib/python3.13/site-packages/selenium/webdriver/remote/webdriver.py\", line 384, in execute\n    self.error_handler.check_response(response)\n    ~~~~~~~~~~~~~~~~~~~~~~~~~~~~~~~~~^^^^^^^^^^\n  File \"/opt/hostedtoolcache/Python/3.13.2/x64/lib/python3.13/site-packages/selenium/webdriver/remote/errorhandler.py\", line 232, in check_response\n    raise exception_class(message, screen, stacktrace)\n","steps":[],"attachments":[],"parameters":[],"shouldDisplayMessage":true,"stepsCount":0,"attachmentsCount":0,"hasContent":true,"attachmentStep":false},{"name":"Looks like the class UNIT is not mapped","time":{"start":1739794019699,"stop":1739794019699,"duration":0},"status":"passed","steps":[],"attachments":[],"parameters":[],"shouldDisplayMessage":false,"stepsCount":0,"attachmentsCount":0,"hasContent":false,"attachmentStep":false},{"name":"Select main metadata","time":{"start":1739794019722,"stop":1739794019843,"duration":121},"status":"passed","steps":[],"attachments":[],"parameters":[{"name":"metadata","value":"4"}],"shouldDisplayMessage":false,"stepsCount":0,"attachmentsCount":0,"hasContent":true,"attachmentStep":false},{"name":"Implicit wait metadata","time":{"start":1739794019844,"stop":1739794039881,"duration":20037},"status":"broken","statusMessage":"selenium.common.exceptions.NoSuchElementException: Message: no such element: Unable to locate element: {\"method\":\"css selector\",\"selector\":\"#listing_mapper_list_category__0\"}\n  (Session info: chrome=133.0.6943.98); For documentation on this error, please visit: https://www.selenium.dev/documentation/webdriver/troubleshooting/errors#no-such-element-exception\nStacktrace:\n#0 0x56148221a09a <unknown>\n#1 0x561481ce18b0 <unknown>\n#2 0x561481d32b99 <unknown>\n#3 0x561481d32d21 <unknown>\n#4 0x561481d81854 <unknown>\n#5 0x561481d589ad <unknown>\n#6 0x561481d7eb8b <unknown>\n#7 0x561481d58753 <unknown>\n#8 0x561481d2438e <unknown>\n#9 0x561481d25b51 <unknown>\n#10 0x5614821e376b <unknown>\n#11 0x5614821e76f2 <unknown>\n#12 0x5614821cf8fc <unknown>\n#13 0x5614821e82e4 <unknown>\n#14 0x5614821b39cf <unknown>\n#15 0x561482208cd8 <unknown>\n#16 0x561482208eb6 <unknown>\n#17 0x561482218f16 <unknown>\n#18 0x7f69e2a9caa4 <unknown>\n#19 0x7f69e2b29c3c <unknown>\n\n","statusTrace":"  File \"/opt/hostedtoolcache/Python/3.13.2/x64/lib/python3.13/site-packages/allure_commons/_allure.py\", line 192, in impl\n    return func(*a, **kw)\n  File \"/home/runner/work/eim-map-test/eim-map-test/SLP/ui/PageObjects/SLPMain/slp_main.py\", line 63, in impl_wait_metadata\n    ListComponent(self.driver).get_map_filed(IMPLIS_WAIT_MAP)\n    ~~~~~~~~~~~~~~~~~~~~~~~~~~~~~~~~~~~~~~~~^^^^^^^^^^^^^^^^^\n  File \"/home/runner/work/eim-map-test/eim-map-test/SLP/ui/PageObjects/SLPMain/listing_component.py\", line 46, in get_map_filed\n    return self.node.find_element(*xpath)\n           ~~~~~~~~~~~~~~~~~~~~~~^^^^^^^^\n  File \"/opt/hostedtoolcache/Python/3.13.2/x64/lib/python3.13/site-packages/selenium/webdriver/remote/webdriver.py\", line 770, in find_element\n    return self.execute(Command.FIND_ELEMENT, {\"using\": by, \"value\": value})[\"value\"]\n           ~~~~~~~~~~~~^^^^^^^^^^^^^^^^^^^^^^^^^^^^^^^^^^^^^^^^^^^^^^^^^^^^^\n  File \"/opt/hostedtoolcache/Python/3.13.2/x64/lib/python3.13/site-packages/selenium/webdriver/remote/webdriver.py\", line 384, in execute\n    self.error_handler.check_response(response)\n    ~~~~~~~~~~~~~~~~~~~~~~~~~~~~~~~~~^^^^^^^^^^\n  File \"/opt/hostedtoolcache/Python/3.13.2/x64/lib/python3.13/site-packages/selenium/webdriver/remote/errorhandler.py\", line 232, in check_response\n    raise exception_class(message, screen, stacktrace)\n","steps":[],"attachments":[],"parameters":[],"shouldDisplayMessage":true,"stepsCount":0,"attachmentsCount":0,"hasContent":true,"attachmentStep":false},{"name":"Looks like the class ROOM is not mapped","time":{"start":1739794039882,"stop":1739794039882,"duration":0},"status":"passed","steps":[],"attachments":[],"parameters":[],"shouldDisplayMessage":false,"stepsCount":0,"attachmentsCount":0,"hasContent":false,"attachmentStep":false}],"attachments":[],"parameters":[],"shouldDisplayMessage":true,"stepsCount":15,"attachmentsCount":0,"hasContent":true,"attachmentStep":false},"afterStages":[{"name":"_unittest_setUpClass_fixture_TestPromotionChecklist::0","time":{"start":1739801612961,"stop":1739801612961,"duration":0},"status":"passed","steps":[],"attachments":[],"parameters":[],"shouldDisplayMessage":false,"stepsCount":0,"attachmentsCount":0,"hasContent":false,"attachmentStep":false}],"labels":[{"name":"tag","value":"@pytest.mark.filterwarnings('ignore::DeprecationWarning')"},{"name":"parentSuite","value":"tests"},{"name":"suite","value":"test_checklist"},{"name":"subSuite","value":"TestPromotionChecklist"},{"name":"host","value":"fv-az1043-579"},{"name":"thread","value":"3351-MainThread"},{"name":"framework","value":"pytest"},{"name":"language","value":"cpython3"},{"name":"package","value":"tests.test_checklist"},{"name":"resultFormat","value":"allure2"}],"parameters":[],"links":[],"hidden":false,"retry":false,"extra":{"severity":"normal","retries":[],"categories":[{"name":"Product defects","matchedStatuses":[],"flaky":false}],"tags":["@pytest.mark.filterwarnings('ignore::DeprecationWarning')"]},"source":"3f8c1dc4b4c8578.json","parameterValues":[]}