{"uid":"467f7b88b783601e","name":"test_not_nullify_08_334","fullName":"tests.test_checklist.TestPromotionChecklist#test_not_nullify_08_334","historyId":"95053629a3b368a8b8e9b39b1494e002","time":{"start":1739743512338,"stop":1739743666837,"duration":154499},"status":"failed","statusMessage":"AssertionError: False is not true : {'close_price': False, 'current_list_price': False, 'hoa-items-properties-assoc_fee': False, 'hoa-items-properties-assoc_fee_search': False, 'marketing_info-properties-display_list_price': False, 'raw-properties-parking_total': False, 'structure-properties-parking_total': True, 'taxes-items-properties-tax_amt': False}","statusTrace":"tests/test_checklist.py:677: in test_not_nullify\n    raise e  # Re-raise to ensure the test fails\ntests/test_checklist.py:672: in test_not_nullify\n    self.assertTrue(all(actual), result)\nE   AssertionError: False is not true : {'close_price': False, 'current_list_price': False, 'hoa-items-properties-assoc_fee': False, 'hoa-items-properties-assoc_fee_search': False, 'marketing_info-properties-display_list_price': False, 'raw-properties-parking_total': False, 'structure-properties-parking_total': True, 'taxes-items-properties-tax_amt': False}","flaky":false,"newFailed":false,"newBroken":false,"newPassed":false,"retriesCount":0,"retriesStatusChange":false,"beforeStages":[{"name":"_unittest_setUpClass_fixture_TestPromotionChecklist","time":{"start":1739732022652,"stop":1739732022652,"duration":0},"status":"passed","steps":[],"attachments":[],"parameters":[],"shouldDisplayMessage":false,"stepsCount":0,"attachmentsCount":0,"hasContent":false,"attachmentStep":false}],"testStage":{"status":"failed","statusMessage":"AssertionError: False is not true : {'close_price': False, 'current_list_price': False, 'hoa-items-properties-assoc_fee': False, 'hoa-items-properties-assoc_fee_search': False, 'marketing_info-properties-display_list_price': False, 'raw-properties-parking_total': False, 'structure-properties-parking_total': True, 'taxes-items-properties-tax_amt': False}","statusTrace":"tests/test_checklist.py:677: in test_not_nullify\n    raise e  # Re-raise to ensure the test fails\ntests/test_checklist.py:672: in test_not_nullify\n    self.assertTrue(all(actual), result)\nE   AssertionError: False is not true : {'close_price': False, 'current_list_price': False, 'hoa-items-properties-assoc_fee': False, 'hoa-items-properties-assoc_fee_search': False, 'marketing_info-properties-display_list_price': False, 'raw-properties-parking_total': False, 'structure-properties-parking_total': True, 'taxes-items-properties-tax_amt': False}","steps":[{"name":"Click authorisation button","time":{"start":1739743513097,"stop":1739743513803,"duration":706},"status":"passed","steps":[{"name":"Get authorisation button","time":{"start":1739743513097,"stop":1739743513110,"duration":13},"status":"passed","steps":[],"attachments":[],"parameters":[],"shouldDisplayMessage":false,"stepsCount":0,"attachmentsCount":0,"hasContent":false,"attachmentStep":false}],"attachments":[],"parameters":[],"shouldDisplayMessage":false,"stepsCount":1,"attachmentsCount":0,"hasContent":true,"attachmentStep":false},{"name":"Source select","time":{"start":1739743514337,"stop":1739743514454,"duration":117},"status":"passed","steps":[],"attachments":[],"parameters":[{"name":"source","value":"'334'"}],"shouldDisplayMessage":false,"stepsCount":0,"attachmentsCount":0,"hasContent":true,"attachmentStep":false},{"name":"Select main metadata","time":{"start":1739743515735,"stop":1739743515828,"duration":93},"status":"passed","steps":[],"attachments":[],"parameters":[{"name":"metadata","value":"1"}],"shouldDisplayMessage":false,"stepsCount":0,"attachmentsCount":0,"hasContent":true,"attachmentStep":false},{"name":"Implicit wait metadata","time":{"start":1739743515857,"stop":1739743523935,"duration":8078},"status":"passed","steps":[],"attachments":[],"parameters":[],"shouldDisplayMessage":false,"stepsCount":0,"attachmentsCount":0,"hasContent":false,"attachmentStep":false},{"name":"\nMetadata = PROPERTY Failed ‚ùå \n","time":{"start":1739743524076,"stop":1739743524076,"duration":0},"status":"passed","steps":[],"attachments":[],"parameters":[],"shouldDisplayMessage":false,"stepsCount":0,"attachmentsCount":0,"hasContent":false,"attachmentStep":false},{"name":"Select main metadata","time":{"start":1739743524095,"stop":1739743524213,"duration":118},"status":"passed","steps":[],"attachments":[],"parameters":[{"name":"metadata","value":"2"}],"shouldDisplayMessage":false,"stepsCount":0,"attachmentsCount":0,"hasContent":true,"attachmentStep":false},{"name":"Implicit wait metadata","time":{"start":1739743524236,"stop":1739743534281,"duration":10045},"status":"broken","statusMessage":"selenium.common.exceptions.NoSuchElementException: Message: no such element: Unable to locate element: {\"method\":\"css selector\",\"selector\":\"#listing_mapper_list_category__0\"}\n  (Session info: chrome=133.0.6943.98); For documentation on this error, please visit: https://www.selenium.dev/documentation/webdriver/troubleshooting/errors#no-such-element-exception\nStacktrace:\n#0 0x556fa01e409a <unknown>\n#1 0x556f9fcab8b0 <unknown>\n#2 0x556f9fcfcb99 <unknown>\n#3 0x556f9fcfcd21 <unknown>\n#4 0x556f9fd4b854 <unknown>\n#5 0x556f9fd229ad <unknown>\n#6 0x556f9fd48b8b <unknown>\n#7 0x556f9fd22753 <unknown>\n#8 0x556f9fcee38e <unknown>\n#9 0x556f9fcefb51 <unknown>\n#10 0x556fa01ad76b <unknown>\n#11 0x556fa01b16f2 <unknown>\n#12 0x556fa01998fc <unknown>\n#13 0x556fa01b22e4 <unknown>\n#14 0x556fa017d9cf <unknown>\n#15 0x556fa01d2cd8 <unknown>\n#16 0x556fa01d2eb6 <unknown>\n#17 0x556fa01e2f16 <unknown>\n#18 0x7f995689caa4 <unknown>\n#19 0x7f9956929c3c <unknown>\n\n","statusTrace":"  File \"/opt/hostedtoolcache/Python/3.13.2/x64/lib/python3.13/site-packages/allure_commons/_allure.py\", line 192, in impl\n    return func(*a, **kw)\n  File \"/home/runner/work/eim-map-test/eim-map-test/SLP/ui/PageObjects/SLPMain/slp_main.py\", line 63, in impl_wait_metadata\n    ListComponent(self.driver).get_map_filed(IMPLIS_WAIT_MAP)\n    ~~~~~~~~~~~~~~~~~~~~~~~~~~~~~~~~~~~~~~~~^^^^^^^^^^^^^^^^^\n  File \"/home/runner/work/eim-map-test/eim-map-test/SLP/ui/PageObjects/SLPMain/listing_component.py\", line 46, in get_map_filed\n    return self.node.find_element(*xpath)\n           ~~~~~~~~~~~~~~~~~~~~~~^^^^^^^^\n  File \"/opt/hostedtoolcache/Python/3.13.2/x64/lib/python3.13/site-packages/selenium/webdriver/remote/webdriver.py\", line 770, in find_element\n    return self.execute(Command.FIND_ELEMENT, {\"using\": by, \"value\": value})[\"value\"]\n           ~~~~~~~~~~~~^^^^^^^^^^^^^^^^^^^^^^^^^^^^^^^^^^^^^^^^^^^^^^^^^^^^^\n  File \"/opt/hostedtoolcache/Python/3.13.2/x64/lib/python3.13/site-packages/selenium/webdriver/remote/webdriver.py\", line 384, in execute\n    self.error_handler.check_response(response)\n    ~~~~~~~~~~~~~~~~~~~~~~~~~~~~~~~~~^^^^^^^^^^\n  File \"/opt/hostedtoolcache/Python/3.13.2/x64/lib/python3.13/site-packages/selenium/webdriver/remote/errorhandler.py\", line 232, in check_response\n    raise exception_class(message, screen, stacktrace)\n","steps":[],"attachments":[],"parameters":[],"shouldDisplayMessage":true,"stepsCount":0,"attachmentsCount":0,"hasContent":true,"attachmentStep":false},{"name":"Looks like the class CUSTOMPROPERTY is not mapped","time":{"start":1739743534282,"stop":1739743534282,"duration":0},"status":"passed","steps":[],"attachments":[],"parameters":[],"shouldDisplayMessage":false,"stepsCount":0,"attachmentsCount":0,"hasContent":false,"attachmentStep":false},{"name":"Select main metadata","time":{"start":1739743534283,"stop":1739743534411,"duration":128},"status":"passed","steps":[],"attachments":[],"parameters":[{"name":"metadata","value":"3"}],"shouldDisplayMessage":false,"stepsCount":0,"attachmentsCount":0,"hasContent":true,"attachmentStep":false},{"name":"Implicit wait metadata","time":{"start":1739743534451,"stop":1739743544485,"duration":10034},"status":"broken","statusMessage":"selenium.common.exceptions.NoSuchElementException: Message: no such element: Unable to locate element: {\"method\":\"css selector\",\"selector\":\"#listing_mapper_list_category__0\"}\n  (Session info: chrome=133.0.6943.98); For documentation on this error, please visit: https://www.selenium.dev/documentation/webdriver/troubleshooting/errors#no-such-element-exception\nStacktrace:\n#0 0x556fa01e409a <unknown>\n#1 0x556f9fcab8b0 <unknown>\n#2 0x556f9fcfcb99 <unknown>\n#3 0x556f9fcfcd21 <unknown>\n#4 0x556f9fd4b854 <unknown>\n#5 0x556f9fd229ad <unknown>\n#6 0x556f9fd48b8b <unknown>\n#7 0x556f9fd22753 <unknown>\n#8 0x556f9fcee38e <unknown>\n#9 0x556f9fcefb51 <unknown>\n#10 0x556fa01ad76b <unknown>\n#11 0x556fa01b16f2 <unknown>\n#12 0x556fa01998fc <unknown>\n#13 0x556fa01b22e4 <unknown>\n#14 0x556fa017d9cf <unknown>\n#15 0x556fa01d2cd8 <unknown>\n#16 0x556fa01d2eb6 <unknown>\n#17 0x556fa01e2f16 <unknown>\n#18 0x7f995689caa4 <unknown>\n#19 0x7f9956929c3c <unknown>\n\n","statusTrace":"  File \"/opt/hostedtoolcache/Python/3.13.2/x64/lib/python3.13/site-packages/allure_commons/_allure.py\", line 192, in impl\n    return func(*a, **kw)\n  File \"/home/runner/work/eim-map-test/eim-map-test/SLP/ui/PageObjects/SLPMain/slp_main.py\", line 63, in impl_wait_metadata\n    ListComponent(self.driver).get_map_filed(IMPLIS_WAIT_MAP)\n    ~~~~~~~~~~~~~~~~~~~~~~~~~~~~~~~~~~~~~~~~^^^^^^^^^^^^^^^^^\n  File \"/home/runner/work/eim-map-test/eim-map-test/SLP/ui/PageObjects/SLPMain/listing_component.py\", line 46, in get_map_filed\n    return self.node.find_element(*xpath)\n           ~~~~~~~~~~~~~~~~~~~~~~^^^^^^^^\n  File \"/opt/hostedtoolcache/Python/3.13.2/x64/lib/python3.13/site-packages/selenium/webdriver/remote/webdriver.py\", line 770, in find_element\n    return self.execute(Command.FIND_ELEMENT, {\"using\": by, \"value\": value})[\"value\"]\n           ~~~~~~~~~~~~^^^^^^^^^^^^^^^^^^^^^^^^^^^^^^^^^^^^^^^^^^^^^^^^^^^^^\n  File \"/opt/hostedtoolcache/Python/3.13.2/x64/lib/python3.13/site-packages/selenium/webdriver/remote/webdriver.py\", line 384, in execute\n    self.error_handler.check_response(response)\n    ~~~~~~~~~~~~~~~~~~~~~~~~~~~~~~~~~^^^^^^^^^^\n  File \"/opt/hostedtoolcache/Python/3.13.2/x64/lib/python3.13/site-packages/selenium/webdriver/remote/errorhandler.py\", line 232, in check_response\n    raise exception_class(message, screen, stacktrace)\n","steps":[],"attachments":[],"parameters":[],"shouldDisplayMessage":true,"stepsCount":0,"attachmentsCount":0,"hasContent":true,"attachmentStep":false},{"name":"Looks like the class DATASYSTEM is not mapped","time":{"start":1739743544486,"stop":1739743544486,"duration":0},"status":"passed","steps":[],"attachments":[],"parameters":[],"shouldDisplayMessage":false,"stepsCount":0,"attachmentsCount":0,"hasContent":false,"attachmentStep":false},{"name":"Select main metadata","time":{"start":1739743544486,"stop":1739743544605,"duration":119},"status":"passed","steps":[],"attachments":[],"parameters":[{"name":"metadata","value":"4"}],"shouldDisplayMessage":false,"stepsCount":0,"attachmentsCount":0,"hasContent":true,"attachmentStep":false},{"name":"Implicit wait metadata","time":{"start":1739743544630,"stop":1739743554648,"duration":10018},"status":"broken","statusMessage":"selenium.common.exceptions.NoSuchElementException: Message: no such element: Unable to locate element: {\"method\":\"css selector\",\"selector\":\"#listing_mapper_list_category__0\"}\n  (Session info: chrome=133.0.6943.98); For documentation on this error, please visit: https://www.selenium.dev/documentation/webdriver/troubleshooting/errors#no-such-element-exception\nStacktrace:\n#0 0x556fa01e409a <unknown>\n#1 0x556f9fcab8b0 <unknown>\n#2 0x556f9fcfcb99 <unknown>\n#3 0x556f9fcfcd21 <unknown>\n#4 0x556f9fd4b854 <unknown>\n#5 0x556f9fd229ad <unknown>\n#6 0x556f9fd48b8b <unknown>\n#7 0x556f9fd22753 <unknown>\n#8 0x556f9fcee38e <unknown>\n#9 0x556f9fcefb51 <unknown>\n#10 0x556fa01ad76b <unknown>\n#11 0x556fa01b16f2 <unknown>\n#12 0x556fa01998fc <unknown>\n#13 0x556fa01b22e4 <unknown>\n#14 0x556fa017d9cf <unknown>\n#15 0x556fa01d2cd8 <unknown>\n#16 0x556fa01d2eb6 <unknown>\n#17 0x556fa01e2f16 <unknown>\n#18 0x7f995689caa4 <unknown>\n#19 0x7f9956929c3c <unknown>\n\n","statusTrace":"  File \"/opt/hostedtoolcache/Python/3.13.2/x64/lib/python3.13/site-packages/allure_commons/_allure.py\", line 192, in impl\n    return func(*a, **kw)\n  File \"/home/runner/work/eim-map-test/eim-map-test/SLP/ui/PageObjects/SLPMain/slp_main.py\", line 63, in impl_wait_metadata\n    ListComponent(self.driver).get_map_filed(IMPLIS_WAIT_MAP)\n    ~~~~~~~~~~~~~~~~~~~~~~~~~~~~~~~~~~~~~~~~^^^^^^^^^^^^^^^^^\n  File \"/home/runner/work/eim-map-test/eim-map-test/SLP/ui/PageObjects/SLPMain/listing_component.py\", line 46, in get_map_filed\n    return self.node.find_element(*xpath)\n           ~~~~~~~~~~~~~~~~~~~~~~^^^^^^^^\n  File \"/opt/hostedtoolcache/Python/3.13.2/x64/lib/python3.13/site-packages/selenium/webdriver/remote/webdriver.py\", line 770, in find_element\n    return self.execute(Command.FIND_ELEMENT, {\"using\": by, \"value\": value})[\"value\"]\n           ~~~~~~~~~~~~^^^^^^^^^^^^^^^^^^^^^^^^^^^^^^^^^^^^^^^^^^^^^^^^^^^^^\n  File \"/opt/hostedtoolcache/Python/3.13.2/x64/lib/python3.13/site-packages/selenium/webdriver/remote/webdriver.py\", line 384, in execute\n    self.error_handler.check_response(response)\n    ~~~~~~~~~~~~~~~~~~~~~~~~~~~~~~~~~^^^^^^^^^^\n  File \"/opt/hostedtoolcache/Python/3.13.2/x64/lib/python3.13/site-packages/selenium/webdriver/remote/errorhandler.py\", line 232, in check_response\n    raise exception_class(message, screen, stacktrace)\n","steps":[],"attachments":[],"parameters":[],"shouldDisplayMessage":true,"stepsCount":0,"attachmentsCount":0,"hasContent":true,"attachmentStep":false},{"name":"Looks like the class ENUMERATION is not mapped","time":{"start":1739743554649,"stop":1739743554649,"duration":0},"status":"passed","steps":[],"attachments":[],"parameters":[],"shouldDisplayMessage":false,"stepsCount":0,"attachmentsCount":0,"hasContent":false,"attachmentStep":false},{"name":"Select main metadata","time":{"start":1739743554649,"stop":1739743554766,"duration":117},"status":"passed","steps":[],"attachments":[],"parameters":[{"name":"metadata","value":"5"}],"shouldDisplayMessage":false,"stepsCount":0,"attachmentsCount":0,"hasContent":true,"attachmentStep":false},{"name":"Implicit wait metadata","time":{"start":1739743554789,"stop":1739743564816,"duration":10027},"status":"broken","statusMessage":"selenium.common.exceptions.NoSuchElementException: Message: no such element: Unable to locate element: {\"method\":\"css selector\",\"selector\":\"#listing_mapper_list_category__0\"}\n  (Session info: chrome=133.0.6943.98); For documentation on this error, please visit: https://www.selenium.dev/documentation/webdriver/troubleshooting/errors#no-such-element-exception\nStacktrace:\n#0 0x556fa01e409a <unknown>\n#1 0x556f9fcab8b0 <unknown>\n#2 0x556f9fcfcb99 <unknown>\n#3 0x556f9fcfcd21 <unknown>\n#4 0x556f9fd4b854 <unknown>\n#5 0x556f9fd229ad <unknown>\n#6 0x556f9fd48b8b <unknown>\n#7 0x556f9fd22753 <unknown>\n#8 0x556f9fcee38e <unknown>\n#9 0x556f9fcefb51 <unknown>\n#10 0x556fa01ad76b <unknown>\n#11 0x556fa01b16f2 <unknown>\n#12 0x556fa01998fc <unknown>\n#13 0x556fa01b22e4 <unknown>\n#14 0x556fa017d9cf <unknown>\n#15 0x556fa01d2cd8 <unknown>\n#16 0x556fa01d2eb6 <unknown>\n#17 0x556fa01e2f16 <unknown>\n#18 0x7f995689caa4 <unknown>\n#19 0x7f9956929c3c <unknown>\n\n","statusTrace":"  File \"/opt/hostedtoolcache/Python/3.13.2/x64/lib/python3.13/site-packages/allure_commons/_allure.py\", line 192, in impl\n    return func(*a, **kw)\n  File \"/home/runner/work/eim-map-test/eim-map-test/SLP/ui/PageObjects/SLPMain/slp_main.py\", line 63, in impl_wait_metadata\n    ListComponent(self.driver).get_map_filed(IMPLIS_WAIT_MAP)\n    ~~~~~~~~~~~~~~~~~~~~~~~~~~~~~~~~~~~~~~~~^^^^^^^^^^^^^^^^^\n  File \"/home/runner/work/eim-map-test/eim-map-test/SLP/ui/PageObjects/SLPMain/listing_component.py\", line 46, in get_map_filed\n    return self.node.find_element(*xpath)\n           ~~~~~~~~~~~~~~~~~~~~~~^^^^^^^^\n  File \"/opt/hostedtoolcache/Python/3.13.2/x64/lib/python3.13/site-packages/selenium/webdriver/remote/webdriver.py\", line 770, in find_element\n    return self.execute(Command.FIND_ELEMENT, {\"using\": by, \"value\": value})[\"value\"]\n           ~~~~~~~~~~~~^^^^^^^^^^^^^^^^^^^^^^^^^^^^^^^^^^^^^^^^^^^^^^^^^^^^^\n  File \"/opt/hostedtoolcache/Python/3.13.2/x64/lib/python3.13/site-packages/selenium/webdriver/remote/webdriver.py\", line 384, in execute\n    self.error_handler.check_response(response)\n    ~~~~~~~~~~~~~~~~~~~~~~~~~~~~~~~~~^^^^^^^^^^\n  File \"/opt/hostedtoolcache/Python/3.13.2/x64/lib/python3.13/site-packages/selenium/webdriver/remote/errorhandler.py\", line 232, in check_response\n    raise exception_class(message, screen, stacktrace)\n","steps":[],"attachments":[],"parameters":[],"shouldDisplayMessage":true,"stepsCount":0,"attachmentsCount":0,"hasContent":true,"attachmentStep":false},{"name":"Looks like the class PROPERTYROOMS is not mapped","time":{"start":1739743564817,"stop":1739743564817,"duration":0},"status":"passed","steps":[],"attachments":[],"parameters":[],"shouldDisplayMessage":false,"stepsCount":0,"attachmentsCount":0,"hasContent":false,"attachmentStep":false},{"name":"Select main metadata","time":{"start":1739743564817,"stop":1739743564948,"duration":131},"status":"passed","steps":[],"attachments":[],"parameters":[{"name":"metadata","value":"6"}],"shouldDisplayMessage":false,"stepsCount":0,"attachmentsCount":0,"hasContent":true,"attachmentStep":false},{"name":"Implicit wait metadata","time":{"start":1739743564976,"stop":1739743575004,"duration":10028},"status":"broken","statusMessage":"selenium.common.exceptions.NoSuchElementException: Message: no such element: Unable to locate element: {\"method\":\"css selector\",\"selector\":\"#listing_mapper_list_category__0\"}\n  (Session info: chrome=133.0.6943.98); For documentation on this error, please visit: https://www.selenium.dev/documentation/webdriver/troubleshooting/errors#no-such-element-exception\nStacktrace:\n#0 0x556fa01e409a <unknown>\n#1 0x556f9fcab8b0 <unknown>\n#2 0x556f9fcfcb99 <unknown>\n#3 0x556f9fcfcd21 <unknown>\n#4 0x556f9fd4b854 <unknown>\n#5 0x556f9fd229ad <unknown>\n#6 0x556f9fd48b8b <unknown>\n#7 0x556f9fd22753 <unknown>\n#8 0x556f9fcee38e <unknown>\n#9 0x556f9fcefb51 <unknown>\n#10 0x556fa01ad76b <unknown>\n#11 0x556fa01b16f2 <unknown>\n#12 0x556fa01998fc <unknown>\n#13 0x556fa01b22e4 <unknown>\n#14 0x556fa017d9cf <unknown>\n#15 0x556fa01d2cd8 <unknown>\n#16 0x556fa01d2eb6 <unknown>\n#17 0x556fa01e2f16 <unknown>\n#18 0x7f995689caa4 <unknown>\n#19 0x7f9956929c3c <unknown>\n\n","statusTrace":"  File \"/opt/hostedtoolcache/Python/3.13.2/x64/lib/python3.13/site-packages/allure_commons/_allure.py\", line 192, in impl\n    return func(*a, **kw)\n  File \"/home/runner/work/eim-map-test/eim-map-test/SLP/ui/PageObjects/SLPMain/slp_main.py\", line 63, in impl_wait_metadata\n    ListComponent(self.driver).get_map_filed(IMPLIS_WAIT_MAP)\n    ~~~~~~~~~~~~~~~~~~~~~~~~~~~~~~~~~~~~~~~~^^^^^^^^^^^^^^^^^\n  File \"/home/runner/work/eim-map-test/eim-map-test/SLP/ui/PageObjects/SLPMain/listing_component.py\", line 46, in get_map_filed\n    return self.node.find_element(*xpath)\n           ~~~~~~~~~~~~~~~~~~~~~~^^^^^^^^\n  File \"/opt/hostedtoolcache/Python/3.13.2/x64/lib/python3.13/site-packages/selenium/webdriver/remote/webdriver.py\", line 770, in find_element\n    return self.execute(Command.FIND_ELEMENT, {\"using\": by, \"value\": value})[\"value\"]\n           ~~~~~~~~~~~~^^^^^^^^^^^^^^^^^^^^^^^^^^^^^^^^^^^^^^^^^^^^^^^^^^^^^\n  File \"/opt/hostedtoolcache/Python/3.13.2/x64/lib/python3.13/site-packages/selenium/webdriver/remote/webdriver.py\", line 384, in execute\n    self.error_handler.check_response(response)\n    ~~~~~~~~~~~~~~~~~~~~~~~~~~~~~~~~~^^^^^^^^^^\n  File \"/opt/hostedtoolcache/Python/3.13.2/x64/lib/python3.13/site-packages/selenium/webdriver/remote/errorhandler.py\", line 232, in check_response\n    raise exception_class(message, screen, stacktrace)\n","steps":[],"attachments":[],"parameters":[],"shouldDisplayMessage":true,"stepsCount":0,"attachmentsCount":0,"hasContent":true,"attachmentStep":false},{"name":"Looks like the class PROPERTYUNITTYPES is not mapped","time":{"start":1739743575005,"stop":1739743575006,"duration":1},"status":"passed","steps":[],"attachments":[],"parameters":[],"shouldDisplayMessage":false,"stepsCount":0,"attachmentsCount":0,"hasContent":false,"attachmentStep":false},{"name":"Select main metadata","time":{"start":1739743575006,"stop":1739743575142,"duration":136},"status":"passed","steps":[],"attachments":[],"parameters":[{"name":"metadata","value":"7"}],"shouldDisplayMessage":false,"stepsCount":0,"attachmentsCount":0,"hasContent":true,"attachmentStep":false},{"name":"Implicit wait metadata","time":{"start":1739743575184,"stop":1739743585203,"duration":10019},"status":"broken","statusMessage":"selenium.common.exceptions.NoSuchElementException: Message: no such element: Unable to locate element: {\"method\":\"css selector\",\"selector\":\"#listing_mapper_list_category__0\"}\n  (Session info: chrome=133.0.6943.98); For documentation on this error, please visit: https://www.selenium.dev/documentation/webdriver/troubleshooting/errors#no-such-element-exception\nStacktrace:\n#0 0x556fa01e409a <unknown>\n#1 0x556f9fcab8b0 <unknown>\n#2 0x556f9fcfcb99 <unknown>\n#3 0x556f9fcfcd21 <unknown>\n#4 0x556f9fd4b854 <unknown>\n#5 0x556f9fd229ad <unknown>\n#6 0x556f9fd48b8b <unknown>\n#7 0x556f9fd22753 <unknown>\n#8 0x556f9fcee38e <unknown>\n#9 0x556f9fcefb51 <unknown>\n#10 0x556fa01ad76b <unknown>\n#11 0x556fa01b16f2 <unknown>\n#12 0x556fa01998fc <unknown>\n#13 0x556fa01b22e4 <unknown>\n#14 0x556fa017d9cf <unknown>\n#15 0x556fa01d2cd8 <unknown>\n#16 0x556fa01d2eb6 <unknown>\n#17 0x556fa01e2f16 <unknown>\n#18 0x7f995689caa4 <unknown>\n#19 0x7f9956929c3c <unknown>\n\n","statusTrace":"  File \"/opt/hostedtoolcache/Python/3.13.2/x64/lib/python3.13/site-packages/allure_commons/_allure.py\", line 192, in impl\n    return func(*a, **kw)\n  File \"/home/runner/work/eim-map-test/eim-map-test/SLP/ui/PageObjects/SLPMain/slp_main.py\", line 63, in impl_wait_metadata\n    ListComponent(self.driver).get_map_filed(IMPLIS_WAIT_MAP)\n    ~~~~~~~~~~~~~~~~~~~~~~~~~~~~~~~~~~~~~~~~^^^^^^^^^^^^^^^^^\n  File \"/home/runner/work/eim-map-test/eim-map-test/SLP/ui/PageObjects/SLPMain/listing_component.py\", line 46, in get_map_filed\n    return self.node.find_element(*xpath)\n           ~~~~~~~~~~~~~~~~~~~~~~^^^^^^^^\n  File \"/opt/hostedtoolcache/Python/3.13.2/x64/lib/python3.13/site-packages/selenium/webdriver/remote/webdriver.py\", line 770, in find_element\n    return self.execute(Command.FIND_ELEMENT, {\"using\": by, \"value\": value})[\"value\"]\n           ~~~~~~~~~~~~^^^^^^^^^^^^^^^^^^^^^^^^^^^^^^^^^^^^^^^^^^^^^^^^^^^^^\n  File \"/opt/hostedtoolcache/Python/3.13.2/x64/lib/python3.13/site-packages/selenium/webdriver/remote/webdriver.py\", line 384, in execute\n    self.error_handler.check_response(response)\n    ~~~~~~~~~~~~~~~~~~~~~~~~~~~~~~~~~^^^^^^^^^^\n  File \"/opt/hostedtoolcache/Python/3.13.2/x64/lib/python3.13/site-packages/selenium/webdriver/remote/errorhandler.py\", line 232, in check_response\n    raise exception_class(message, screen, stacktrace)\n","steps":[],"attachments":[],"parameters":[],"shouldDisplayMessage":true,"stepsCount":0,"attachmentsCount":0,"hasContent":true,"attachmentStep":false},{"name":"Looks like the class PUBLICRECORDPROPERTYBUILDING is not mapped","time":{"start":1739743585204,"stop":1739743585204,"duration":0},"status":"passed","steps":[],"attachments":[],"parameters":[],"shouldDisplayMessage":false,"stepsCount":0,"attachmentsCount":0,"hasContent":false,"attachmentStep":false},{"name":"Select main metadata","time":{"start":1739743585204,"stop":1739743585342,"duration":138},"status":"passed","steps":[],"attachments":[],"parameters":[{"name":"metadata","value":"8"}],"shouldDisplayMessage":false,"stepsCount":0,"attachmentsCount":0,"hasContent":true,"attachmentStep":false},{"name":"Implicit wait metadata","time":{"start":1739743585370,"stop":1739743595383,"duration":10013},"status":"broken","statusMessage":"selenium.common.exceptions.NoSuchElementException: Message: no such element: Unable to locate element: {\"method\":\"css selector\",\"selector\":\"#listing_mapper_list_category__0\"}\n  (Session info: chrome=133.0.6943.98); For documentation on this error, please visit: https://www.selenium.dev/documentation/webdriver/troubleshooting/errors#no-such-element-exception\nStacktrace:\n#0 0x556fa01e409a <unknown>\n#1 0x556f9fcab8b0 <unknown>\n#2 0x556f9fcfcb99 <unknown>\n#3 0x556f9fcfcd21 <unknown>\n#4 0x556f9fd4b854 <unknown>\n#5 0x556f9fd229ad <unknown>\n#6 0x556f9fd48b8b <unknown>\n#7 0x556f9fd22753 <unknown>\n#8 0x556f9fcee38e <unknown>\n#9 0x556f9fcefb51 <unknown>\n#10 0x556fa01ad76b <unknown>\n#11 0x556fa01b16f2 <unknown>\n#12 0x556fa01998fc <unknown>\n#13 0x556fa01b22e4 <unknown>\n#14 0x556fa017d9cf <unknown>\n#15 0x556fa01d2cd8 <unknown>\n#16 0x556fa01d2eb6 <unknown>\n#17 0x556fa01e2f16 <unknown>\n#18 0x7f995689caa4 <unknown>\n#19 0x7f9956929c3c <unknown>\n\n","statusTrace":"  File \"/opt/hostedtoolcache/Python/3.13.2/x64/lib/python3.13/site-packages/allure_commons/_allure.py\", line 192, in impl\n    return func(*a, **kw)\n  File \"/home/runner/work/eim-map-test/eim-map-test/SLP/ui/PageObjects/SLPMain/slp_main.py\", line 63, in impl_wait_metadata\n    ListComponent(self.driver).get_map_filed(IMPLIS_WAIT_MAP)\n    ~~~~~~~~~~~~~~~~~~~~~~~~~~~~~~~~~~~~~~~~^^^^^^^^^^^^^^^^^\n  File \"/home/runner/work/eim-map-test/eim-map-test/SLP/ui/PageObjects/SLPMain/listing_component.py\", line 46, in get_map_filed\n    return self.node.find_element(*xpath)\n           ~~~~~~~~~~~~~~~~~~~~~~^^^^^^^^\n  File \"/opt/hostedtoolcache/Python/3.13.2/x64/lib/python3.13/site-packages/selenium/webdriver/remote/webdriver.py\", line 770, in find_element\n    return self.execute(Command.FIND_ELEMENT, {\"using\": by, \"value\": value})[\"value\"]\n           ~~~~~~~~~~~~^^^^^^^^^^^^^^^^^^^^^^^^^^^^^^^^^^^^^^^^^^^^^^^^^^^^^\n  File \"/opt/hostedtoolcache/Python/3.13.2/x64/lib/python3.13/site-packages/selenium/webdriver/remote/webdriver.py\", line 384, in execute\n    self.error_handler.check_response(response)\n    ~~~~~~~~~~~~~~~~~~~~~~~~~~~~~~~~~^^^^^^^^^^\n  File \"/opt/hostedtoolcache/Python/3.13.2/x64/lib/python3.13/site-packages/selenium/webdriver/remote/errorhandler.py\", line 232, in check_response\n    raise exception_class(message, screen, stacktrace)\n","steps":[],"attachments":[],"parameters":[],"shouldDisplayMessage":true,"stepsCount":0,"attachmentsCount":0,"hasContent":true,"attachmentStep":false},{"name":"Looks like the class PUBLICRECORDPROPERTYLASTMARKETSALE is not mapped","time":{"start":1739743595384,"stop":1739743595384,"duration":0},"status":"passed","steps":[],"attachments":[],"parameters":[],"shouldDisplayMessage":false,"stepsCount":0,"attachmentsCount":0,"hasContent":false,"attachmentStep":false},{"name":"Select main metadata","time":{"start":1739743595384,"stop":1739743595515,"duration":131},"status":"passed","steps":[],"attachments":[],"parameters":[{"name":"metadata","value":"9"}],"shouldDisplayMessage":false,"stepsCount":0,"attachmentsCount":0,"hasContent":true,"attachmentStep":false},{"name":"Implicit wait metadata","time":{"start":1739743595537,"stop":1739743605575,"duration":10038},"status":"broken","statusMessage":"selenium.common.exceptions.NoSuchElementException: Message: no such element: Unable to locate element: {\"method\":\"css selector\",\"selector\":\"#listing_mapper_list_category__0\"}\n  (Session info: chrome=133.0.6943.98); For documentation on this error, please visit: https://www.selenium.dev/documentation/webdriver/troubleshooting/errors#no-such-element-exception\nStacktrace:\n#0 0x556fa01e409a <unknown>\n#1 0x556f9fcab8b0 <unknown>\n#2 0x556f9fcfcb99 <unknown>\n#3 0x556f9fcfcd21 <unknown>\n#4 0x556f9fd4b854 <unknown>\n#5 0x556f9fd229ad <unknown>\n#6 0x556f9fd48b8b <unknown>\n#7 0x556f9fd22753 <unknown>\n#8 0x556f9fcee38e <unknown>\n#9 0x556f9fcefb51 <unknown>\n#10 0x556fa01ad76b <unknown>\n#11 0x556fa01b16f2 <unknown>\n#12 0x556fa01998fc <unknown>\n#13 0x556fa01b22e4 <unknown>\n#14 0x556fa017d9cf <unknown>\n#15 0x556fa01d2cd8 <unknown>\n#16 0x556fa01d2eb6 <unknown>\n#17 0x556fa01e2f16 <unknown>\n#18 0x7f995689caa4 <unknown>\n#19 0x7f9956929c3c <unknown>\n\n","statusTrace":"  File \"/opt/hostedtoolcache/Python/3.13.2/x64/lib/python3.13/site-packages/allure_commons/_allure.py\", line 192, in impl\n    return func(*a, **kw)\n  File \"/home/runner/work/eim-map-test/eim-map-test/SLP/ui/PageObjects/SLPMain/slp_main.py\", line 63, in impl_wait_metadata\n    ListComponent(self.driver).get_map_filed(IMPLIS_WAIT_MAP)\n    ~~~~~~~~~~~~~~~~~~~~~~~~~~~~~~~~~~~~~~~~^^^^^^^^^^^^^^^^^\n  File \"/home/runner/work/eim-map-test/eim-map-test/SLP/ui/PageObjects/SLPMain/listing_component.py\", line 46, in get_map_filed\n    return self.node.find_element(*xpath)\n           ~~~~~~~~~~~~~~~~~~~~~~^^^^^^^^\n  File \"/opt/hostedtoolcache/Python/3.13.2/x64/lib/python3.13/site-packages/selenium/webdriver/remote/webdriver.py\", line 770, in find_element\n    return self.execute(Command.FIND_ELEMENT, {\"using\": by, \"value\": value})[\"value\"]\n           ~~~~~~~~~~~~^^^^^^^^^^^^^^^^^^^^^^^^^^^^^^^^^^^^^^^^^^^^^^^^^^^^^\n  File \"/opt/hostedtoolcache/Python/3.13.2/x64/lib/python3.13/site-packages/selenium/webdriver/remote/webdriver.py\", line 384, in execute\n    self.error_handler.check_response(response)\n    ~~~~~~~~~~~~~~~~~~~~~~~~~~~~~~~~~^^^^^^^^^^\n  File \"/opt/hostedtoolcache/Python/3.13.2/x64/lib/python3.13/site-packages/selenium/webdriver/remote/errorhandler.py\", line 232, in check_response\n    raise exception_class(message, screen, stacktrace)\n","steps":[],"attachments":[],"parameters":[],"shouldDisplayMessage":true,"stepsCount":0,"attachmentsCount":0,"hasContent":true,"attachmentStep":false},{"name":"Looks like the class PUBLICRECORDPROPERTYLOCATION is not mapped","time":{"start":1739743605576,"stop":1739743605576,"duration":0},"status":"passed","steps":[],"attachments":[],"parameters":[],"shouldDisplayMessage":false,"stepsCount":0,"attachmentsCount":0,"hasContent":false,"attachmentStep":false},{"name":"Select main metadata","time":{"start":1739743605576,"stop":1739743605709,"duration":133},"status":"passed","steps":[],"attachments":[],"parameters":[{"name":"metadata","value":"10"}],"shouldDisplayMessage":false,"stepsCount":0,"attachmentsCount":0,"hasContent":true,"attachmentStep":false},{"name":"Implicit wait metadata","time":{"start":1739743605731,"stop":1739743615767,"duration":10036},"status":"broken","statusMessage":"selenium.common.exceptions.NoSuchElementException: Message: no such element: Unable to locate element: {\"method\":\"css selector\",\"selector\":\"#listing_mapper_list_category__0\"}\n  (Session info: chrome=133.0.6943.98); For documentation on this error, please visit: https://www.selenium.dev/documentation/webdriver/troubleshooting/errors#no-such-element-exception\nStacktrace:\n#0 0x556fa01e409a <unknown>\n#1 0x556f9fcab8b0 <unknown>\n#2 0x556f9fcfcb99 <unknown>\n#3 0x556f9fcfcd21 <unknown>\n#4 0x556f9fd4b854 <unknown>\n#5 0x556f9fd229ad <unknown>\n#6 0x556f9fd48b8b <unknown>\n#7 0x556f9fd22753 <unknown>\n#8 0x556f9fcee38e <unknown>\n#9 0x556f9fcefb51 <unknown>\n#10 0x556fa01ad76b <unknown>\n#11 0x556fa01b16f2 <unknown>\n#12 0x556fa01998fc <unknown>\n#13 0x556fa01b22e4 <unknown>\n#14 0x556fa017d9cf <unknown>\n#15 0x556fa01d2cd8 <unknown>\n#16 0x556fa01d2eb6 <unknown>\n#17 0x556fa01e2f16 <unknown>\n#18 0x7f995689caa4 <unknown>\n#19 0x7f9956929c3c <unknown>\n\n","statusTrace":"  File \"/opt/hostedtoolcache/Python/3.13.2/x64/lib/python3.13/site-packages/allure_commons/_allure.py\", line 192, in impl\n    return func(*a, **kw)\n  File \"/home/runner/work/eim-map-test/eim-map-test/SLP/ui/PageObjects/SLPMain/slp_main.py\", line 63, in impl_wait_metadata\n    ListComponent(self.driver).get_map_filed(IMPLIS_WAIT_MAP)\n    ~~~~~~~~~~~~~~~~~~~~~~~~~~~~~~~~~~~~~~~~^^^^^^^^^^^^^^^^^\n  File \"/home/runner/work/eim-map-test/eim-map-test/SLP/ui/PageObjects/SLPMain/listing_component.py\", line 46, in get_map_filed\n    return self.node.find_element(*xpath)\n           ~~~~~~~~~~~~~~~~~~~~~~^^^^^^^^\n  File \"/opt/hostedtoolcache/Python/3.13.2/x64/lib/python3.13/site-packages/selenium/webdriver/remote/webdriver.py\", line 770, in find_element\n    return self.execute(Command.FIND_ELEMENT, {\"using\": by, \"value\": value})[\"value\"]\n           ~~~~~~~~~~~~^^^^^^^^^^^^^^^^^^^^^^^^^^^^^^^^^^^^^^^^^^^^^^^^^^^^^\n  File \"/opt/hostedtoolcache/Python/3.13.2/x64/lib/python3.13/site-packages/selenium/webdriver/remote/webdriver.py\", line 384, in execute\n    self.error_handler.check_response(response)\n    ~~~~~~~~~~~~~~~~~~~~~~~~~~~~~~~~~^^^^^^^^^^\n  File \"/opt/hostedtoolcache/Python/3.13.2/x64/lib/python3.13/site-packages/selenium/webdriver/remote/errorhandler.py\", line 232, in check_response\n    raise exception_class(message, screen, stacktrace)\n","steps":[],"attachments":[],"parameters":[],"shouldDisplayMessage":true,"stepsCount":0,"attachmentsCount":0,"hasContent":true,"attachmentStep":false},{"name":"Looks like the class PUBLICRECORDPROPERTYOWNERSHIP is not mapped","time":{"start":1739743615768,"stop":1739743615768,"duration":0},"status":"passed","steps":[],"attachments":[],"parameters":[],"shouldDisplayMessage":false,"stepsCount":0,"attachmentsCount":0,"hasContent":false,"attachmentStep":false},{"name":"Select main metadata","time":{"start":1739743615768,"stop":1739743615905,"duration":137},"status":"passed","steps":[],"attachments":[],"parameters":[{"name":"metadata","value":"11"}],"shouldDisplayMessage":false,"stepsCount":0,"attachmentsCount":0,"hasContent":true,"attachmentStep":false},{"name":"Implicit wait metadata","time":{"start":1739743615925,"stop":1739743625986,"duration":10061},"status":"broken","statusMessage":"selenium.common.exceptions.NoSuchElementException: Message: no such element: Unable to locate element: {\"method\":\"css selector\",\"selector\":\"#listing_mapper_list_category__0\"}\n  (Session info: chrome=133.0.6943.98); For documentation on this error, please visit: https://www.selenium.dev/documentation/webdriver/troubleshooting/errors#no-such-element-exception\nStacktrace:\n#0 0x556fa01e409a <unknown>\n#1 0x556f9fcab8b0 <unknown>\n#2 0x556f9fcfcb99 <unknown>\n#3 0x556f9fcfcd21 <unknown>\n#4 0x556f9fd4b854 <unknown>\n#5 0x556f9fd229ad <unknown>\n#6 0x556f9fd48b8b <unknown>\n#7 0x556f9fd22753 <unknown>\n#8 0x556f9fcee38e <unknown>\n#9 0x556f9fcefb51 <unknown>\n#10 0x556fa01ad76b <unknown>\n#11 0x556fa01b16f2 <unknown>\n#12 0x556fa01998fc <unknown>\n#13 0x556fa01b22e4 <unknown>\n#14 0x556fa017d9cf <unknown>\n#15 0x556fa01d2cd8 <unknown>\n#16 0x556fa01d2eb6 <unknown>\n#17 0x556fa01e2f16 <unknown>\n#18 0x7f995689caa4 <unknown>\n#19 0x7f9956929c3c <unknown>\n\n","statusTrace":"  File \"/opt/hostedtoolcache/Python/3.13.2/x64/lib/python3.13/site-packages/allure_commons/_allure.py\", line 192, in impl\n    return func(*a, **kw)\n  File \"/home/runner/work/eim-map-test/eim-map-test/SLP/ui/PageObjects/SLPMain/slp_main.py\", line 63, in impl_wait_metadata\n    ListComponent(self.driver).get_map_filed(IMPLIS_WAIT_MAP)\n    ~~~~~~~~~~~~~~~~~~~~~~~~~~~~~~~~~~~~~~~~^^^^^^^^^^^^^^^^^\n  File \"/home/runner/work/eim-map-test/eim-map-test/SLP/ui/PageObjects/SLPMain/listing_component.py\", line 46, in get_map_filed\n    return self.node.find_element(*xpath)\n           ~~~~~~~~~~~~~~~~~~~~~~^^^^^^^^\n  File \"/opt/hostedtoolcache/Python/3.13.2/x64/lib/python3.13/site-packages/selenium/webdriver/remote/webdriver.py\", line 770, in find_element\n    return self.execute(Command.FIND_ELEMENT, {\"using\": by, \"value\": value})[\"value\"]\n           ~~~~~~~~~~~~^^^^^^^^^^^^^^^^^^^^^^^^^^^^^^^^^^^^^^^^^^^^^^^^^^^^^\n  File \"/opt/hostedtoolcache/Python/3.13.2/x64/lib/python3.13/site-packages/selenium/webdriver/remote/webdriver.py\", line 384, in execute\n    self.error_handler.check_response(response)\n    ~~~~~~~~~~~~~~~~~~~~~~~~~~~~~~~~~^^^^^^^^^^\n  File \"/opt/hostedtoolcache/Python/3.13.2/x64/lib/python3.13/site-packages/selenium/webdriver/remote/errorhandler.py\", line 232, in check_response\n    raise exception_class(message, screen, stacktrace)\n","steps":[],"attachments":[],"parameters":[],"shouldDisplayMessage":true,"stepsCount":0,"attachmentsCount":0,"hasContent":true,"attachmentStep":false},{"name":"Looks like the class PUBLICRECORDPROPERTYOWNERSHIPTRANSFER is not mapped","time":{"start":1739743625987,"stop":1739743625987,"duration":0},"status":"passed","steps":[],"attachments":[],"parameters":[],"shouldDisplayMessage":false,"stepsCount":0,"attachmentsCount":0,"hasContent":false,"attachmentStep":false},{"name":"Select main metadata","time":{"start":1739743625987,"stop":1739743626127,"duration":140},"status":"passed","steps":[],"attachments":[],"parameters":[{"name":"metadata","value":"12"}],"shouldDisplayMessage":false,"stepsCount":0,"attachmentsCount":0,"hasContent":true,"attachmentStep":false},{"name":"Implicit wait metadata","time":{"start":1739743626149,"stop":1739743636173,"duration":10024},"status":"broken","statusMessage":"selenium.common.exceptions.NoSuchElementException: Message: no such element: Unable to locate element: {\"method\":\"css selector\",\"selector\":\"#listing_mapper_list_category__0\"}\n  (Session info: chrome=133.0.6943.98); For documentation on this error, please visit: https://www.selenium.dev/documentation/webdriver/troubleshooting/errors#no-such-element-exception\nStacktrace:\n#0 0x556fa01e409a <unknown>\n#1 0x556f9fcab8b0 <unknown>\n#2 0x556f9fcfcb99 <unknown>\n#3 0x556f9fcfcd21 <unknown>\n#4 0x556f9fd4b854 <unknown>\n#5 0x556f9fd229ad <unknown>\n#6 0x556f9fd48b8b <unknown>\n#7 0x556f9fd22753 <unknown>\n#8 0x556f9fcee38e <unknown>\n#9 0x556f9fcefb51 <unknown>\n#10 0x556fa01ad76b <unknown>\n#11 0x556fa01b16f2 <unknown>\n#12 0x556fa01998fc <unknown>\n#13 0x556fa01b22e4 <unknown>\n#14 0x556fa017d9cf <unknown>\n#15 0x556fa01d2cd8 <unknown>\n#16 0x556fa01d2eb6 <unknown>\n#17 0x556fa01e2f16 <unknown>\n#18 0x7f995689caa4 <unknown>\n#19 0x7f9956929c3c <unknown>\n\n","statusTrace":"  File \"/opt/hostedtoolcache/Python/3.13.2/x64/lib/python3.13/site-packages/allure_commons/_allure.py\", line 192, in impl\n    return func(*a, **kw)\n  File \"/home/runner/work/eim-map-test/eim-map-test/SLP/ui/PageObjects/SLPMain/slp_main.py\", line 63, in impl_wait_metadata\n    ListComponent(self.driver).get_map_filed(IMPLIS_WAIT_MAP)\n    ~~~~~~~~~~~~~~~~~~~~~~~~~~~~~~~~~~~~~~~~^^^^^^^^^^^^^^^^^\n  File \"/home/runner/work/eim-map-test/eim-map-test/SLP/ui/PageObjects/SLPMain/listing_component.py\", line 46, in get_map_filed\n    return self.node.find_element(*xpath)\n           ~~~~~~~~~~~~~~~~~~~~~~^^^^^^^^\n  File \"/opt/hostedtoolcache/Python/3.13.2/x64/lib/python3.13/site-packages/selenium/webdriver/remote/webdriver.py\", line 770, in find_element\n    return self.execute(Command.FIND_ELEMENT, {\"using\": by, \"value\": value})[\"value\"]\n           ~~~~~~~~~~~~^^^^^^^^^^^^^^^^^^^^^^^^^^^^^^^^^^^^^^^^^^^^^^^^^^^^^\n  File \"/opt/hostedtoolcache/Python/3.13.2/x64/lib/python3.13/site-packages/selenium/webdriver/remote/webdriver.py\", line 384, in execute\n    self.error_handler.check_response(response)\n    ~~~~~~~~~~~~~~~~~~~~~~~~~~~~~~~~~^^^^^^^^^^\n  File \"/opt/hostedtoolcache/Python/3.13.2/x64/lib/python3.13/site-packages/selenium/webdriver/remote/errorhandler.py\", line 232, in check_response\n    raise exception_class(message, screen, stacktrace)\n","steps":[],"attachments":[],"parameters":[],"shouldDisplayMessage":true,"stepsCount":0,"attachmentsCount":0,"hasContent":true,"attachmentStep":false},{"name":"Looks like the class PUBLICRECORDPROPERTYPRIORSALE is not mapped","time":{"start":1739743636174,"stop":1739743636174,"duration":0},"status":"passed","steps":[],"attachments":[],"parameters":[],"shouldDisplayMessage":false,"stepsCount":0,"attachmentsCount":0,"hasContent":false,"attachmentStep":false},{"name":"Select main metadata","time":{"start":1739743636174,"stop":1739743636316,"duration":142},"status":"passed","steps":[],"attachments":[],"parameters":[{"name":"metadata","value":"13"}],"shouldDisplayMessage":false,"stepsCount":0,"attachmentsCount":0,"hasContent":true,"attachmentStep":false},{"name":"Implicit wait metadata","time":{"start":1739743636339,"stop":1739743646366,"duration":10027},"status":"broken","statusMessage":"selenium.common.exceptions.NoSuchElementException: Message: no such element: Unable to locate element: {\"method\":\"css selector\",\"selector\":\"#listing_mapper_list_category__0\"}\n  (Session info: chrome=133.0.6943.98); For documentation on this error, please visit: https://www.selenium.dev/documentation/webdriver/troubleshooting/errors#no-such-element-exception\nStacktrace:\n#0 0x556fa01e409a <unknown>\n#1 0x556f9fcab8b0 <unknown>\n#2 0x556f9fcfcb99 <unknown>\n#3 0x556f9fcfcd21 <unknown>\n#4 0x556f9fd4b854 <unknown>\n#5 0x556f9fd229ad <unknown>\n#6 0x556f9fd48b8b <unknown>\n#7 0x556f9fd22753 <unknown>\n#8 0x556f9fcee38e <unknown>\n#9 0x556f9fcefb51 <unknown>\n#10 0x556fa01ad76b <unknown>\n#11 0x556fa01b16f2 <unknown>\n#12 0x556fa01998fc <unknown>\n#13 0x556fa01b22e4 <unknown>\n#14 0x556fa017d9cf <unknown>\n#15 0x556fa01d2cd8 <unknown>\n#16 0x556fa01d2eb6 <unknown>\n#17 0x556fa01e2f16 <unknown>\n#18 0x7f995689caa4 <unknown>\n#19 0x7f9956929c3c <unknown>\n\n","statusTrace":"  File \"/opt/hostedtoolcache/Python/3.13.2/x64/lib/python3.13/site-packages/allure_commons/_allure.py\", line 192, in impl\n    return func(*a, **kw)\n  File \"/home/runner/work/eim-map-test/eim-map-test/SLP/ui/PageObjects/SLPMain/slp_main.py\", line 63, in impl_wait_metadata\n    ListComponent(self.driver).get_map_filed(IMPLIS_WAIT_MAP)\n    ~~~~~~~~~~~~~~~~~~~~~~~~~~~~~~~~~~~~~~~~^^^^^^^^^^^^^^^^^\n  File \"/home/runner/work/eim-map-test/eim-map-test/SLP/ui/PageObjects/SLPMain/listing_component.py\", line 46, in get_map_filed\n    return self.node.find_element(*xpath)\n           ~~~~~~~~~~~~~~~~~~~~~~^^^^^^^^\n  File \"/opt/hostedtoolcache/Python/3.13.2/x64/lib/python3.13/site-packages/selenium/webdriver/remote/webdriver.py\", line 770, in find_element\n    return self.execute(Command.FIND_ELEMENT, {\"using\": by, \"value\": value})[\"value\"]\n           ~~~~~~~~~~~~^^^^^^^^^^^^^^^^^^^^^^^^^^^^^^^^^^^^^^^^^^^^^^^^^^^^^\n  File \"/opt/hostedtoolcache/Python/3.13.2/x64/lib/python3.13/site-packages/selenium/webdriver/remote/webdriver.py\", line 384, in execute\n    self.error_handler.check_response(response)\n    ~~~~~~~~~~~~~~~~~~~~~~~~~~~~~~~~~^^^^^^^^^^\n  File \"/opt/hostedtoolcache/Python/3.13.2/x64/lib/python3.13/site-packages/selenium/webdriver/remote/errorhandler.py\", line 232, in check_response\n    raise exception_class(message, screen, stacktrace)\n","steps":[],"attachments":[],"parameters":[],"shouldDisplayMessage":true,"stepsCount":0,"attachmentsCount":0,"hasContent":true,"attachmentStep":false},{"name":"Looks like the class PUBLICRECORDPROPERTYSEARCH is not mapped","time":{"start":1739743646367,"stop":1739743646367,"duration":0},"status":"passed","steps":[],"attachments":[],"parameters":[],"shouldDisplayMessage":false,"stepsCount":0,"attachmentsCount":0,"hasContent":false,"attachmentStep":false},{"name":"Select main metadata","time":{"start":1739743646367,"stop":1739743646516,"duration":149},"status":"passed","steps":[],"attachments":[],"parameters":[{"name":"metadata","value":"14"}],"shouldDisplayMessage":false,"stepsCount":0,"attachmentsCount":0,"hasContent":true,"attachmentStep":false},{"name":"Implicit wait metadata","time":{"start":1739743646538,"stop":1739743656565,"duration":10027},"status":"broken","statusMessage":"selenium.common.exceptions.NoSuchElementException: Message: no such element: Unable to locate element: {\"method\":\"css selector\",\"selector\":\"#listing_mapper_list_category__0\"}\n  (Session info: chrome=133.0.6943.98); For documentation on this error, please visit: https://www.selenium.dev/documentation/webdriver/troubleshooting/errors#no-such-element-exception\nStacktrace:\n#0 0x556fa01e409a <unknown>\n#1 0x556f9fcab8b0 <unknown>\n#2 0x556f9fcfcb99 <unknown>\n#3 0x556f9fcfcd21 <unknown>\n#4 0x556f9fd4b854 <unknown>\n#5 0x556f9fd229ad <unknown>\n#6 0x556f9fd48b8b <unknown>\n#7 0x556f9fd22753 <unknown>\n#8 0x556f9fcee38e <unknown>\n#9 0x556f9fcefb51 <unknown>\n#10 0x556fa01ad76b <unknown>\n#11 0x556fa01b16f2 <unknown>\n#12 0x556fa01998fc <unknown>\n#13 0x556fa01b22e4 <unknown>\n#14 0x556fa017d9cf <unknown>\n#15 0x556fa01d2cd8 <unknown>\n#16 0x556fa01d2eb6 <unknown>\n#17 0x556fa01e2f16 <unknown>\n#18 0x7f995689caa4 <unknown>\n#19 0x7f9956929c3c <unknown>\n\n","statusTrace":"  File \"/opt/hostedtoolcache/Python/3.13.2/x64/lib/python3.13/site-packages/allure_commons/_allure.py\", line 192, in impl\n    return func(*a, **kw)\n  File \"/home/runner/work/eim-map-test/eim-map-test/SLP/ui/PageObjects/SLPMain/slp_main.py\", line 63, in impl_wait_metadata\n    ListComponent(self.driver).get_map_filed(IMPLIS_WAIT_MAP)\n    ~~~~~~~~~~~~~~~~~~~~~~~~~~~~~~~~~~~~~~~~^^^^^^^^^^^^^^^^^\n  File \"/home/runner/work/eim-map-test/eim-map-test/SLP/ui/PageObjects/SLPMain/listing_component.py\", line 46, in get_map_filed\n    return self.node.find_element(*xpath)\n           ~~~~~~~~~~~~~~~~~~~~~~^^^^^^^^\n  File \"/opt/hostedtoolcache/Python/3.13.2/x64/lib/python3.13/site-packages/selenium/webdriver/remote/webdriver.py\", line 770, in find_element\n    return self.execute(Command.FIND_ELEMENT, {\"using\": by, \"value\": value})[\"value\"]\n           ~~~~~~~~~~~~^^^^^^^^^^^^^^^^^^^^^^^^^^^^^^^^^^^^^^^^^^^^^^^^^^^^^\n  File \"/opt/hostedtoolcache/Python/3.13.2/x64/lib/python3.13/site-packages/selenium/webdriver/remote/webdriver.py\", line 384, in execute\n    self.error_handler.check_response(response)\n    ~~~~~~~~~~~~~~~~~~~~~~~~~~~~~~~~~^^^^^^^^^^\n  File \"/opt/hostedtoolcache/Python/3.13.2/x64/lib/python3.13/site-packages/selenium/webdriver/remote/errorhandler.py\", line 232, in check_response\n    raise exception_class(message, screen, stacktrace)\n","steps":[],"attachments":[],"parameters":[],"shouldDisplayMessage":true,"stepsCount":0,"attachmentsCount":0,"hasContent":true,"attachmentStep":false},{"name":"Looks like the class PUBLICRECORDPROPERTYSITE is not mapped","time":{"start":1739743656566,"stop":1739743656566,"duration":0},"status":"passed","steps":[],"attachments":[],"parameters":[],"shouldDisplayMessage":false,"stepsCount":0,"attachmentsCount":0,"hasContent":false,"attachmentStep":false},{"name":"Select main metadata","time":{"start":1739743656567,"stop":1739743656729,"duration":162},"status":"passed","steps":[],"attachments":[],"parameters":[{"name":"metadata","value":"15"}],"shouldDisplayMessage":false,"stepsCount":0,"attachmentsCount":0,"hasContent":true,"attachmentStep":false},{"name":"Implicit wait metadata","time":{"start":1739743656750,"stop":1739743666771,"duration":10021},"status":"broken","statusMessage":"selenium.common.exceptions.NoSuchElementException: Message: no such element: Unable to locate element: {\"method\":\"css selector\",\"selector\":\"#listing_mapper_list_category__0\"}\n  (Session info: chrome=133.0.6943.98); For documentation on this error, please visit: https://www.selenium.dev/documentation/webdriver/troubleshooting/errors#no-such-element-exception\nStacktrace:\n#0 0x556fa01e409a <unknown>\n#1 0x556f9fcab8b0 <unknown>\n#2 0x556f9fcfcb99 <unknown>\n#3 0x556f9fcfcd21 <unknown>\n#4 0x556f9fd4b854 <unknown>\n#5 0x556f9fd229ad <unknown>\n#6 0x556f9fd48b8b <unknown>\n#7 0x556f9fd22753 <unknown>\n#8 0x556f9fcee38e <unknown>\n#9 0x556f9fcefb51 <unknown>\n#10 0x556fa01ad76b <unknown>\n#11 0x556fa01b16f2 <unknown>\n#12 0x556fa01998fc <unknown>\n#13 0x556fa01b22e4 <unknown>\n#14 0x556fa017d9cf <unknown>\n#15 0x556fa01d2cd8 <unknown>\n#16 0x556fa01d2eb6 <unknown>\n#17 0x556fa01e2f16 <unknown>\n#18 0x7f995689caa4 <unknown>\n#19 0x7f9956929c3c <unknown>\n\n","statusTrace":"  File \"/opt/hostedtoolcache/Python/3.13.2/x64/lib/python3.13/site-packages/allure_commons/_allure.py\", line 192, in impl\n    return func(*a, **kw)\n  File \"/home/runner/work/eim-map-test/eim-map-test/SLP/ui/PageObjects/SLPMain/slp_main.py\", line 63, in impl_wait_metadata\n    ListComponent(self.driver).get_map_filed(IMPLIS_WAIT_MAP)\n    ~~~~~~~~~~~~~~~~~~~~~~~~~~~~~~~~~~~~~~~~^^^^^^^^^^^^^^^^^\n  File \"/home/runner/work/eim-map-test/eim-map-test/SLP/ui/PageObjects/SLPMain/listing_component.py\", line 46, in get_map_filed\n    return self.node.find_element(*xpath)\n           ~~~~~~~~~~~~~~~~~~~~~~^^^^^^^^\n  File \"/opt/hostedtoolcache/Python/3.13.2/x64/lib/python3.13/site-packages/selenium/webdriver/remote/webdriver.py\", line 770, in find_element\n    return self.execute(Command.FIND_ELEMENT, {\"using\": by, \"value\": value})[\"value\"]\n           ~~~~~~~~~~~~^^^^^^^^^^^^^^^^^^^^^^^^^^^^^^^^^^^^^^^^^^^^^^^^^^^^^\n  File \"/opt/hostedtoolcache/Python/3.13.2/x64/lib/python3.13/site-packages/selenium/webdriver/remote/webdriver.py\", line 384, in execute\n    self.error_handler.check_response(response)\n    ~~~~~~~~~~~~~~~~~~~~~~~~~~~~~~~~~^^^^^^^^^^\n  File \"/opt/hostedtoolcache/Python/3.13.2/x64/lib/python3.13/site-packages/selenium/webdriver/remote/errorhandler.py\", line 232, in check_response\n    raise exception_class(message, screen, stacktrace)\n","steps":[],"attachments":[],"parameters":[],"shouldDisplayMessage":true,"stepsCount":0,"attachmentsCount":0,"hasContent":true,"attachmentStep":false},{"name":"Looks like the class PUBLICRECORDPROPERTYTAXASSESSMENT is not mapped","time":{"start":1739743666772,"stop":1739743666772,"duration":0},"status":"passed","steps":[],"attachments":[],"parameters":[],"shouldDisplayMessage":false,"stepsCount":0,"attachmentsCount":0,"hasContent":false,"attachmentStep":false}],"attachments":[],"parameters":[],"shouldDisplayMessage":true,"stepsCount":48,"attachmentsCount":0,"hasContent":true,"attachmentStep":false},"afterStages":[{"name":"_unittest_setUpClass_fixture_TestPromotionChecklist::0","time":{"start":1739748083629,"stop":1739748083629,"duration":0},"status":"passed","steps":[],"attachments":[],"parameters":[],"shouldDisplayMessage":false,"stepsCount":0,"attachmentsCount":0,"hasContent":false,"attachmentStep":false}],"labels":[{"name":"tag","value":"@pytest.mark.filterwarnings('ignore::DeprecationWarning')"},{"name":"parentSuite","value":"tests"},{"name":"suite","value":"test_checklist"},{"name":"subSuite","value":"TestPromotionChecklist"},{"name":"host","value":"fv-az1718-879"},{"name":"thread","value":"3355-MainThread"},{"name":"framework","value":"pytest"},{"name":"language","value":"cpython3"},{"name":"package","value":"tests.test_checklist"},{"name":"resultFormat","value":"allure2"}],"parameters":[],"links":[],"hidden":false,"retry":false,"extra":{"severity":"normal","retries":[],"categories":[{"name":"Product defects","matchedStatuses":[],"flaky":false}],"tags":["@pytest.mark.filterwarnings('ignore::DeprecationWarning')"]},"source":"467f7b88b783601e.json","parameterValues":[]}