{"uid":"490db7930f22f3c5","name":"test_list_address_nullifier_const_0_40","fullName":"tests.test_checklist.TestPromotionChecklist#test_list_address_nullifier_const_0_40","historyId":"017e43fad765ffc9fa66a31d95e10f58","time":{"start":1736848461160,"stop":1736848494572,"duration":33412},"description":"No elements of list_address are nullified or set constant (except country) [with source='40']","descriptionHtml":"<p>No elements of list_address are nullified or set constant (except country) [with source='40']</p>\n","status":"broken","statusMessage":"selenium.common.exceptions.TimeoutException: Message: \nStacktrace:\n#0 0x55b8f245a8fa <unknown>\n#1 0x55b8f1f6bd20 <unknown>\n#2 0x55b8f1fbaa66 <unknown>\n#3 0x55b8f1fbad01 <unknown>\n#4 0x55b8f2000184 <unknown>\n#5 0x55b8f1fdeb1d <unknown>\n#6 0x55b8f1ffd560 <unknown>\n#7 0x55b8f1fde893 <unknown>\n#8 0x55b8f1fad30d <unknown>\n#9 0x55b8f1fae32e <unknown>\n#10 0x55b8f242700b <unknown>\n#11 0x55b8f242af97 <unknown>\n#12 0x55b8f241371c <unknown>\n#13 0x55b8f242bb17 <unknown>\n#14 0x55b8f23f86cf <unknown>\n#15 0x55b8f24496b8 <unknown>\n#16 0x55b8f2449880 <unknown>\n#17 0x55b8f2459776 <unknown>\n#18 0x7f1ed6894ac3 <unknown>","statusTrace":"a = (<tests.test_checklist.TestPromotionChecklist testMethod=test_list_address_nullifier_const_0_40>,)\nkw = {}\n\n    @wraps(func)\n    def standalone_func(*a, **kw):\n>       return func(*(a + p.args), **p.kwargs, **kw)\n\n/opt/hostedtoolcache/Python/3.12.8/x64/lib/python3.12/site-packages/parameterized/parameterized.py:620: \n_ _ _ _ _ _ _ _ _ _ _ _ _ _ _ _ _ _ _ _ _ _ _ _ _ _ _ _ _ _ _ _ _ _ _ _ _ _ _ _ \ntests/test_checklist.py:57: in test_list_address_nullifier_const\n    WebDriverWait(self.driver, 30).until(EC.element_to_be_clickable(SOURCE_ID))\n_ _ _ _ _ _ _ _ _ _ _ _ _ _ _ _ _ _ _ _ _ _ _ _ _ _ _ _ _ _ _ _ _ _ _ _ _ _ _ _ \n\nself = <selenium.webdriver.support.wait.WebDriverWait (session=\"a51f6355b9ce94582c993e2b3d5bade9\")>\nmethod = <function element_to_be_clickable.<locals>._predicate at 0x7f3fcff9a980>\nmessage = ''\n\n    def until(self, method: Callable[[D], Union[Literal[False], T]], message: str = \"\") -> T:\n        \"\"\"Calls the method provided with the driver as an argument until the \\\n        return value does not evaluate to ``False``.\n    \n        :param method: callable(WebDriver)\n        :param message: optional message for :exc:`TimeoutException`\n        :returns: the result of the last call to `method`\n        :raises: :exc:`selenium.common.exceptions.TimeoutException` if timeout occurs\n        \"\"\"\n        screen = None\n        stacktrace = None\n    \n        end_time = time.monotonic() + self._timeout\n        while True:\n            try:\n                value = method(self._driver)\n                if value:\n                    return value\n            except self._ignored_exceptions as exc:\n                screen = getattr(exc, \"screen\", None)\n                stacktrace = getattr(exc, \"stacktrace\", None)\n            if time.monotonic() > end_time:\n                break\n            time.sleep(self._poll)\n>       raise TimeoutException(message, screen, stacktrace)\nE       selenium.common.exceptions.TimeoutException: Message: \nE       Stacktrace:\nE       #0 0x55b8f245a8fa <unknown>\nE       #1 0x55b8f1f6bd20 <unknown>\nE       #2 0x55b8f1fbaa66 <unknown>\nE       #3 0x55b8f1fbad01 <unknown>\nE       #4 0x55b8f2000184 <unknown>\nE       #5 0x55b8f1fdeb1d <unknown>\nE       #6 0x55b8f1ffd560 <unknown>\nE       #7 0x55b8f1fde893 <unknown>\nE       #8 0x55b8f1fad30d <unknown>\nE       #9 0x55b8f1fae32e <unknown>\nE       #10 0x55b8f242700b <unknown>\nE       #11 0x55b8f242af97 <unknown>\nE       #12 0x55b8f241371c <unknown>\nE       #13 0x55b8f242bb17 <unknown>\nE       #14 0x55b8f23f86cf <unknown>\nE       #15 0x55b8f24496b8 <unknown>\nE       #16 0x55b8f2449880 <unknown>\nE       #17 0x55b8f2459776 <unknown>\nE       #18 0x7f1ed6894ac3 <unknown>\n\n/opt/hostedtoolcache/Python/3.12.8/x64/lib/python3.12/site-packages/selenium/webdriver/support/wait.py:105: TimeoutException","flaky":false,"newFailed":false,"newBroken":false,"newPassed":false,"retriesCount":0,"retriesStatusChange":false,"beforeStages":[{"name":"_unittest_setUpClass_fixture_TestPromotionChecklist","time":{"start":1736848276155,"stop":1736848276155,"duration":0},"status":"passed","steps":[],"attachments":[],"parameters":[],"stepsCount":0,"shouldDisplayMessage":false,"attachmentsCount":0,"hasContent":false,"attachmentStep":false}],"afterStages":[{"name":"_unittest_setUpClass_fixture_TestPromotionChecklist::0","time":{"start":1736848745326,"stop":1736848745326,"duration":0},"status":"passed","steps":[],"attachments":[],"parameters":[],"stepsCount":0,"shouldDisplayMessage":false,"attachmentsCount":0,"hasContent":false,"attachmentStep":false}],"labels":[{"name":"tag","value":"@pytest.mark.filterwarnings('ignore::DeprecationWarning')"},{"name":"parentSuite","value":"tests"},{"name":"suite","value":"test_checklist"},{"name":"subSuite","value":"TestPromotionChecklist"},{"name":"host","value":"fv-az654-462"},{"name":"thread","value":"2826-MainThread"},{"name":"framework","value":"pytest"},{"name":"language","value":"cpython3"},{"name":"package","value":"tests.test_checklist"},{"name":"resultFormat","value":"allure2"}],"parameters":[],"links":[],"hidden":false,"retry":false,"extra":{"severity":"normal","retries":[],"categories":[{"name":"Test defects","matchedStatuses":[],"flaky":false}],"tags":["@pytest.mark.filterwarnings('ignore::DeprecationWarning')"]},"source":"490db7930f22f3c5.json","parameterValues":[]}