{"uid":"52a7271a1896f512","name":"test_year_built_11_57","fullName":"tests.test_checklist.TestPromotionChecklist#test_year_built_11_57","historyId":"d19943810cbaa90dfc5a0fefe2942096","time":{"start":1739310946338,"stop":1739310988772,"duration":42434},"status":"broken","statusMessage":"selenium.common.exceptions.TimeoutException: Message: \nStacktrace:\n#0 0x55fc156a653a <unknown>\n#1 0x55fc151a1f00 <unknown>\n#2 0x55fc151f1c0c <unknown>\n#3 0x55fc151f1e31 <unknown>\n#4 0x55fc15237bd4 <unknown>\n#5 0x55fc152165cd <unknown>\n#6 0x55fc15234f84 <unknown>\n#7 0x55fc15216343 <unknown>\n#8 0x55fc151e378a <unknown>\n#9 0x55fc151e49de <unknown>\n#10 0x55fc156702cb <unknown>\n#11 0x55fc15674242 <unknown>\n#12 0x55fc1565d7ac <unknown>\n#13 0x55fc15674df7 <unknown>\n#14 0x55fc15641b2f <unknown>\n#15 0x55fc156951a8 <unknown>\n#16 0x55fc15695370 <unknown>\n#17 0x55fc156a53b6 <unknown>\n#18 0x7fe77489ca94 <unknown>\n#19 0x7fe774929c3c <unknown>","statusTrace":"a = (<tests.test_checklist.TestPromotionChecklist testMethod=test_year_built_11_57>,)\nkw = {}\n\n    @wraps(func)\n    def standalone_func(*a, **kw):\n>       return func(*(a + p.args), **p.kwargs, **kw)\n\n/opt/hostedtoolcache/Python/3.13.1/x64/lib/python3.13/site-packages/parameterized/parameterized.py:620: \n_ _ _ _ _ _ _ _ _ _ _ _ _ _ _ _ _ _ _ _ _ _ _ _ _ _ _ _ _ _ _ _ _ _ _ _ _ _ _ _ \ntests/test_checklist.py:595: in test_year_built\n    WebDriverWait(self.driver, 30).until(EC.element_to_be_clickable(SOURCE_ID))\n_ _ _ _ _ _ _ _ _ _ _ _ _ _ _ _ _ _ _ _ _ _ _ _ _ _ _ _ _ _ _ _ _ _ _ _ _ _ _ _ \n\nself = <selenium.webdriver.support.wait.WebDriverWait (session=\"133a2880dae8a17e399032a81d49b5e9\")>\nmethod = <function element_to_be_clickable.<locals>._predicate at 0x7f6f1e244d60>\nmessage = ''\n\n    def until(self, method: Callable[[D], Union[Literal[False], T]], message: str = \"\") -> T:\n        \"\"\"Calls the method provided with the driver as an argument until the \\\n        return value does not evaluate to ``False``.\n    \n        :param method: callable(WebDriver)\n        :param message: optional message for :exc:`TimeoutException`\n        :returns: the result of the last call to `method`\n        :raises: :exc:`selenium.common.exceptions.TimeoutException` if timeout occurs\n        \"\"\"\n        screen = None\n        stacktrace = None\n    \n        end_time = time.monotonic() + self._timeout\n        while True:\n            try:\n                value = method(self._driver)\n                if value:\n                    return value\n            except self._ignored_exceptions as exc:\n                screen = getattr(exc, \"screen\", None)\n                stacktrace = getattr(exc, \"stacktrace\", None)\n            if time.monotonic() > end_time:\n                break\n            time.sleep(self._poll)\n>       raise TimeoutException(message, screen, stacktrace)\nE       selenium.common.exceptions.TimeoutException: Message: \nE       Stacktrace:\nE       #0 0x55fc156a653a <unknown>\nE       #1 0x55fc151a1f00 <unknown>\nE       #2 0x55fc151f1c0c <unknown>\nE       #3 0x55fc151f1e31 <unknown>\nE       #4 0x55fc15237bd4 <unknown>\nE       #5 0x55fc152165cd <unknown>\nE       #6 0x55fc15234f84 <unknown>\nE       #7 0x55fc15216343 <unknown>\nE       #8 0x55fc151e378a <unknown>\nE       #9 0x55fc151e49de <unknown>\nE       #10 0x55fc156702cb <unknown>\nE       #11 0x55fc15674242 <unknown>\nE       #12 0x55fc1565d7ac <unknown>\nE       #13 0x55fc15674df7 <unknown>\nE       #14 0x55fc15641b2f <unknown>\nE       #15 0x55fc156951a8 <unknown>\nE       #16 0x55fc15695370 <unknown>\nE       #17 0x55fc156a53b6 <unknown>\nE       #18 0x7fe77489ca94 <unknown>\nE       #19 0x7fe774929c3c <unknown>\n\n/opt/hostedtoolcache/Python/3.13.1/x64/lib/python3.13/site-packages/selenium/webdriver/support/wait.py:105: TimeoutException","flaky":false,"newFailed":false,"newBroken":false,"newPassed":false,"retriesCount":0,"retriesStatusChange":false,"beforeStages":[{"name":"_unittest_setUpClass_fixture_TestPromotionChecklist","time":{"start":1739295585059,"stop":1739295585059,"duration":0},"status":"passed","steps":[],"attachments":[],"parameters":[],"shouldDisplayMessage":false,"stepsCount":0,"attachmentsCount":0,"hasContent":false,"attachmentStep":false}],"testStage":{"status":"broken","statusMessage":"selenium.common.exceptions.TimeoutException: Message: \nStacktrace:\n#0 0x55fc156a653a <unknown>\n#1 0x55fc151a1f00 <unknown>\n#2 0x55fc151f1c0c <unknown>\n#3 0x55fc151f1e31 <unknown>\n#4 0x55fc15237bd4 <unknown>\n#5 0x55fc152165cd <unknown>\n#6 0x55fc15234f84 <unknown>\n#7 0x55fc15216343 <unknown>\n#8 0x55fc151e378a <unknown>\n#9 0x55fc151e49de <unknown>\n#10 0x55fc156702cb <unknown>\n#11 0x55fc15674242 <unknown>\n#12 0x55fc1565d7ac <unknown>\n#13 0x55fc15674df7 <unknown>\n#14 0x55fc15641b2f <unknown>\n#15 0x55fc156951a8 <unknown>\n#16 0x55fc15695370 <unknown>\n#17 0x55fc156a53b6 <unknown>\n#18 0x7fe77489ca94 <unknown>\n#19 0x7fe774929c3c <unknown>","statusTrace":"a = (<tests.test_checklist.TestPromotionChecklist testMethod=test_year_built_11_57>,)\nkw = {}\n\n    @wraps(func)\n    def standalone_func(*a, **kw):\n>       return func(*(a + p.args), **p.kwargs, **kw)\n\n/opt/hostedtoolcache/Python/3.13.1/x64/lib/python3.13/site-packages/parameterized/parameterized.py:620: \n_ _ _ _ _ _ _ _ _ _ _ _ _ _ _ _ _ _ _ _ _ _ _ _ _ _ _ _ _ _ _ _ _ _ _ _ _ _ _ _ \ntests/test_checklist.py:595: in test_year_built\n    WebDriverWait(self.driver, 30).until(EC.element_to_be_clickable(SOURCE_ID))\n_ _ _ _ _ _ _ _ _ _ _ _ _ _ _ _ _ _ _ _ _ _ _ _ _ _ _ _ _ _ _ _ _ _ _ _ _ _ _ _ \n\nself = <selenium.webdriver.support.wait.WebDriverWait (session=\"133a2880dae8a17e399032a81d49b5e9\")>\nmethod = <function element_to_be_clickable.<locals>._predicate at 0x7f6f1e244d60>\nmessage = ''\n\n    def until(self, method: Callable[[D], Union[Literal[False], T]], message: str = \"\") -> T:\n        \"\"\"Calls the method provided with the driver as an argument until the \\\n        return value does not evaluate to ``False``.\n    \n        :param method: callable(WebDriver)\n        :param message: optional message for :exc:`TimeoutException`\n        :returns: the result of the last call to `method`\n        :raises: :exc:`selenium.common.exceptions.TimeoutException` if timeout occurs\n        \"\"\"\n        screen = None\n        stacktrace = None\n    \n        end_time = time.monotonic() + self._timeout\n        while True:\n            try:\n                value = method(self._driver)\n                if value:\n                    return value\n            except self._ignored_exceptions as exc:\n                screen = getattr(exc, \"screen\", None)\n                stacktrace = getattr(exc, \"stacktrace\", None)\n            if time.monotonic() > end_time:\n                break\n            time.sleep(self._poll)\n>       raise TimeoutException(message, screen, stacktrace)\nE       selenium.common.exceptions.TimeoutException: Message: \nE       Stacktrace:\nE       #0 0x55fc156a653a <unknown>\nE       #1 0x55fc151a1f00 <unknown>\nE       #2 0x55fc151f1c0c <unknown>\nE       #3 0x55fc151f1e31 <unknown>\nE       #4 0x55fc15237bd4 <unknown>\nE       #5 0x55fc152165cd <unknown>\nE       #6 0x55fc15234f84 <unknown>\nE       #7 0x55fc15216343 <unknown>\nE       #8 0x55fc151e378a <unknown>\nE       #9 0x55fc151e49de <unknown>\nE       #10 0x55fc156702cb <unknown>\nE       #11 0x55fc15674242 <unknown>\nE       #12 0x55fc1565d7ac <unknown>\nE       #13 0x55fc15674df7 <unknown>\nE       #14 0x55fc15641b2f <unknown>\nE       #15 0x55fc156951a8 <unknown>\nE       #16 0x55fc15695370 <unknown>\nE       #17 0x55fc156a53b6 <unknown>\nE       #18 0x7fe77489ca94 <unknown>\nE       #19 0x7fe774929c3c <unknown>\n\n/opt/hostedtoolcache/Python/3.13.1/x64/lib/python3.13/site-packages/selenium/webdriver/support/wait.py:105: TimeoutException","steps":[],"attachments":[{"uid":"92fb215073e5499","name":"log","source":"92fb215073e5499.txt","type":"text/plain","size":360}],"parameters":[],"shouldDisplayMessage":true,"stepsCount":0,"attachmentsCount":1,"hasContent":true,"attachmentStep":false},"afterStages":[{"name":"_unittest_setUpClass_fixture_TestPromotionChecklist::0","time":{"start":1739311358746,"stop":1739311358746,"duration":0},"status":"passed","steps":[],"attachments":[],"parameters":[],"shouldDisplayMessage":false,"stepsCount":0,"attachmentsCount":0,"hasContent":false,"attachmentStep":false}],"labels":[{"name":"tag","value":"@pytest.mark.filterwarnings('ignore::DeprecationWarning')"},{"name":"parentSuite","value":"tests"},{"name":"suite","value":"test_checklist"},{"name":"subSuite","value":"TestPromotionChecklist"},{"name":"host","value":"fv-az1911-354"},{"name":"thread","value":"3426-MainThread"},{"name":"framework","value":"pytest"},{"name":"language","value":"cpython3"},{"name":"package","value":"tests.test_checklist"},{"name":"resultFormat","value":"allure2"}],"parameters":[],"links":[],"hidden":false,"retry":false,"extra":{"severity":"normal","retries":[],"categories":[{"name":"Test defects","matchedStatuses":[],"flaky":false}],"tags":["@pytest.mark.filterwarnings('ignore::DeprecationWarning')"]},"source":"52a7271a1896f512.json","parameterValues":[]}