{"uid":"58c5fa84a961138e","name":"test_list_address_nullifier_const_0_316","fullName":"tests.test_checklist.TestPromotionChecklist#test_list_address_nullifier_const_0_316","historyId":"67d3c23439e96da6637ee9afda578bd9","time":{"start":1738245056113,"stop":1738245089038,"duration":32925},"description":"No elements of list_address are nullified or set constant (except country) [with source='316']","descriptionHtml":"<p>No elements of list_address are nullified or set constant (except country) [with source='316']</p>\n","status":"broken","statusMessage":"selenium.common.exceptions.TimeoutException: Message: \nStacktrace:\n#0 0x562b6c33edca <unknown>\n#1 0x562b6be353f0 <unknown>\n#2 0x562b6be8510c <unknown>\n#3 0x562b6be85331 <unknown>\n#4 0x562b6becb154 <unknown>\n#5 0x562b6bea9abd <unknown>\n#6 0x562b6bec84b3 <unknown>\n#7 0x562b6bea9833 <unknown>\n#8 0x562b6be765a0 <unknown>\n#9 0x562b6be77ece <unknown>\n#10 0x562b6c308bdb <unknown>\n#11 0x562b6c30cb67 <unknown>\n#12 0x562b6c2f43bc <unknown>\n#13 0x562b6c30d727 <unknown>\n#14 0x562b6c2d874f <unknown>\n#15 0x562b6c32d938 <unknown>\n#16 0x562b6c32db00 <unknown>\n#17 0x562b6c33dc46 <unknown>\n#18 0x7f579e89ca94 <unknown>\n#19 0x7f579e929c3c <unknown>","statusTrace":"a = (<tests.test_checklist.TestPromotionChecklist testMethod=test_list_address_nullifier_const_0_316>,)\nkw = {}\n\n    @wraps(func)\n    def standalone_func(*a, **kw):\n>       return func(*(a + p.args), **p.kwargs, **kw)\n\n/opt/hostedtoolcache/Python/3.13.1/x64/lib/python3.13/site-packages/parameterized/parameterized.py:620: \n_ _ _ _ _ _ _ _ _ _ _ _ _ _ _ _ _ _ _ _ _ _ _ _ _ _ _ _ _ _ _ _ _ _ _ _ _ _ _ _ \ntests/test_checklist.py:57: in test_list_address_nullifier_const\n    WebDriverWait(self.driver, 30).until(EC.element_to_be_clickable(SOURCE_ID))\n_ _ _ _ _ _ _ _ _ _ _ _ _ _ _ _ _ _ _ _ _ _ _ _ _ _ _ _ _ _ _ _ _ _ _ _ _ _ _ _ \n\nself = <selenium.webdriver.support.wait.WebDriverWait (session=\"deeaf1d944a551e41fbb15f1ffc5f648\")>\nmethod = <function element_to_be_clickable.<locals>._predicate at 0x7fb44e728180>\nmessage = ''\n\n    def until(self, method: Callable[[D], Union[Literal[False], T]], message: str = \"\") -> T:\n        \"\"\"Calls the method provided with the driver as an argument until the \\\n        return value does not evaluate to ``False``.\n    \n        :param method: callable(WebDriver)\n        :param message: optional message for :exc:`TimeoutException`\n        :returns: the result of the last call to `method`\n        :raises: :exc:`selenium.common.exceptions.TimeoutException` if timeout occurs\n        \"\"\"\n        screen = None\n        stacktrace = None\n    \n        end_time = time.monotonic() + self._timeout\n        while True:\n            try:\n                value = method(self._driver)\n                if value:\n                    return value\n            except self._ignored_exceptions as exc:\n                screen = getattr(exc, \"screen\", None)\n                stacktrace = getattr(exc, \"stacktrace\", None)\n            if time.monotonic() > end_time:\n                break\n            time.sleep(self._poll)\n>       raise TimeoutException(message, screen, stacktrace)\nE       selenium.common.exceptions.TimeoutException: Message: \nE       Stacktrace:\nE       #0 0x562b6c33edca <unknown>\nE       #1 0x562b6be353f0 <unknown>\nE       #2 0x562b6be8510c <unknown>\nE       #3 0x562b6be85331 <unknown>\nE       #4 0x562b6becb154 <unknown>\nE       #5 0x562b6bea9abd <unknown>\nE       #6 0x562b6bec84b3 <unknown>\nE       #7 0x562b6bea9833 <unknown>\nE       #8 0x562b6be765a0 <unknown>\nE       #9 0x562b6be77ece <unknown>\nE       #10 0x562b6c308bdb <unknown>\nE       #11 0x562b6c30cb67 <unknown>\nE       #12 0x562b6c2f43bc <unknown>\nE       #13 0x562b6c30d727 <unknown>\nE       #14 0x562b6c2d874f <unknown>\nE       #15 0x562b6c32d938 <unknown>\nE       #16 0x562b6c32db00 <unknown>\nE       #17 0x562b6c33dc46 <unknown>\nE       #18 0x7f579e89ca94 <unknown>\nE       #19 0x7f579e929c3c <unknown>\n\n/opt/hostedtoolcache/Python/3.13.1/x64/lib/python3.13/site-packages/selenium/webdriver/support/wait.py:105: TimeoutException","flaky":false,"newFailed":false,"newBroken":false,"newPassed":false,"retriesCount":0,"retriesStatusChange":false,"beforeStages":[{"name":"_unittest_setUpClass_fixture_TestPromotionChecklist","time":{"start":1738244870461,"stop":1738244870461,"duration":0},"status":"passed","steps":[],"attachments":[],"parameters":[],"shouldDisplayMessage":false,"stepsCount":0,"attachmentsCount":0,"hasContent":false,"attachmentStep":false}],"afterStages":[{"name":"_unittest_setUpClass_fixture_TestPromotionChecklist::0","time":{"start":1738245335135,"stop":1738245335135,"duration":0},"status":"passed","steps":[],"attachments":[],"parameters":[],"shouldDisplayMessage":false,"stepsCount":0,"attachmentsCount":0,"hasContent":false,"attachmentStep":false}],"labels":[{"name":"tag","value":"@pytest.mark.filterwarnings('ignore::DeprecationWarning')"},{"name":"parentSuite","value":"tests"},{"name":"suite","value":"test_checklist"},{"name":"subSuite","value":"TestPromotionChecklist"},{"name":"host","value":"fv-az1951-845"},{"name":"thread","value":"3375-MainThread"},{"name":"framework","value":"pytest"},{"name":"language","value":"cpython3"},{"name":"package","value":"tests.test_checklist"},{"name":"resultFormat","value":"allure2"}],"parameters":[],"links":[],"hidden":false,"retry":false,"extra":{"severity":"normal","retries":[],"categories":[{"name":"Test defects","matchedStatuses":[],"flaky":false}],"tags":["@pytest.mark.filterwarnings('ignore::DeprecationWarning')"]},"source":"58c5fa84a961138e.json","parameterValues":[]}