{"uid":"60b5b8ee764201ab","name":"test_dashboard_source_number_07_279","fullName":"tests.test_checklist.TestPromotionChecklist#test_dashboard_source_number_07_279","historyId":"151a8793be55da0377762793c11e295d","time":{"start":1739734336243,"stop":1739734350001,"duration":13758},"status":"broken","statusMessage":"selenium.common.exceptions.NoSuchElementException: Message: no such element: Unable to locate element: {\"method\":\"xpath\",\"selector\":\"/html/body/div[4]/div[3]/div[2]/table/tbody/tr[1]/td[5]\"}\n  (Session info: chrome=133.0.6943.98); For documentation on this error, please visit: https://www.selenium.dev/documentation/webdriver/troubleshooting/errors#no-such-element-exception\nStacktrace:\n#0 0x5632bfb2d09a <unknown>\n#1 0x5632bf5f48b0 <unknown>\n#2 0x5632bf645b99 <unknown>\n#3 0x5632bf645d21 <unknown>\n#4 0x5632bf694854 <unknown>\n#5 0x5632bf66b9ad <unknown>\n#6 0x5632bf691b8b <unknown>\n#7 0x5632bf66b753 <unknown>\n#8 0x5632bf63738e <unknown>\n#9 0x5632bf638b51 <unknown>\n#10 0x5632bfaf676b <unknown>\n#11 0x5632bfafa6f2 <unknown>\n#12 0x5632bfae28fc <unknown>\n#13 0x5632bfafb2e4 <unknown>\n#14 0x5632bfac69cf <unknown>\n#15 0x5632bfb1bcd8 <unknown>\n#16 0x5632bfb1beb6 <unknown>\n#17 0x5632bfb2bf16 <unknown>\n#18 0x7ff46ba9caa4 <unknown>\n#19 0x7ff46bb29c3c <unknown>","statusTrace":"a = (<tests.test_checklist.TestPromotionChecklist testMethod=test_dashboard_source_number_07_279>,)\nkw = {}\n\n    @wraps(func)\n    def standalone_func(*a, **kw):\n>       return func(*(a + p.args), **p.kwargs, **kw)\n\n/opt/hostedtoolcache/Python/3.13.2/x64/lib/python3.13/site-packages/parameterized/parameterized.py:620: \n_ _ _ _ _ _ _ _ _ _ _ _ _ _ _ _ _ _ _ _ _ _ _ _ _ _ _ _ _ _ _ _ _ _ _ _ _ _ _ _ \ntests/test_checklist.py:295: in test_dashboard_source_number\n    actual = DashBoard(self.driver).get_source_id_txt()\nSLP/ui/PageObjects/DashBoard/dash_board.py:68: in get_source_id_txt\n    return self.node.find_element(*KW_SOURCE_ID_TXT).text\n/opt/hostedtoolcache/Python/3.13.2/x64/lib/python3.13/site-packages/selenium/webdriver/remote/webdriver.py:770: in find_element\n    return self.execute(Command.FIND_ELEMENT, {\"using\": by, \"value\": value})[\"value\"]\n/opt/hostedtoolcache/Python/3.13.2/x64/lib/python3.13/site-packages/selenium/webdriver/remote/webdriver.py:384: in execute\n    self.error_handler.check_response(response)\n_ _ _ _ _ _ _ _ _ _ _ _ _ _ _ _ _ _ _ _ _ _ _ _ _ _ _ _ _ _ _ _ _ _ _ _ _ _ _ _ \n\nself = <selenium.webdriver.remote.errorhandler.ErrorHandler object at 0x7fa6e71e1270>\nresponse = {'status': 404, 'value': '{\"value\":{\"error\":\"no such element\",\"message\":\"no such element: Unable to locate element: {\\...\\\\n#17 0x5632bfb2bf16 \\\\u003Cunknown>\\\\n#18 0x7ff46ba9caa4 \\\\u003Cunknown>\\\\n#19 0x7ff46bb29c3c \\\\u003Cunknown>\\\\n\"}}'}\n\n    def check_response(self, response: Dict[str, Any]) -> None:\n        \"\"\"Checks that a JSON response from the WebDriver does not have an\n        error.\n    \n        :Args:\n         - response - The JSON response from the WebDriver server as a dictionary\n           object.\n    \n        :Raises: If the response contains an error message.\n        \"\"\"\n        status = response.get(\"status\", None)\n        if not status or status == ErrorCode.SUCCESS:\n            return\n        value = None\n        message = response.get(\"message\", \"\")\n        screen: str = response.get(\"screen\", \"\")\n        stacktrace = None\n        if isinstance(status, int):\n            value_json = response.get(\"value\", None)\n            if value_json and isinstance(value_json, str):\n                import json\n    \n                try:\n                    value = json.loads(value_json)\n                    if len(value) == 1:\n                        value = value[\"value\"]\n                    status = value.get(\"error\", None)\n                    if not status:\n                        status = value.get(\"status\", ErrorCode.UNKNOWN_ERROR)\n                        message = value.get(\"value\") or value.get(\"message\")\n                        if not isinstance(message, str):\n                            value = message\n                            message = message.get(\"message\")\n                    else:\n                        message = value.get(\"message\", None)\n                except ValueError:\n                    pass\n    \n        exception_class: Type[WebDriverException]\n        e = ErrorCode()\n        error_codes = [item for item in dir(e) if not item.startswith(\"__\")]\n        for error_code in error_codes:\n            error_info = getattr(ErrorCode, error_code)\n            if isinstance(error_info, list) and status in error_info:\n                exception_class = getattr(ExceptionMapping, error_code, WebDriverException)\n                break\n        else:\n            exception_class = WebDriverException\n    \n        if not value:\n            value = response[\"value\"]\n        if isinstance(value, str):\n            raise exception_class(value)\n        if message == \"\" and \"message\" in value:\n            message = value[\"message\"]\n    \n        screen = None  # type: ignore[assignment]\n        if \"screen\" in value:\n            screen = value[\"screen\"]\n    \n        stacktrace = None\n        st_value = value.get(\"stackTrace\") or value.get(\"stacktrace\")\n        if st_value:\n            if isinstance(st_value, str):\n                stacktrace = st_value.split(\"\\n\")\n            else:\n                stacktrace = []\n                try:\n                    for frame in st_value:\n                        line = frame.get(\"lineNumber\", \"\")\n                        file = frame.get(\"fileName\", \"<anonymous>\")\n                        if line:\n                            file = f\"{file}:{line}\"\n                        meth = frame.get(\"methodName\", \"<anonymous>\")\n                        if \"className\" in frame:\n                            meth = f\"{frame['className']}.{meth}\"\n                        msg = \"    at %s (%s)\"\n                        msg = msg % (meth, file)\n                        stacktrace.append(msg)\n                except TypeError:\n                    pass\n        if exception_class == UnexpectedAlertPresentException:\n            alert_text = None\n            if \"data\" in value:\n                alert_text = value[\"data\"].get(\"text\")\n            elif \"alert\" in value:\n                alert_text = value[\"alert\"].get(\"text\")\n            raise exception_class(message, screen, stacktrace, alert_text)  # type: ignore[call-arg]  # mypy is not smart enough here\n>       raise exception_class(message, screen, stacktrace)\nE       selenium.common.exceptions.NoSuchElementException: Message: no such element: Unable to locate element: {\"method\":\"xpath\",\"selector\":\"/html/body/div[4]/div[3]/div[2]/table/tbody/tr[1]/td[5]\"}\nE         (Session info: chrome=133.0.6943.98); For documentation on this error, please visit: https://www.selenium.dev/documentation/webdriver/troubleshooting/errors#no-such-element-exception\nE       Stacktrace:\nE       #0 0x5632bfb2d09a <unknown>\nE       #1 0x5632bf5f48b0 <unknown>\nE       #2 0x5632bf645b99 <unknown>\nE       #3 0x5632bf645d21 <unknown>\nE       #4 0x5632bf694854 <unknown>\nE       #5 0x5632bf66b9ad <unknown>\nE       #6 0x5632bf691b8b <unknown>\nE       #7 0x5632bf66b753 <unknown>\nE       #8 0x5632bf63738e <unknown>\nE       #9 0x5632bf638b51 <unknown>\nE       #10 0x5632bfaf676b <unknown>\nE       #11 0x5632bfafa6f2 <unknown>\nE       #12 0x5632bfae28fc <unknown>\nE       #13 0x5632bfafb2e4 <unknown>\nE       #14 0x5632bfac69cf <unknown>\nE       #15 0x5632bfb1bcd8 <unknown>\nE       #16 0x5632bfb1beb6 <unknown>\nE       #17 0x5632bfb2bf16 <unknown>\nE       #18 0x7ff46ba9caa4 <unknown>\nE       #19 0x7ff46bb29c3c <unknown>\n\n/opt/hostedtoolcache/Python/3.13.2/x64/lib/python3.13/site-packages/selenium/webdriver/remote/errorhandler.py:232: NoSuchElementException","flaky":false,"newFailed":false,"newBroken":false,"newPassed":false,"retriesCount":0,"retriesStatusChange":false,"beforeStages":[{"name":"_unittest_setUpClass_fixture_TestPromotionChecklist","time":{"start":1739732022652,"stop":1739732022652,"duration":0},"status":"passed","steps":[],"attachments":[],"parameters":[],"shouldDisplayMessage":false,"stepsCount":0,"attachmentsCount":0,"hasContent":false,"attachmentStep":false}],"testStage":{"status":"broken","statusMessage":"selenium.common.exceptions.NoSuchElementException: Message: no such element: Unable to locate element: {\"method\":\"xpath\",\"selector\":\"/html/body/div[4]/div[3]/div[2]/table/tbody/tr[1]/td[5]\"}\n  (Session info: chrome=133.0.6943.98); For documentation on this error, please visit: https://www.selenium.dev/documentation/webdriver/troubleshooting/errors#no-such-element-exception\nStacktrace:\n#0 0x5632bfb2d09a <unknown>\n#1 0x5632bf5f48b0 <unknown>\n#2 0x5632bf645b99 <unknown>\n#3 0x5632bf645d21 <unknown>\n#4 0x5632bf694854 <unknown>\n#5 0x5632bf66b9ad <unknown>\n#6 0x5632bf691b8b <unknown>\n#7 0x5632bf66b753 <unknown>\n#8 0x5632bf63738e <unknown>\n#9 0x5632bf638b51 <unknown>\n#10 0x5632bfaf676b <unknown>\n#11 0x5632bfafa6f2 <unknown>\n#12 0x5632bfae28fc <unknown>\n#13 0x5632bfafb2e4 <unknown>\n#14 0x5632bfac69cf <unknown>\n#15 0x5632bfb1bcd8 <unknown>\n#16 0x5632bfb1beb6 <unknown>\n#17 0x5632bfb2bf16 <unknown>\n#18 0x7ff46ba9caa4 <unknown>\n#19 0x7ff46bb29c3c <unknown>","statusTrace":"a = (<tests.test_checklist.TestPromotionChecklist testMethod=test_dashboard_source_number_07_279>,)\nkw = {}\n\n    @wraps(func)\n    def standalone_func(*a, **kw):\n>       return func(*(a + p.args), **p.kwargs, **kw)\n\n/opt/hostedtoolcache/Python/3.13.2/x64/lib/python3.13/site-packages/parameterized/parameterized.py:620: \n_ _ _ _ _ _ _ _ _ _ _ _ _ _ _ _ _ _ _ _ _ _ _ _ _ _ _ _ _ _ _ _ _ _ _ _ _ _ _ _ \ntests/test_checklist.py:295: in test_dashboard_source_number\n    actual = DashBoard(self.driver).get_source_id_txt()\nSLP/ui/PageObjects/DashBoard/dash_board.py:68: in get_source_id_txt\n    return self.node.find_element(*KW_SOURCE_ID_TXT).text\n/opt/hostedtoolcache/Python/3.13.2/x64/lib/python3.13/site-packages/selenium/webdriver/remote/webdriver.py:770: in find_element\n    return self.execute(Command.FIND_ELEMENT, {\"using\": by, \"value\": value})[\"value\"]\n/opt/hostedtoolcache/Python/3.13.2/x64/lib/python3.13/site-packages/selenium/webdriver/remote/webdriver.py:384: in execute\n    self.error_handler.check_response(response)\n_ _ _ _ _ _ _ _ _ _ _ _ _ _ _ _ _ _ _ _ _ _ _ _ _ _ _ _ _ _ _ _ _ _ _ _ _ _ _ _ \n\nself = <selenium.webdriver.remote.errorhandler.ErrorHandler object at 0x7fa6e71e1270>\nresponse = {'status': 404, 'value': '{\"value\":{\"error\":\"no such element\",\"message\":\"no such element: Unable to locate element: {\\...\\\\n#17 0x5632bfb2bf16 \\\\u003Cunknown>\\\\n#18 0x7ff46ba9caa4 \\\\u003Cunknown>\\\\n#19 0x7ff46bb29c3c \\\\u003Cunknown>\\\\n\"}}'}\n\n    def check_response(self, response: Dict[str, Any]) -> None:\n        \"\"\"Checks that a JSON response from the WebDriver does not have an\n        error.\n    \n        :Args:\n         - response - The JSON response from the WebDriver server as a dictionary\n           object.\n    \n        :Raises: If the response contains an error message.\n        \"\"\"\n        status = response.get(\"status\", None)\n        if not status or status == ErrorCode.SUCCESS:\n            return\n        value = None\n        message = response.get(\"message\", \"\")\n        screen: str = response.get(\"screen\", \"\")\n        stacktrace = None\n        if isinstance(status, int):\n            value_json = response.get(\"value\", None)\n            if value_json and isinstance(value_json, str):\n                import json\n    \n                try:\n                    value = json.loads(value_json)\n                    if len(value) == 1:\n                        value = value[\"value\"]\n                    status = value.get(\"error\", None)\n                    if not status:\n                        status = value.get(\"status\", ErrorCode.UNKNOWN_ERROR)\n                        message = value.get(\"value\") or value.get(\"message\")\n                        if not isinstance(message, str):\n                            value = message\n                            message = message.get(\"message\")\n                    else:\n                        message = value.get(\"message\", None)\n                except ValueError:\n                    pass\n    \n        exception_class: Type[WebDriverException]\n        e = ErrorCode()\n        error_codes = [item for item in dir(e) if not item.startswith(\"__\")]\n        for error_code in error_codes:\n            error_info = getattr(ErrorCode, error_code)\n            if isinstance(error_info, list) and status in error_info:\n                exception_class = getattr(ExceptionMapping, error_code, WebDriverException)\n                break\n        else:\n            exception_class = WebDriverException\n    \n        if not value:\n            value = response[\"value\"]\n        if isinstance(value, str):\n            raise exception_class(value)\n        if message == \"\" and \"message\" in value:\n            message = value[\"message\"]\n    \n        screen = None  # type: ignore[assignment]\n        if \"screen\" in value:\n            screen = value[\"screen\"]\n    \n        stacktrace = None\n        st_value = value.get(\"stackTrace\") or value.get(\"stacktrace\")\n        if st_value:\n            if isinstance(st_value, str):\n                stacktrace = st_value.split(\"\\n\")\n            else:\n                stacktrace = []\n                try:\n                    for frame in st_value:\n                        line = frame.get(\"lineNumber\", \"\")\n                        file = frame.get(\"fileName\", \"<anonymous>\")\n                        if line:\n                            file = f\"{file}:{line}\"\n                        meth = frame.get(\"methodName\", \"<anonymous>\")\n                        if \"className\" in frame:\n                            meth = f\"{frame['className']}.{meth}\"\n                        msg = \"    at %s (%s)\"\n                        msg = msg % (meth, file)\n                        stacktrace.append(msg)\n                except TypeError:\n                    pass\n        if exception_class == UnexpectedAlertPresentException:\n            alert_text = None\n            if \"data\" in value:\n                alert_text = value[\"data\"].get(\"text\")\n            elif \"alert\" in value:\n                alert_text = value[\"alert\"].get(\"text\")\n            raise exception_class(message, screen, stacktrace, alert_text)  # type: ignore[call-arg]  # mypy is not smart enough here\n>       raise exception_class(message, screen, stacktrace)\nE       selenium.common.exceptions.NoSuchElementException: Message: no such element: Unable to locate element: {\"method\":\"xpath\",\"selector\":\"/html/body/div[4]/div[3]/div[2]/table/tbody/tr[1]/td[5]\"}\nE         (Session info: chrome=133.0.6943.98); For documentation on this error, please visit: https://www.selenium.dev/documentation/webdriver/troubleshooting/errors#no-such-element-exception\nE       Stacktrace:\nE       #0 0x5632bfb2d09a <unknown>\nE       #1 0x5632bf5f48b0 <unknown>\nE       #2 0x5632bf645b99 <unknown>\nE       #3 0x5632bf645d21 <unknown>\nE       #4 0x5632bf694854 <unknown>\nE       #5 0x5632bf66b9ad <unknown>\nE       #6 0x5632bf691b8b <unknown>\nE       #7 0x5632bf66b753 <unknown>\nE       #8 0x5632bf63738e <unknown>\nE       #9 0x5632bf638b51 <unknown>\nE       #10 0x5632bfaf676b <unknown>\nE       #11 0x5632bfafa6f2 <unknown>\nE       #12 0x5632bfae28fc <unknown>\nE       #13 0x5632bfafb2e4 <unknown>\nE       #14 0x5632bfac69cf <unknown>\nE       #15 0x5632bfb1bcd8 <unknown>\nE       #16 0x5632bfb1beb6 <unknown>\nE       #17 0x5632bfb2bf16 <unknown>\nE       #18 0x7ff46ba9caa4 <unknown>\nE       #19 0x7ff46bb29c3c <unknown>\n\n/opt/hostedtoolcache/Python/3.13.2/x64/lib/python3.13/site-packages/selenium/webdriver/remote/errorhandler.py:232: NoSuchElementException","steps":[{"name":"Click authorisation button","time":{"start":1739734336999,"stop":1739734337645,"duration":646},"status":"passed","steps":[{"name":"Get authorisation button","time":{"start":1739734336999,"stop":1739734337011,"duration":12},"status":"passed","steps":[],"attachments":[],"parameters":[],"shouldDisplayMessage":false,"stepsCount":0,"attachmentsCount":0,"hasContent":false,"attachmentStep":false}],"attachments":[],"parameters":[],"shouldDisplayMessage":false,"stepsCount":1,"attachmentsCount":0,"hasContent":true,"attachmentStep":false},{"name":"Source select","time":{"start":1739734338179,"stop":1739734338300,"duration":121},"status":"passed","steps":[],"attachments":[],"parameters":[{"name":"source","value":"'279'"}],"shouldDisplayMessage":false,"stepsCount":0,"attachmentsCount":0,"hasContent":true,"attachmentStep":false},{"name":"MLS button click","time":{"start":1739734339499,"stop":1739734339566,"duration":67},"status":"passed","steps":[{"name":"Get MLS button","time":{"start":1739734339499,"stop":1739734339507,"duration":8},"status":"passed","steps":[],"attachments":[],"parameters":[],"shouldDisplayMessage":false,"stepsCount":0,"attachmentsCount":0,"hasContent":false,"attachmentStep":false}],"attachments":[],"parameters":[],"shouldDisplayMessage":false,"stepsCount":1,"attachmentsCount":0,"hasContent":true,"attachmentStep":false},{"name":"LD button click","time":{"start":1739734339566,"stop":1739734339778,"duration":212},"status":"passed","steps":[{"name":"Get LD button","time":{"start":1739734339566,"stop":1739734339578,"duration":12},"status":"passed","steps":[],"attachments":[],"parameters":[],"shouldDisplayMessage":false,"stepsCount":0,"attachmentsCount":0,"hasContent":false,"attachmentStep":false}],"attachments":[],"parameters":[],"shouldDisplayMessage":false,"stepsCount":1,"attachmentsCount":0,"hasContent":true,"attachmentStep":false},{"name":"Set KW source id","time":{"start":1739734339778,"stop":1739734339839,"duration":61},"status":"passed","steps":[],"attachments":[],"parameters":[{"name":"source","value":"'279'"}],"shouldDisplayMessage":false,"stepsCount":0,"attachmentsCount":0,"hasContent":true,"attachmentStep":false},{"name":"Click submit button","time":{"start":1739734339839,"stop":1739734339893,"duration":54},"status":"passed","steps":[],"attachments":[],"parameters":[],"shouldDisplayMessage":false,"stepsCount":0,"attachmentsCount":0,"hasContent":false,"attachmentStep":false},{"name":"Get source id text","time":{"start":1739734339893,"stop":1739734349920,"duration":10027},"status":"broken","statusMessage":"selenium.common.exceptions.NoSuchElementException: Message: no such element: Unable to locate element: {\"method\":\"xpath\",\"selector\":\"/html/body/div[4]/div[3]/div[2]/table/tbody/tr[1]/td[5]\"}\n  (Session info: chrome=133.0.6943.98); For documentation on this error, please visit: https://www.selenium.dev/documentation/webdriver/troubleshooting/errors#no-such-element-exception\nStacktrace:\n#0 0x5632bfb2d09a <unknown>\n#1 0x5632bf5f48b0 <unknown>\n#2 0x5632bf645b99 <unknown>\n#3 0x5632bf645d21 <unknown>\n#4 0x5632bf694854 <unknown>\n#5 0x5632bf66b9ad <unknown>\n#6 0x5632bf691b8b <unknown>\n#7 0x5632bf66b753 <unknown>\n#8 0x5632bf63738e <unknown>\n#9 0x5632bf638b51 <unknown>\n#10 0x5632bfaf676b <unknown>\n#11 0x5632bfafa6f2 <unknown>\n#12 0x5632bfae28fc <unknown>\n#13 0x5632bfafb2e4 <unknown>\n#14 0x5632bfac69cf <unknown>\n#15 0x5632bfb1bcd8 <unknown>\n#16 0x5632bfb1beb6 <unknown>\n#17 0x5632bfb2bf16 <unknown>\n#18 0x7ff46ba9caa4 <unknown>\n#19 0x7ff46bb29c3c <unknown>\n\n","statusTrace":"  File \"/opt/hostedtoolcache/Python/3.13.2/x64/lib/python3.13/site-packages/allure_commons/_allure.py\", line 192, in impl\n    return func(*a, **kw)\n  File \"/home/runner/work/eim-map-test/eim-map-test/SLP/ui/PageObjects/DashBoard/dash_board.py\", line 68, in get_source_id_txt\n    return self.node.find_element(*KW_SOURCE_ID_TXT).text\n           ~~~~~~~~~~~~~~~~~~~~~~^^^^^^^^^^^^^^^^^^^\n  File \"/opt/hostedtoolcache/Python/3.13.2/x64/lib/python3.13/site-packages/selenium/webdriver/remote/webdriver.py\", line 770, in find_element\n    return self.execute(Command.FIND_ELEMENT, {\"using\": by, \"value\": value})[\"value\"]\n           ~~~~~~~~~~~~^^^^^^^^^^^^^^^^^^^^^^^^^^^^^^^^^^^^^^^^^^^^^^^^^^^^^\n  File \"/opt/hostedtoolcache/Python/3.13.2/x64/lib/python3.13/site-packages/selenium/webdriver/remote/webdriver.py\", line 384, in execute\n    self.error_handler.check_response(response)\n    ~~~~~~~~~~~~~~~~~~~~~~~~~~~~~~~~~^^^^^^^^^^\n  File \"/opt/hostedtoolcache/Python/3.13.2/x64/lib/python3.13/site-packages/selenium/webdriver/remote/errorhandler.py\", line 232, in check_response\n    raise exception_class(message, screen, stacktrace)\n","steps":[],"attachments":[],"parameters":[],"shouldDisplayMessage":true,"stepsCount":0,"attachmentsCount":0,"hasContent":true,"attachmentStep":false}],"attachments":[],"parameters":[],"shouldDisplayMessage":true,"stepsCount":10,"attachmentsCount":0,"hasContent":true,"attachmentStep":false},"afterStages":[{"name":"_unittest_setUpClass_fixture_TestPromotionChecklist::0","time":{"start":1739748083629,"stop":1739748083629,"duration":0},"status":"passed","steps":[],"attachments":[],"parameters":[],"shouldDisplayMessage":false,"stepsCount":0,"attachmentsCount":0,"hasContent":false,"attachmentStep":false}],"labels":[{"name":"tag","value":"@pytest.mark.filterwarnings('ignore::DeprecationWarning')"},{"name":"parentSuite","value":"tests"},{"name":"suite","value":"test_checklist"},{"name":"subSuite","value":"TestPromotionChecklist"},{"name":"host","value":"fv-az1718-879"},{"name":"thread","value":"3355-MainThread"},{"name":"framework","value":"pytest"},{"name":"language","value":"cpython3"},{"name":"package","value":"tests.test_checklist"},{"name":"resultFormat","value":"allure2"}],"parameters":[],"links":[],"hidden":false,"retry":false,"extra":{"severity":"normal","retries":[],"categories":[{"name":"Test defects","matchedStatuses":[],"flaky":false}],"tags":["@pytest.mark.filterwarnings('ignore::DeprecationWarning')"]},"source":"60b5b8ee764201ab.json","parameterValues":[]}