{"uid":"652e2a7e45d1737d","name":"test_mls_id_sa_id_0_40","fullName":"tests.test_checklist.TestPromotionChecklist#test_mls_id_sa_id_0_40","historyId":"0d2dfbf088309cf523e1f2fab72de497","time":{"start":1736848650552,"stop":1736848684053,"duration":33501},"description":"Validate mls_source_id and sa_source_id are correct from here (NOT kw_id) [with source='40']","descriptionHtml":"<p>Validate mls_source_id and sa_source_id are correct from here (NOT kw_id) [with source='40']</p>\n","status":"broken","statusMessage":"selenium.common.exceptions.TimeoutException: Message: \nStacktrace:\n#0 0x561ad636a8fa <unknown>\n#1 0x561ad5e7bd20 <unknown>\n#2 0x561ad5ecaa66 <unknown>\n#3 0x561ad5ecad01 <unknown>\n#4 0x561ad5f10184 <unknown>\n#5 0x561ad5eeeb1d <unknown>\n#6 0x561ad5f0d560 <unknown>\n#7 0x561ad5eee893 <unknown>\n#8 0x561ad5ebd30d <unknown>\n#9 0x561ad5ebe32e <unknown>\n#10 0x561ad633700b <unknown>\n#11 0x561ad633af97 <unknown>\n#12 0x561ad632371c <unknown>\n#13 0x561ad633bb17 <unknown>\n#14 0x561ad63086cf <unknown>\n#15 0x561ad63596b8 <unknown>\n#16 0x561ad6359880 <unknown>\n#17 0x561ad6369776 <unknown>\n#18 0x7f804e494ac3 <unknown>","statusTrace":"a = (<tests.test_checklist.TestPromotionChecklist testMethod=test_mls_id_sa_id_0_40>,)\nkw = {}\n\n    @wraps(func)\n    def standalone_func(*a, **kw):\n>       return func(*(a + p.args), **p.kwargs, **kw)\n\n/opt/hostedtoolcache/Python/3.12.8/x64/lib/python3.12/site-packages/parameterized/parameterized.py:620: \n_ _ _ _ _ _ _ _ _ _ _ _ _ _ _ _ _ _ _ _ _ _ _ _ _ _ _ _ _ _ _ _ _ _ _ _ _ _ _ _ \ntests/test_checklist.py:285: in test_mls_id_sa_id\n    WebDriverWait(self.driver, 30).until(EC.element_to_be_clickable(SOURCE_ID))\n_ _ _ _ _ _ _ _ _ _ _ _ _ _ _ _ _ _ _ _ _ _ _ _ _ _ _ _ _ _ _ _ _ _ _ _ _ _ _ _ \n\nself = <selenium.webdriver.support.wait.WebDriverWait (session=\"ff81f076d95a271a995d2c11268cc9fe\")>\nmethod = <function element_to_be_clickable.<locals>._predicate at 0x7f3fcff9b100>\nmessage = ''\n\n    def until(self, method: Callable[[D], Union[Literal[False], T]], message: str = \"\") -> T:\n        \"\"\"Calls the method provided with the driver as an argument until the \\\n        return value does not evaluate to ``False``.\n    \n        :param method: callable(WebDriver)\n        :param message: optional message for :exc:`TimeoutException`\n        :returns: the result of the last call to `method`\n        :raises: :exc:`selenium.common.exceptions.TimeoutException` if timeout occurs\n        \"\"\"\n        screen = None\n        stacktrace = None\n    \n        end_time = time.monotonic() + self._timeout\n        while True:\n            try:\n                value = method(self._driver)\n                if value:\n                    return value\n            except self._ignored_exceptions as exc:\n                screen = getattr(exc, \"screen\", None)\n                stacktrace = getattr(exc, \"stacktrace\", None)\n            if time.monotonic() > end_time:\n                break\n            time.sleep(self._poll)\n>       raise TimeoutException(message, screen, stacktrace)\nE       selenium.common.exceptions.TimeoutException: Message: \nE       Stacktrace:\nE       #0 0x561ad636a8fa <unknown>\nE       #1 0x561ad5e7bd20 <unknown>\nE       #2 0x561ad5ecaa66 <unknown>\nE       #3 0x561ad5ecad01 <unknown>\nE       #4 0x561ad5f10184 <unknown>\nE       #5 0x561ad5eeeb1d <unknown>\nE       #6 0x561ad5f0d560 <unknown>\nE       #7 0x561ad5eee893 <unknown>\nE       #8 0x561ad5ebd30d <unknown>\nE       #9 0x561ad5ebe32e <unknown>\nE       #10 0x561ad633700b <unknown>\nE       #11 0x561ad633af97 <unknown>\nE       #12 0x561ad632371c <unknown>\nE       #13 0x561ad633bb17 <unknown>\nE       #14 0x561ad63086cf <unknown>\nE       #15 0x561ad63596b8 <unknown>\nE       #16 0x561ad6359880 <unknown>\nE       #17 0x561ad6369776 <unknown>\nE       #18 0x7f804e494ac3 <unknown>\n\n/opt/hostedtoolcache/Python/3.12.8/x64/lib/python3.12/site-packages/selenium/webdriver/support/wait.py:105: TimeoutException","flaky":false,"newFailed":false,"newBroken":false,"newPassed":false,"retriesCount":0,"retriesStatusChange":false,"beforeStages":[{"name":"_unittest_setUpClass_fixture_TestPromotionChecklist","time":{"start":1736848276155,"stop":1736848276155,"duration":0},"status":"passed","steps":[],"attachments":[],"parameters":[],"stepsCount":0,"shouldDisplayMessage":false,"attachmentsCount":0,"hasContent":false,"attachmentStep":false}],"afterStages":[{"name":"_unittest_setUpClass_fixture_TestPromotionChecklist::0","time":{"start":1736848745326,"stop":1736848745326,"duration":0},"status":"passed","steps":[],"attachments":[],"parameters":[],"stepsCount":0,"shouldDisplayMessage":false,"attachmentsCount":0,"hasContent":false,"attachmentStep":false}],"labels":[{"name":"tag","value":"@pytest.mark.filterwarnings('ignore::DeprecationWarning')"},{"name":"parentSuite","value":"tests"},{"name":"suite","value":"test_checklist"},{"name":"subSuite","value":"TestPromotionChecklist"},{"name":"host","value":"fv-az654-462"},{"name":"thread","value":"2826-MainThread"},{"name":"framework","value":"pytest"},{"name":"language","value":"cpython3"},{"name":"package","value":"tests.test_checklist"},{"name":"resultFormat","value":"allure2"}],"parameters":[],"links":[],"hidden":false,"retry":false,"extra":{"severity":"normal","retries":[],"categories":[{"name":"Test defects","matchedStatuses":[],"flaky":false}],"tags":["@pytest.mark.filterwarnings('ignore::DeprecationWarning')"]},"source":"652e2a7e45d1737d.json","parameterValues":[]}