{"uid":"7ee1373340da75f2","name":"test_price_history_05_144","fullName":"tests.test_checklist.TestPromotionChecklist#test_price_history_05_144","historyId":"264a9b4f447558acc342ef48eec8de18","time":{"start":1739744008912,"stop":1739744163306,"duration":154394},"status":"failed","statusMessage":"AssertionError: False is not true","statusTrace":"tests/test_checklist.py:506: in test_price_history\n    raise e  # Re-raise to ensure the test fails\ntests/test_checklist.py:501: in test_price_history\n    self.assertTrue(all(actual))\nE   AssertionError: False is not true","flaky":false,"newFailed":false,"newBroken":false,"newPassed":false,"retriesCount":0,"retriesStatusChange":false,"beforeStages":[{"name":"_unittest_setUpClass_fixture_TestPromotionChecklist","time":{"start":1739732022652,"stop":1739732022652,"duration":0},"status":"passed","steps":[],"attachments":[],"parameters":[],"shouldDisplayMessage":false,"stepsCount":0,"attachmentsCount":0,"hasContent":false,"attachmentStep":false}],"testStage":{"status":"failed","statusMessage":"AssertionError: False is not true","statusTrace":"tests/test_checklist.py:506: in test_price_history\n    raise e  # Re-raise to ensure the test fails\ntests/test_checklist.py:501: in test_price_history\n    self.assertTrue(all(actual))\nE   AssertionError: False is not true","steps":[{"name":"Click authorisation button","time":{"start":1739744009663,"stop":1739744010352,"duration":689},"status":"passed","steps":[{"name":"Get authorisation button","time":{"start":1739744009663,"stop":1739744009675,"duration":12},"status":"passed","steps":[],"attachments":[],"parameters":[],"shouldDisplayMessage":false,"stepsCount":0,"attachmentsCount":0,"hasContent":false,"attachmentStep":false}],"attachments":[],"parameters":[],"shouldDisplayMessage":false,"stepsCount":1,"attachmentsCount":0,"hasContent":true,"attachmentStep":false},{"name":"Source select","time":{"start":1739744010886,"stop":1739744011003,"duration":117},"status":"passed","steps":[],"attachments":[],"parameters":[{"name":"source","value":"'144'"}],"shouldDisplayMessage":false,"stepsCount":0,"attachmentsCount":0,"hasContent":true,"attachmentStep":false},{"name":"Select main metadata","time":{"start":1739744012262,"stop":1739744012355,"duration":93},"status":"passed","steps":[],"attachments":[],"parameters":[{"name":"metadata","value":"1"}],"shouldDisplayMessage":false,"stepsCount":0,"attachmentsCount":0,"hasContent":true,"attachmentStep":false},{"name":"Implicit wait metadata","time":{"start":1739744012355,"stop":1739744020395,"duration":8040},"status":"passed","steps":[],"attachments":[],"parameters":[],"shouldDisplayMessage":false,"stepsCount":0,"attachmentsCount":0,"hasContent":false,"attachmentStep":false},{"name":"\nMetadata = PROPERTY Failed ‚ùå \n","time":{"start":1739744020528,"stop":1739744020528,"duration":0},"status":"passed","steps":[],"attachments":[],"parameters":[],"shouldDisplayMessage":false,"stepsCount":0,"attachmentsCount":0,"hasContent":false,"attachmentStep":false},{"name":"Select main metadata","time":{"start":1739744020574,"stop":1739744020689,"duration":115},"status":"passed","steps":[],"attachments":[],"parameters":[{"name":"metadata","value":"2"}],"shouldDisplayMessage":false,"stepsCount":0,"attachmentsCount":0,"hasContent":true,"attachmentStep":false},{"name":"Implicit wait metadata","time":{"start":1739744020689,"stop":1739744030699,"duration":10010},"status":"broken","statusMessage":"selenium.common.exceptions.NoSuchElementException: Message: no such element: Unable to locate element: {\"method\":\"css selector\",\"selector\":\"#listing_mapper_list_category__0\"}\n  (Session info: chrome=133.0.6943.98); For documentation on this error, please visit: https://www.selenium.dev/documentation/webdriver/troubleshooting/errors#no-such-element-exception\nStacktrace:\n#0 0x5633c468209a <unknown>\n#1 0x5633c41498b0 <unknown>\n#2 0x5633c419ab99 <unknown>\n#3 0x5633c419ad21 <unknown>\n#4 0x5633c41e9854 <unknown>\n#5 0x5633c41c09ad <unknown>\n#6 0x5633c41e6b8b <unknown>\n#7 0x5633c41c0753 <unknown>\n#8 0x5633c418c38e <unknown>\n#9 0x5633c418db51 <unknown>\n#10 0x5633c464b76b <unknown>\n#11 0x5633c464f6f2 <unknown>\n#12 0x5633c46378fc <unknown>\n#13 0x5633c46502e4 <unknown>\n#14 0x5633c461b9cf <unknown>\n#15 0x5633c4670cd8 <unknown>\n#16 0x5633c4670eb6 <unknown>\n#17 0x5633c4680f16 <unknown>\n#18 0x7fbc7409caa4 <unknown>\n#19 0x7fbc74129c3c <unknown>\n\n","statusTrace":"  File \"/opt/hostedtoolcache/Python/3.13.2/x64/lib/python3.13/site-packages/allure_commons/_allure.py\", line 192, in impl\n    return func(*a, **kw)\n  File \"/home/runner/work/eim-map-test/eim-map-test/SLP/ui/PageObjects/SLPMain/slp_main.py\", line 63, in impl_wait_metadata\n    ListComponent(self.driver).get_map_filed(IMPLIS_WAIT_MAP)\n    ~~~~~~~~~~~~~~~~~~~~~~~~~~~~~~~~~~~~~~~~^^^^^^^^^^^^^^^^^\n  File \"/home/runner/work/eim-map-test/eim-map-test/SLP/ui/PageObjects/SLPMain/listing_component.py\", line 46, in get_map_filed\n    return self.node.find_element(*xpath)\n           ~~~~~~~~~~~~~~~~~~~~~~^^^^^^^^\n  File \"/opt/hostedtoolcache/Python/3.13.2/x64/lib/python3.13/site-packages/selenium/webdriver/remote/webdriver.py\", line 770, in find_element\n    return self.execute(Command.FIND_ELEMENT, {\"using\": by, \"value\": value})[\"value\"]\n           ~~~~~~~~~~~~^^^^^^^^^^^^^^^^^^^^^^^^^^^^^^^^^^^^^^^^^^^^^^^^^^^^^\n  File \"/opt/hostedtoolcache/Python/3.13.2/x64/lib/python3.13/site-packages/selenium/webdriver/remote/webdriver.py\", line 384, in execute\n    self.error_handler.check_response(response)\n    ~~~~~~~~~~~~~~~~~~~~~~~~~~~~~~~~~^^^^^^^^^^\n  File \"/opt/hostedtoolcache/Python/3.13.2/x64/lib/python3.13/site-packages/selenium/webdriver/remote/errorhandler.py\", line 232, in check_response\n    raise exception_class(message, screen, stacktrace)\n","steps":[],"attachments":[],"parameters":[],"shouldDisplayMessage":true,"stepsCount":0,"attachmentsCount":0,"hasContent":true,"attachmentStep":false},{"name":"Looks like the class CUSTOMPROPERTY is not mapped","time":{"start":1739744030700,"stop":1739744030700,"duration":0},"status":"passed","steps":[],"attachments":[],"parameters":[],"shouldDisplayMessage":false,"stepsCount":0,"attachmentsCount":0,"hasContent":false,"attachmentStep":false},{"name":"Select main metadata","time":{"start":1739744030720,"stop":1739744030837,"duration":117},"status":"passed","steps":[],"attachments":[],"parameters":[{"name":"metadata","value":"3"}],"shouldDisplayMessage":false,"stepsCount":0,"attachmentsCount":0,"hasContent":true,"attachmentStep":false},{"name":"Implicit wait metadata","time":{"start":1739744030837,"stop":1739744040898,"duration":10061},"status":"broken","statusMessage":"selenium.common.exceptions.NoSuchElementException: Message: no such element: Unable to locate element: {\"method\":\"css selector\",\"selector\":\"#listing_mapper_list_category__0\"}\n  (Session info: chrome=133.0.6943.98); For documentation on this error, please visit: https://www.selenium.dev/documentation/webdriver/troubleshooting/errors#no-such-element-exception\nStacktrace:\n#0 0x5633c468209a <unknown>\n#1 0x5633c41498b0 <unknown>\n#2 0x5633c419ab99 <unknown>\n#3 0x5633c419ad21 <unknown>\n#4 0x5633c41e9854 <unknown>\n#5 0x5633c41c09ad <unknown>\n#6 0x5633c41e6b8b <unknown>\n#7 0x5633c41c0753 <unknown>\n#8 0x5633c418c38e <unknown>\n#9 0x5633c418db51 <unknown>\n#10 0x5633c464b76b <unknown>\n#11 0x5633c464f6f2 <unknown>\n#12 0x5633c46378fc <unknown>\n#13 0x5633c46502e4 <unknown>\n#14 0x5633c461b9cf <unknown>\n#15 0x5633c4670cd8 <unknown>\n#16 0x5633c4670eb6 <unknown>\n#17 0x5633c4680f16 <unknown>\n#18 0x7fbc7409caa4 <unknown>\n#19 0x7fbc74129c3c <unknown>\n\n","statusTrace":"  File \"/opt/hostedtoolcache/Python/3.13.2/x64/lib/python3.13/site-packages/allure_commons/_allure.py\", line 192, in impl\n    return func(*a, **kw)\n  File \"/home/runner/work/eim-map-test/eim-map-test/SLP/ui/PageObjects/SLPMain/slp_main.py\", line 63, in impl_wait_metadata\n    ListComponent(self.driver).get_map_filed(IMPLIS_WAIT_MAP)\n    ~~~~~~~~~~~~~~~~~~~~~~~~~~~~~~~~~~~~~~~~^^^^^^^^^^^^^^^^^\n  File \"/home/runner/work/eim-map-test/eim-map-test/SLP/ui/PageObjects/SLPMain/listing_component.py\", line 46, in get_map_filed\n    return self.node.find_element(*xpath)\n           ~~~~~~~~~~~~~~~~~~~~~~^^^^^^^^\n  File \"/opt/hostedtoolcache/Python/3.13.2/x64/lib/python3.13/site-packages/selenium/webdriver/remote/webdriver.py\", line 770, in find_element\n    return self.execute(Command.FIND_ELEMENT, {\"using\": by, \"value\": value})[\"value\"]\n           ~~~~~~~~~~~~^^^^^^^^^^^^^^^^^^^^^^^^^^^^^^^^^^^^^^^^^^^^^^^^^^^^^\n  File \"/opt/hostedtoolcache/Python/3.13.2/x64/lib/python3.13/site-packages/selenium/webdriver/remote/webdriver.py\", line 384, in execute\n    self.error_handler.check_response(response)\n    ~~~~~~~~~~~~~~~~~~~~~~~~~~~~~~~~~^^^^^^^^^^\n  File \"/opt/hostedtoolcache/Python/3.13.2/x64/lib/python3.13/site-packages/selenium/webdriver/remote/errorhandler.py\", line 232, in check_response\n    raise exception_class(message, screen, stacktrace)\n","steps":[],"attachments":[],"parameters":[],"shouldDisplayMessage":true,"stepsCount":0,"attachmentsCount":0,"hasContent":true,"attachmentStep":false},{"name":"Looks like the class DATASYSTEM is not mapped","time":{"start":1739744040899,"stop":1739744040899,"duration":0},"status":"passed","steps":[],"attachments":[],"parameters":[],"shouldDisplayMessage":false,"stepsCount":0,"attachmentsCount":0,"hasContent":false,"attachmentStep":false},{"name":"Select main metadata","time":{"start":1739744040921,"stop":1739744041035,"duration":114},"status":"passed","steps":[],"attachments":[],"parameters":[{"name":"metadata","value":"4"}],"shouldDisplayMessage":false,"stepsCount":0,"attachmentsCount":0,"hasContent":true,"attachmentStep":false},{"name":"Implicit wait metadata","time":{"start":1739744041035,"stop":1739744051094,"duration":10059},"status":"broken","statusMessage":"selenium.common.exceptions.NoSuchElementException: Message: no such element: Unable to locate element: {\"method\":\"css selector\",\"selector\":\"#listing_mapper_list_category__0\"}\n  (Session info: chrome=133.0.6943.98); For documentation on this error, please visit: https://www.selenium.dev/documentation/webdriver/troubleshooting/errors#no-such-element-exception\nStacktrace:\n#0 0x5633c468209a <unknown>\n#1 0x5633c41498b0 <unknown>\n#2 0x5633c419ab99 <unknown>\n#3 0x5633c419ad21 <unknown>\n#4 0x5633c41e9854 <unknown>\n#5 0x5633c41c09ad <unknown>\n#6 0x5633c41e6b8b <unknown>\n#7 0x5633c41c0753 <unknown>\n#8 0x5633c418c38e <unknown>\n#9 0x5633c418db51 <unknown>\n#10 0x5633c464b76b <unknown>\n#11 0x5633c464f6f2 <unknown>\n#12 0x5633c46378fc <unknown>\n#13 0x5633c46502e4 <unknown>\n#14 0x5633c461b9cf <unknown>\n#15 0x5633c4670cd8 <unknown>\n#16 0x5633c4670eb6 <unknown>\n#17 0x5633c4680f16 <unknown>\n#18 0x7fbc7409caa4 <unknown>\n#19 0x7fbc74129c3c <unknown>\n\n","statusTrace":"  File \"/opt/hostedtoolcache/Python/3.13.2/x64/lib/python3.13/site-packages/allure_commons/_allure.py\", line 192, in impl\n    return func(*a, **kw)\n  File \"/home/runner/work/eim-map-test/eim-map-test/SLP/ui/PageObjects/SLPMain/slp_main.py\", line 63, in impl_wait_metadata\n    ListComponent(self.driver).get_map_filed(IMPLIS_WAIT_MAP)\n    ~~~~~~~~~~~~~~~~~~~~~~~~~~~~~~~~~~~~~~~~^^^^^^^^^^^^^^^^^\n  File \"/home/runner/work/eim-map-test/eim-map-test/SLP/ui/PageObjects/SLPMain/listing_component.py\", line 46, in get_map_filed\n    return self.node.find_element(*xpath)\n           ~~~~~~~~~~~~~~~~~~~~~~^^^^^^^^\n  File \"/opt/hostedtoolcache/Python/3.13.2/x64/lib/python3.13/site-packages/selenium/webdriver/remote/webdriver.py\", line 770, in find_element\n    return self.execute(Command.FIND_ELEMENT, {\"using\": by, \"value\": value})[\"value\"]\n           ~~~~~~~~~~~~^^^^^^^^^^^^^^^^^^^^^^^^^^^^^^^^^^^^^^^^^^^^^^^^^^^^^\n  File \"/opt/hostedtoolcache/Python/3.13.2/x64/lib/python3.13/site-packages/selenium/webdriver/remote/webdriver.py\", line 384, in execute\n    self.error_handler.check_response(response)\n    ~~~~~~~~~~~~~~~~~~~~~~~~~~~~~~~~~^^^^^^^^^^\n  File \"/opt/hostedtoolcache/Python/3.13.2/x64/lib/python3.13/site-packages/selenium/webdriver/remote/errorhandler.py\", line 232, in check_response\n    raise exception_class(message, screen, stacktrace)\n","steps":[],"attachments":[],"parameters":[],"shouldDisplayMessage":true,"stepsCount":0,"attachmentsCount":0,"hasContent":true,"attachmentStep":false},{"name":"Looks like the class ENUMERATION is not mapped","time":{"start":1739744051095,"stop":1739744051095,"duration":0},"status":"passed","steps":[],"attachments":[],"parameters":[],"shouldDisplayMessage":false,"stepsCount":0,"attachmentsCount":0,"hasContent":false,"attachmentStep":false},{"name":"Select main metadata","time":{"start":1739744051116,"stop":1739744051233,"duration":117},"status":"passed","steps":[],"attachments":[],"parameters":[{"name":"metadata","value":"5"}],"shouldDisplayMessage":false,"stepsCount":0,"attachmentsCount":0,"hasContent":true,"attachmentStep":false},{"name":"Implicit wait metadata","time":{"start":1739744051233,"stop":1739744061278,"duration":10045},"status":"broken","statusMessage":"selenium.common.exceptions.NoSuchElementException: Message: no such element: Unable to locate element: {\"method\":\"css selector\",\"selector\":\"#listing_mapper_list_category__0\"}\n  (Session info: chrome=133.0.6943.98); For documentation on this error, please visit: https://www.selenium.dev/documentation/webdriver/troubleshooting/errors#no-such-element-exception\nStacktrace:\n#0 0x5633c468209a <unknown>\n#1 0x5633c41498b0 <unknown>\n#2 0x5633c419ab99 <unknown>\n#3 0x5633c419ad21 <unknown>\n#4 0x5633c41e9854 <unknown>\n#5 0x5633c41c09ad <unknown>\n#6 0x5633c41e6b8b <unknown>\n#7 0x5633c41c0753 <unknown>\n#8 0x5633c418c38e <unknown>\n#9 0x5633c418db51 <unknown>\n#10 0x5633c464b76b <unknown>\n#11 0x5633c464f6f2 <unknown>\n#12 0x5633c46378fc <unknown>\n#13 0x5633c46502e4 <unknown>\n#14 0x5633c461b9cf <unknown>\n#15 0x5633c4670cd8 <unknown>\n#16 0x5633c4670eb6 <unknown>\n#17 0x5633c4680f16 <unknown>\n#18 0x7fbc7409caa4 <unknown>\n#19 0x7fbc74129c3c <unknown>\n\n","statusTrace":"  File \"/opt/hostedtoolcache/Python/3.13.2/x64/lib/python3.13/site-packages/allure_commons/_allure.py\", line 192, in impl\n    return func(*a, **kw)\n  File \"/home/runner/work/eim-map-test/eim-map-test/SLP/ui/PageObjects/SLPMain/slp_main.py\", line 63, in impl_wait_metadata\n    ListComponent(self.driver).get_map_filed(IMPLIS_WAIT_MAP)\n    ~~~~~~~~~~~~~~~~~~~~~~~~~~~~~~~~~~~~~~~~^^^^^^^^^^^^^^^^^\n  File \"/home/runner/work/eim-map-test/eim-map-test/SLP/ui/PageObjects/SLPMain/listing_component.py\", line 46, in get_map_filed\n    return self.node.find_element(*xpath)\n           ~~~~~~~~~~~~~~~~~~~~~~^^^^^^^^\n  File \"/opt/hostedtoolcache/Python/3.13.2/x64/lib/python3.13/site-packages/selenium/webdriver/remote/webdriver.py\", line 770, in find_element\n    return self.execute(Command.FIND_ELEMENT, {\"using\": by, \"value\": value})[\"value\"]\n           ~~~~~~~~~~~~^^^^^^^^^^^^^^^^^^^^^^^^^^^^^^^^^^^^^^^^^^^^^^^^^^^^^\n  File \"/opt/hostedtoolcache/Python/3.13.2/x64/lib/python3.13/site-packages/selenium/webdriver/remote/webdriver.py\", line 384, in execute\n    self.error_handler.check_response(response)\n    ~~~~~~~~~~~~~~~~~~~~~~~~~~~~~~~~~^^^^^^^^^^\n  File \"/opt/hostedtoolcache/Python/3.13.2/x64/lib/python3.13/site-packages/selenium/webdriver/remote/errorhandler.py\", line 232, in check_response\n    raise exception_class(message, screen, stacktrace)\n","steps":[],"attachments":[],"parameters":[],"shouldDisplayMessage":true,"stepsCount":0,"attachmentsCount":0,"hasContent":true,"attachmentStep":false},{"name":"Looks like the class PROPERTYROOMS is not mapped","time":{"start":1739744061279,"stop":1739744061279,"duration":0},"status":"passed","steps":[],"attachments":[],"parameters":[],"shouldDisplayMessage":false,"stepsCount":0,"attachmentsCount":0,"hasContent":false,"attachmentStep":false},{"name":"Select main metadata","time":{"start":1739744061316,"stop":1739744061441,"duration":125},"status":"passed","steps":[],"attachments":[],"parameters":[{"name":"metadata","value":"6"}],"shouldDisplayMessage":false,"stepsCount":0,"attachmentsCount":0,"hasContent":true,"attachmentStep":false},{"name":"Implicit wait metadata","time":{"start":1739744061441,"stop":1739744071470,"duration":10029},"status":"broken","statusMessage":"selenium.common.exceptions.NoSuchElementException: Message: no such element: Unable to locate element: {\"method\":\"css selector\",\"selector\":\"#listing_mapper_list_category__0\"}\n  (Session info: chrome=133.0.6943.98); For documentation on this error, please visit: https://www.selenium.dev/documentation/webdriver/troubleshooting/errors#no-such-element-exception\nStacktrace:\n#0 0x5633c468209a <unknown>\n#1 0x5633c41498b0 <unknown>\n#2 0x5633c419ab99 <unknown>\n#3 0x5633c419ad21 <unknown>\n#4 0x5633c41e9854 <unknown>\n#5 0x5633c41c09ad <unknown>\n#6 0x5633c41e6b8b <unknown>\n#7 0x5633c41c0753 <unknown>\n#8 0x5633c418c38e <unknown>\n#9 0x5633c418db51 <unknown>\n#10 0x5633c464b76b <unknown>\n#11 0x5633c464f6f2 <unknown>\n#12 0x5633c46378fc <unknown>\n#13 0x5633c46502e4 <unknown>\n#14 0x5633c461b9cf <unknown>\n#15 0x5633c4670cd8 <unknown>\n#16 0x5633c4670eb6 <unknown>\n#17 0x5633c4680f16 <unknown>\n#18 0x7fbc7409caa4 <unknown>\n#19 0x7fbc74129c3c <unknown>\n\n","statusTrace":"  File \"/opt/hostedtoolcache/Python/3.13.2/x64/lib/python3.13/site-packages/allure_commons/_allure.py\", line 192, in impl\n    return func(*a, **kw)\n  File \"/home/runner/work/eim-map-test/eim-map-test/SLP/ui/PageObjects/SLPMain/slp_main.py\", line 63, in impl_wait_metadata\n    ListComponent(self.driver).get_map_filed(IMPLIS_WAIT_MAP)\n    ~~~~~~~~~~~~~~~~~~~~~~~~~~~~~~~~~~~~~~~~^^^^^^^^^^^^^^^^^\n  File \"/home/runner/work/eim-map-test/eim-map-test/SLP/ui/PageObjects/SLPMain/listing_component.py\", line 46, in get_map_filed\n    return self.node.find_element(*xpath)\n           ~~~~~~~~~~~~~~~~~~~~~~^^^^^^^^\n  File \"/opt/hostedtoolcache/Python/3.13.2/x64/lib/python3.13/site-packages/selenium/webdriver/remote/webdriver.py\", line 770, in find_element\n    return self.execute(Command.FIND_ELEMENT, {\"using\": by, \"value\": value})[\"value\"]\n           ~~~~~~~~~~~~^^^^^^^^^^^^^^^^^^^^^^^^^^^^^^^^^^^^^^^^^^^^^^^^^^^^^\n  File \"/opt/hostedtoolcache/Python/3.13.2/x64/lib/python3.13/site-packages/selenium/webdriver/remote/webdriver.py\", line 384, in execute\n    self.error_handler.check_response(response)\n    ~~~~~~~~~~~~~~~~~~~~~~~~~~~~~~~~~^^^^^^^^^^\n  File \"/opt/hostedtoolcache/Python/3.13.2/x64/lib/python3.13/site-packages/selenium/webdriver/remote/errorhandler.py\", line 232, in check_response\n    raise exception_class(message, screen, stacktrace)\n","steps":[],"attachments":[],"parameters":[],"shouldDisplayMessage":true,"stepsCount":0,"attachmentsCount":0,"hasContent":true,"attachmentStep":false},{"name":"Looks like the class PROPERTYUNITTYPES is not mapped","time":{"start":1739744071471,"stop":1739744071471,"duration":0},"status":"passed","steps":[],"attachments":[],"parameters":[],"shouldDisplayMessage":false,"stepsCount":0,"attachmentsCount":0,"hasContent":false,"attachmentStep":false},{"name":"Select main metadata","time":{"start":1739744071491,"stop":1739744071616,"duration":125},"status":"passed","steps":[],"attachments":[],"parameters":[{"name":"metadata","value":"7"}],"shouldDisplayMessage":false,"stepsCount":0,"attachmentsCount":0,"hasContent":true,"attachmentStep":false},{"name":"Implicit wait metadata","time":{"start":1739744071616,"stop":1739744081668,"duration":10052},"status":"broken","statusMessage":"selenium.common.exceptions.NoSuchElementException: Message: no such element: Unable to locate element: {\"method\":\"css selector\",\"selector\":\"#listing_mapper_list_category__0\"}\n  (Session info: chrome=133.0.6943.98); For documentation on this error, please visit: https://www.selenium.dev/documentation/webdriver/troubleshooting/errors#no-such-element-exception\nStacktrace:\n#0 0x5633c468209a <unknown>\n#1 0x5633c41498b0 <unknown>\n#2 0x5633c419ab99 <unknown>\n#3 0x5633c419ad21 <unknown>\n#4 0x5633c41e9854 <unknown>\n#5 0x5633c41c09ad <unknown>\n#6 0x5633c41e6b8b <unknown>\n#7 0x5633c41c0753 <unknown>\n#8 0x5633c418c38e <unknown>\n#9 0x5633c418db51 <unknown>\n#10 0x5633c464b76b <unknown>\n#11 0x5633c464f6f2 <unknown>\n#12 0x5633c46378fc <unknown>\n#13 0x5633c46502e4 <unknown>\n#14 0x5633c461b9cf <unknown>\n#15 0x5633c4670cd8 <unknown>\n#16 0x5633c4670eb6 <unknown>\n#17 0x5633c4680f16 <unknown>\n#18 0x7fbc7409caa4 <unknown>\n#19 0x7fbc74129c3c <unknown>\n\n","statusTrace":"  File \"/opt/hostedtoolcache/Python/3.13.2/x64/lib/python3.13/site-packages/allure_commons/_allure.py\", line 192, in impl\n    return func(*a, **kw)\n  File \"/home/runner/work/eim-map-test/eim-map-test/SLP/ui/PageObjects/SLPMain/slp_main.py\", line 63, in impl_wait_metadata\n    ListComponent(self.driver).get_map_filed(IMPLIS_WAIT_MAP)\n    ~~~~~~~~~~~~~~~~~~~~~~~~~~~~~~~~~~~~~~~~^^^^^^^^^^^^^^^^^\n  File \"/home/runner/work/eim-map-test/eim-map-test/SLP/ui/PageObjects/SLPMain/listing_component.py\", line 46, in get_map_filed\n    return self.node.find_element(*xpath)\n           ~~~~~~~~~~~~~~~~~~~~~~^^^^^^^^\n  File \"/opt/hostedtoolcache/Python/3.13.2/x64/lib/python3.13/site-packages/selenium/webdriver/remote/webdriver.py\", line 770, in find_element\n    return self.execute(Command.FIND_ELEMENT, {\"using\": by, \"value\": value})[\"value\"]\n           ~~~~~~~~~~~~^^^^^^^^^^^^^^^^^^^^^^^^^^^^^^^^^^^^^^^^^^^^^^^^^^^^^\n  File \"/opt/hostedtoolcache/Python/3.13.2/x64/lib/python3.13/site-packages/selenium/webdriver/remote/webdriver.py\", line 384, in execute\n    self.error_handler.check_response(response)\n    ~~~~~~~~~~~~~~~~~~~~~~~~~~~~~~~~~^^^^^^^^^^\n  File \"/opt/hostedtoolcache/Python/3.13.2/x64/lib/python3.13/site-packages/selenium/webdriver/remote/errorhandler.py\", line 232, in check_response\n    raise exception_class(message, screen, stacktrace)\n","steps":[],"attachments":[],"parameters":[],"shouldDisplayMessage":true,"stepsCount":0,"attachmentsCount":0,"hasContent":true,"attachmentStep":false},{"name":"Looks like the class PUBLICRECORDPROPERTYBUILDING is not mapped","time":{"start":1739744081669,"stop":1739744081669,"duration":0},"status":"passed","steps":[],"attachments":[],"parameters":[],"shouldDisplayMessage":false,"stepsCount":0,"attachmentsCount":0,"hasContent":false,"attachmentStep":false},{"name":"Select main metadata","time":{"start":1739744081688,"stop":1739744081814,"duration":126},"status":"passed","steps":[],"attachments":[],"parameters":[{"name":"metadata","value":"8"}],"shouldDisplayMessage":false,"stepsCount":0,"attachmentsCount":0,"hasContent":true,"attachmentStep":false},{"name":"Implicit wait metadata","time":{"start":1739744081814,"stop":1739744091841,"duration":10027},"status":"broken","statusMessage":"selenium.common.exceptions.NoSuchElementException: Message: no such element: Unable to locate element: {\"method\":\"css selector\",\"selector\":\"#listing_mapper_list_category__0\"}\n  (Session info: chrome=133.0.6943.98); For documentation on this error, please visit: https://www.selenium.dev/documentation/webdriver/troubleshooting/errors#no-such-element-exception\nStacktrace:\n#0 0x5633c468209a <unknown>\n#1 0x5633c41498b0 <unknown>\n#2 0x5633c419ab99 <unknown>\n#3 0x5633c419ad21 <unknown>\n#4 0x5633c41e9854 <unknown>\n#5 0x5633c41c09ad <unknown>\n#6 0x5633c41e6b8b <unknown>\n#7 0x5633c41c0753 <unknown>\n#8 0x5633c418c38e <unknown>\n#9 0x5633c418db51 <unknown>\n#10 0x5633c464b76b <unknown>\n#11 0x5633c464f6f2 <unknown>\n#12 0x5633c46378fc <unknown>\n#13 0x5633c46502e4 <unknown>\n#14 0x5633c461b9cf <unknown>\n#15 0x5633c4670cd8 <unknown>\n#16 0x5633c4670eb6 <unknown>\n#17 0x5633c4680f16 <unknown>\n#18 0x7fbc7409caa4 <unknown>\n#19 0x7fbc74129c3c <unknown>\n\n","statusTrace":"  File \"/opt/hostedtoolcache/Python/3.13.2/x64/lib/python3.13/site-packages/allure_commons/_allure.py\", line 192, in impl\n    return func(*a, **kw)\n  File \"/home/runner/work/eim-map-test/eim-map-test/SLP/ui/PageObjects/SLPMain/slp_main.py\", line 63, in impl_wait_metadata\n    ListComponent(self.driver).get_map_filed(IMPLIS_WAIT_MAP)\n    ~~~~~~~~~~~~~~~~~~~~~~~~~~~~~~~~~~~~~~~~^^^^^^^^^^^^^^^^^\n  File \"/home/runner/work/eim-map-test/eim-map-test/SLP/ui/PageObjects/SLPMain/listing_component.py\", line 46, in get_map_filed\n    return self.node.find_element(*xpath)\n           ~~~~~~~~~~~~~~~~~~~~~~^^^^^^^^\n  File \"/opt/hostedtoolcache/Python/3.13.2/x64/lib/python3.13/site-packages/selenium/webdriver/remote/webdriver.py\", line 770, in find_element\n    return self.execute(Command.FIND_ELEMENT, {\"using\": by, \"value\": value})[\"value\"]\n           ~~~~~~~~~~~~^^^^^^^^^^^^^^^^^^^^^^^^^^^^^^^^^^^^^^^^^^^^^^^^^^^^^\n  File \"/opt/hostedtoolcache/Python/3.13.2/x64/lib/python3.13/site-packages/selenium/webdriver/remote/webdriver.py\", line 384, in execute\n    self.error_handler.check_response(response)\n    ~~~~~~~~~~~~~~~~~~~~~~~~~~~~~~~~~^^^^^^^^^^\n  File \"/opt/hostedtoolcache/Python/3.13.2/x64/lib/python3.13/site-packages/selenium/webdriver/remote/errorhandler.py\", line 232, in check_response\n    raise exception_class(message, screen, stacktrace)\n","steps":[],"attachments":[],"parameters":[],"shouldDisplayMessage":true,"stepsCount":0,"attachmentsCount":0,"hasContent":true,"attachmentStep":false},{"name":"Looks like the class PUBLICRECORDPROPERTYLASTMARKETSALE is not mapped","time":{"start":1739744091842,"stop":1739744091842,"duration":0},"status":"passed","steps":[],"attachments":[],"parameters":[],"shouldDisplayMessage":false,"stepsCount":0,"attachmentsCount":0,"hasContent":false,"attachmentStep":false},{"name":"Select main metadata","time":{"start":1739744091863,"stop":1739744092000,"duration":137},"status":"passed","steps":[],"attachments":[],"parameters":[{"name":"metadata","value":"9"}],"shouldDisplayMessage":false,"stepsCount":0,"attachmentsCount":0,"hasContent":true,"attachmentStep":false},{"name":"Implicit wait metadata","time":{"start":1739744092001,"stop":1739744102014,"duration":10013},"status":"broken","statusMessage":"selenium.common.exceptions.NoSuchElementException: Message: no such element: Unable to locate element: {\"method\":\"css selector\",\"selector\":\"#listing_mapper_list_category__0\"}\n  (Session info: chrome=133.0.6943.98); For documentation on this error, please visit: https://www.selenium.dev/documentation/webdriver/troubleshooting/errors#no-such-element-exception\nStacktrace:\n#0 0x5633c468209a <unknown>\n#1 0x5633c41498b0 <unknown>\n#2 0x5633c419ab99 <unknown>\n#3 0x5633c419ad21 <unknown>\n#4 0x5633c41e9854 <unknown>\n#5 0x5633c41c09ad <unknown>\n#6 0x5633c41e6b8b <unknown>\n#7 0x5633c41c0753 <unknown>\n#8 0x5633c418c38e <unknown>\n#9 0x5633c418db51 <unknown>\n#10 0x5633c464b76b <unknown>\n#11 0x5633c464f6f2 <unknown>\n#12 0x5633c46378fc <unknown>\n#13 0x5633c46502e4 <unknown>\n#14 0x5633c461b9cf <unknown>\n#15 0x5633c4670cd8 <unknown>\n#16 0x5633c4670eb6 <unknown>\n#17 0x5633c4680f16 <unknown>\n#18 0x7fbc7409caa4 <unknown>\n#19 0x7fbc74129c3c <unknown>\n\n","statusTrace":"  File \"/opt/hostedtoolcache/Python/3.13.2/x64/lib/python3.13/site-packages/allure_commons/_allure.py\", line 192, in impl\n    return func(*a, **kw)\n  File \"/home/runner/work/eim-map-test/eim-map-test/SLP/ui/PageObjects/SLPMain/slp_main.py\", line 63, in impl_wait_metadata\n    ListComponent(self.driver).get_map_filed(IMPLIS_WAIT_MAP)\n    ~~~~~~~~~~~~~~~~~~~~~~~~~~~~~~~~~~~~~~~~^^^^^^^^^^^^^^^^^\n  File \"/home/runner/work/eim-map-test/eim-map-test/SLP/ui/PageObjects/SLPMain/listing_component.py\", line 46, in get_map_filed\n    return self.node.find_element(*xpath)\n           ~~~~~~~~~~~~~~~~~~~~~~^^^^^^^^\n  File \"/opt/hostedtoolcache/Python/3.13.2/x64/lib/python3.13/site-packages/selenium/webdriver/remote/webdriver.py\", line 770, in find_element\n    return self.execute(Command.FIND_ELEMENT, {\"using\": by, \"value\": value})[\"value\"]\n           ~~~~~~~~~~~~^^^^^^^^^^^^^^^^^^^^^^^^^^^^^^^^^^^^^^^^^^^^^^^^^^^^^\n  File \"/opt/hostedtoolcache/Python/3.13.2/x64/lib/python3.13/site-packages/selenium/webdriver/remote/webdriver.py\", line 384, in execute\n    self.error_handler.check_response(response)\n    ~~~~~~~~~~~~~~~~~~~~~~~~~~~~~~~~~^^^^^^^^^^\n  File \"/opt/hostedtoolcache/Python/3.13.2/x64/lib/python3.13/site-packages/selenium/webdriver/remote/errorhandler.py\", line 232, in check_response\n    raise exception_class(message, screen, stacktrace)\n","steps":[],"attachments":[],"parameters":[],"shouldDisplayMessage":true,"stepsCount":0,"attachmentsCount":0,"hasContent":true,"attachmentStep":false},{"name":"Looks like the class PUBLICRECORDPROPERTYLOCATION is not mapped","time":{"start":1739744102015,"stop":1739744102015,"duration":0},"status":"passed","steps":[],"attachments":[],"parameters":[],"shouldDisplayMessage":false,"stepsCount":0,"attachmentsCount":0,"hasContent":false,"attachmentStep":false},{"name":"Select main metadata","time":{"start":1739744102035,"stop":1739744102172,"duration":137},"status":"passed","steps":[],"attachments":[],"parameters":[{"name":"metadata","value":"10"}],"shouldDisplayMessage":false,"stepsCount":0,"attachmentsCount":0,"hasContent":true,"attachmentStep":false},{"name":"Implicit wait metadata","time":{"start":1739744102172,"stop":1739744112217,"duration":10045},"status":"broken","statusMessage":"selenium.common.exceptions.NoSuchElementException: Message: no such element: Unable to locate element: {\"method\":\"css selector\",\"selector\":\"#listing_mapper_list_category__0\"}\n  (Session info: chrome=133.0.6943.98); For documentation on this error, please visit: https://www.selenium.dev/documentation/webdriver/troubleshooting/errors#no-such-element-exception\nStacktrace:\n#0 0x5633c468209a <unknown>\n#1 0x5633c41498b0 <unknown>\n#2 0x5633c419ab99 <unknown>\n#3 0x5633c419ad21 <unknown>\n#4 0x5633c41e9854 <unknown>\n#5 0x5633c41c09ad <unknown>\n#6 0x5633c41e6b8b <unknown>\n#7 0x5633c41c0753 <unknown>\n#8 0x5633c418c38e <unknown>\n#9 0x5633c418db51 <unknown>\n#10 0x5633c464b76b <unknown>\n#11 0x5633c464f6f2 <unknown>\n#12 0x5633c46378fc <unknown>\n#13 0x5633c46502e4 <unknown>\n#14 0x5633c461b9cf <unknown>\n#15 0x5633c4670cd8 <unknown>\n#16 0x5633c4670eb6 <unknown>\n#17 0x5633c4680f16 <unknown>\n#18 0x7fbc7409caa4 <unknown>\n#19 0x7fbc74129c3c <unknown>\n\n","statusTrace":"  File \"/opt/hostedtoolcache/Python/3.13.2/x64/lib/python3.13/site-packages/allure_commons/_allure.py\", line 192, in impl\n    return func(*a, **kw)\n  File \"/home/runner/work/eim-map-test/eim-map-test/SLP/ui/PageObjects/SLPMain/slp_main.py\", line 63, in impl_wait_metadata\n    ListComponent(self.driver).get_map_filed(IMPLIS_WAIT_MAP)\n    ~~~~~~~~~~~~~~~~~~~~~~~~~~~~~~~~~~~~~~~~^^^^^^^^^^^^^^^^^\n  File \"/home/runner/work/eim-map-test/eim-map-test/SLP/ui/PageObjects/SLPMain/listing_component.py\", line 46, in get_map_filed\n    return self.node.find_element(*xpath)\n           ~~~~~~~~~~~~~~~~~~~~~~^^^^^^^^\n  File \"/opt/hostedtoolcache/Python/3.13.2/x64/lib/python3.13/site-packages/selenium/webdriver/remote/webdriver.py\", line 770, in find_element\n    return self.execute(Command.FIND_ELEMENT, {\"using\": by, \"value\": value})[\"value\"]\n           ~~~~~~~~~~~~^^^^^^^^^^^^^^^^^^^^^^^^^^^^^^^^^^^^^^^^^^^^^^^^^^^^^\n  File \"/opt/hostedtoolcache/Python/3.13.2/x64/lib/python3.13/site-packages/selenium/webdriver/remote/webdriver.py\", line 384, in execute\n    self.error_handler.check_response(response)\n    ~~~~~~~~~~~~~~~~~~~~~~~~~~~~~~~~~^^^^^^^^^^\n  File \"/opt/hostedtoolcache/Python/3.13.2/x64/lib/python3.13/site-packages/selenium/webdriver/remote/errorhandler.py\", line 232, in check_response\n    raise exception_class(message, screen, stacktrace)\n","steps":[],"attachments":[],"parameters":[],"shouldDisplayMessage":true,"stepsCount":0,"attachmentsCount":0,"hasContent":true,"attachmentStep":false},{"name":"Looks like the class PUBLICRECORDPROPERTYOWNERSHIP is not mapped","time":{"start":1739744112218,"stop":1739744112218,"duration":0},"status":"passed","steps":[],"attachments":[],"parameters":[],"shouldDisplayMessage":false,"stepsCount":0,"attachmentsCount":0,"hasContent":false,"attachmentStep":false},{"name":"Select main metadata","time":{"start":1739744112238,"stop":1739744112378,"duration":140},"status":"passed","steps":[],"attachments":[],"parameters":[{"name":"metadata","value":"11"}],"shouldDisplayMessage":false,"stepsCount":0,"attachmentsCount":0,"hasContent":true,"attachmentStep":false},{"name":"Implicit wait metadata","time":{"start":1739744112378,"stop":1739744122430,"duration":10052},"status":"broken","statusMessage":"selenium.common.exceptions.NoSuchElementException: Message: no such element: Unable to locate element: {\"method\":\"css selector\",\"selector\":\"#listing_mapper_list_category__0\"}\n  (Session info: chrome=133.0.6943.98); For documentation on this error, please visit: https://www.selenium.dev/documentation/webdriver/troubleshooting/errors#no-such-element-exception\nStacktrace:\n#0 0x5633c468209a <unknown>\n#1 0x5633c41498b0 <unknown>\n#2 0x5633c419ab99 <unknown>\n#3 0x5633c419ad21 <unknown>\n#4 0x5633c41e9854 <unknown>\n#5 0x5633c41c09ad <unknown>\n#6 0x5633c41e6b8b <unknown>\n#7 0x5633c41c0753 <unknown>\n#8 0x5633c418c38e <unknown>\n#9 0x5633c418db51 <unknown>\n#10 0x5633c464b76b <unknown>\n#11 0x5633c464f6f2 <unknown>\n#12 0x5633c46378fc <unknown>\n#13 0x5633c46502e4 <unknown>\n#14 0x5633c461b9cf <unknown>\n#15 0x5633c4670cd8 <unknown>\n#16 0x5633c4670eb6 <unknown>\n#17 0x5633c4680f16 <unknown>\n#18 0x7fbc7409caa4 <unknown>\n#19 0x7fbc74129c3c <unknown>\n\n","statusTrace":"  File \"/opt/hostedtoolcache/Python/3.13.2/x64/lib/python3.13/site-packages/allure_commons/_allure.py\", line 192, in impl\n    return func(*a, **kw)\n  File \"/home/runner/work/eim-map-test/eim-map-test/SLP/ui/PageObjects/SLPMain/slp_main.py\", line 63, in impl_wait_metadata\n    ListComponent(self.driver).get_map_filed(IMPLIS_WAIT_MAP)\n    ~~~~~~~~~~~~~~~~~~~~~~~~~~~~~~~~~~~~~~~~^^^^^^^^^^^^^^^^^\n  File \"/home/runner/work/eim-map-test/eim-map-test/SLP/ui/PageObjects/SLPMain/listing_component.py\", line 46, in get_map_filed\n    return self.node.find_element(*xpath)\n           ~~~~~~~~~~~~~~~~~~~~~~^^^^^^^^\n  File \"/opt/hostedtoolcache/Python/3.13.2/x64/lib/python3.13/site-packages/selenium/webdriver/remote/webdriver.py\", line 770, in find_element\n    return self.execute(Command.FIND_ELEMENT, {\"using\": by, \"value\": value})[\"value\"]\n           ~~~~~~~~~~~~^^^^^^^^^^^^^^^^^^^^^^^^^^^^^^^^^^^^^^^^^^^^^^^^^^^^^\n  File \"/opt/hostedtoolcache/Python/3.13.2/x64/lib/python3.13/site-packages/selenium/webdriver/remote/webdriver.py\", line 384, in execute\n    self.error_handler.check_response(response)\n    ~~~~~~~~~~~~~~~~~~~~~~~~~~~~~~~~~^^^^^^^^^^\n  File \"/opt/hostedtoolcache/Python/3.13.2/x64/lib/python3.13/site-packages/selenium/webdriver/remote/errorhandler.py\", line 232, in check_response\n    raise exception_class(message, screen, stacktrace)\n","steps":[],"attachments":[],"parameters":[],"shouldDisplayMessage":true,"stepsCount":0,"attachmentsCount":0,"hasContent":true,"attachmentStep":false},{"name":"Looks like the class PUBLICRECORDPROPERTYOWNERSHIPTRANSFER is not mapped","time":{"start":1739744122431,"stop":1739744122431,"duration":0},"status":"passed","steps":[],"attachments":[],"parameters":[],"shouldDisplayMessage":false,"stepsCount":0,"attachmentsCount":0,"hasContent":false,"attachmentStep":false},{"name":"Select main metadata","time":{"start":1739744122452,"stop":1739744122595,"duration":143},"status":"passed","steps":[],"attachments":[],"parameters":[{"name":"metadata","value":"12"}],"shouldDisplayMessage":false,"stepsCount":0,"attachmentsCount":0,"hasContent":true,"attachmentStep":false},{"name":"Implicit wait metadata","time":{"start":1739744122595,"stop":1739744132611,"duration":10016},"status":"broken","statusMessage":"selenium.common.exceptions.NoSuchElementException: Message: no such element: Unable to locate element: {\"method\":\"css selector\",\"selector\":\"#listing_mapper_list_category__0\"}\n  (Session info: chrome=133.0.6943.98); For documentation on this error, please visit: https://www.selenium.dev/documentation/webdriver/troubleshooting/errors#no-such-element-exception\nStacktrace:\n#0 0x5633c468209a <unknown>\n#1 0x5633c41498b0 <unknown>\n#2 0x5633c419ab99 <unknown>\n#3 0x5633c419ad21 <unknown>\n#4 0x5633c41e9854 <unknown>\n#5 0x5633c41c09ad <unknown>\n#6 0x5633c41e6b8b <unknown>\n#7 0x5633c41c0753 <unknown>\n#8 0x5633c418c38e <unknown>\n#9 0x5633c418db51 <unknown>\n#10 0x5633c464b76b <unknown>\n#11 0x5633c464f6f2 <unknown>\n#12 0x5633c46378fc <unknown>\n#13 0x5633c46502e4 <unknown>\n#14 0x5633c461b9cf <unknown>\n#15 0x5633c4670cd8 <unknown>\n#16 0x5633c4670eb6 <unknown>\n#17 0x5633c4680f16 <unknown>\n#18 0x7fbc7409caa4 <unknown>\n#19 0x7fbc74129c3c <unknown>\n\n","statusTrace":"  File \"/opt/hostedtoolcache/Python/3.13.2/x64/lib/python3.13/site-packages/allure_commons/_allure.py\", line 192, in impl\n    return func(*a, **kw)\n  File \"/home/runner/work/eim-map-test/eim-map-test/SLP/ui/PageObjects/SLPMain/slp_main.py\", line 63, in impl_wait_metadata\n    ListComponent(self.driver).get_map_filed(IMPLIS_WAIT_MAP)\n    ~~~~~~~~~~~~~~~~~~~~~~~~~~~~~~~~~~~~~~~~^^^^^^^^^^^^^^^^^\n  File \"/home/runner/work/eim-map-test/eim-map-test/SLP/ui/PageObjects/SLPMain/listing_component.py\", line 46, in get_map_filed\n    return self.node.find_element(*xpath)\n           ~~~~~~~~~~~~~~~~~~~~~~^^^^^^^^\n  File \"/opt/hostedtoolcache/Python/3.13.2/x64/lib/python3.13/site-packages/selenium/webdriver/remote/webdriver.py\", line 770, in find_element\n    return self.execute(Command.FIND_ELEMENT, {\"using\": by, \"value\": value})[\"value\"]\n           ~~~~~~~~~~~~^^^^^^^^^^^^^^^^^^^^^^^^^^^^^^^^^^^^^^^^^^^^^^^^^^^^^\n  File \"/opt/hostedtoolcache/Python/3.13.2/x64/lib/python3.13/site-packages/selenium/webdriver/remote/webdriver.py\", line 384, in execute\n    self.error_handler.check_response(response)\n    ~~~~~~~~~~~~~~~~~~~~~~~~~~~~~~~~~^^^^^^^^^^\n  File \"/opt/hostedtoolcache/Python/3.13.2/x64/lib/python3.13/site-packages/selenium/webdriver/remote/errorhandler.py\", line 232, in check_response\n    raise exception_class(message, screen, stacktrace)\n","steps":[],"attachments":[],"parameters":[],"shouldDisplayMessage":true,"stepsCount":0,"attachmentsCount":0,"hasContent":true,"attachmentStep":false},{"name":"Looks like the class PUBLICRECORDPROPERTYPRIORSALE is not mapped","time":{"start":1739744132612,"stop":1739744132612,"duration":0},"status":"passed","steps":[],"attachments":[],"parameters":[],"shouldDisplayMessage":false,"stepsCount":0,"attachmentsCount":0,"hasContent":false,"attachmentStep":false},{"name":"Select main metadata","time":{"start":1739744132634,"stop":1739744132779,"duration":145},"status":"passed","steps":[],"attachments":[],"parameters":[{"name":"metadata","value":"13"}],"shouldDisplayMessage":false,"stepsCount":0,"attachmentsCount":0,"hasContent":true,"attachmentStep":false},{"name":"Implicit wait metadata","time":{"start":1739744132780,"stop":1739744142810,"duration":10030},"status":"broken","statusMessage":"selenium.common.exceptions.NoSuchElementException: Message: no such element: Unable to locate element: {\"method\":\"css selector\",\"selector\":\"#listing_mapper_list_category__0\"}\n  (Session info: chrome=133.0.6943.98); For documentation on this error, please visit: https://www.selenium.dev/documentation/webdriver/troubleshooting/errors#no-such-element-exception\nStacktrace:\n#0 0x5633c468209a <unknown>\n#1 0x5633c41498b0 <unknown>\n#2 0x5633c419ab99 <unknown>\n#3 0x5633c419ad21 <unknown>\n#4 0x5633c41e9854 <unknown>\n#5 0x5633c41c09ad <unknown>\n#6 0x5633c41e6b8b <unknown>\n#7 0x5633c41c0753 <unknown>\n#8 0x5633c418c38e <unknown>\n#9 0x5633c418db51 <unknown>\n#10 0x5633c464b76b <unknown>\n#11 0x5633c464f6f2 <unknown>\n#12 0x5633c46378fc <unknown>\n#13 0x5633c46502e4 <unknown>\n#14 0x5633c461b9cf <unknown>\n#15 0x5633c4670cd8 <unknown>\n#16 0x5633c4670eb6 <unknown>\n#17 0x5633c4680f16 <unknown>\n#18 0x7fbc7409caa4 <unknown>\n#19 0x7fbc74129c3c <unknown>\n\n","statusTrace":"  File \"/opt/hostedtoolcache/Python/3.13.2/x64/lib/python3.13/site-packages/allure_commons/_allure.py\", line 192, in impl\n    return func(*a, **kw)\n  File \"/home/runner/work/eim-map-test/eim-map-test/SLP/ui/PageObjects/SLPMain/slp_main.py\", line 63, in impl_wait_metadata\n    ListComponent(self.driver).get_map_filed(IMPLIS_WAIT_MAP)\n    ~~~~~~~~~~~~~~~~~~~~~~~~~~~~~~~~~~~~~~~~^^^^^^^^^^^^^^^^^\n  File \"/home/runner/work/eim-map-test/eim-map-test/SLP/ui/PageObjects/SLPMain/listing_component.py\", line 46, in get_map_filed\n    return self.node.find_element(*xpath)\n           ~~~~~~~~~~~~~~~~~~~~~~^^^^^^^^\n  File \"/opt/hostedtoolcache/Python/3.13.2/x64/lib/python3.13/site-packages/selenium/webdriver/remote/webdriver.py\", line 770, in find_element\n    return self.execute(Command.FIND_ELEMENT, {\"using\": by, \"value\": value})[\"value\"]\n           ~~~~~~~~~~~~^^^^^^^^^^^^^^^^^^^^^^^^^^^^^^^^^^^^^^^^^^^^^^^^^^^^^\n  File \"/opt/hostedtoolcache/Python/3.13.2/x64/lib/python3.13/site-packages/selenium/webdriver/remote/webdriver.py\", line 384, in execute\n    self.error_handler.check_response(response)\n    ~~~~~~~~~~~~~~~~~~~~~~~~~~~~~~~~~^^^^^^^^^^\n  File \"/opt/hostedtoolcache/Python/3.13.2/x64/lib/python3.13/site-packages/selenium/webdriver/remote/errorhandler.py\", line 232, in check_response\n    raise exception_class(message, screen, stacktrace)\n","steps":[],"attachments":[],"parameters":[],"shouldDisplayMessage":true,"stepsCount":0,"attachmentsCount":0,"hasContent":true,"attachmentStep":false},{"name":"Looks like the class PUBLICRECORDPROPERTYSEARCH is not mapped","time":{"start":1739744142811,"stop":1739744142811,"duration":0},"status":"passed","steps":[],"attachments":[],"parameters":[],"shouldDisplayMessage":false,"stepsCount":0,"attachmentsCount":0,"hasContent":false,"attachmentStep":false},{"name":"Select main metadata","time":{"start":1739744142830,"stop":1739744142978,"duration":148},"status":"passed","steps":[],"attachments":[],"parameters":[{"name":"metadata","value":"14"}],"shouldDisplayMessage":false,"stepsCount":0,"attachmentsCount":0,"hasContent":true,"attachmentStep":false},{"name":"Implicit wait metadata","time":{"start":1739744142978,"stop":1739744153039,"duration":10061},"status":"broken","statusMessage":"selenium.common.exceptions.NoSuchElementException: Message: no such element: Unable to locate element: {\"method\":\"css selector\",\"selector\":\"#listing_mapper_list_category__0\"}\n  (Session info: chrome=133.0.6943.98); For documentation on this error, please visit: https://www.selenium.dev/documentation/webdriver/troubleshooting/errors#no-such-element-exception\nStacktrace:\n#0 0x5633c468209a <unknown>\n#1 0x5633c41498b0 <unknown>\n#2 0x5633c419ab99 <unknown>\n#3 0x5633c419ad21 <unknown>\n#4 0x5633c41e9854 <unknown>\n#5 0x5633c41c09ad <unknown>\n#6 0x5633c41e6b8b <unknown>\n#7 0x5633c41c0753 <unknown>\n#8 0x5633c418c38e <unknown>\n#9 0x5633c418db51 <unknown>\n#10 0x5633c464b76b <unknown>\n#11 0x5633c464f6f2 <unknown>\n#12 0x5633c46378fc <unknown>\n#13 0x5633c46502e4 <unknown>\n#14 0x5633c461b9cf <unknown>\n#15 0x5633c4670cd8 <unknown>\n#16 0x5633c4670eb6 <unknown>\n#17 0x5633c4680f16 <unknown>\n#18 0x7fbc7409caa4 <unknown>\n#19 0x7fbc74129c3c <unknown>\n\n","statusTrace":"  File \"/opt/hostedtoolcache/Python/3.13.2/x64/lib/python3.13/site-packages/allure_commons/_allure.py\", line 192, in impl\n    return func(*a, **kw)\n  File \"/home/runner/work/eim-map-test/eim-map-test/SLP/ui/PageObjects/SLPMain/slp_main.py\", line 63, in impl_wait_metadata\n    ListComponent(self.driver).get_map_filed(IMPLIS_WAIT_MAP)\n    ~~~~~~~~~~~~~~~~~~~~~~~~~~~~~~~~~~~~~~~~^^^^^^^^^^^^^^^^^\n  File \"/home/runner/work/eim-map-test/eim-map-test/SLP/ui/PageObjects/SLPMain/listing_component.py\", line 46, in get_map_filed\n    return self.node.find_element(*xpath)\n           ~~~~~~~~~~~~~~~~~~~~~~^^^^^^^^\n  File \"/opt/hostedtoolcache/Python/3.13.2/x64/lib/python3.13/site-packages/selenium/webdriver/remote/webdriver.py\", line 770, in find_element\n    return self.execute(Command.FIND_ELEMENT, {\"using\": by, \"value\": value})[\"value\"]\n           ~~~~~~~~~~~~^^^^^^^^^^^^^^^^^^^^^^^^^^^^^^^^^^^^^^^^^^^^^^^^^^^^^\n  File \"/opt/hostedtoolcache/Python/3.13.2/x64/lib/python3.13/site-packages/selenium/webdriver/remote/webdriver.py\", line 384, in execute\n    self.error_handler.check_response(response)\n    ~~~~~~~~~~~~~~~~~~~~~~~~~~~~~~~~~^^^^^^^^^^\n  File \"/opt/hostedtoolcache/Python/3.13.2/x64/lib/python3.13/site-packages/selenium/webdriver/remote/errorhandler.py\", line 232, in check_response\n    raise exception_class(message, screen, stacktrace)\n","steps":[],"attachments":[],"parameters":[],"shouldDisplayMessage":true,"stepsCount":0,"attachmentsCount":0,"hasContent":true,"attachmentStep":false},{"name":"Looks like the class PUBLICRECORDPROPERTYSITE is not mapped","time":{"start":1739744153040,"stop":1739744153040,"duration":0},"status":"passed","steps":[],"attachments":[],"parameters":[],"shouldDisplayMessage":false,"stepsCount":0,"attachmentsCount":0,"hasContent":false,"attachmentStep":false},{"name":"Select main metadata","time":{"start":1739744153059,"stop":1739744153210,"duration":151},"status":"passed","steps":[],"attachments":[],"parameters":[{"name":"metadata","value":"15"}],"shouldDisplayMessage":false,"stepsCount":0,"attachmentsCount":0,"hasContent":true,"attachmentStep":false},{"name":"Implicit wait metadata","time":{"start":1739744153210,"stop":1739744163241,"duration":10031},"status":"broken","statusMessage":"selenium.common.exceptions.NoSuchElementException: Message: no such element: Unable to locate element: {\"method\":\"css selector\",\"selector\":\"#listing_mapper_list_category__0\"}\n  (Session info: chrome=133.0.6943.98); For documentation on this error, please visit: https://www.selenium.dev/documentation/webdriver/troubleshooting/errors#no-such-element-exception\nStacktrace:\n#0 0x5633c468209a <unknown>\n#1 0x5633c41498b0 <unknown>\n#2 0x5633c419ab99 <unknown>\n#3 0x5633c419ad21 <unknown>\n#4 0x5633c41e9854 <unknown>\n#5 0x5633c41c09ad <unknown>\n#6 0x5633c41e6b8b <unknown>\n#7 0x5633c41c0753 <unknown>\n#8 0x5633c418c38e <unknown>\n#9 0x5633c418db51 <unknown>\n#10 0x5633c464b76b <unknown>\n#11 0x5633c464f6f2 <unknown>\n#12 0x5633c46378fc <unknown>\n#13 0x5633c46502e4 <unknown>\n#14 0x5633c461b9cf <unknown>\n#15 0x5633c4670cd8 <unknown>\n#16 0x5633c4670eb6 <unknown>\n#17 0x5633c4680f16 <unknown>\n#18 0x7fbc7409caa4 <unknown>\n#19 0x7fbc74129c3c <unknown>\n\n","statusTrace":"  File \"/opt/hostedtoolcache/Python/3.13.2/x64/lib/python3.13/site-packages/allure_commons/_allure.py\", line 192, in impl\n    return func(*a, **kw)\n  File \"/home/runner/work/eim-map-test/eim-map-test/SLP/ui/PageObjects/SLPMain/slp_main.py\", line 63, in impl_wait_metadata\n    ListComponent(self.driver).get_map_filed(IMPLIS_WAIT_MAP)\n    ~~~~~~~~~~~~~~~~~~~~~~~~~~~~~~~~~~~~~~~~^^^^^^^^^^^^^^^^^\n  File \"/home/runner/work/eim-map-test/eim-map-test/SLP/ui/PageObjects/SLPMain/listing_component.py\", line 46, in get_map_filed\n    return self.node.find_element(*xpath)\n           ~~~~~~~~~~~~~~~~~~~~~~^^^^^^^^\n  File \"/opt/hostedtoolcache/Python/3.13.2/x64/lib/python3.13/site-packages/selenium/webdriver/remote/webdriver.py\", line 770, in find_element\n    return self.execute(Command.FIND_ELEMENT, {\"using\": by, \"value\": value})[\"value\"]\n           ~~~~~~~~~~~~^^^^^^^^^^^^^^^^^^^^^^^^^^^^^^^^^^^^^^^^^^^^^^^^^^^^^\n  File \"/opt/hostedtoolcache/Python/3.13.2/x64/lib/python3.13/site-packages/selenium/webdriver/remote/webdriver.py\", line 384, in execute\n    self.error_handler.check_response(response)\n    ~~~~~~~~~~~~~~~~~~~~~~~~~~~~~~~~~^^^^^^^^^^\n  File \"/opt/hostedtoolcache/Python/3.13.2/x64/lib/python3.13/site-packages/selenium/webdriver/remote/errorhandler.py\", line 232, in check_response\n    raise exception_class(message, screen, stacktrace)\n","steps":[],"attachments":[],"parameters":[],"shouldDisplayMessage":true,"stepsCount":0,"attachmentsCount":0,"hasContent":true,"attachmentStep":false},{"name":"Looks like the class PUBLICRECORDPROPERTYTAXASSESSMENT is not mapped","time":{"start":1739744163242,"stop":1739744163242,"duration":0},"status":"passed","steps":[],"attachments":[],"parameters":[],"shouldDisplayMessage":false,"stepsCount":0,"attachmentsCount":0,"hasContent":false,"attachmentStep":false}],"attachments":[],"parameters":[],"shouldDisplayMessage":true,"stepsCount":48,"attachmentsCount":0,"hasContent":true,"attachmentStep":false},"afterStages":[{"name":"_unittest_setUpClass_fixture_TestPromotionChecklist::0","time":{"start":1739748083629,"stop":1739748083629,"duration":0},"status":"passed","steps":[],"attachments":[],"parameters":[],"shouldDisplayMessage":false,"stepsCount":0,"attachmentsCount":0,"hasContent":false,"attachmentStep":false}],"labels":[{"name":"tag","value":"@pytest.mark.filterwarnings('ignore::DeprecationWarning')"},{"name":"parentSuite","value":"tests"},{"name":"suite","value":"test_checklist"},{"name":"subSuite","value":"TestPromotionChecklist"},{"name":"host","value":"fv-az1718-879"},{"name":"thread","value":"3355-MainThread"},{"name":"framework","value":"pytest"},{"name":"language","value":"cpython3"},{"name":"package","value":"tests.test_checklist"},{"name":"resultFormat","value":"allure2"}],"parameters":[],"links":[],"hidden":false,"retry":false,"extra":{"severity":"normal","retries":[],"categories":[{"name":"Product defects","matchedStatuses":[],"flaky":false}],"tags":["@pytest.mark.filterwarnings('ignore::DeprecationWarning')"]},"source":"7ee1373340da75f2.json","parameterValues":[]}