{"uid":"87dff4269c4164e5","name":"test_raw_properties_list_status_0_741","fullName":"tests.test_checklist.TestPromotionChecklist#test_raw_properties_list_status_0_741","historyId":"f2131faf02b02633a378ac587951e79d","time":{"start":1738183304993,"stop":1738183327524,"duration":22531},"description":"raw.properties.list_status is mapped [with source='741']","descriptionHtml":"<p>raw.properties.list_status is mapped [with source='741']</p>\n","status":"broken","statusMessage":"selenium.common.exceptions.TimeoutException: Message: \nStacktrace:\n#0 0x557765d88dca <unknown>\n#1 0x55776587f3f0 <unknown>\n#2 0x5577658cf10c <unknown>\n#3 0x5577658cf331 <unknown>\n#4 0x557765915154 <unknown>\n#5 0x5577658f3abd <unknown>\n#6 0x5577659124b3 <unknown>\n#7 0x5577658f3833 <unknown>\n#8 0x5577658c05a0 <unknown>\n#9 0x5577658c1ece <unknown>\n#10 0x557765d52bdb <unknown>\n#11 0x557765d56b67 <unknown>\n#12 0x557765d3e3bc <unknown>\n#13 0x557765d57727 <unknown>\n#14 0x557765d2274f <unknown>\n#15 0x557765d77938 <unknown>\n#16 0x557765d77b00 <unknown>\n#17 0x557765d87c46 <unknown>\n#18 0x7f755889ca94 <unknown>\n#19 0x7f7558929c3c <unknown>","statusTrace":"a = (<tests.test_checklist.TestPromotionChecklist testMethod=test_raw_properties_list_status_0_741>,)\nkw = {}\n\n    @wraps(func)\n    def standalone_func(*a, **kw):\n>       return func(*(a + p.args), **p.kwargs, **kw)\n\n/opt/hostedtoolcache/Python/3.13.1/x64/lib/python3.13/site-packages/parameterized/parameterized.py:620: \n_ _ _ _ _ _ _ _ _ _ _ _ _ _ _ _ _ _ _ _ _ _ _ _ _ _ _ _ _ _ _ _ _ _ _ _ _ _ _ _ \ntests/test_checklist.py:419: in test_raw_properties_list_status\n    WebDriverWait(self.driver, 20).until(EC.element_to_be_clickable(SOURCE_ID))\n_ _ _ _ _ _ _ _ _ _ _ _ _ _ _ _ _ _ _ _ _ _ _ _ _ _ _ _ _ _ _ _ _ _ _ _ _ _ _ _ \n\nself = <selenium.webdriver.support.wait.WebDriverWait (session=\"f14ee4ea58acfd5e6ae1e4b760ca66ee\")>\nmethod = <function element_to_be_clickable.<locals>._predicate at 0x7f3f26a4c2c0>\nmessage = ''\n\n    def until(self, method: Callable[[D], Union[Literal[False], T]], message: str = \"\") -> T:\n        \"\"\"Calls the method provided with the driver as an argument until the \\\n        return value does not evaluate to ``False``.\n    \n        :param method: callable(WebDriver)\n        :param message: optional message for :exc:`TimeoutException`\n        :returns: the result of the last call to `method`\n        :raises: :exc:`selenium.common.exceptions.TimeoutException` if timeout occurs\n        \"\"\"\n        screen = None\n        stacktrace = None\n    \n        end_time = time.monotonic() + self._timeout\n        while True:\n            try:\n                value = method(self._driver)\n                if value:\n                    return value\n            except self._ignored_exceptions as exc:\n                screen = getattr(exc, \"screen\", None)\n                stacktrace = getattr(exc, \"stacktrace\", None)\n            if time.monotonic() > end_time:\n                break\n            time.sleep(self._poll)\n>       raise TimeoutException(message, screen, stacktrace)\nE       selenium.common.exceptions.TimeoutException: Message: \nE       Stacktrace:\nE       #0 0x557765d88dca <unknown>\nE       #1 0x55776587f3f0 <unknown>\nE       #2 0x5577658cf10c <unknown>\nE       #3 0x5577658cf331 <unknown>\nE       #4 0x557765915154 <unknown>\nE       #5 0x5577658f3abd <unknown>\nE       #6 0x5577659124b3 <unknown>\nE       #7 0x5577658f3833 <unknown>\nE       #8 0x5577658c05a0 <unknown>\nE       #9 0x5577658c1ece <unknown>\nE       #10 0x557765d52bdb <unknown>\nE       #11 0x557765d56b67 <unknown>\nE       #12 0x557765d3e3bc <unknown>\nE       #13 0x557765d57727 <unknown>\nE       #14 0x557765d2274f <unknown>\nE       #15 0x557765d77938 <unknown>\nE       #16 0x557765d77b00 <unknown>\nE       #17 0x557765d87c46 <unknown>\nE       #18 0x7f755889ca94 <unknown>\nE       #19 0x7f7558929c3c <unknown>\n\n/opt/hostedtoolcache/Python/3.13.1/x64/lib/python3.13/site-packages/selenium/webdriver/support/wait.py:105: TimeoutException","flaky":false,"newFailed":false,"newBroken":false,"newPassed":false,"retriesCount":0,"retriesStatusChange":false,"beforeStages":[{"name":"_unittest_setUpClass_fixture_TestPromotionChecklist","time":{"start":1738182867156,"stop":1738182867156,"duration":0},"status":"passed","steps":[],"attachments":[],"parameters":[],"shouldDisplayMessage":false,"stepsCount":0,"attachmentsCount":0,"hasContent":false,"attachmentStep":false}],"afterStages":[{"name":"_unittest_setUpClass_fixture_TestPromotionChecklist::0","time":{"start":1738183327546,"stop":1738183327546,"duration":0},"status":"passed","steps":[],"attachments":[],"parameters":[],"shouldDisplayMessage":false,"stepsCount":0,"attachmentsCount":0,"hasContent":false,"attachmentStep":false}],"labels":[{"name":"tag","value":"@pytest.mark.filterwarnings('ignore::DeprecationWarning')"},{"name":"parentSuite","value":"tests"},{"name":"suite","value":"test_checklist"},{"name":"subSuite","value":"TestPromotionChecklist"},{"name":"host","value":"fv-az1705-445"},{"name":"thread","value":"3321-MainThread"},{"name":"framework","value":"pytest"},{"name":"language","value":"cpython3"},{"name":"package","value":"tests.test_checklist"},{"name":"resultFormat","value":"allure2"}],"parameters":[],"links":[],"hidden":false,"retry":false,"extra":{"severity":"normal","retries":[],"categories":[{"name":"Test defects","matchedStatuses":[],"flaky":false}],"tags":["@pytest.mark.filterwarnings('ignore::DeprecationWarning')"]},"source":"87dff4269c4164e5.json","parameterValues":[]}