{"uid":"8b8143b7dc7a512c","name":"test_list_address_nullifier_const_10_370","fullName":"tests.test_checklist.TestPromotionChecklist#test_list_address_nullifier_const_10_370","historyId":"977950bed873ec98adb8a0ac7b477980","time":{"start":1739738564608,"stop":1739738596048,"duration":31440},"status":"failed","statusMessage":"AssertionError: False is not true : {'list_address-properties-address': True, 'list_address-properties-state_prov': False, 'list_address-properties-postal_code': False, 'list_address-properties-street_name': False, 'list_address-properties-street_number': False, 'list_address-properties-unit_number': False, 'list_address-properties-street_suffix': False, 'list_address-properties-street_post_dir': True, 'list_address-properties-street_direction': False}","statusTrace":"tests/test_checklist.py:91: in test_list_address_nullifier_const\n    raise e  # Re-raise to ensure the test fails\ntests/test_checklist.py:86: in test_list_address_nullifier_const\n    self.assertTrue(all(actual), result)\nE   AssertionError: False is not true : {'list_address-properties-address': True, 'list_address-properties-state_prov': False, 'list_address-properties-postal_code': False, 'list_address-properties-street_name': False, 'list_address-properties-street_number': False, 'list_address-properties-unit_number': False, 'list_address-properties-street_suffix': False, 'list_address-properties-street_post_dir': True, 'list_address-properties-street_direction': False}","flaky":false,"newFailed":false,"newBroken":false,"newPassed":false,"retriesCount":0,"retriesStatusChange":false,"beforeStages":[{"name":"_unittest_setUpClass_fixture_TestPromotionChecklist","time":{"start":1739732022652,"stop":1739732022652,"duration":0},"status":"passed","steps":[],"attachments":[],"parameters":[],"shouldDisplayMessage":false,"stepsCount":0,"attachmentsCount":0,"hasContent":false,"attachmentStep":false}],"testStage":{"status":"failed","statusMessage":"AssertionError: False is not true : {'list_address-properties-address': True, 'list_address-properties-state_prov': False, 'list_address-properties-postal_code': False, 'list_address-properties-street_name': False, 'list_address-properties-street_number': False, 'list_address-properties-unit_number': False, 'list_address-properties-street_suffix': False, 'list_address-properties-street_post_dir': True, 'list_address-properties-street_direction': False}","statusTrace":"tests/test_checklist.py:91: in test_list_address_nullifier_const\n    raise e  # Re-raise to ensure the test fails\ntests/test_checklist.py:86: in test_list_address_nullifier_const\n    self.assertTrue(all(actual), result)\nE   AssertionError: False is not true : {'list_address-properties-address': True, 'list_address-properties-state_prov': False, 'list_address-properties-postal_code': False, 'list_address-properties-street_name': False, 'list_address-properties-street_number': False, 'list_address-properties-unit_number': False, 'list_address-properties-street_suffix': False, 'list_address-properties-street_post_dir': True, 'list_address-properties-street_direction': False}","steps":[{"name":"Click authorisation button","time":{"start":1739738565378,"stop":1739738566028,"duration":650},"status":"passed","steps":[{"name":"Get authorisation button","time":{"start":1739738565378,"stop":1739738565388,"duration":10},"status":"passed","steps":[],"attachments":[],"parameters":[],"shouldDisplayMessage":false,"stepsCount":0,"attachmentsCount":0,"hasContent":false,"attachmentStep":false}],"attachments":[],"parameters":[],"shouldDisplayMessage":false,"stepsCount":1,"attachmentsCount":0,"hasContent":true,"attachmentStep":false},{"name":"Source select","time":{"start":1739738566563,"stop":1739738566684,"duration":121},"status":"passed","steps":[],"attachments":[],"parameters":[{"name":"source","value":"'370'"}],"shouldDisplayMessage":false,"stepsCount":0,"attachmentsCount":0,"hasContent":true,"attachmentStep":false},{"name":"Select main metadata","time":{"start":1739738567918,"stop":1739738568012,"duration":94},"status":"passed","steps":[],"attachments":[],"parameters":[{"name":"metadata","value":"1"}],"shouldDisplayMessage":false,"stepsCount":0,"attachmentsCount":0,"hasContent":true,"attachmentStep":false},{"name":"Implicit wait metadata","time":{"start":1739738568044,"stop":1739738575402,"duration":7358},"status":"passed","steps":[],"attachments":[],"parameters":[],"shouldDisplayMessage":false,"stepsCount":0,"attachmentsCount":0,"hasContent":false,"attachmentStep":false},{"name":"\nMetadata = PROPERTY Failed ‚ùå \n","time":{"start":1739738575597,"stop":1739738575598,"duration":1},"status":"passed","steps":[],"attachments":[],"parameters":[],"shouldDisplayMessage":false,"stepsCount":0,"attachmentsCount":0,"hasContent":false,"attachmentStep":false},{"name":"Select main metadata","time":{"start":1739738575618,"stop":1739738575747,"duration":129},"status":"passed","steps":[],"attachments":[],"parameters":[{"name":"metadata","value":"2"}],"shouldDisplayMessage":false,"stepsCount":0,"attachmentsCount":0,"hasContent":true,"attachmentStep":false},{"name":"Implicit wait metadata","time":{"start":1739738575777,"stop":1739738585790,"duration":10013},"status":"broken","statusMessage":"selenium.common.exceptions.NoSuchElementException: Message: no such element: Unable to locate element: {\"method\":\"css selector\",\"selector\":\"#listing_mapper_list_category__0\"}\n  (Session info: chrome=133.0.6943.98); For documentation on this error, please visit: https://www.selenium.dev/documentation/webdriver/troubleshooting/errors#no-such-element-exception\nStacktrace:\n#0 0x56435fae809a <unknown>\n#1 0x56435f5af8b0 <unknown>\n#2 0x56435f600b99 <unknown>\n#3 0x56435f600d21 <unknown>\n#4 0x56435f64f854 <unknown>\n#5 0x56435f6269ad <unknown>\n#6 0x56435f64cb8b <unknown>\n#7 0x56435f626753 <unknown>\n#8 0x56435f5f238e <unknown>\n#9 0x56435f5f3b51 <unknown>\n#10 0x56435fab176b <unknown>\n#11 0x56435fab56f2 <unknown>\n#12 0x56435fa9d8fc <unknown>\n#13 0x56435fab62e4 <unknown>\n#14 0x56435fa819cf <unknown>\n#15 0x56435fad6cd8 <unknown>\n#16 0x56435fad6eb6 <unknown>\n#17 0x56435fae6f16 <unknown>\n#18 0x7fdfa569caa4 <unknown>\n#19 0x7fdfa5729c3c <unknown>\n\n","statusTrace":"  File \"/opt/hostedtoolcache/Python/3.13.2/x64/lib/python3.13/site-packages/allure_commons/_allure.py\", line 192, in impl\n    return func(*a, **kw)\n  File \"/home/runner/work/eim-map-test/eim-map-test/SLP/ui/PageObjects/SLPMain/slp_main.py\", line 63, in impl_wait_metadata\n    ListComponent(self.driver).get_map_filed(IMPLIS_WAIT_MAP)\n    ~~~~~~~~~~~~~~~~~~~~~~~~~~~~~~~~~~~~~~~~^^^^^^^^^^^^^^^^^\n  File \"/home/runner/work/eim-map-test/eim-map-test/SLP/ui/PageObjects/SLPMain/listing_component.py\", line 46, in get_map_filed\n    return self.node.find_element(*xpath)\n           ~~~~~~~~~~~~~~~~~~~~~~^^^^^^^^\n  File \"/opt/hostedtoolcache/Python/3.13.2/x64/lib/python3.13/site-packages/selenium/webdriver/remote/webdriver.py\", line 770, in find_element\n    return self.execute(Command.FIND_ELEMENT, {\"using\": by, \"value\": value})[\"value\"]\n           ~~~~~~~~~~~~^^^^^^^^^^^^^^^^^^^^^^^^^^^^^^^^^^^^^^^^^^^^^^^^^^^^^\n  File \"/opt/hostedtoolcache/Python/3.13.2/x64/lib/python3.13/site-packages/selenium/webdriver/remote/webdriver.py\", line 384, in execute\n    self.error_handler.check_response(response)\n    ~~~~~~~~~~~~~~~~~~~~~~~~~~~~~~~~~^^^^^^^^^^\n  File \"/opt/hostedtoolcache/Python/3.13.2/x64/lib/python3.13/site-packages/selenium/webdriver/remote/errorhandler.py\", line 232, in check_response\n    raise exception_class(message, screen, stacktrace)\n","steps":[],"attachments":[],"parameters":[],"shouldDisplayMessage":true,"stepsCount":0,"attachmentsCount":0,"hasContent":true,"attachmentStep":false},{"name":"Looks like the class FIELDRULE is not mapped","time":{"start":1739738585791,"stop":1739738585791,"duration":0},"status":"passed","steps":[],"attachments":[],"parameters":[],"shouldDisplayMessage":false,"stepsCount":0,"attachmentsCount":0,"hasContent":false,"attachmentStep":false},{"name":"Select main metadata","time":{"start":1739738585791,"stop":1739738585911,"duration":120},"status":"passed","steps":[],"attachments":[],"parameters":[{"name":"metadata","value":"3"}],"shouldDisplayMessage":false,"stepsCount":0,"attachmentsCount":0,"hasContent":true,"attachmentStep":false},{"name":"Implicit wait metadata","time":{"start":1739738585935,"stop":1739738595984,"duration":10049},"status":"broken","statusMessage":"selenium.common.exceptions.NoSuchElementException: Message: no such element: Unable to locate element: {\"method\":\"css selector\",\"selector\":\"#listing_mapper_list_category__0\"}\n  (Session info: chrome=133.0.6943.98); For documentation on this error, please visit: https://www.selenium.dev/documentation/webdriver/troubleshooting/errors#no-such-element-exception\nStacktrace:\n#0 0x56435fae809a <unknown>\n#1 0x56435f5af8b0 <unknown>\n#2 0x56435f600b99 <unknown>\n#3 0x56435f600d21 <unknown>\n#4 0x56435f64f854 <unknown>\n#5 0x56435f6269ad <unknown>\n#6 0x56435f64cb8b <unknown>\n#7 0x56435f626753 <unknown>\n#8 0x56435f5f238e <unknown>\n#9 0x56435f5f3b51 <unknown>\n#10 0x56435fab176b <unknown>\n#11 0x56435fab56f2 <unknown>\n#12 0x56435fa9d8fc <unknown>\n#13 0x56435fab62e4 <unknown>\n#14 0x56435fa819cf <unknown>\n#15 0x56435fad6cd8 <unknown>\n#16 0x56435fad6eb6 <unknown>\n#17 0x56435fae6f16 <unknown>\n#18 0x7fdfa569caa4 <unknown>\n#19 0x7fdfa5729c3c <unknown>\n\n","statusTrace":"  File \"/opt/hostedtoolcache/Python/3.13.2/x64/lib/python3.13/site-packages/allure_commons/_allure.py\", line 192, in impl\n    return func(*a, **kw)\n  File \"/home/runner/work/eim-map-test/eim-map-test/SLP/ui/PageObjects/SLPMain/slp_main.py\", line 63, in impl_wait_metadata\n    ListComponent(self.driver).get_map_filed(IMPLIS_WAIT_MAP)\n    ~~~~~~~~~~~~~~~~~~~~~~~~~~~~~~~~~~~~~~~~^^^^^^^^^^^^^^^^^\n  File \"/home/runner/work/eim-map-test/eim-map-test/SLP/ui/PageObjects/SLPMain/listing_component.py\", line 46, in get_map_filed\n    return self.node.find_element(*xpath)\n           ~~~~~~~~~~~~~~~~~~~~~~^^^^^^^^\n  File \"/opt/hostedtoolcache/Python/3.13.2/x64/lib/python3.13/site-packages/selenium/webdriver/remote/webdriver.py\", line 770, in find_element\n    return self.execute(Command.FIND_ELEMENT, {\"using\": by, \"value\": value})[\"value\"]\n           ~~~~~~~~~~~~^^^^^^^^^^^^^^^^^^^^^^^^^^^^^^^^^^^^^^^^^^^^^^^^^^^^^\n  File \"/opt/hostedtoolcache/Python/3.13.2/x64/lib/python3.13/site-packages/selenium/webdriver/remote/webdriver.py\", line 384, in execute\n    self.error_handler.check_response(response)\n    ~~~~~~~~~~~~~~~~~~~~~~~~~~~~~~~~~^^^^^^^^^^\n  File \"/opt/hostedtoolcache/Python/3.13.2/x64/lib/python3.13/site-packages/selenium/webdriver/remote/errorhandler.py\", line 232, in check_response\n    raise exception_class(message, screen, stacktrace)\n","steps":[],"attachments":[],"parameters":[],"shouldDisplayMessage":true,"stepsCount":0,"attachmentsCount":0,"hasContent":true,"attachmentStep":false},{"name":"Looks like the class PROPERTYUNITTYPES is not mapped","time":{"start":1739738595985,"stop":1739738595985,"duration":0},"status":"passed","steps":[],"attachments":[],"parameters":[],"shouldDisplayMessage":false,"stepsCount":0,"attachmentsCount":0,"hasContent":false,"attachmentStep":false}],"attachments":[],"parameters":[],"shouldDisplayMessage":true,"stepsCount":12,"attachmentsCount":0,"hasContent":true,"attachmentStep":false},"afterStages":[{"name":"_unittest_setUpClass_fixture_TestPromotionChecklist::0","time":{"start":1739748083629,"stop":1739748083629,"duration":0},"status":"passed","steps":[],"attachments":[],"parameters":[],"shouldDisplayMessage":false,"stepsCount":0,"attachmentsCount":0,"hasContent":false,"attachmentStep":false}],"labels":[{"name":"tag","value":"@pytest.mark.filterwarnings('ignore::DeprecationWarning')"},{"name":"parentSuite","value":"tests"},{"name":"suite","value":"test_checklist"},{"name":"subSuite","value":"TestPromotionChecklist"},{"name":"host","value":"fv-az1718-879"},{"name":"thread","value":"3355-MainThread"},{"name":"framework","value":"pytest"},{"name":"language","value":"cpython3"},{"name":"package","value":"tests.test_checklist"},{"name":"resultFormat","value":"allure2"}],"parameters":[],"links":[],"hidden":false,"retry":false,"extra":{"severity":"normal","retries":[],"categories":[{"name":"Product defects","matchedStatuses":[],"flaky":false}],"tags":["@pytest.mark.filterwarnings('ignore::DeprecationWarning')"]},"source":"8b8143b7dc7a512c.json","parameterValues":[]}