{"uid":"9a982da44c2023d6","name":"test_co_list_agent_office_phone_08_334","fullName":"tests.test_checklist.TestPromotionChecklist#test_co_list_agent_office_phone_08_334","historyId":"af2b663c6ca02b001c1f5a3186dee210","time":{"start":1739732580014,"stop":1739732734127,"duration":154113},"status":"passed","flaky":false,"newFailed":false,"newBroken":false,"newPassed":false,"retriesCount":0,"retriesStatusChange":false,"beforeStages":[{"name":"_unittest_setUpClass_fixture_TestPromotionChecklist","time":{"start":1739732022652,"stop":1739732022652,"duration":0},"status":"passed","steps":[],"attachments":[],"parameters":[],"shouldDisplayMessage":false,"stepsCount":0,"attachmentsCount":0,"hasContent":false,"attachmentStep":false}],"testStage":{"status":"passed","steps":[{"name":"Click authorisation button","time":{"start":1739732580770,"stop":1739732581454,"duration":684},"status":"passed","steps":[{"name":"Get authorisation button","time":{"start":1739732580770,"stop":1739732580782,"duration":12},"status":"passed","steps":[],"attachments":[],"parameters":[],"shouldDisplayMessage":false,"stepsCount":0,"attachmentsCount":0,"hasContent":false,"attachmentStep":false}],"attachments":[],"parameters":[],"shouldDisplayMessage":false,"stepsCount":1,"attachmentsCount":0,"hasContent":true,"attachmentStep":false},{"name":"Source select","time":{"start":1739732581988,"stop":1739732582106,"duration":118},"status":"passed","steps":[],"attachments":[],"parameters":[{"name":"source","value":"'334'"}],"shouldDisplayMessage":false,"stepsCount":0,"attachmentsCount":0,"hasContent":true,"attachmentStep":false},{"name":"Select main metadata","time":{"start":1739732583511,"stop":1739732583604,"duration":93},"status":"passed","steps":[],"attachments":[],"parameters":[{"name":"metadata","value":"1"}],"shouldDisplayMessage":false,"stepsCount":0,"attachmentsCount":0,"hasContent":true,"attachmentStep":false},{"name":"Implicit wait metadata","time":{"start":1739732583604,"stop":1739732591319,"duration":7715},"status":"passed","steps":[],"attachments":[],"parameters":[],"shouldDisplayMessage":false,"stepsCount":0,"attachmentsCount":0,"hasContent":false,"attachmentStep":false},{"name":"\nMetadata = PROPERTY Ok âœ…\n","time":{"start":1739732591345,"stop":1739732591345,"duration":0},"status":"passed","steps":[],"attachments":[],"parameters":[],"shouldDisplayMessage":false,"stepsCount":0,"attachmentsCount":0,"hasContent":false,"attachmentStep":false},{"name":"Select main metadata","time":{"start":1739732591366,"stop":1739732591486,"duration":120},"status":"passed","steps":[],"attachments":[],"parameters":[{"name":"metadata","value":"2"}],"shouldDisplayMessage":false,"stepsCount":0,"attachmentsCount":0,"hasContent":true,"attachmentStep":false},{"name":"Implicit wait metadata","time":{"start":1739732591486,"stop":1739732601506,"duration":10020},"status":"broken","statusMessage":"selenium.common.exceptions.NoSuchElementException: Message: no such element: Unable to locate element: {\"method\":\"css selector\",\"selector\":\"#listing_mapper_list_category__0\"}\n  (Session info: chrome=133.0.6943.98); For documentation on this error, please visit: https://www.selenium.dev/documentation/webdriver/troubleshooting/errors#no-such-element-exception\nStacktrace:\n#0 0x55788938b09a <unknown>\n#1 0x557888e528b0 <unknown>\n#2 0x557888ea3b99 <unknown>\n#3 0x557888ea3d21 <unknown>\n#4 0x557888ef2854 <unknown>\n#5 0x557888ec99ad <unknown>\n#6 0x557888eefb8b <unknown>\n#7 0x557888ec9753 <unknown>\n#8 0x557888e9538e <unknown>\n#9 0x557888e96b51 <unknown>\n#10 0x55788935476b <unknown>\n#11 0x5578893586f2 <unknown>\n#12 0x5578893408fc <unknown>\n#13 0x5578893592e4 <unknown>\n#14 0x5578893249cf <unknown>\n#15 0x557889379cd8 <unknown>\n#16 0x557889379eb6 <unknown>\n#17 0x557889389f16 <unknown>\n#18 0x7f260649caa4 <unknown>\n#19 0x7f2606529c3c <unknown>\n\n","statusTrace":"  File \"/opt/hostedtoolcache/Python/3.13.2/x64/lib/python3.13/site-packages/allure_commons/_allure.py\", line 192, in impl\n    return func(*a, **kw)\n  File \"/home/runner/work/eim-map-test/eim-map-test/SLP/ui/PageObjects/SLPMain/slp_main.py\", line 63, in impl_wait_metadata\n    ListComponent(self.driver).get_map_filed(IMPLIS_WAIT_MAP)\n    ~~~~~~~~~~~~~~~~~~~~~~~~~~~~~~~~~~~~~~~~^^^^^^^^^^^^^^^^^\n  File \"/home/runner/work/eim-map-test/eim-map-test/SLP/ui/PageObjects/SLPMain/listing_component.py\", line 46, in get_map_filed\n    return self.node.find_element(*xpath)\n           ~~~~~~~~~~~~~~~~~~~~~~^^^^^^^^\n  File \"/opt/hostedtoolcache/Python/3.13.2/x64/lib/python3.13/site-packages/selenium/webdriver/remote/webdriver.py\", line 770, in find_element\n    return self.execute(Command.FIND_ELEMENT, {\"using\": by, \"value\": value})[\"value\"]\n           ~~~~~~~~~~~~^^^^^^^^^^^^^^^^^^^^^^^^^^^^^^^^^^^^^^^^^^^^^^^^^^^^^\n  File \"/opt/hostedtoolcache/Python/3.13.2/x64/lib/python3.13/site-packages/selenium/webdriver/remote/webdriver.py\", line 384, in execute\n    self.error_handler.check_response(response)\n    ~~~~~~~~~~~~~~~~~~~~~~~~~~~~~~~~~^^^^^^^^^^\n  File \"/opt/hostedtoolcache/Python/3.13.2/x64/lib/python3.13/site-packages/selenium/webdriver/remote/errorhandler.py\", line 232, in check_response\n    raise exception_class(message, screen, stacktrace)\n","steps":[],"attachments":[],"parameters":[],"shouldDisplayMessage":true,"stepsCount":0,"attachmentsCount":0,"hasContent":true,"attachmentStep":false},{"name":"Looks like the class CUSTOMPROPERTY is not mapped","time":{"start":1739732601507,"stop":1739732601507,"duration":0},"status":"passed","steps":[],"attachments":[],"parameters":[],"shouldDisplayMessage":false,"stepsCount":0,"attachmentsCount":0,"hasContent":false,"attachmentStep":false},{"name":"Select main metadata","time":{"start":1739732601528,"stop":1739732601658,"duration":130},"status":"passed","steps":[],"attachments":[],"parameters":[{"name":"metadata","value":"3"}],"shouldDisplayMessage":false,"stepsCount":0,"attachmentsCount":0,"hasContent":true,"attachmentStep":false},{"name":"Implicit wait metadata","time":{"start":1739732601658,"stop":1739732611678,"duration":10020},"status":"broken","statusMessage":"selenium.common.exceptions.NoSuchElementException: Message: no such element: Unable to locate element: {\"method\":\"css selector\",\"selector\":\"#listing_mapper_list_category__0\"}\n  (Session info: chrome=133.0.6943.98); For documentation on this error, please visit: https://www.selenium.dev/documentation/webdriver/troubleshooting/errors#no-such-element-exception\nStacktrace:\n#0 0x55788938b09a <unknown>\n#1 0x557888e528b0 <unknown>\n#2 0x557888ea3b99 <unknown>\n#3 0x557888ea3d21 <unknown>\n#4 0x557888ef2854 <unknown>\n#5 0x557888ec99ad <unknown>\n#6 0x557888eefb8b <unknown>\n#7 0x557888ec9753 <unknown>\n#8 0x557888e9538e <unknown>\n#9 0x557888e96b51 <unknown>\n#10 0x55788935476b <unknown>\n#11 0x5578893586f2 <unknown>\n#12 0x5578893408fc <unknown>\n#13 0x5578893592e4 <unknown>\n#14 0x5578893249cf <unknown>\n#15 0x557889379cd8 <unknown>\n#16 0x557889379eb6 <unknown>\n#17 0x557889389f16 <unknown>\n#18 0x7f260649caa4 <unknown>\n#19 0x7f2606529c3c <unknown>\n\n","statusTrace":"  File \"/opt/hostedtoolcache/Python/3.13.2/x64/lib/python3.13/site-packages/allure_commons/_allure.py\", line 192, in impl\n    return func(*a, **kw)\n  File \"/home/runner/work/eim-map-test/eim-map-test/SLP/ui/PageObjects/SLPMain/slp_main.py\", line 63, in impl_wait_metadata\n    ListComponent(self.driver).get_map_filed(IMPLIS_WAIT_MAP)\n    ~~~~~~~~~~~~~~~~~~~~~~~~~~~~~~~~~~~~~~~~^^^^^^^^^^^^^^^^^\n  File \"/home/runner/work/eim-map-test/eim-map-test/SLP/ui/PageObjects/SLPMain/listing_component.py\", line 46, in get_map_filed\n    return self.node.find_element(*xpath)\n           ~~~~~~~~~~~~~~~~~~~~~~^^^^^^^^\n  File \"/opt/hostedtoolcache/Python/3.13.2/x64/lib/python3.13/site-packages/selenium/webdriver/remote/webdriver.py\", line 770, in find_element\n    return self.execute(Command.FIND_ELEMENT, {\"using\": by, \"value\": value})[\"value\"]\n           ~~~~~~~~~~~~^^^^^^^^^^^^^^^^^^^^^^^^^^^^^^^^^^^^^^^^^^^^^^^^^^^^^\n  File \"/opt/hostedtoolcache/Python/3.13.2/x64/lib/python3.13/site-packages/selenium/webdriver/remote/webdriver.py\", line 384, in execute\n    self.error_handler.check_response(response)\n    ~~~~~~~~~~~~~~~~~~~~~~~~~~~~~~~~~^^^^^^^^^^\n  File \"/opt/hostedtoolcache/Python/3.13.2/x64/lib/python3.13/site-packages/selenium/webdriver/remote/errorhandler.py\", line 232, in check_response\n    raise exception_class(message, screen, stacktrace)\n","steps":[],"attachments":[],"parameters":[],"shouldDisplayMessage":true,"stepsCount":0,"attachmentsCount":0,"hasContent":true,"attachmentStep":false},{"name":"Looks like the class DATASYSTEM is not mapped","time":{"start":1739732611679,"stop":1739732611679,"duration":0},"status":"passed","steps":[],"attachments":[],"parameters":[],"shouldDisplayMessage":false,"stepsCount":0,"attachmentsCount":0,"hasContent":false,"attachmentStep":false},{"name":"Select main metadata","time":{"start":1739732611702,"stop":1739732611819,"duration":117},"status":"passed","steps":[],"attachments":[],"parameters":[{"name":"metadata","value":"4"}],"shouldDisplayMessage":false,"stepsCount":0,"attachmentsCount":0,"hasContent":true,"attachmentStep":false},{"name":"Implicit wait metadata","time":{"start":1739732611819,"stop":1739732621856,"duration":10037},"status":"broken","statusMessage":"selenium.common.exceptions.NoSuchElementException: Message: no such element: Unable to locate element: {\"method\":\"css selector\",\"selector\":\"#listing_mapper_list_category__0\"}\n  (Session info: chrome=133.0.6943.98); For documentation on this error, please visit: https://www.selenium.dev/documentation/webdriver/troubleshooting/errors#no-such-element-exception\nStacktrace:\n#0 0x55788938b09a <unknown>\n#1 0x557888e528b0 <unknown>\n#2 0x557888ea3b99 <unknown>\n#3 0x557888ea3d21 <unknown>\n#4 0x557888ef2854 <unknown>\n#5 0x557888ec99ad <unknown>\n#6 0x557888eefb8b <unknown>\n#7 0x557888ec9753 <unknown>\n#8 0x557888e9538e <unknown>\n#9 0x557888e96b51 <unknown>\n#10 0x55788935476b <unknown>\n#11 0x5578893586f2 <unknown>\n#12 0x5578893408fc <unknown>\n#13 0x5578893592e4 <unknown>\n#14 0x5578893249cf <unknown>\n#15 0x557889379cd8 <unknown>\n#16 0x557889379eb6 <unknown>\n#17 0x557889389f16 <unknown>\n#18 0x7f260649caa4 <unknown>\n#19 0x7f2606529c3c <unknown>\n\n","statusTrace":"  File \"/opt/hostedtoolcache/Python/3.13.2/x64/lib/python3.13/site-packages/allure_commons/_allure.py\", line 192, in impl\n    return func(*a, **kw)\n  File \"/home/runner/work/eim-map-test/eim-map-test/SLP/ui/PageObjects/SLPMain/slp_main.py\", line 63, in impl_wait_metadata\n    ListComponent(self.driver).get_map_filed(IMPLIS_WAIT_MAP)\n    ~~~~~~~~~~~~~~~~~~~~~~~~~~~~~~~~~~~~~~~~^^^^^^^^^^^^^^^^^\n  File \"/home/runner/work/eim-map-test/eim-map-test/SLP/ui/PageObjects/SLPMain/listing_component.py\", line 46, in get_map_filed\n    return self.node.find_element(*xpath)\n           ~~~~~~~~~~~~~~~~~~~~~~^^^^^^^^\n  File \"/opt/hostedtoolcache/Python/3.13.2/x64/lib/python3.13/site-packages/selenium/webdriver/remote/webdriver.py\", line 770, in find_element\n    return self.execute(Command.FIND_ELEMENT, {\"using\": by, \"value\": value})[\"value\"]\n           ~~~~~~~~~~~~^^^^^^^^^^^^^^^^^^^^^^^^^^^^^^^^^^^^^^^^^^^^^^^^^^^^^\n  File \"/opt/hostedtoolcache/Python/3.13.2/x64/lib/python3.13/site-packages/selenium/webdriver/remote/webdriver.py\", line 384, in execute\n    self.error_handler.check_response(response)\n    ~~~~~~~~~~~~~~~~~~~~~~~~~~~~~~~~~^^^^^^^^^^\n  File \"/opt/hostedtoolcache/Python/3.13.2/x64/lib/python3.13/site-packages/selenium/webdriver/remote/errorhandler.py\", line 232, in check_response\n    raise exception_class(message, screen, stacktrace)\n","steps":[],"attachments":[],"parameters":[],"shouldDisplayMessage":true,"stepsCount":0,"attachmentsCount":0,"hasContent":true,"attachmentStep":false},{"name":"Looks like the class ENUMERATION is not mapped","time":{"start":1739732621857,"stop":1739732621857,"duration":0},"status":"passed","steps":[],"attachments":[],"parameters":[],"shouldDisplayMessage":false,"stepsCount":0,"attachmentsCount":0,"hasContent":false,"attachmentStep":false},{"name":"Select main metadata","time":{"start":1739732621892,"stop":1739732622008,"duration":116},"status":"passed","steps":[],"attachments":[],"parameters":[{"name":"metadata","value":"5"}],"shouldDisplayMessage":false,"stepsCount":0,"attachmentsCount":0,"hasContent":true,"attachmentStep":false},{"name":"Implicit wait metadata","time":{"start":1739732622008,"stop":1739732632043,"duration":10035},"status":"broken","statusMessage":"selenium.common.exceptions.NoSuchElementException: Message: no such element: Unable to locate element: {\"method\":\"css selector\",\"selector\":\"#listing_mapper_list_category__0\"}\n  (Session info: chrome=133.0.6943.98); For documentation on this error, please visit: https://www.selenium.dev/documentation/webdriver/troubleshooting/errors#no-such-element-exception\nStacktrace:\n#0 0x55788938b09a <unknown>\n#1 0x557888e528b0 <unknown>\n#2 0x557888ea3b99 <unknown>\n#3 0x557888ea3d21 <unknown>\n#4 0x557888ef2854 <unknown>\n#5 0x557888ec99ad <unknown>\n#6 0x557888eefb8b <unknown>\n#7 0x557888ec9753 <unknown>\n#8 0x557888e9538e <unknown>\n#9 0x557888e96b51 <unknown>\n#10 0x55788935476b <unknown>\n#11 0x5578893586f2 <unknown>\n#12 0x5578893408fc <unknown>\n#13 0x5578893592e4 <unknown>\n#14 0x5578893249cf <unknown>\n#15 0x557889379cd8 <unknown>\n#16 0x557889379eb6 <unknown>\n#17 0x557889389f16 <unknown>\n#18 0x7f260649caa4 <unknown>\n#19 0x7f2606529c3c <unknown>\n\n","statusTrace":"  File \"/opt/hostedtoolcache/Python/3.13.2/x64/lib/python3.13/site-packages/allure_commons/_allure.py\", line 192, in impl\n    return func(*a, **kw)\n  File \"/home/runner/work/eim-map-test/eim-map-test/SLP/ui/PageObjects/SLPMain/slp_main.py\", line 63, in impl_wait_metadata\n    ListComponent(self.driver).get_map_filed(IMPLIS_WAIT_MAP)\n    ~~~~~~~~~~~~~~~~~~~~~~~~~~~~~~~~~~~~~~~~^^^^^^^^^^^^^^^^^\n  File \"/home/runner/work/eim-map-test/eim-map-test/SLP/ui/PageObjects/SLPMain/listing_component.py\", line 46, in get_map_filed\n    return self.node.find_element(*xpath)\n           ~~~~~~~~~~~~~~~~~~~~~~^^^^^^^^\n  File \"/opt/hostedtoolcache/Python/3.13.2/x64/lib/python3.13/site-packages/selenium/webdriver/remote/webdriver.py\", line 770, in find_element\n    return self.execute(Command.FIND_ELEMENT, {\"using\": by, \"value\": value})[\"value\"]\n           ~~~~~~~~~~~~^^^^^^^^^^^^^^^^^^^^^^^^^^^^^^^^^^^^^^^^^^^^^^^^^^^^^\n  File \"/opt/hostedtoolcache/Python/3.13.2/x64/lib/python3.13/site-packages/selenium/webdriver/remote/webdriver.py\", line 384, in execute\n    self.error_handler.check_response(response)\n    ~~~~~~~~~~~~~~~~~~~~~~~~~~~~~~~~~^^^^^^^^^^\n  File \"/opt/hostedtoolcache/Python/3.13.2/x64/lib/python3.13/site-packages/selenium/webdriver/remote/errorhandler.py\", line 232, in check_response\n    raise exception_class(message, screen, stacktrace)\n","steps":[],"attachments":[],"parameters":[],"shouldDisplayMessage":true,"stepsCount":0,"attachmentsCount":0,"hasContent":true,"attachmentStep":false},{"name":"Looks like the class PROPERTYROOMS is not mapped","time":{"start":1739732632044,"stop":1739732632044,"duration":0},"status":"passed","steps":[],"attachments":[],"parameters":[],"shouldDisplayMessage":false,"stepsCount":0,"attachmentsCount":0,"hasContent":false,"attachmentStep":false},{"name":"Select main metadata","time":{"start":1739732632065,"stop":1739732632186,"duration":121},"status":"passed","steps":[],"attachments":[],"parameters":[{"name":"metadata","value":"6"}],"shouldDisplayMessage":false,"stepsCount":0,"attachmentsCount":0,"hasContent":true,"attachmentStep":false},{"name":"Implicit wait metadata","time":{"start":1739732632186,"stop":1739732642234,"duration":10048},"status":"broken","statusMessage":"selenium.common.exceptions.NoSuchElementException: Message: no such element: Unable to locate element: {\"method\":\"css selector\",\"selector\":\"#listing_mapper_list_category__0\"}\n  (Session info: chrome=133.0.6943.98); For documentation on this error, please visit: https://www.selenium.dev/documentation/webdriver/troubleshooting/errors#no-such-element-exception\nStacktrace:\n#0 0x55788938b09a <unknown>\n#1 0x557888e528b0 <unknown>\n#2 0x557888ea3b99 <unknown>\n#3 0x557888ea3d21 <unknown>\n#4 0x557888ef2854 <unknown>\n#5 0x557888ec99ad <unknown>\n#6 0x557888eefb8b <unknown>\n#7 0x557888ec9753 <unknown>\n#8 0x557888e9538e <unknown>\n#9 0x557888e96b51 <unknown>\n#10 0x55788935476b <unknown>\n#11 0x5578893586f2 <unknown>\n#12 0x5578893408fc <unknown>\n#13 0x5578893592e4 <unknown>\n#14 0x5578893249cf <unknown>\n#15 0x557889379cd8 <unknown>\n#16 0x557889379eb6 <unknown>\n#17 0x557889389f16 <unknown>\n#18 0x7f260649caa4 <unknown>\n#19 0x7f2606529c3c <unknown>\n\n","statusTrace":"  File \"/opt/hostedtoolcache/Python/3.13.2/x64/lib/python3.13/site-packages/allure_commons/_allure.py\", line 192, in impl\n    return func(*a, **kw)\n  File \"/home/runner/work/eim-map-test/eim-map-test/SLP/ui/PageObjects/SLPMain/slp_main.py\", line 63, in impl_wait_metadata\n    ListComponent(self.driver).get_map_filed(IMPLIS_WAIT_MAP)\n    ~~~~~~~~~~~~~~~~~~~~~~~~~~~~~~~~~~~~~~~~^^^^^^^^^^^^^^^^^\n  File \"/home/runner/work/eim-map-test/eim-map-test/SLP/ui/PageObjects/SLPMain/listing_component.py\", line 46, in get_map_filed\n    return self.node.find_element(*xpath)\n           ~~~~~~~~~~~~~~~~~~~~~~^^^^^^^^\n  File \"/opt/hostedtoolcache/Python/3.13.2/x64/lib/python3.13/site-packages/selenium/webdriver/remote/webdriver.py\", line 770, in find_element\n    return self.execute(Command.FIND_ELEMENT, {\"using\": by, \"value\": value})[\"value\"]\n           ~~~~~~~~~~~~^^^^^^^^^^^^^^^^^^^^^^^^^^^^^^^^^^^^^^^^^^^^^^^^^^^^^\n  File \"/opt/hostedtoolcache/Python/3.13.2/x64/lib/python3.13/site-packages/selenium/webdriver/remote/webdriver.py\", line 384, in execute\n    self.error_handler.check_response(response)\n    ~~~~~~~~~~~~~~~~~~~~~~~~~~~~~~~~~^^^^^^^^^^\n  File \"/opt/hostedtoolcache/Python/3.13.2/x64/lib/python3.13/site-packages/selenium/webdriver/remote/errorhandler.py\", line 232, in check_response\n    raise exception_class(message, screen, stacktrace)\n","steps":[],"attachments":[],"parameters":[],"shouldDisplayMessage":true,"stepsCount":0,"attachmentsCount":0,"hasContent":true,"attachmentStep":false},{"name":"Looks like the class PROPERTYUNITTYPES is not mapped","time":{"start":1739732642235,"stop":1739732642235,"duration":0},"status":"passed","steps":[],"attachments":[],"parameters":[],"shouldDisplayMessage":false,"stepsCount":0,"attachmentsCount":0,"hasContent":false,"attachmentStep":false},{"name":"Select main metadata","time":{"start":1739732642257,"stop":1739732642383,"duration":126},"status":"passed","steps":[],"attachments":[],"parameters":[{"name":"metadata","value":"7"}],"shouldDisplayMessage":false,"stepsCount":0,"attachmentsCount":0,"hasContent":true,"attachmentStep":false},{"name":"Implicit wait metadata","time":{"start":1739732642383,"stop":1739732652405,"duration":10022},"status":"broken","statusMessage":"selenium.common.exceptions.NoSuchElementException: Message: no such element: Unable to locate element: {\"method\":\"css selector\",\"selector\":\"#listing_mapper_list_category__0\"}\n  (Session info: chrome=133.0.6943.98); For documentation on this error, please visit: https://www.selenium.dev/documentation/webdriver/troubleshooting/errors#no-such-element-exception\nStacktrace:\n#0 0x55788938b09a <unknown>\n#1 0x557888e528b0 <unknown>\n#2 0x557888ea3b99 <unknown>\n#3 0x557888ea3d21 <unknown>\n#4 0x557888ef2854 <unknown>\n#5 0x557888ec99ad <unknown>\n#6 0x557888eefb8b <unknown>\n#7 0x557888ec9753 <unknown>\n#8 0x557888e9538e <unknown>\n#9 0x557888e96b51 <unknown>\n#10 0x55788935476b <unknown>\n#11 0x5578893586f2 <unknown>\n#12 0x5578893408fc <unknown>\n#13 0x5578893592e4 <unknown>\n#14 0x5578893249cf <unknown>\n#15 0x557889379cd8 <unknown>\n#16 0x557889379eb6 <unknown>\n#17 0x557889389f16 <unknown>\n#18 0x7f260649caa4 <unknown>\n#19 0x7f2606529c3c <unknown>\n\n","statusTrace":"  File \"/opt/hostedtoolcache/Python/3.13.2/x64/lib/python3.13/site-packages/allure_commons/_allure.py\", line 192, in impl\n    return func(*a, **kw)\n  File \"/home/runner/work/eim-map-test/eim-map-test/SLP/ui/PageObjects/SLPMain/slp_main.py\", line 63, in impl_wait_metadata\n    ListComponent(self.driver).get_map_filed(IMPLIS_WAIT_MAP)\n    ~~~~~~~~~~~~~~~~~~~~~~~~~~~~~~~~~~~~~~~~^^^^^^^^^^^^^^^^^\n  File \"/home/runner/work/eim-map-test/eim-map-test/SLP/ui/PageObjects/SLPMain/listing_component.py\", line 46, in get_map_filed\n    return self.node.find_element(*xpath)\n           ~~~~~~~~~~~~~~~~~~~~~~^^^^^^^^\n  File \"/opt/hostedtoolcache/Python/3.13.2/x64/lib/python3.13/site-packages/selenium/webdriver/remote/webdriver.py\", line 770, in find_element\n    return self.execute(Command.FIND_ELEMENT, {\"using\": by, \"value\": value})[\"value\"]\n           ~~~~~~~~~~~~^^^^^^^^^^^^^^^^^^^^^^^^^^^^^^^^^^^^^^^^^^^^^^^^^^^^^\n  File \"/opt/hostedtoolcache/Python/3.13.2/x64/lib/python3.13/site-packages/selenium/webdriver/remote/webdriver.py\", line 384, in execute\n    self.error_handler.check_response(response)\n    ~~~~~~~~~~~~~~~~~~~~~~~~~~~~~~~~~^^^^^^^^^^\n  File \"/opt/hostedtoolcache/Python/3.13.2/x64/lib/python3.13/site-packages/selenium/webdriver/remote/errorhandler.py\", line 232, in check_response\n    raise exception_class(message, screen, stacktrace)\n","steps":[],"attachments":[],"parameters":[],"shouldDisplayMessage":true,"stepsCount":0,"attachmentsCount":0,"hasContent":true,"attachmentStep":false},{"name":"Looks like the class PUBLICRECORDPROPERTYBUILDING is not mapped","time":{"start":1739732652406,"stop":1739732652406,"duration":0},"status":"passed","steps":[],"attachments":[],"parameters":[],"shouldDisplayMessage":false,"stepsCount":0,"attachmentsCount":0,"hasContent":false,"attachmentStep":false},{"name":"Select main metadata","time":{"start":1739732652425,"stop":1739732652555,"duration":130},"status":"passed","steps":[],"attachments":[],"parameters":[{"name":"metadata","value":"8"}],"shouldDisplayMessage":false,"stepsCount":0,"attachmentsCount":0,"hasContent":true,"attachmentStep":false},{"name":"Implicit wait metadata","time":{"start":1739732652555,"stop":1739732662566,"duration":10011},"status":"broken","statusMessage":"selenium.common.exceptions.NoSuchElementException: Message: no such element: Unable to locate element: {\"method\":\"css selector\",\"selector\":\"#listing_mapper_list_category__0\"}\n  (Session info: chrome=133.0.6943.98); For documentation on this error, please visit: https://www.selenium.dev/documentation/webdriver/troubleshooting/errors#no-such-element-exception\nStacktrace:\n#0 0x55788938b09a <unknown>\n#1 0x557888e528b0 <unknown>\n#2 0x557888ea3b99 <unknown>\n#3 0x557888ea3d21 <unknown>\n#4 0x557888ef2854 <unknown>\n#5 0x557888ec99ad <unknown>\n#6 0x557888eefb8b <unknown>\n#7 0x557888ec9753 <unknown>\n#8 0x557888e9538e <unknown>\n#9 0x557888e96b51 <unknown>\n#10 0x55788935476b <unknown>\n#11 0x5578893586f2 <unknown>\n#12 0x5578893408fc <unknown>\n#13 0x5578893592e4 <unknown>\n#14 0x5578893249cf <unknown>\n#15 0x557889379cd8 <unknown>\n#16 0x557889379eb6 <unknown>\n#17 0x557889389f16 <unknown>\n#18 0x7f260649caa4 <unknown>\n#19 0x7f2606529c3c <unknown>\n\n","statusTrace":"  File \"/opt/hostedtoolcache/Python/3.13.2/x64/lib/python3.13/site-packages/allure_commons/_allure.py\", line 192, in impl\n    return func(*a, **kw)\n  File \"/home/runner/work/eim-map-test/eim-map-test/SLP/ui/PageObjects/SLPMain/slp_main.py\", line 63, in impl_wait_metadata\n    ListComponent(self.driver).get_map_filed(IMPLIS_WAIT_MAP)\n    ~~~~~~~~~~~~~~~~~~~~~~~~~~~~~~~~~~~~~~~~^^^^^^^^^^^^^^^^^\n  File \"/home/runner/work/eim-map-test/eim-map-test/SLP/ui/PageObjects/SLPMain/listing_component.py\", line 46, in get_map_filed\n    return self.node.find_element(*xpath)\n           ~~~~~~~~~~~~~~~~~~~~~~^^^^^^^^\n  File \"/opt/hostedtoolcache/Python/3.13.2/x64/lib/python3.13/site-packages/selenium/webdriver/remote/webdriver.py\", line 770, in find_element\n    return self.execute(Command.FIND_ELEMENT, {\"using\": by, \"value\": value})[\"value\"]\n           ~~~~~~~~~~~~^^^^^^^^^^^^^^^^^^^^^^^^^^^^^^^^^^^^^^^^^^^^^^^^^^^^^\n  File \"/opt/hostedtoolcache/Python/3.13.2/x64/lib/python3.13/site-packages/selenium/webdriver/remote/webdriver.py\", line 384, in execute\n    self.error_handler.check_response(response)\n    ~~~~~~~~~~~~~~~~~~~~~~~~~~~~~~~~~^^^^^^^^^^\n  File \"/opt/hostedtoolcache/Python/3.13.2/x64/lib/python3.13/site-packages/selenium/webdriver/remote/errorhandler.py\", line 232, in check_response\n    raise exception_class(message, screen, stacktrace)\n","steps":[],"attachments":[],"parameters":[],"shouldDisplayMessage":true,"stepsCount":0,"attachmentsCount":0,"hasContent":true,"attachmentStep":false},{"name":"Looks like the class PUBLICRECORDPROPERTYLASTMARKETSALE is not mapped","time":{"start":1739732662567,"stop":1739732662567,"duration":0},"status":"passed","steps":[],"attachments":[],"parameters":[],"shouldDisplayMessage":false,"stepsCount":0,"attachmentsCount":0,"hasContent":false,"attachmentStep":false},{"name":"Select main metadata","time":{"start":1739732662588,"stop":1739732662722,"duration":134},"status":"passed","steps":[],"attachments":[],"parameters":[{"name":"metadata","value":"9"}],"shouldDisplayMessage":false,"stepsCount":0,"attachmentsCount":0,"hasContent":true,"attachmentStep":false},{"name":"Implicit wait metadata","time":{"start":1739732662722,"stop":1739732672750,"duration":10028},"status":"broken","statusMessage":"selenium.common.exceptions.NoSuchElementException: Message: no such element: Unable to locate element: {\"method\":\"css selector\",\"selector\":\"#listing_mapper_list_category__0\"}\n  (Session info: chrome=133.0.6943.98); For documentation on this error, please visit: https://www.selenium.dev/documentation/webdriver/troubleshooting/errors#no-such-element-exception\nStacktrace:\n#0 0x55788938b09a <unknown>\n#1 0x557888e528b0 <unknown>\n#2 0x557888ea3b99 <unknown>\n#3 0x557888ea3d21 <unknown>\n#4 0x557888ef2854 <unknown>\n#5 0x557888ec99ad <unknown>\n#6 0x557888eefb8b <unknown>\n#7 0x557888ec9753 <unknown>\n#8 0x557888e9538e <unknown>\n#9 0x557888e96b51 <unknown>\n#10 0x55788935476b <unknown>\n#11 0x5578893586f2 <unknown>\n#12 0x5578893408fc <unknown>\n#13 0x5578893592e4 <unknown>\n#14 0x5578893249cf <unknown>\n#15 0x557889379cd8 <unknown>\n#16 0x557889379eb6 <unknown>\n#17 0x557889389f16 <unknown>\n#18 0x7f260649caa4 <unknown>\n#19 0x7f2606529c3c <unknown>\n\n","statusTrace":"  File \"/opt/hostedtoolcache/Python/3.13.2/x64/lib/python3.13/site-packages/allure_commons/_allure.py\", line 192, in impl\n    return func(*a, **kw)\n  File \"/home/runner/work/eim-map-test/eim-map-test/SLP/ui/PageObjects/SLPMain/slp_main.py\", line 63, in impl_wait_metadata\n    ListComponent(self.driver).get_map_filed(IMPLIS_WAIT_MAP)\n    ~~~~~~~~~~~~~~~~~~~~~~~~~~~~~~~~~~~~~~~~^^^^^^^^^^^^^^^^^\n  File \"/home/runner/work/eim-map-test/eim-map-test/SLP/ui/PageObjects/SLPMain/listing_component.py\", line 46, in get_map_filed\n    return self.node.find_element(*xpath)\n           ~~~~~~~~~~~~~~~~~~~~~~^^^^^^^^\n  File \"/opt/hostedtoolcache/Python/3.13.2/x64/lib/python3.13/site-packages/selenium/webdriver/remote/webdriver.py\", line 770, in find_element\n    return self.execute(Command.FIND_ELEMENT, {\"using\": by, \"value\": value})[\"value\"]\n           ~~~~~~~~~~~~^^^^^^^^^^^^^^^^^^^^^^^^^^^^^^^^^^^^^^^^^^^^^^^^^^^^^\n  File \"/opt/hostedtoolcache/Python/3.13.2/x64/lib/python3.13/site-packages/selenium/webdriver/remote/webdriver.py\", line 384, in execute\n    self.error_handler.check_response(response)\n    ~~~~~~~~~~~~~~~~~~~~~~~~~~~~~~~~~^^^^^^^^^^\n  File \"/opt/hostedtoolcache/Python/3.13.2/x64/lib/python3.13/site-packages/selenium/webdriver/remote/errorhandler.py\", line 232, in check_response\n    raise exception_class(message, screen, stacktrace)\n","steps":[],"attachments":[],"parameters":[],"shouldDisplayMessage":true,"stepsCount":0,"attachmentsCount":0,"hasContent":true,"attachmentStep":false},{"name":"Looks like the class PUBLICRECORDPROPERTYLOCATION is not mapped","time":{"start":1739732672751,"stop":1739732672751,"duration":0},"status":"passed","steps":[],"attachments":[],"parameters":[],"shouldDisplayMessage":false,"stepsCount":0,"attachmentsCount":0,"hasContent":false,"attachmentStep":false},{"name":"Select main metadata","time":{"start":1739732672771,"stop":1739732672908,"duration":137},"status":"passed","steps":[],"attachments":[],"parameters":[{"name":"metadata","value":"10"}],"shouldDisplayMessage":false,"stepsCount":0,"attachmentsCount":0,"hasContent":true,"attachmentStep":false},{"name":"Implicit wait metadata","time":{"start":1739732672908,"stop":1739732682927,"duration":10019},"status":"broken","statusMessage":"selenium.common.exceptions.NoSuchElementException: Message: no such element: Unable to locate element: {\"method\":\"css selector\",\"selector\":\"#listing_mapper_list_category__0\"}\n  (Session info: chrome=133.0.6943.98); For documentation on this error, please visit: https://www.selenium.dev/documentation/webdriver/troubleshooting/errors#no-such-element-exception\nStacktrace:\n#0 0x55788938b09a <unknown>\n#1 0x557888e528b0 <unknown>\n#2 0x557888ea3b99 <unknown>\n#3 0x557888ea3d21 <unknown>\n#4 0x557888ef2854 <unknown>\n#5 0x557888ec99ad <unknown>\n#6 0x557888eefb8b <unknown>\n#7 0x557888ec9753 <unknown>\n#8 0x557888e9538e <unknown>\n#9 0x557888e96b51 <unknown>\n#10 0x55788935476b <unknown>\n#11 0x5578893586f2 <unknown>\n#12 0x5578893408fc <unknown>\n#13 0x5578893592e4 <unknown>\n#14 0x5578893249cf <unknown>\n#15 0x557889379cd8 <unknown>\n#16 0x557889379eb6 <unknown>\n#17 0x557889389f16 <unknown>\n#18 0x7f260649caa4 <unknown>\n#19 0x7f2606529c3c <unknown>\n\n","statusTrace":"  File \"/opt/hostedtoolcache/Python/3.13.2/x64/lib/python3.13/site-packages/allure_commons/_allure.py\", line 192, in impl\n    return func(*a, **kw)\n  File \"/home/runner/work/eim-map-test/eim-map-test/SLP/ui/PageObjects/SLPMain/slp_main.py\", line 63, in impl_wait_metadata\n    ListComponent(self.driver).get_map_filed(IMPLIS_WAIT_MAP)\n    ~~~~~~~~~~~~~~~~~~~~~~~~~~~~~~~~~~~~~~~~^^^^^^^^^^^^^^^^^\n  File \"/home/runner/work/eim-map-test/eim-map-test/SLP/ui/PageObjects/SLPMain/listing_component.py\", line 46, in get_map_filed\n    return self.node.find_element(*xpath)\n           ~~~~~~~~~~~~~~~~~~~~~~^^^^^^^^\n  File \"/opt/hostedtoolcache/Python/3.13.2/x64/lib/python3.13/site-packages/selenium/webdriver/remote/webdriver.py\", line 770, in find_element\n    return self.execute(Command.FIND_ELEMENT, {\"using\": by, \"value\": value})[\"value\"]\n           ~~~~~~~~~~~~^^^^^^^^^^^^^^^^^^^^^^^^^^^^^^^^^^^^^^^^^^^^^^^^^^^^^\n  File \"/opt/hostedtoolcache/Python/3.13.2/x64/lib/python3.13/site-packages/selenium/webdriver/remote/webdriver.py\", line 384, in execute\n    self.error_handler.check_response(response)\n    ~~~~~~~~~~~~~~~~~~~~~~~~~~~~~~~~~^^^^^^^^^^\n  File \"/opt/hostedtoolcache/Python/3.13.2/x64/lib/python3.13/site-packages/selenium/webdriver/remote/errorhandler.py\", line 232, in check_response\n    raise exception_class(message, screen, stacktrace)\n","steps":[],"attachments":[],"parameters":[],"shouldDisplayMessage":true,"stepsCount":0,"attachmentsCount":0,"hasContent":true,"attachmentStep":false},{"name":"Looks like the class PUBLICRECORDPROPERTYOWNERSHIP is not mapped","time":{"start":1739732682928,"stop":1739732682928,"duration":0},"status":"passed","steps":[],"attachments":[],"parameters":[],"shouldDisplayMessage":false,"stepsCount":0,"attachmentsCount":0,"hasContent":false,"attachmentStep":false},{"name":"Select main metadata","time":{"start":1739732682949,"stop":1739732683092,"duration":143},"status":"passed","steps":[],"attachments":[],"parameters":[{"name":"metadata","value":"11"}],"shouldDisplayMessage":false,"stepsCount":0,"attachmentsCount":0,"hasContent":true,"attachmentStep":false},{"name":"Implicit wait metadata","time":{"start":1739732683092,"stop":1739732693148,"duration":10056},"status":"broken","statusMessage":"selenium.common.exceptions.NoSuchElementException: Message: no such element: Unable to locate element: {\"method\":\"css selector\",\"selector\":\"#listing_mapper_list_category__0\"}\n  (Session info: chrome=133.0.6943.98); For documentation on this error, please visit: https://www.selenium.dev/documentation/webdriver/troubleshooting/errors#no-such-element-exception\nStacktrace:\n#0 0x55788938b09a <unknown>\n#1 0x557888e528b0 <unknown>\n#2 0x557888ea3b99 <unknown>\n#3 0x557888ea3d21 <unknown>\n#4 0x557888ef2854 <unknown>\n#5 0x557888ec99ad <unknown>\n#6 0x557888eefb8b <unknown>\n#7 0x557888ec9753 <unknown>\n#8 0x557888e9538e <unknown>\n#9 0x557888e96b51 <unknown>\n#10 0x55788935476b <unknown>\n#11 0x5578893586f2 <unknown>\n#12 0x5578893408fc <unknown>\n#13 0x5578893592e4 <unknown>\n#14 0x5578893249cf <unknown>\n#15 0x557889379cd8 <unknown>\n#16 0x557889379eb6 <unknown>\n#17 0x557889389f16 <unknown>\n#18 0x7f260649caa4 <unknown>\n#19 0x7f2606529c3c <unknown>\n\n","statusTrace":"  File \"/opt/hostedtoolcache/Python/3.13.2/x64/lib/python3.13/site-packages/allure_commons/_allure.py\", line 192, in impl\n    return func(*a, **kw)\n  File \"/home/runner/work/eim-map-test/eim-map-test/SLP/ui/PageObjects/SLPMain/slp_main.py\", line 63, in impl_wait_metadata\n    ListComponent(self.driver).get_map_filed(IMPLIS_WAIT_MAP)\n    ~~~~~~~~~~~~~~~~~~~~~~~~~~~~~~~~~~~~~~~~^^^^^^^^^^^^^^^^^\n  File \"/home/runner/work/eim-map-test/eim-map-test/SLP/ui/PageObjects/SLPMain/listing_component.py\", line 46, in get_map_filed\n    return self.node.find_element(*xpath)\n           ~~~~~~~~~~~~~~~~~~~~~~^^^^^^^^\n  File \"/opt/hostedtoolcache/Python/3.13.2/x64/lib/python3.13/site-packages/selenium/webdriver/remote/webdriver.py\", line 770, in find_element\n    return self.execute(Command.FIND_ELEMENT, {\"using\": by, \"value\": value})[\"value\"]\n           ~~~~~~~~~~~~^^^^^^^^^^^^^^^^^^^^^^^^^^^^^^^^^^^^^^^^^^^^^^^^^^^^^\n  File \"/opt/hostedtoolcache/Python/3.13.2/x64/lib/python3.13/site-packages/selenium/webdriver/remote/webdriver.py\", line 384, in execute\n    self.error_handler.check_response(response)\n    ~~~~~~~~~~~~~~~~~~~~~~~~~~~~~~~~~^^^^^^^^^^\n  File \"/opt/hostedtoolcache/Python/3.13.2/x64/lib/python3.13/site-packages/selenium/webdriver/remote/errorhandler.py\", line 232, in check_response\n    raise exception_class(message, screen, stacktrace)\n","steps":[],"attachments":[],"parameters":[],"shouldDisplayMessage":true,"stepsCount":0,"attachmentsCount":0,"hasContent":true,"attachmentStep":false},{"name":"Looks like the class PUBLICRECORDPROPERTYOWNERSHIPTRANSFER is not mapped","time":{"start":1739732693149,"stop":1739732693149,"duration":0},"status":"passed","steps":[],"attachments":[],"parameters":[],"shouldDisplayMessage":false,"stepsCount":0,"attachmentsCount":0,"hasContent":false,"attachmentStep":false},{"name":"Select main metadata","time":{"start":1739732693181,"stop":1739732693320,"duration":139},"status":"passed","steps":[],"attachments":[],"parameters":[{"name":"metadata","value":"12"}],"shouldDisplayMessage":false,"stepsCount":0,"attachmentsCount":0,"hasContent":true,"attachmentStep":false},{"name":"Implicit wait metadata","time":{"start":1739732693321,"stop":1739732703380,"duration":10059},"status":"broken","statusMessage":"selenium.common.exceptions.NoSuchElementException: Message: no such element: Unable to locate element: {\"method\":\"css selector\",\"selector\":\"#listing_mapper_list_category__0\"}\n  (Session info: chrome=133.0.6943.98); For documentation on this error, please visit: https://www.selenium.dev/documentation/webdriver/troubleshooting/errors#no-such-element-exception\nStacktrace:\n#0 0x55788938b09a <unknown>\n#1 0x557888e528b0 <unknown>\n#2 0x557888ea3b99 <unknown>\n#3 0x557888ea3d21 <unknown>\n#4 0x557888ef2854 <unknown>\n#5 0x557888ec99ad <unknown>\n#6 0x557888eefb8b <unknown>\n#7 0x557888ec9753 <unknown>\n#8 0x557888e9538e <unknown>\n#9 0x557888e96b51 <unknown>\n#10 0x55788935476b <unknown>\n#11 0x5578893586f2 <unknown>\n#12 0x5578893408fc <unknown>\n#13 0x5578893592e4 <unknown>\n#14 0x5578893249cf <unknown>\n#15 0x557889379cd8 <unknown>\n#16 0x557889379eb6 <unknown>\n#17 0x557889389f16 <unknown>\n#18 0x7f260649caa4 <unknown>\n#19 0x7f2606529c3c <unknown>\n\n","statusTrace":"  File \"/opt/hostedtoolcache/Python/3.13.2/x64/lib/python3.13/site-packages/allure_commons/_allure.py\", line 192, in impl\n    return func(*a, **kw)\n  File \"/home/runner/work/eim-map-test/eim-map-test/SLP/ui/PageObjects/SLPMain/slp_main.py\", line 63, in impl_wait_metadata\n    ListComponent(self.driver).get_map_filed(IMPLIS_WAIT_MAP)\n    ~~~~~~~~~~~~~~~~~~~~~~~~~~~~~~~~~~~~~~~~^^^^^^^^^^^^^^^^^\n  File \"/home/runner/work/eim-map-test/eim-map-test/SLP/ui/PageObjects/SLPMain/listing_component.py\", line 46, in get_map_filed\n    return self.node.find_element(*xpath)\n           ~~~~~~~~~~~~~~~~~~~~~~^^^^^^^^\n  File \"/opt/hostedtoolcache/Python/3.13.2/x64/lib/python3.13/site-packages/selenium/webdriver/remote/webdriver.py\", line 770, in find_element\n    return self.execute(Command.FIND_ELEMENT, {\"using\": by, \"value\": value})[\"value\"]\n           ~~~~~~~~~~~~^^^^^^^^^^^^^^^^^^^^^^^^^^^^^^^^^^^^^^^^^^^^^^^^^^^^^\n  File \"/opt/hostedtoolcache/Python/3.13.2/x64/lib/python3.13/site-packages/selenium/webdriver/remote/webdriver.py\", line 384, in execute\n    self.error_handler.check_response(response)\n    ~~~~~~~~~~~~~~~~~~~~~~~~~~~~~~~~~^^^^^^^^^^\n  File \"/opt/hostedtoolcache/Python/3.13.2/x64/lib/python3.13/site-packages/selenium/webdriver/remote/errorhandler.py\", line 232, in check_response\n    raise exception_class(message, screen, stacktrace)\n","steps":[],"attachments":[],"parameters":[],"shouldDisplayMessage":true,"stepsCount":0,"attachmentsCount":0,"hasContent":true,"attachmentStep":false},{"name":"Looks like the class PUBLICRECORDPROPERTYPRIORSALE is not mapped","time":{"start":1739732703381,"stop":1739732703381,"duration":0},"status":"passed","steps":[],"attachments":[],"parameters":[],"shouldDisplayMessage":false,"stepsCount":0,"attachmentsCount":0,"hasContent":false,"attachmentStep":false},{"name":"Select main metadata","time":{"start":1739732703403,"stop":1739732703556,"duration":153},"status":"passed","steps":[],"attachments":[],"parameters":[{"name":"metadata","value":"13"}],"shouldDisplayMessage":false,"stepsCount":0,"attachmentsCount":0,"hasContent":true,"attachmentStep":false},{"name":"Implicit wait metadata","time":{"start":1739732703556,"stop":1739732713605,"duration":10049},"status":"broken","statusMessage":"selenium.common.exceptions.NoSuchElementException: Message: no such element: Unable to locate element: {\"method\":\"css selector\",\"selector\":\"#listing_mapper_list_category__0\"}\n  (Session info: chrome=133.0.6943.98); For documentation on this error, please visit: https://www.selenium.dev/documentation/webdriver/troubleshooting/errors#no-such-element-exception\nStacktrace:\n#0 0x55788938b09a <unknown>\n#1 0x557888e528b0 <unknown>\n#2 0x557888ea3b99 <unknown>\n#3 0x557888ea3d21 <unknown>\n#4 0x557888ef2854 <unknown>\n#5 0x557888ec99ad <unknown>\n#6 0x557888eefb8b <unknown>\n#7 0x557888ec9753 <unknown>\n#8 0x557888e9538e <unknown>\n#9 0x557888e96b51 <unknown>\n#10 0x55788935476b <unknown>\n#11 0x5578893586f2 <unknown>\n#12 0x5578893408fc <unknown>\n#13 0x5578893592e4 <unknown>\n#14 0x5578893249cf <unknown>\n#15 0x557889379cd8 <unknown>\n#16 0x557889379eb6 <unknown>\n#17 0x557889389f16 <unknown>\n#18 0x7f260649caa4 <unknown>\n#19 0x7f2606529c3c <unknown>\n\n","statusTrace":"  File \"/opt/hostedtoolcache/Python/3.13.2/x64/lib/python3.13/site-packages/allure_commons/_allure.py\", line 192, in impl\n    return func(*a, **kw)\n  File \"/home/runner/work/eim-map-test/eim-map-test/SLP/ui/PageObjects/SLPMain/slp_main.py\", line 63, in impl_wait_metadata\n    ListComponent(self.driver).get_map_filed(IMPLIS_WAIT_MAP)\n    ~~~~~~~~~~~~~~~~~~~~~~~~~~~~~~~~~~~~~~~~^^^^^^^^^^^^^^^^^\n  File \"/home/runner/work/eim-map-test/eim-map-test/SLP/ui/PageObjects/SLPMain/listing_component.py\", line 46, in get_map_filed\n    return self.node.find_element(*xpath)\n           ~~~~~~~~~~~~~~~~~~~~~~^^^^^^^^\n  File \"/opt/hostedtoolcache/Python/3.13.2/x64/lib/python3.13/site-packages/selenium/webdriver/remote/webdriver.py\", line 770, in find_element\n    return self.execute(Command.FIND_ELEMENT, {\"using\": by, \"value\": value})[\"value\"]\n           ~~~~~~~~~~~~^^^^^^^^^^^^^^^^^^^^^^^^^^^^^^^^^^^^^^^^^^^^^^^^^^^^^\n  File \"/opt/hostedtoolcache/Python/3.13.2/x64/lib/python3.13/site-packages/selenium/webdriver/remote/webdriver.py\", line 384, in execute\n    self.error_handler.check_response(response)\n    ~~~~~~~~~~~~~~~~~~~~~~~~~~~~~~~~~^^^^^^^^^^\n  File \"/opt/hostedtoolcache/Python/3.13.2/x64/lib/python3.13/site-packages/selenium/webdriver/remote/errorhandler.py\", line 232, in check_response\n    raise exception_class(message, screen, stacktrace)\n","steps":[],"attachments":[],"parameters":[],"shouldDisplayMessage":true,"stepsCount":0,"attachmentsCount":0,"hasContent":true,"attachmentStep":false},{"name":"Looks like the class PUBLICRECORDPROPERTYSEARCH is not mapped","time":{"start":1739732713606,"stop":1739732713606,"duration":0},"status":"passed","steps":[],"attachments":[],"parameters":[],"shouldDisplayMessage":false,"stepsCount":0,"attachmentsCount":0,"hasContent":false,"attachmentStep":false},{"name":"Select main metadata","time":{"start":1739732713631,"stop":1739732713782,"duration":151},"status":"passed","steps":[],"attachments":[],"parameters":[{"name":"metadata","value":"14"}],"shouldDisplayMessage":false,"stepsCount":0,"attachmentsCount":0,"hasContent":true,"attachmentStep":false},{"name":"Implicit wait metadata","time":{"start":1739732713782,"stop":1739732723835,"duration":10053},"status":"broken","statusMessage":"selenium.common.exceptions.NoSuchElementException: Message: no such element: Unable to locate element: {\"method\":\"css selector\",\"selector\":\"#listing_mapper_list_category__0\"}\n  (Session info: chrome=133.0.6943.98); For documentation on this error, please visit: https://www.selenium.dev/documentation/webdriver/troubleshooting/errors#no-such-element-exception\nStacktrace:\n#0 0x55788938b09a <unknown>\n#1 0x557888e528b0 <unknown>\n#2 0x557888ea3b99 <unknown>\n#3 0x557888ea3d21 <unknown>\n#4 0x557888ef2854 <unknown>\n#5 0x557888ec99ad <unknown>\n#6 0x557888eefb8b <unknown>\n#7 0x557888ec9753 <unknown>\n#8 0x557888e9538e <unknown>\n#9 0x557888e96b51 <unknown>\n#10 0x55788935476b <unknown>\n#11 0x5578893586f2 <unknown>\n#12 0x5578893408fc <unknown>\n#13 0x5578893592e4 <unknown>\n#14 0x5578893249cf <unknown>\n#15 0x557889379cd8 <unknown>\n#16 0x557889379eb6 <unknown>\n#17 0x557889389f16 <unknown>\n#18 0x7f260649caa4 <unknown>\n#19 0x7f2606529c3c <unknown>\n\n","statusTrace":"  File \"/opt/hostedtoolcache/Python/3.13.2/x64/lib/python3.13/site-packages/allure_commons/_allure.py\", line 192, in impl\n    return func(*a, **kw)\n  File \"/home/runner/work/eim-map-test/eim-map-test/SLP/ui/PageObjects/SLPMain/slp_main.py\", line 63, in impl_wait_metadata\n    ListComponent(self.driver).get_map_filed(IMPLIS_WAIT_MAP)\n    ~~~~~~~~~~~~~~~~~~~~~~~~~~~~~~~~~~~~~~~~^^^^^^^^^^^^^^^^^\n  File \"/home/runner/work/eim-map-test/eim-map-test/SLP/ui/PageObjects/SLPMain/listing_component.py\", line 46, in get_map_filed\n    return self.node.find_element(*xpath)\n           ~~~~~~~~~~~~~~~~~~~~~~^^^^^^^^\n  File \"/opt/hostedtoolcache/Python/3.13.2/x64/lib/python3.13/site-packages/selenium/webdriver/remote/webdriver.py\", line 770, in find_element\n    return self.execute(Command.FIND_ELEMENT, {\"using\": by, \"value\": value})[\"value\"]\n           ~~~~~~~~~~~~^^^^^^^^^^^^^^^^^^^^^^^^^^^^^^^^^^^^^^^^^^^^^^^^^^^^^\n  File \"/opt/hostedtoolcache/Python/3.13.2/x64/lib/python3.13/site-packages/selenium/webdriver/remote/webdriver.py\", line 384, in execute\n    self.error_handler.check_response(response)\n    ~~~~~~~~~~~~~~~~~~~~~~~~~~~~~~~~~^^^^^^^^^^\n  File \"/opt/hostedtoolcache/Python/3.13.2/x64/lib/python3.13/site-packages/selenium/webdriver/remote/errorhandler.py\", line 232, in check_response\n    raise exception_class(message, screen, stacktrace)\n","steps":[],"attachments":[],"parameters":[],"shouldDisplayMessage":true,"stepsCount":0,"attachmentsCount":0,"hasContent":true,"attachmentStep":false},{"name":"Looks like the class PUBLICRECORDPROPERTYSITE is not mapped","time":{"start":1739732723836,"stop":1739732723836,"duration":0},"status":"passed","steps":[],"attachments":[],"parameters":[],"shouldDisplayMessage":false,"stepsCount":0,"attachmentsCount":0,"hasContent":false,"attachmentStep":false},{"name":"Select main metadata","time":{"start":1739732723855,"stop":1739732724022,"duration":167},"status":"passed","steps":[],"attachments":[],"parameters":[{"name":"metadata","value":"15"}],"shouldDisplayMessage":false,"stepsCount":0,"attachmentsCount":0,"hasContent":true,"attachmentStep":false},{"name":"Implicit wait metadata","time":{"start":1739732724022,"stop":1739732734061,"duration":10039},"status":"broken","statusMessage":"selenium.common.exceptions.NoSuchElementException: Message: no such element: Unable to locate element: {\"method\":\"css selector\",\"selector\":\"#listing_mapper_list_category__0\"}\n  (Session info: chrome=133.0.6943.98); For documentation on this error, please visit: https://www.selenium.dev/documentation/webdriver/troubleshooting/errors#no-such-element-exception\nStacktrace:\n#0 0x55788938b09a <unknown>\n#1 0x557888e528b0 <unknown>\n#2 0x557888ea3b99 <unknown>\n#3 0x557888ea3d21 <unknown>\n#4 0x557888ef2854 <unknown>\n#5 0x557888ec99ad <unknown>\n#6 0x557888eefb8b <unknown>\n#7 0x557888ec9753 <unknown>\n#8 0x557888e9538e <unknown>\n#9 0x557888e96b51 <unknown>\n#10 0x55788935476b <unknown>\n#11 0x5578893586f2 <unknown>\n#12 0x5578893408fc <unknown>\n#13 0x5578893592e4 <unknown>\n#14 0x5578893249cf <unknown>\n#15 0x557889379cd8 <unknown>\n#16 0x557889379eb6 <unknown>\n#17 0x557889389f16 <unknown>\n#18 0x7f260649caa4 <unknown>\n#19 0x7f2606529c3c <unknown>\n\n","statusTrace":"  File \"/opt/hostedtoolcache/Python/3.13.2/x64/lib/python3.13/site-packages/allure_commons/_allure.py\", line 192, in impl\n    return func(*a, **kw)\n  File \"/home/runner/work/eim-map-test/eim-map-test/SLP/ui/PageObjects/SLPMain/slp_main.py\", line 63, in impl_wait_metadata\n    ListComponent(self.driver).get_map_filed(IMPLIS_WAIT_MAP)\n    ~~~~~~~~~~~~~~~~~~~~~~~~~~~~~~~~~~~~~~~~^^^^^^^^^^^^^^^^^\n  File \"/home/runner/work/eim-map-test/eim-map-test/SLP/ui/PageObjects/SLPMain/listing_component.py\", line 46, in get_map_filed\n    return self.node.find_element(*xpath)\n           ~~~~~~~~~~~~~~~~~~~~~~^^^^^^^^\n  File \"/opt/hostedtoolcache/Python/3.13.2/x64/lib/python3.13/site-packages/selenium/webdriver/remote/webdriver.py\", line 770, in find_element\n    return self.execute(Command.FIND_ELEMENT, {\"using\": by, \"value\": value})[\"value\"]\n           ~~~~~~~~~~~~^^^^^^^^^^^^^^^^^^^^^^^^^^^^^^^^^^^^^^^^^^^^^^^^^^^^^\n  File \"/opt/hostedtoolcache/Python/3.13.2/x64/lib/python3.13/site-packages/selenium/webdriver/remote/webdriver.py\", line 384, in execute\n    self.error_handler.check_response(response)\n    ~~~~~~~~~~~~~~~~~~~~~~~~~~~~~~~~~^^^^^^^^^^\n  File \"/opt/hostedtoolcache/Python/3.13.2/x64/lib/python3.13/site-packages/selenium/webdriver/remote/errorhandler.py\", line 232, in check_response\n    raise exception_class(message, screen, stacktrace)\n","steps":[],"attachments":[],"parameters":[],"shouldDisplayMessage":true,"stepsCount":0,"attachmentsCount":0,"hasContent":true,"attachmentStep":false},{"name":"Looks like the class PUBLICRECORDPROPERTYTAXASSESSMENT is not mapped","time":{"start":1739732734062,"stop":1739732734062,"duration":0},"status":"passed","steps":[],"attachments":[],"parameters":[],"shouldDisplayMessage":false,"stepsCount":0,"attachmentsCount":0,"hasContent":false,"attachmentStep":false}],"attachments":[],"parameters":[],"shouldDisplayMessage":false,"stepsCount":48,"attachmentsCount":0,"hasContent":true,"attachmentStep":false},"afterStages":[{"name":"_unittest_setUpClass_fixture_TestPromotionChecklist::0","time":{"start":1739748083629,"stop":1739748083629,"duration":0},"status":"passed","steps":[],"attachments":[],"parameters":[],"shouldDisplayMessage":false,"stepsCount":0,"attachmentsCount":0,"hasContent":false,"attachmentStep":false}],"labels":[{"name":"tag","value":"@pytest.mark.filterwarnings('ignore::DeprecationWarning')"},{"name":"parentSuite","value":"tests"},{"name":"suite","value":"test_checklist"},{"name":"subSuite","value":"TestPromotionChecklist"},{"name":"host","value":"fv-az1718-879"},{"name":"thread","value":"3355-MainThread"},{"name":"framework","value":"pytest"},{"name":"language","value":"cpython3"},{"name":"package","value":"tests.test_checklist"},{"name":"resultFormat","value":"allure2"}],"parameters":[],"links":[],"hidden":false,"retry":false,"extra":{"severity":"normal","retries":[],"categories":[],"tags":["@pytest.mark.filterwarnings('ignore::DeprecationWarning')"]},"source":"9a982da44c2023d6.json","parameterValues":[]}