{"uid":"9ba7146f3d4dc447","name":"test_list_address_properties_country_07_11","fullName":"tests.test_checklist.TestPromotionChecklist#test_list_address_properties_country_07_11","historyId":"e5a5179cf852800da2fd7f96489711ec","time":{"start":1739698013001,"stop":1739698044288,"duration":31287},"status":"failed","statusMessage":"AssertionError: False is not true : list_address.properties.country\n+\n[add]\nValueProvider(json_path=Country,skip_values=[])\n[add]\n[add]\n[add]","statusTrace":"tests/test_checklist.py:122: in test_list_address_properties_country\n    raise e  # Re-raise to ensure the test fails\ntests/test_checklist.py:117: in test_list_address_properties_country\n    self.assertTrue(actual, country_code)\nE   AssertionError: False is not true : list_address.properties.country\nE   +\nE   [add]\nE   ValueProvider(json_path=Country,skip_values=[])\nE   [add]\nE   [add]\nE   [add]","flaky":false,"newFailed":false,"newBroken":false,"newPassed":false,"retriesCount":0,"retriesStatusChange":false,"beforeStages":[{"name":"_unittest_setUpClass_fixture_TestPromotionChecklist","time":{"start":1739690686858,"stop":1739690686859,"duration":1},"status":"passed","steps":[],"attachments":[],"parameters":[],"shouldDisplayMessage":false,"stepsCount":0,"attachmentsCount":0,"hasContent":false,"attachmentStep":false}],"testStage":{"status":"failed","statusMessage":"AssertionError: False is not true : list_address.properties.country\n+\n[add]\nValueProvider(json_path=Country,skip_values=[])\n[add]\n[add]\n[add]","statusTrace":"tests/test_checklist.py:122: in test_list_address_properties_country\n    raise e  # Re-raise to ensure the test fails\ntests/test_checklist.py:117: in test_list_address_properties_country\n    self.assertTrue(actual, country_code)\nE   AssertionError: False is not true : list_address.properties.country\nE   +\nE   [add]\nE   ValueProvider(json_path=Country,skip_values=[])\nE   [add]\nE   [add]\nE   [add]","steps":[{"name":"Click authorisation button","time":{"start":1739698014003,"stop":1739698014655,"duration":652},"status":"passed","steps":[{"name":"Get authorisation button","time":{"start":1739698014003,"stop":1739698014013,"duration":10},"status":"passed","steps":[],"attachments":[],"parameters":[],"shouldDisplayMessage":false,"stepsCount":0,"attachmentsCount":0,"hasContent":false,"attachmentStep":false}],"attachments":[],"parameters":[],"shouldDisplayMessage":false,"stepsCount":1,"attachmentsCount":0,"hasContent":true,"attachmentStep":false},{"name":"Source select","time":{"start":1739698015189,"stop":1739698015308,"duration":119},"status":"passed","steps":[],"attachments":[],"parameters":[{"name":"source","value":"'11'"}],"shouldDisplayMessage":false,"stepsCount":0,"attachmentsCount":0,"hasContent":true,"attachmentStep":false},{"name":"Select main metadata","time":{"start":1739698016546,"stop":1739698016635,"duration":89},"status":"passed","steps":[],"attachments":[],"parameters":[{"name":"metadata","value":"1"}],"shouldDisplayMessage":false,"stepsCount":0,"attachmentsCount":0,"hasContent":true,"attachmentStep":false},{"name":"Implicit wait metadata","time":{"start":1739698016635,"stop":1739698024006,"duration":7371},"status":"passed","steps":[],"attachments":[],"parameters":[],"shouldDisplayMessage":false,"stepsCount":0,"attachmentsCount":0,"hasContent":false,"attachmentStep":false},{"name":"\nMetadata = PROPERTY Failed ‚ùå \n","time":{"start":1739698024041,"stop":1739698024041,"duration":0},"status":"passed","steps":[],"attachments":[],"parameters":[],"shouldDisplayMessage":false,"stepsCount":0,"attachmentsCount":0,"hasContent":false,"attachmentStep":false},{"name":"Select main metadata","time":{"start":1739698024087,"stop":1739698024204,"duration":117},"status":"passed","steps":[],"attachments":[],"parameters":[{"name":"metadata","value":"2"}],"shouldDisplayMessage":false,"stepsCount":0,"attachmentsCount":0,"hasContent":true,"attachmentStep":false},{"name":"Implicit wait metadata","time":{"start":1739698024204,"stop":1739698044229,"duration":20025},"status":"broken","statusMessage":"selenium.common.exceptions.NoSuchElementException: Message: no such element: Unable to locate element: {\"method\":\"css selector\",\"selector\":\"#listing_mapper_list_category__0\"}\n  (Session info: chrome=133.0.6943.98); For documentation on this error, please visit: https://www.selenium.dev/documentation/webdriver/troubleshooting/errors#no-such-element-exception\nStacktrace:\n#0 0x5573d579609a <unknown>\n#1 0x5573d525d8b0 <unknown>\n#2 0x5573d52aeb99 <unknown>\n#3 0x5573d52aed21 <unknown>\n#4 0x5573d52fd854 <unknown>\n#5 0x5573d52d49ad <unknown>\n#6 0x5573d52fab8b <unknown>\n#7 0x5573d52d4753 <unknown>\n#8 0x5573d52a038e <unknown>\n#9 0x5573d52a1b51 <unknown>\n#10 0x5573d575f76b <unknown>\n#11 0x5573d57636f2 <unknown>\n#12 0x5573d574b8fc <unknown>\n#13 0x5573d57642e4 <unknown>\n#14 0x5573d572f9cf <unknown>\n#15 0x5573d5784cd8 <unknown>\n#16 0x5573d5784eb6 <unknown>\n#17 0x5573d5794f16 <unknown>\n#18 0x7fb11ba9caa4 <unknown>\n#19 0x7fb11bb29c3c <unknown>\n\n","statusTrace":"  File \"/opt/hostedtoolcache/Python/3.13.2/x64/lib/python3.13/site-packages/allure_commons/_allure.py\", line 192, in impl\n    return func(*a, **kw)\n  File \"/home/runner/work/eim-map-test/eim-map-test/SLP/ui/PageObjects/SLPMain/slp_main.py\", line 63, in impl_wait_metadata\n    ListComponent(self.driver).get_map_filed(IMPLIS_WAIT_MAP)\n    ~~~~~~~~~~~~~~~~~~~~~~~~~~~~~~~~~~~~~~~~^^^^^^^^^^^^^^^^^\n  File \"/home/runner/work/eim-map-test/eim-map-test/SLP/ui/PageObjects/SLPMain/listing_component.py\", line 46, in get_map_filed\n    return self.node.find_element(*xpath)\n           ~~~~~~~~~~~~~~~~~~~~~~^^^^^^^^\n  File \"/opt/hostedtoolcache/Python/3.13.2/x64/lib/python3.13/site-packages/selenium/webdriver/remote/webdriver.py\", line 770, in find_element\n    return self.execute(Command.FIND_ELEMENT, {\"using\": by, \"value\": value})[\"value\"]\n           ~~~~~~~~~~~~^^^^^^^^^^^^^^^^^^^^^^^^^^^^^^^^^^^^^^^^^^^^^^^^^^^^^\n  File \"/opt/hostedtoolcache/Python/3.13.2/x64/lib/python3.13/site-packages/selenium/webdriver/remote/webdriver.py\", line 384, in execute\n    self.error_handler.check_response(response)\n    ~~~~~~~~~~~~~~~~~~~~~~~~~~~~~~~~~^^^^^^^^^^\n  File \"/opt/hostedtoolcache/Python/3.13.2/x64/lib/python3.13/site-packages/selenium/webdriver/remote/errorhandler.py\", line 232, in check_response\n    raise exception_class(message, screen, stacktrace)\n","steps":[],"attachments":[],"parameters":[],"shouldDisplayMessage":true,"stepsCount":0,"attachmentsCount":0,"hasContent":true,"attachmentStep":false},{"name":"Looks like the class FIELDRULE is not mapped","time":{"start":1739698044230,"stop":1739698044230,"duration":0},"status":"passed","steps":[],"attachments":[],"parameters":[],"shouldDisplayMessage":false,"stepsCount":0,"attachmentsCount":0,"hasContent":false,"attachmentStep":false}],"attachments":[],"parameters":[],"shouldDisplayMessage":true,"stepsCount":9,"attachmentsCount":0,"hasContent":true,"attachmentStep":false},"afterStages":[{"name":"_unittest_setUpClass_fixture_TestPromotionChecklist::0","time":{"start":1739706488545,"stop":1739706488545,"duration":0},"status":"passed","steps":[],"attachments":[],"parameters":[],"shouldDisplayMessage":false,"stepsCount":0,"attachmentsCount":0,"hasContent":false,"attachmentStep":false}],"labels":[{"name":"tag","value":"@pytest.mark.filterwarnings('ignore::DeprecationWarning')"},{"name":"parentSuite","value":"tests"},{"name":"suite","value":"test_checklist"},{"name":"subSuite","value":"TestPromotionChecklist"},{"name":"host","value":"fv-az1779-524"},{"name":"thread","value":"3377-MainThread"},{"name":"framework","value":"pytest"},{"name":"language","value":"cpython3"},{"name":"package","value":"tests.test_checklist"},{"name":"resultFormat","value":"allure2"}],"parameters":[],"links":[],"hidden":false,"retry":false,"extra":{"severity":"normal","retries":[],"categories":[{"name":"Product defects","matchedStatuses":[],"flaky":false}],"tags":["@pytest.mark.filterwarnings('ignore::DeprecationWarning')"]},"source":"9ba7146f3d4dc447.json","parameterValues":[]}