{"uid":"9ed0162f8104c0b5","name":"test_mls_id_sa_id_0_387","fullName":"tests.test_checklist.TestPromotionChecklist#test_mls_id_sa_id_0_387","historyId":"68c32112e61d55dbb5f5dfca1d79e8d2","time":{"start":1738182834832,"stop":1738182868079,"duration":33247},"description":"Validate mls_source_id and sa_source_id are correct from here (NOT kw_id) [with source='387']","descriptionHtml":"<p>Validate mls_source_id and sa_source_id are correct from here (NOT kw_id) [with source='387']</p>\n","status":"broken","statusMessage":"selenium.common.exceptions.TimeoutException: Message: \nStacktrace:\n#0 0x560d88be6dca <unknown>\n#1 0x560d886dd3f0 <unknown>\n#2 0x560d8872d10c <unknown>\n#3 0x560d8872d331 <unknown>\n#4 0x560d88773154 <unknown>\n#5 0x560d88751abd <unknown>\n#6 0x560d887704b3 <unknown>\n#7 0x560d88751833 <unknown>\n#8 0x560d8871e5a0 <unknown>\n#9 0x560d8871fece <unknown>\n#10 0x560d88bb0bdb <unknown>\n#11 0x560d88bb4b67 <unknown>\n#12 0x560d88b9c3bc <unknown>\n#13 0x560d88bb5727 <unknown>\n#14 0x560d88b8074f <unknown>\n#15 0x560d88bd5938 <unknown>\n#16 0x560d88bd5b00 <unknown>\n#17 0x560d88be5c46 <unknown>\n#18 0x7f0dfae9ca94 <unknown>\n#19 0x7f0dfaf29c3c <unknown>","statusTrace":"a = (<tests.test_checklist.TestPromotionChecklist testMethod=test_mls_id_sa_id_0_387>,)\nkw = {}\n\n    @wraps(func)\n    def standalone_func(*a, **kw):\n>       return func(*(a + p.args), **p.kwargs, **kw)\n\n/opt/hostedtoolcache/Python/3.13.1/x64/lib/python3.13/site-packages/parameterized/parameterized.py:620: \n_ _ _ _ _ _ _ _ _ _ _ _ _ _ _ _ _ _ _ _ _ _ _ _ _ _ _ _ _ _ _ _ _ _ _ _ _ _ _ _ \ntests/test_checklist.py:286: in test_mls_id_sa_id\n    WebDriverWait(self.driver, 30).until(EC.element_to_be_clickable(SOURCE_ID))\n_ _ _ _ _ _ _ _ _ _ _ _ _ _ _ _ _ _ _ _ _ _ _ _ _ _ _ _ _ _ _ _ _ _ _ _ _ _ _ _ \n\nself = <selenium.webdriver.support.wait.WebDriverWait (session=\"c933660298e7caab48dd8d27244d6fd8\")>\nmethod = <function element_to_be_clickable.<locals>._predicate at 0x7fa286dd59e0>\nmessage = ''\n\n    def until(self, method: Callable[[D], Union[Literal[False], T]], message: str = \"\") -> T:\n        \"\"\"Calls the method provided with the driver as an argument until the \\\n        return value does not evaluate to ``False``.\n    \n        :param method: callable(WebDriver)\n        :param message: optional message for :exc:`TimeoutException`\n        :returns: the result of the last call to `method`\n        :raises: :exc:`selenium.common.exceptions.TimeoutException` if timeout occurs\n        \"\"\"\n        screen = None\n        stacktrace = None\n    \n        end_time = time.monotonic() + self._timeout\n        while True:\n            try:\n                value = method(self._driver)\n                if value:\n                    return value\n            except self._ignored_exceptions as exc:\n                screen = getattr(exc, \"screen\", None)\n                stacktrace = getattr(exc, \"stacktrace\", None)\n            if time.monotonic() > end_time:\n                break\n            time.sleep(self._poll)\n>       raise TimeoutException(message, screen, stacktrace)\nE       selenium.common.exceptions.TimeoutException: Message: \nE       Stacktrace:\nE       #0 0x560d88be6dca <unknown>\nE       #1 0x560d886dd3f0 <unknown>\nE       #2 0x560d8872d10c <unknown>\nE       #3 0x560d8872d331 <unknown>\nE       #4 0x560d88773154 <unknown>\nE       #5 0x560d88751abd <unknown>\nE       #6 0x560d887704b3 <unknown>\nE       #7 0x560d88751833 <unknown>\nE       #8 0x560d8871e5a0 <unknown>\nE       #9 0x560d8871fece <unknown>\nE       #10 0x560d88bb0bdb <unknown>\nE       #11 0x560d88bb4b67 <unknown>\nE       #12 0x560d88b9c3bc <unknown>\nE       #13 0x560d88bb5727 <unknown>\nE       #14 0x560d88b8074f <unknown>\nE       #15 0x560d88bd5938 <unknown>\nE       #16 0x560d88bd5b00 <unknown>\nE       #17 0x560d88be5c46 <unknown>\nE       #18 0x7f0dfae9ca94 <unknown>\nE       #19 0x7f0dfaf29c3c <unknown>\n\n/opt/hostedtoolcache/Python/3.13.1/x64/lib/python3.13/site-packages/selenium/webdriver/support/wait.py:105: TimeoutException","flaky":false,"newFailed":false,"newBroken":false,"newPassed":false,"retriesCount":0,"retriesStatusChange":false,"beforeStages":[{"name":"_unittest_setUpClass_fixture_TestPromotionChecklist","time":{"start":1738182458731,"stop":1738182458731,"duration":0},"status":"passed","steps":[],"attachments":[],"parameters":[],"shouldDisplayMessage":false,"stepsCount":0,"attachmentsCount":0,"hasContent":false,"attachmentStep":false}],"afterStages":[{"name":"_unittest_setUpClass_fixture_TestPromotionChecklist::0","time":{"start":1738182929720,"stop":1738182929720,"duration":0},"status":"passed","steps":[],"attachments":[],"parameters":[],"shouldDisplayMessage":false,"stepsCount":0,"attachmentsCount":0,"hasContent":false,"attachmentStep":false}],"labels":[{"name":"tag","value":"@pytest.mark.filterwarnings('ignore::DeprecationWarning')"},{"name":"parentSuite","value":"tests"},{"name":"suite","value":"test_checklist"},{"name":"subSuite","value":"TestPromotionChecklist"},{"name":"host","value":"fv-az1049-217"},{"name":"thread","value":"3340-MainThread"},{"name":"framework","value":"pytest"},{"name":"language","value":"cpython3"},{"name":"package","value":"tests.test_checklist"},{"name":"resultFormat","value":"allure2"}],"parameters":[],"links":[],"hidden":false,"retry":false,"extra":{"severity":"normal","retries":[],"categories":[{"name":"Test defects","matchedStatuses":[],"flaky":false}],"tags":["@pytest.mark.filterwarnings('ignore::DeprecationWarning')"]},"source":"9ed0162f8104c0b5.json","parameterValues":[]}