{"uid":"a27ddea21e19a84f","name":"test_list_agent_preferred_phone_0_741","fullName":"tests.test_checklist.TestPromotionChecklist#test_list_agent_preferred_phone_0_741","historyId":"95b26a3b02ac55c656e0d2d9025d101d","time":{"start":1738183163675,"stop":1738183196925,"duration":33250},"description":"list_agent_preferred_phone are mapped with FirstValueProvider:(\"agent_mobile_phone\",\"agent_home_phone\") [with source='741']","descriptionHtml":"<p>list_agent_preferred_phone are mapped with FirstValueProvider:(&quot;agent_mobile_phone&quot;,&quot;agent_home_phone&quot;) [with source='741']</p>\n","status":"broken","statusMessage":"selenium.common.exceptions.TimeoutException: Message: \nStacktrace:\n#0 0x555d8fdfedca <unknown>\n#1 0x555d8f8f53f0 <unknown>\n#2 0x555d8f94510c <unknown>\n#3 0x555d8f945331 <unknown>\n#4 0x555d8f98b154 <unknown>\n#5 0x555d8f969abd <unknown>\n#6 0x555d8f9884b3 <unknown>\n#7 0x555d8f969833 <unknown>\n#8 0x555d8f9365a0 <unknown>\n#9 0x555d8f937ece <unknown>\n#10 0x555d8fdc8bdb <unknown>\n#11 0x555d8fdccb67 <unknown>\n#12 0x555d8fdb43bc <unknown>\n#13 0x555d8fdcd727 <unknown>\n#14 0x555d8fd9874f <unknown>\n#15 0x555d8fded938 <unknown>\n#16 0x555d8fdedb00 <unknown>\n#17 0x555d8fdfdc46 <unknown>\n#18 0x7f104d29ca94 <unknown>\n#19 0x7f104d329c3c <unknown>","statusTrace":"a = (<tests.test_checklist.TestPromotionChecklist testMethod=test_list_agent_preferred_phone_0_741>,)\nkw = {}\n\n    @wraps(func)\n    def standalone_func(*a, **kw):\n>       return func(*(a + p.args), **p.kwargs, **kw)\n\n/opt/hostedtoolcache/Python/3.13.1/x64/lib/python3.13/site-packages/parameterized/parameterized.py:620: \n_ _ _ _ _ _ _ _ _ _ _ _ _ _ _ _ _ _ _ _ _ _ _ _ _ _ _ _ _ _ _ _ _ _ _ _ _ _ _ _ \ntests/test_checklist.py:253: in test_list_agent_preferred_phone\n    WebDriverWait(self.driver, 30).until(EC.element_to_be_clickable(SOURCE_ID))\n_ _ _ _ _ _ _ _ _ _ _ _ _ _ _ _ _ _ _ _ _ _ _ _ _ _ _ _ _ _ _ _ _ _ _ _ _ _ _ _ \n\nself = <selenium.webdriver.support.wait.WebDriverWait (session=\"85a70f52e91a7ba40b39988fe1918f5e\")>\nmethod = <function element_to_be_clickable.<locals>._predicate at 0x7f3f26a4cd60>\nmessage = ''\n\n    def until(self, method: Callable[[D], Union[Literal[False], T]], message: str = \"\") -> T:\n        \"\"\"Calls the method provided with the driver as an argument until the \\\n        return value does not evaluate to ``False``.\n    \n        :param method: callable(WebDriver)\n        :param message: optional message for :exc:`TimeoutException`\n        :returns: the result of the last call to `method`\n        :raises: :exc:`selenium.common.exceptions.TimeoutException` if timeout occurs\n        \"\"\"\n        screen = None\n        stacktrace = None\n    \n        end_time = time.monotonic() + self._timeout\n        while True:\n            try:\n                value = method(self._driver)\n                if value:\n                    return value\n            except self._ignored_exceptions as exc:\n                screen = getattr(exc, \"screen\", None)\n                stacktrace = getattr(exc, \"stacktrace\", None)\n            if time.monotonic() > end_time:\n                break\n            time.sleep(self._poll)\n>       raise TimeoutException(message, screen, stacktrace)\nE       selenium.common.exceptions.TimeoutException: Message: \nE       Stacktrace:\nE       #0 0x555d8fdfedca <unknown>\nE       #1 0x555d8f8f53f0 <unknown>\nE       #2 0x555d8f94510c <unknown>\nE       #3 0x555d8f945331 <unknown>\nE       #4 0x555d8f98b154 <unknown>\nE       #5 0x555d8f969abd <unknown>\nE       #6 0x555d8f9884b3 <unknown>\nE       #7 0x555d8f969833 <unknown>\nE       #8 0x555d8f9365a0 <unknown>\nE       #9 0x555d8f937ece <unknown>\nE       #10 0x555d8fdc8bdb <unknown>\nE       #11 0x555d8fdccb67 <unknown>\nE       #12 0x555d8fdb43bc <unknown>\nE       #13 0x555d8fdcd727 <unknown>\nE       #14 0x555d8fd9874f <unknown>\nE       #15 0x555d8fded938 <unknown>\nE       #16 0x555d8fdedb00 <unknown>\nE       #17 0x555d8fdfdc46 <unknown>\nE       #18 0x7f104d29ca94 <unknown>\nE       #19 0x7f104d329c3c <unknown>\n\n/opt/hostedtoolcache/Python/3.13.1/x64/lib/python3.13/site-packages/selenium/webdriver/support/wait.py:105: TimeoutException","flaky":false,"newFailed":false,"newBroken":false,"newPassed":false,"retriesCount":0,"retriesStatusChange":false,"beforeStages":[{"name":"_unittest_setUpClass_fixture_TestPromotionChecklist","time":{"start":1738182867156,"stop":1738182867156,"duration":0},"status":"passed","steps":[],"attachments":[],"parameters":[],"shouldDisplayMessage":false,"stepsCount":0,"attachmentsCount":0,"hasContent":false,"attachmentStep":false}],"afterStages":[{"name":"_unittest_setUpClass_fixture_TestPromotionChecklist::0","time":{"start":1738183327546,"stop":1738183327546,"duration":0},"status":"passed","steps":[],"attachments":[],"parameters":[],"shouldDisplayMessage":false,"stepsCount":0,"attachmentsCount":0,"hasContent":false,"attachmentStep":false}],"labels":[{"name":"tag","value":"@pytest.mark.filterwarnings('ignore::DeprecationWarning')"},{"name":"parentSuite","value":"tests"},{"name":"suite","value":"test_checklist"},{"name":"subSuite","value":"TestPromotionChecklist"},{"name":"host","value":"fv-az1705-445"},{"name":"thread","value":"3321-MainThread"},{"name":"framework","value":"pytest"},{"name":"language","value":"cpython3"},{"name":"package","value":"tests.test_checklist"},{"name":"resultFormat","value":"allure2"}],"parameters":[],"links":[],"hidden":false,"retry":false,"extra":{"severity":"normal","retries":[],"categories":[{"name":"Test defects","matchedStatuses":[],"flaky":false}],"tags":["@pytest.mark.filterwarnings('ignore::DeprecationWarning')"]},"source":"a27ddea21e19a84f.json","parameterValues":[]}