{"uid":"a808b957cc4bc48f","name":"test_currency_code_0_316","fullName":"tests.test_checklist.TestPromotionChecklist#test_currency_code_0_316","historyId":"99cc0f93a5280cd4ab94b4d4182be690","time":{"start":1738244950193,"stop":1738244983534,"duration":33341},"description":"Currency_code must be UPPER [with source='316']","descriptionHtml":"<p>Currency_code must be UPPER [with source='316']</p>\n","status":"broken","statusMessage":"selenium.common.exceptions.TimeoutException: Message: \nStacktrace:\n#0 0x564d598e8dca <unknown>\n#1 0x564d593df3f0 <unknown>\n#2 0x564d5942f10c <unknown>\n#3 0x564d5942f331 <unknown>\n#4 0x564d59475154 <unknown>\n#5 0x564d59453abd <unknown>\n#6 0x564d594724b3 <unknown>\n#7 0x564d59453833 <unknown>\n#8 0x564d594205a0 <unknown>\n#9 0x564d59421ece <unknown>\n#10 0x564d598b2bdb <unknown>\n#11 0x564d598b6b67 <unknown>\n#12 0x564d5989e3bc <unknown>\n#13 0x564d598b7727 <unknown>\n#14 0x564d5988274f <unknown>\n#15 0x564d598d7938 <unknown>\n#16 0x564d598d7b00 <unknown>\n#17 0x564d598e7c46 <unknown>\n#18 0x7fe53749ca94 <unknown>\n#19 0x7fe537529c3c <unknown>","statusTrace":"a = (<tests.test_checklist.TestPromotionChecklist testMethod=test_currency_code_0_316>,)\nkw = {}\n\n    @wraps(func)\n    def standalone_func(*a, **kw):\n>       return func(*(a + p.args), **p.kwargs, **kw)\n\n/opt/hostedtoolcache/Python/3.13.1/x64/lib/python3.13/site-packages/parameterized/parameterized.py:620: \n_ _ _ _ _ _ _ _ _ _ _ _ _ _ _ _ _ _ _ _ _ _ _ _ _ _ _ _ _ _ _ _ _ _ _ _ _ _ _ _ \ntests/test_checklist.py:349: in test_currency_code\n    WebDriverWait(self.driver, 30).until(EC.element_to_be_clickable(SOURCE_ID))\n_ _ _ _ _ _ _ _ _ _ _ _ _ _ _ _ _ _ _ _ _ _ _ _ _ _ _ _ _ _ _ _ _ _ _ _ _ _ _ _ \n\nself = <selenium.webdriver.support.wait.WebDriverWait (session=\"4f2a504f140c216e98a59a0e99ae0826\")>\nmethod = <function element_to_be_clickable.<locals>._predicate at 0x7fb44e782160>\nmessage = ''\n\n    def until(self, method: Callable[[D], Union[Literal[False], T]], message: str = \"\") -> T:\n        \"\"\"Calls the method provided with the driver as an argument until the \\\n        return value does not evaluate to ``False``.\n    \n        :param method: callable(WebDriver)\n        :param message: optional message for :exc:`TimeoutException`\n        :returns: the result of the last call to `method`\n        :raises: :exc:`selenium.common.exceptions.TimeoutException` if timeout occurs\n        \"\"\"\n        screen = None\n        stacktrace = None\n    \n        end_time = time.monotonic() + self._timeout\n        while True:\n            try:\n                value = method(self._driver)\n                if value:\n                    return value\n            except self._ignored_exceptions as exc:\n                screen = getattr(exc, \"screen\", None)\n                stacktrace = getattr(exc, \"stacktrace\", None)\n            if time.monotonic() > end_time:\n                break\n            time.sleep(self._poll)\n>       raise TimeoutException(message, screen, stacktrace)\nE       selenium.common.exceptions.TimeoutException: Message: \nE       Stacktrace:\nE       #0 0x564d598e8dca <unknown>\nE       #1 0x564d593df3f0 <unknown>\nE       #2 0x564d5942f10c <unknown>\nE       #3 0x564d5942f331 <unknown>\nE       #4 0x564d59475154 <unknown>\nE       #5 0x564d59453abd <unknown>\nE       #6 0x564d594724b3 <unknown>\nE       #7 0x564d59453833 <unknown>\nE       #8 0x564d594205a0 <unknown>\nE       #9 0x564d59421ece <unknown>\nE       #10 0x564d598b2bdb <unknown>\nE       #11 0x564d598b6b67 <unknown>\nE       #12 0x564d5989e3bc <unknown>\nE       #13 0x564d598b7727 <unknown>\nE       #14 0x564d5988274f <unknown>\nE       #15 0x564d598d7938 <unknown>\nE       #16 0x564d598d7b00 <unknown>\nE       #17 0x564d598e7c46 <unknown>\nE       #18 0x7fe53749ca94 <unknown>\nE       #19 0x7fe537529c3c <unknown>\n\n/opt/hostedtoolcache/Python/3.13.1/x64/lib/python3.13/site-packages/selenium/webdriver/support/wait.py:105: TimeoutException","flaky":false,"newFailed":false,"newBroken":false,"newPassed":false,"retriesCount":0,"retriesStatusChange":false,"beforeStages":[{"name":"_unittest_setUpClass_fixture_TestPromotionChecklist","time":{"start":1738244870461,"stop":1738244870461,"duration":0},"status":"passed","steps":[],"attachments":[],"parameters":[],"shouldDisplayMessage":false,"stepsCount":0,"attachmentsCount":0,"hasContent":false,"attachmentStep":false}],"afterStages":[{"name":"_unittest_setUpClass_fixture_TestPromotionChecklist::0","time":{"start":1738245335135,"stop":1738245335135,"duration":0},"status":"passed","steps":[],"attachments":[],"parameters":[],"shouldDisplayMessage":false,"stepsCount":0,"attachmentsCount":0,"hasContent":false,"attachmentStep":false}],"labels":[{"name":"tag","value":"@pytest.mark.filterwarnings('ignore::DeprecationWarning')"},{"name":"parentSuite","value":"tests"},{"name":"suite","value":"test_checklist"},{"name":"subSuite","value":"TestPromotionChecklist"},{"name":"host","value":"fv-az1951-845"},{"name":"thread","value":"3375-MainThread"},{"name":"framework","value":"pytest"},{"name":"language","value":"cpython3"},{"name":"package","value":"tests.test_checklist"},{"name":"resultFormat","value":"allure2"}],"parameters":[],"links":[],"hidden":false,"retry":false,"extra":{"severity":"normal","retries":[],"categories":[{"name":"Test defects","matchedStatuses":[],"flaky":false}],"tags":["@pytest.mark.filterwarnings('ignore::DeprecationWarning')"]},"source":"a808b957cc4bc48f.json","parameterValues":[]}