{"uid":"ae5c62c57a0ee2a8","name":"test_dashboard_source_number_0_316","fullName":"tests.test_checklist.TestPromotionChecklist#test_dashboard_source_number_0_316","historyId":"1bf19ff8ef0decf8cb575a13d9cae42b","time":{"start":1738244985637,"stop":1738245018875,"duration":33238},"description":"Validate mls_id is the correct value [with source='316']","descriptionHtml":"<p>Validate mls_id is the correct value [with source='316']</p>\n","status":"broken","statusMessage":"selenium.common.exceptions.TimeoutException: Message: \nStacktrace:\n#0 0x55bf763a2dca <unknown>\n#1 0x55bf75e993f0 <unknown>\n#2 0x55bf75ee910c <unknown>\n#3 0x55bf75ee9331 <unknown>\n#4 0x55bf75f2f154 <unknown>\n#5 0x55bf75f0dabd <unknown>\n#6 0x55bf75f2c4b3 <unknown>\n#7 0x55bf75f0d833 <unknown>\n#8 0x55bf75eda5a0 <unknown>\n#9 0x55bf75edbece <unknown>\n#10 0x55bf7636cbdb <unknown>\n#11 0x55bf76370b67 <unknown>\n#12 0x55bf763583bc <unknown>\n#13 0x55bf76371727 <unknown>\n#14 0x55bf7633c74f <unknown>\n#15 0x55bf76391938 <unknown>\n#16 0x55bf76391b00 <unknown>\n#17 0x55bf763a1c46 <unknown>\n#18 0x7f0e3c29ca94 <unknown>\n#19 0x7f0e3c329c3c <unknown>","statusTrace":"a = (<tests.test_checklist.TestPromotionChecklist testMethod=test_dashboard_source_number_0_316>,)\nkw = {}\n\n    @wraps(func)\n    def standalone_func(*a, **kw):\n>       return func(*(a + p.args), **p.kwargs, **kw)\n\n/opt/hostedtoolcache/Python/3.13.1/x64/lib/python3.13/site-packages/parameterized/parameterized.py:620: \n_ _ _ _ _ _ _ _ _ _ _ _ _ _ _ _ _ _ _ _ _ _ _ _ _ _ _ _ _ _ _ _ _ _ _ _ _ _ _ _ \ntests/test_checklist.py:324: in test_dashboard_source_number\n    WebDriverWait(self.driver, 30).until(EC.element_to_be_clickable(SOURCE_ID))\n_ _ _ _ _ _ _ _ _ _ _ _ _ _ _ _ _ _ _ _ _ _ _ _ _ _ _ _ _ _ _ _ _ _ _ _ _ _ _ _ \n\nself = <selenium.webdriver.support.wait.WebDriverWait (session=\"21938a616a049d14dac210ee0996daae\")>\nmethod = <function element_to_be_clickable.<locals>._predicate at 0x7fb44e85ff60>\nmessage = ''\n\n    def until(self, method: Callable[[D], Union[Literal[False], T]], message: str = \"\") -> T:\n        \"\"\"Calls the method provided with the driver as an argument until the \\\n        return value does not evaluate to ``False``.\n    \n        :param method: callable(WebDriver)\n        :param message: optional message for :exc:`TimeoutException`\n        :returns: the result of the last call to `method`\n        :raises: :exc:`selenium.common.exceptions.TimeoutException` if timeout occurs\n        \"\"\"\n        screen = None\n        stacktrace = None\n    \n        end_time = time.monotonic() + self._timeout\n        while True:\n            try:\n                value = method(self._driver)\n                if value:\n                    return value\n            except self._ignored_exceptions as exc:\n                screen = getattr(exc, \"screen\", None)\n                stacktrace = getattr(exc, \"stacktrace\", None)\n            if time.monotonic() > end_time:\n                break\n            time.sleep(self._poll)\n>       raise TimeoutException(message, screen, stacktrace)\nE       selenium.common.exceptions.TimeoutException: Message: \nE       Stacktrace:\nE       #0 0x55bf763a2dca <unknown>\nE       #1 0x55bf75e993f0 <unknown>\nE       #2 0x55bf75ee910c <unknown>\nE       #3 0x55bf75ee9331 <unknown>\nE       #4 0x55bf75f2f154 <unknown>\nE       #5 0x55bf75f0dabd <unknown>\nE       #6 0x55bf75f2c4b3 <unknown>\nE       #7 0x55bf75f0d833 <unknown>\nE       #8 0x55bf75eda5a0 <unknown>\nE       #9 0x55bf75edbece <unknown>\nE       #10 0x55bf7636cbdb <unknown>\nE       #11 0x55bf76370b67 <unknown>\nE       #12 0x55bf763583bc <unknown>\nE       #13 0x55bf76371727 <unknown>\nE       #14 0x55bf7633c74f <unknown>\nE       #15 0x55bf76391938 <unknown>\nE       #16 0x55bf76391b00 <unknown>\nE       #17 0x55bf763a1c46 <unknown>\nE       #18 0x7f0e3c29ca94 <unknown>\nE       #19 0x7f0e3c329c3c <unknown>\n\n/opt/hostedtoolcache/Python/3.13.1/x64/lib/python3.13/site-packages/selenium/webdriver/support/wait.py:105: TimeoutException","flaky":false,"newFailed":false,"newBroken":false,"newPassed":false,"retriesCount":0,"retriesStatusChange":false,"beforeStages":[{"name":"_unittest_setUpClass_fixture_TestPromotionChecklist","time":{"start":1738244870461,"stop":1738244870461,"duration":0},"status":"passed","steps":[],"attachments":[],"parameters":[],"shouldDisplayMessage":false,"stepsCount":0,"attachmentsCount":0,"hasContent":false,"attachmentStep":false}],"afterStages":[{"name":"_unittest_setUpClass_fixture_TestPromotionChecklist::0","time":{"start":1738245335135,"stop":1738245335135,"duration":0},"status":"passed","steps":[],"attachments":[],"parameters":[],"shouldDisplayMessage":false,"stepsCount":0,"attachmentsCount":0,"hasContent":false,"attachmentStep":false}],"labels":[{"name":"tag","value":"@pytest.mark.filterwarnings('ignore::DeprecationWarning')"},{"name":"parentSuite","value":"tests"},{"name":"suite","value":"test_checklist"},{"name":"subSuite","value":"TestPromotionChecklist"},{"name":"host","value":"fv-az1951-845"},{"name":"thread","value":"3375-MainThread"},{"name":"framework","value":"pytest"},{"name":"language","value":"cpython3"},{"name":"package","value":"tests.test_checklist"},{"name":"resultFormat","value":"allure2"}],"parameters":[],"links":[],"hidden":false,"retry":false,"extra":{"severity":"normal","retries":[],"categories":[{"name":"Test defects","matchedStatuses":[],"flaky":false}],"tags":["@pytest.mark.filterwarnings('ignore::DeprecationWarning')"]},"source":"ae5c62c57a0ee2a8.json","parameterValues":[]}