{"uid":"af44d6aed6fe2ab5","name":"test_list_dt_0_741","fullName":"tests.test_checklist.TestPromotionChecklist#test_list_dt_0_741","historyId":"133788aec0775c8c6336ff18932b6038","time":{"start":1736848307013,"stop":1736848341619,"duration":34606},"description":"list_dt is mapped [with source='741']","descriptionHtml":"<p>list_dt is mapped [with source='741']</p>\n","status":"broken","statusMessage":"selenium.common.exceptions.TimeoutException: Message: \nStacktrace:\n#0 0x55c23db7c8fa <unknown>\n#1 0x55c23d68dd20 <unknown>\n#2 0x55c23d6dca66 <unknown>\n#3 0x55c23d6dcd01 <unknown>\n#4 0x55c23d722184 <unknown>\n#5 0x55c23d700b1d <unknown>\n#6 0x55c23d71f560 <unknown>\n#7 0x55c23d700893 <unknown>\n#8 0x55c23d6cf30d <unknown>\n#9 0x55c23d6d032e <unknown>\n#10 0x55c23db4900b <unknown>\n#11 0x55c23db4cf97 <unknown>\n#12 0x55c23db3571c <unknown>\n#13 0x55c23db4db17 <unknown>\n#14 0x55c23db1a6cf <unknown>\n#15 0x55c23db6b6b8 <unknown>\n#16 0x55c23db6b880 <unknown>\n#17 0x55c23db7b776 <unknown>\n#18 0x7f985e694ac3 <unknown>","statusTrace":"a = (<tests.test_checklist.TestPromotionChecklist testMethod=test_list_dt_0_741>,)\nkw = {}\n\n    @wraps(func)\n    def standalone_func(*a, **kw):\n>       return func(*(a + p.args), **p.kwargs, **kw)\n\n/opt/hostedtoolcache/Python/3.12.8/x64/lib/python3.12/site-packages/parameterized/parameterized.py:620: \n_ _ _ _ _ _ _ _ _ _ _ _ _ _ _ _ _ _ _ _ _ _ _ _ _ _ _ _ _ _ _ _ _ _ _ _ _ _ _ _ \ntests/test_checklist.py:384: in test_list_dt\n    WebDriverWait(self.driver, 30).until(EC.element_to_be_clickable(SOURCE_ID))\n_ _ _ _ _ _ _ _ _ _ _ _ _ _ _ _ _ _ _ _ _ _ _ _ _ _ _ _ _ _ _ _ _ _ _ _ _ _ _ _ \n\nself = <selenium.webdriver.support.wait.WebDriverWait (session=\"025be3300059af0062b8882228a8aa48\")>\nmethod = <function element_to_be_clickable.<locals>._predicate at 0x7fb42f2a59e0>\nmessage = ''\n\n    def until(self, method: Callable[[D], Union[Literal[False], T]], message: str = \"\") -> T:\n        \"\"\"Calls the method provided with the driver as an argument until the \\\n        return value does not evaluate to ``False``.\n    \n        :param method: callable(WebDriver)\n        :param message: optional message for :exc:`TimeoutException`\n        :returns: the result of the last call to `method`\n        :raises: :exc:`selenium.common.exceptions.TimeoutException` if timeout occurs\n        \"\"\"\n        screen = None\n        stacktrace = None\n    \n        end_time = time.monotonic() + self._timeout\n        while True:\n            try:\n                value = method(self._driver)\n                if value:\n                    return value\n            except self._ignored_exceptions as exc:\n                screen = getattr(exc, \"screen\", None)\n                stacktrace = getattr(exc, \"stacktrace\", None)\n            if time.monotonic() > end_time:\n                break\n            time.sleep(self._poll)\n>       raise TimeoutException(message, screen, stacktrace)\nE       selenium.common.exceptions.TimeoutException: Message: \nE       Stacktrace:\nE       #0 0x55c23db7c8fa <unknown>\nE       #1 0x55c23d68dd20 <unknown>\nE       #2 0x55c23d6dca66 <unknown>\nE       #3 0x55c23d6dcd01 <unknown>\nE       #4 0x55c23d722184 <unknown>\nE       #5 0x55c23d700b1d <unknown>\nE       #6 0x55c23d71f560 <unknown>\nE       #7 0x55c23d700893 <unknown>\nE       #8 0x55c23d6cf30d <unknown>\nE       #9 0x55c23d6d032e <unknown>\nE       #10 0x55c23db4900b <unknown>\nE       #11 0x55c23db4cf97 <unknown>\nE       #12 0x55c23db3571c <unknown>\nE       #13 0x55c23db4db17 <unknown>\nE       #14 0x55c23db1a6cf <unknown>\nE       #15 0x55c23db6b6b8 <unknown>\nE       #16 0x55c23db6b880 <unknown>\nE       #17 0x55c23db7b776 <unknown>\nE       #18 0x7f985e694ac3 <unknown>\n\n/opt/hostedtoolcache/Python/3.12.8/x64/lib/python3.12/site-packages/selenium/webdriver/support/wait.py:105: TimeoutException","flaky":false,"newFailed":false,"newBroken":false,"newPassed":false,"retriesCount":0,"retriesStatusChange":false,"beforeStages":[{"name":"_unittest_setUpClass_fixture_TestPromotionChecklist","time":{"start":1736847964134,"stop":1736847964134,"duration":0},"status":"passed","steps":[],"attachments":[],"parameters":[],"stepsCount":0,"shouldDisplayMessage":false,"attachmentsCount":0,"hasContent":false,"attachmentStep":false}],"afterStages":[{"name":"_unittest_setUpClass_fixture_TestPromotionChecklist::0","time":{"start":1736848439682,"stop":1736848439682,"duration":0},"status":"passed","steps":[],"attachments":[],"parameters":[],"stepsCount":0,"shouldDisplayMessage":false,"attachmentsCount":0,"hasContent":false,"attachmentStep":false}],"labels":[{"name":"tag","value":"@pytest.mark.filterwarnings('ignore::DeprecationWarning')"},{"name":"parentSuite","value":"tests"},{"name":"suite","value":"test_checklist"},{"name":"subSuite","value":"TestPromotionChecklist"},{"name":"host","value":"fv-az802-406"},{"name":"thread","value":"2925-MainThread"},{"name":"framework","value":"pytest"},{"name":"language","value":"cpython3"},{"name":"package","value":"tests.test_checklist"},{"name":"resultFormat","value":"allure2"}],"parameters":[],"links":[],"hidden":false,"retry":false,"extra":{"severity":"normal","retries":[],"categories":[{"name":"Test defects","matchedStatuses":[],"flaky":false}],"tags":["@pytest.mark.filterwarnings('ignore::DeprecationWarning')"]},"source":"af44d6aed6fe2ab5.json","parameterValues":[]}