{"uid":"b10aad3b980f7325","name":"test_not_nullify_02_551","fullName":"tests.test_checklist.TestPromotionChecklist#test_not_nullify_02_551","historyId":"d314fbc30a03001ff06c406abb6879a2","time":{"start":1739800607469,"stop":1739800690223,"duration":82754},"status":"failed","statusMessage":"AssertionError: False is not true : {'close_price': True, 'current_list_price': True, 'hoa-items-properties-assoc_fee': True, 'hoa-items-properties-assoc_fee_search': True, 'marketing_info-properties-display_list_price': True, 'raw-properties-parking_total': False, 'structure-properties-parking_total': False, 'taxes-items-properties-tax_amt': True}","statusTrace":"tests/test_checklist.py:677: in test_not_nullify\n    raise e  # Re-raise to ensure the test fails\ntests/test_checklist.py:672: in test_not_nullify\n    self.assertTrue(all(actual), result)\nE   AssertionError: False is not true : {'close_price': True, 'current_list_price': True, 'hoa-items-properties-assoc_fee': True, 'hoa-items-properties-assoc_fee_search': True, 'marketing_info-properties-display_list_price': True, 'raw-properties-parking_total': False, 'structure-properties-parking_total': False, 'taxes-items-properties-tax_amt': True}","flaky":false,"newFailed":false,"newBroken":false,"newPassed":false,"retriesCount":0,"retriesStatusChange":false,"beforeStages":[{"name":"_unittest_setUpClass_fixture_TestPromotionChecklist","time":{"start":1739788254308,"stop":1739788254308,"duration":0},"status":"passed","steps":[],"attachments":[],"parameters":[],"shouldDisplayMessage":false,"stepsCount":0,"attachmentsCount":0,"hasContent":false,"attachmentStep":false}],"testStage":{"status":"failed","statusMessage":"AssertionError: False is not true : {'close_price': True, 'current_list_price': True, 'hoa-items-properties-assoc_fee': True, 'hoa-items-properties-assoc_fee_search': True, 'marketing_info-properties-display_list_price': True, 'raw-properties-parking_total': False, 'structure-properties-parking_total': False, 'taxes-items-properties-tax_amt': True}","statusTrace":"tests/test_checklist.py:677: in test_not_nullify\n    raise e  # Re-raise to ensure the test fails\ntests/test_checklist.py:672: in test_not_nullify\n    self.assertTrue(all(actual), result)\nE   AssertionError: False is not true : {'close_price': True, 'current_list_price': True, 'hoa-items-properties-assoc_fee': True, 'hoa-items-properties-assoc_fee_search': True, 'marketing_info-properties-display_list_price': True, 'raw-properties-parking_total': False, 'structure-properties-parking_total': False, 'taxes-items-properties-tax_amt': True}","steps":[{"name":"Click authorisation button","time":{"start":1739800608268,"stop":1739800609012,"duration":744},"status":"passed","steps":[{"name":"Get authorisation button","time":{"start":1739800608268,"stop":1739800608279,"duration":11},"status":"passed","steps":[],"attachments":[],"parameters":[],"shouldDisplayMessage":false,"stepsCount":0,"attachmentsCount":0,"hasContent":false,"attachmentStep":false}],"attachments":[],"parameters":[],"shouldDisplayMessage":false,"stepsCount":1,"attachmentsCount":0,"hasContent":true,"attachmentStep":false},{"name":"Source select","time":{"start":1739800609547,"stop":1739800609670,"duration":123},"status":"passed","steps":[],"attachments":[],"parameters":[{"name":"source","value":"'551'"}],"shouldDisplayMessage":false,"stepsCount":0,"attachmentsCount":0,"hasContent":true,"attachmentStep":false},{"name":"Select main metadata","time":{"start":1739800611066,"stop":1739800611156,"duration":90},"status":"passed","steps":[],"attachments":[],"parameters":[{"name":"metadata","value":"1"}],"shouldDisplayMessage":false,"stepsCount":0,"attachmentsCount":0,"hasContent":true,"attachmentStep":false},{"name":"Implicit wait metadata","time":{"start":1739800611190,"stop":1739800618541,"duration":7351},"status":"passed","steps":[],"attachments":[],"parameters":[],"shouldDisplayMessage":false,"stepsCount":0,"attachmentsCount":0,"hasContent":false,"attachmentStep":false},{"name":"\nMetadata = PROPERTY Failed ‚ùå \n","time":{"start":1739800618729,"stop":1739800618729,"duration":0},"status":"passed","steps":[],"attachments":[],"parameters":[],"shouldDisplayMessage":false,"stepsCount":0,"attachmentsCount":0,"hasContent":false,"attachmentStep":false},{"name":"Select main metadata","time":{"start":1739800618750,"stop":1739800618885,"duration":135},"status":"passed","steps":[],"attachments":[],"parameters":[{"name":"metadata","value":"2"}],"shouldDisplayMessage":false,"stepsCount":0,"attachmentsCount":0,"hasContent":true,"attachmentStep":false},{"name":"Implicit wait metadata","time":{"start":1739800618917,"stop":1739800628957,"duration":10040},"status":"broken","statusMessage":"selenium.common.exceptions.NoSuchElementException: Message: no such element: Unable to locate element: {\"method\":\"css selector\",\"selector\":\"#listing_mapper_list_category__0\"}\n  (Session info: chrome=133.0.6943.98); For documentation on this error, please visit: https://www.selenium.dev/documentation/webdriver/troubleshooting/errors#no-such-element-exception\nStacktrace:\n#0 0x55a007a1d09a <unknown>\n#1 0x55a0074e48b0 <unknown>\n#2 0x55a007535b99 <unknown>\n#3 0x55a007535d21 <unknown>\n#4 0x55a007584854 <unknown>\n#5 0x55a00755b9ad <unknown>\n#6 0x55a007581b8b <unknown>\n#7 0x55a00755b753 <unknown>\n#8 0x55a00752738e <unknown>\n#9 0x55a007528b51 <unknown>\n#10 0x55a0079e676b <unknown>\n#11 0x55a0079ea6f2 <unknown>\n#12 0x55a0079d28fc <unknown>\n#13 0x55a0079eb2e4 <unknown>\n#14 0x55a0079b69cf <unknown>\n#15 0x55a007a0bcd8 <unknown>\n#16 0x55a007a0beb6 <unknown>\n#17 0x55a007a1bf16 <unknown>\n#18 0x7f238809caa4 <unknown>\n#19 0x7f2388129c3c <unknown>\n\n","statusTrace":"  File \"/opt/hostedtoolcache/Python/3.13.2/x64/lib/python3.13/site-packages/allure_commons/_allure.py\", line 192, in impl\n    return func(*a, **kw)\n  File \"/home/runner/work/eim-map-test/eim-map-test/SLP/ui/PageObjects/SLPMain/slp_main.py\", line 63, in impl_wait_metadata\n    ListComponent(self.driver).get_map_filed(IMPLIS_WAIT_MAP)\n    ~~~~~~~~~~~~~~~~~~~~~~~~~~~~~~~~~~~~~~~~^^^^^^^^^^^^^^^^^\n  File \"/home/runner/work/eim-map-test/eim-map-test/SLP/ui/PageObjects/SLPMain/listing_component.py\", line 46, in get_map_filed\n    return self.node.find_element(*xpath)\n           ~~~~~~~~~~~~~~~~~~~~~~^^^^^^^^\n  File \"/opt/hostedtoolcache/Python/3.13.2/x64/lib/python3.13/site-packages/selenium/webdriver/remote/webdriver.py\", line 770, in find_element\n    return self.execute(Command.FIND_ELEMENT, {\"using\": by, \"value\": value})[\"value\"]\n           ~~~~~~~~~~~~^^^^^^^^^^^^^^^^^^^^^^^^^^^^^^^^^^^^^^^^^^^^^^^^^^^^^\n  File \"/opt/hostedtoolcache/Python/3.13.2/x64/lib/python3.13/site-packages/selenium/webdriver/remote/webdriver.py\", line 384, in execute\n    self.error_handler.check_response(response)\n    ~~~~~~~~~~~~~~~~~~~~~~~~~~~~~~~~~^^^^^^^^^^\n  File \"/opt/hostedtoolcache/Python/3.13.2/x64/lib/python3.13/site-packages/selenium/webdriver/remote/errorhandler.py\", line 232, in check_response\n    raise exception_class(message, screen, stacktrace)\n","steps":[],"attachments":[],"parameters":[],"shouldDisplayMessage":true,"stepsCount":0,"attachmentsCount":0,"hasContent":true,"attachmentStep":false},{"name":"Looks like the class PROPERTY - A is not mapped","time":{"start":1739800628958,"stop":1739800628958,"duration":0},"status":"passed","steps":[],"attachments":[],"parameters":[],"shouldDisplayMessage":false,"stepsCount":0,"attachmentsCount":0,"hasContent":false,"attachmentStep":false},{"name":"Select main metadata","time":{"start":1739800628958,"stop":1739800629084,"duration":126},"status":"passed","steps":[],"attachments":[],"parameters":[{"name":"metadata","value":"3"}],"shouldDisplayMessage":false,"stepsCount":0,"attachmentsCount":0,"hasContent":true,"attachmentStep":false},{"name":"Implicit wait metadata","time":{"start":1739800629108,"stop":1739800639125,"duration":10017},"status":"broken","statusMessage":"selenium.common.exceptions.NoSuchElementException: Message: no such element: Unable to locate element: {\"method\":\"css selector\",\"selector\":\"#listing_mapper_list_category__0\"}\n  (Session info: chrome=133.0.6943.98); For documentation on this error, please visit: https://www.selenium.dev/documentation/webdriver/troubleshooting/errors#no-such-element-exception\nStacktrace:\n#0 0x55a007a1d09a <unknown>\n#1 0x55a0074e48b0 <unknown>\n#2 0x55a007535b99 <unknown>\n#3 0x55a007535d21 <unknown>\n#4 0x55a007584854 <unknown>\n#5 0x55a00755b9ad <unknown>\n#6 0x55a007581b8b <unknown>\n#7 0x55a00755b753 <unknown>\n#8 0x55a00752738e <unknown>\n#9 0x55a007528b51 <unknown>\n#10 0x55a0079e676b <unknown>\n#11 0x55a0079ea6f2 <unknown>\n#12 0x55a0079d28fc <unknown>\n#13 0x55a0079eb2e4 <unknown>\n#14 0x55a0079b69cf <unknown>\n#15 0x55a007a0bcd8 <unknown>\n#16 0x55a007a0beb6 <unknown>\n#17 0x55a007a1bf16 <unknown>\n#18 0x7f238809caa4 <unknown>\n#19 0x7f2388129c3c <unknown>\n\n","statusTrace":"  File \"/opt/hostedtoolcache/Python/3.13.2/x64/lib/python3.13/site-packages/allure_commons/_allure.py\", line 192, in impl\n    return func(*a, **kw)\n  File \"/home/runner/work/eim-map-test/eim-map-test/SLP/ui/PageObjects/SLPMain/slp_main.py\", line 63, in impl_wait_metadata\n    ListComponent(self.driver).get_map_filed(IMPLIS_WAIT_MAP)\n    ~~~~~~~~~~~~~~~~~~~~~~~~~~~~~~~~~~~~~~~~^^^^^^^^^^^^^^^^^\n  File \"/home/runner/work/eim-map-test/eim-map-test/SLP/ui/PageObjects/SLPMain/listing_component.py\", line 46, in get_map_filed\n    return self.node.find_element(*xpath)\n           ~~~~~~~~~~~~~~~~~~~~~~^^^^^^^^\n  File \"/opt/hostedtoolcache/Python/3.13.2/x64/lib/python3.13/site-packages/selenium/webdriver/remote/webdriver.py\", line 770, in find_element\n    return self.execute(Command.FIND_ELEMENT, {\"using\": by, \"value\": value})[\"value\"]\n           ~~~~~~~~~~~~^^^^^^^^^^^^^^^^^^^^^^^^^^^^^^^^^^^^^^^^^^^^^^^^^^^^^\n  File \"/opt/hostedtoolcache/Python/3.13.2/x64/lib/python3.13/site-packages/selenium/webdriver/remote/webdriver.py\", line 384, in execute\n    self.error_handler.check_response(response)\n    ~~~~~~~~~~~~~~~~~~~~~~~~~~~~~~~~~^^^^^^^^^^\n  File \"/opt/hostedtoolcache/Python/3.13.2/x64/lib/python3.13/site-packages/selenium/webdriver/remote/errorhandler.py\", line 232, in check_response\n    raise exception_class(message, screen, stacktrace)\n","steps":[],"attachments":[],"parameters":[],"shouldDisplayMessage":true,"stepsCount":0,"attachmentsCount":0,"hasContent":true,"attachmentStep":false},{"name":"Looks like the class PROPERTY - C is not mapped","time":{"start":1739800639126,"stop":1739800639126,"duration":0},"status":"passed","steps":[],"attachments":[],"parameters":[],"shouldDisplayMessage":false,"stepsCount":0,"attachmentsCount":0,"hasContent":false,"attachmentStep":false},{"name":"Select main metadata","time":{"start":1739800639126,"stop":1739800639243,"duration":117},"status":"passed","steps":[],"attachments":[],"parameters":[{"name":"metadata","value":"4"}],"shouldDisplayMessage":false,"stepsCount":0,"attachmentsCount":0,"hasContent":true,"attachmentStep":false},{"name":"Implicit wait metadata","time":{"start":1739800639266,"stop":1739800649304,"duration":10038},"status":"broken","statusMessage":"selenium.common.exceptions.NoSuchElementException: Message: no such element: Unable to locate element: {\"method\":\"css selector\",\"selector\":\"#listing_mapper_list_category__0\"}\n  (Session info: chrome=133.0.6943.98); For documentation on this error, please visit: https://www.selenium.dev/documentation/webdriver/troubleshooting/errors#no-such-element-exception\nStacktrace:\n#0 0x55a007a1d09a <unknown>\n#1 0x55a0074e48b0 <unknown>\n#2 0x55a007535b99 <unknown>\n#3 0x55a007535d21 <unknown>\n#4 0x55a007584854 <unknown>\n#5 0x55a00755b9ad <unknown>\n#6 0x55a007581b8b <unknown>\n#7 0x55a00755b753 <unknown>\n#8 0x55a00752738e <unknown>\n#9 0x55a007528b51 <unknown>\n#10 0x55a0079e676b <unknown>\n#11 0x55a0079ea6f2 <unknown>\n#12 0x55a0079d28fc <unknown>\n#13 0x55a0079eb2e4 <unknown>\n#14 0x55a0079b69cf <unknown>\n#15 0x55a007a0bcd8 <unknown>\n#16 0x55a007a0beb6 <unknown>\n#17 0x55a007a1bf16 <unknown>\n#18 0x7f238809caa4 <unknown>\n#19 0x7f2388129c3c <unknown>\n\n","statusTrace":"  File \"/opt/hostedtoolcache/Python/3.13.2/x64/lib/python3.13/site-packages/allure_commons/_allure.py\", line 192, in impl\n    return func(*a, **kw)\n  File \"/home/runner/work/eim-map-test/eim-map-test/SLP/ui/PageObjects/SLPMain/slp_main.py\", line 63, in impl_wait_metadata\n    ListComponent(self.driver).get_map_filed(IMPLIS_WAIT_MAP)\n    ~~~~~~~~~~~~~~~~~~~~~~~~~~~~~~~~~~~~~~~~^^^^^^^^^^^^^^^^^\n  File \"/home/runner/work/eim-map-test/eim-map-test/SLP/ui/PageObjects/SLPMain/listing_component.py\", line 46, in get_map_filed\n    return self.node.find_element(*xpath)\n           ~~~~~~~~~~~~~~~~~~~~~~^^^^^^^^\n  File \"/opt/hostedtoolcache/Python/3.13.2/x64/lib/python3.13/site-packages/selenium/webdriver/remote/webdriver.py\", line 770, in find_element\n    return self.execute(Command.FIND_ELEMENT, {\"using\": by, \"value\": value})[\"value\"]\n           ~~~~~~~~~~~~^^^^^^^^^^^^^^^^^^^^^^^^^^^^^^^^^^^^^^^^^^^^^^^^^^^^^\n  File \"/opt/hostedtoolcache/Python/3.13.2/x64/lib/python3.13/site-packages/selenium/webdriver/remote/webdriver.py\", line 384, in execute\n    self.error_handler.check_response(response)\n    ~~~~~~~~~~~~~~~~~~~~~~~~~~~~~~~~~^^^^^^^^^^\n  File \"/opt/hostedtoolcache/Python/3.13.2/x64/lib/python3.13/site-packages/selenium/webdriver/remote/errorhandler.py\", line 232, in check_response\n    raise exception_class(message, screen, stacktrace)\n","steps":[],"attachments":[],"parameters":[],"shouldDisplayMessage":true,"stepsCount":0,"attachmentsCount":0,"hasContent":true,"attachmentStep":false},{"name":"Looks like the class PROPERTY - D is not mapped","time":{"start":1739800649305,"stop":1739800649305,"duration":0},"status":"passed","steps":[],"attachments":[],"parameters":[],"shouldDisplayMessage":false,"stepsCount":0,"attachmentsCount":0,"hasContent":false,"attachmentStep":false},{"name":"Select main metadata","time":{"start":1739800649305,"stop":1739800649424,"duration":119},"status":"passed","steps":[],"attachments":[],"parameters":[{"name":"metadata","value":"5"}],"shouldDisplayMessage":false,"stepsCount":0,"attachmentsCount":0,"hasContent":true,"attachmentStep":false},{"name":"Implicit wait metadata","time":{"start":1739800649449,"stop":1739800659503,"duration":10054},"status":"broken","statusMessage":"selenium.common.exceptions.NoSuchElementException: Message: no such element: Unable to locate element: {\"method\":\"css selector\",\"selector\":\"#listing_mapper_list_category__0\"}\n  (Session info: chrome=133.0.6943.98); For documentation on this error, please visit: https://www.selenium.dev/documentation/webdriver/troubleshooting/errors#no-such-element-exception\nStacktrace:\n#0 0x55a007a1d09a <unknown>\n#1 0x55a0074e48b0 <unknown>\n#2 0x55a007535b99 <unknown>\n#3 0x55a007535d21 <unknown>\n#4 0x55a007584854 <unknown>\n#5 0x55a00755b9ad <unknown>\n#6 0x55a007581b8b <unknown>\n#7 0x55a00755b753 <unknown>\n#8 0x55a00752738e <unknown>\n#9 0x55a007528b51 <unknown>\n#10 0x55a0079e676b <unknown>\n#11 0x55a0079ea6f2 <unknown>\n#12 0x55a0079d28fc <unknown>\n#13 0x55a0079eb2e4 <unknown>\n#14 0x55a0079b69cf <unknown>\n#15 0x55a007a0bcd8 <unknown>\n#16 0x55a007a0beb6 <unknown>\n#17 0x55a007a1bf16 <unknown>\n#18 0x7f238809caa4 <unknown>\n#19 0x7f2388129c3c <unknown>\n\n","statusTrace":"  File \"/opt/hostedtoolcache/Python/3.13.2/x64/lib/python3.13/site-packages/allure_commons/_allure.py\", line 192, in impl\n    return func(*a, **kw)\n  File \"/home/runner/work/eim-map-test/eim-map-test/SLP/ui/PageObjects/SLPMain/slp_main.py\", line 63, in impl_wait_metadata\n    ListComponent(self.driver).get_map_filed(IMPLIS_WAIT_MAP)\n    ~~~~~~~~~~~~~~~~~~~~~~~~~~~~~~~~~~~~~~~~^^^^^^^^^^^^^^^^^\n  File \"/home/runner/work/eim-map-test/eim-map-test/SLP/ui/PageObjects/SLPMain/listing_component.py\", line 46, in get_map_filed\n    return self.node.find_element(*xpath)\n           ~~~~~~~~~~~~~~~~~~~~~~^^^^^^^^\n  File \"/opt/hostedtoolcache/Python/3.13.2/x64/lib/python3.13/site-packages/selenium/webdriver/remote/webdriver.py\", line 770, in find_element\n    return self.execute(Command.FIND_ELEMENT, {\"using\": by, \"value\": value})[\"value\"]\n           ~~~~~~~~~~~~^^^^^^^^^^^^^^^^^^^^^^^^^^^^^^^^^^^^^^^^^^^^^^^^^^^^^\n  File \"/opt/hostedtoolcache/Python/3.13.2/x64/lib/python3.13/site-packages/selenium/webdriver/remote/webdriver.py\", line 384, in execute\n    self.error_handler.check_response(response)\n    ~~~~~~~~~~~~~~~~~~~~~~~~~~~~~~~~~^^^^^^^^^^\n  File \"/opt/hostedtoolcache/Python/3.13.2/x64/lib/python3.13/site-packages/selenium/webdriver/remote/errorhandler.py\", line 232, in check_response\n    raise exception_class(message, screen, stacktrace)\n","steps":[],"attachments":[],"parameters":[],"shouldDisplayMessage":true,"stepsCount":0,"attachmentsCount":0,"hasContent":true,"attachmentStep":false},{"name":"Looks like the class PROPERTY - G is not mapped","time":{"start":1739800659504,"stop":1739800659504,"duration":0},"status":"passed","steps":[],"attachments":[],"parameters":[],"shouldDisplayMessage":false,"stepsCount":0,"attachmentsCount":0,"hasContent":false,"attachmentStep":false},{"name":"Select main metadata","time":{"start":1739800659504,"stop":1739800659625,"duration":121},"status":"passed","steps":[],"attachments":[],"parameters":[{"name":"metadata","value":"6"}],"shouldDisplayMessage":false,"stepsCount":0,"attachmentsCount":0,"hasContent":true,"attachmentStep":false},{"name":"Implicit wait metadata","time":{"start":1739800659647,"stop":1739800669706,"duration":10059},"status":"broken","statusMessage":"selenium.common.exceptions.NoSuchElementException: Message: no such element: Unable to locate element: {\"method\":\"css selector\",\"selector\":\"#listing_mapper_list_category__0\"}\n  (Session info: chrome=133.0.6943.98); For documentation on this error, please visit: https://www.selenium.dev/documentation/webdriver/troubleshooting/errors#no-such-element-exception\nStacktrace:\n#0 0x55a007a1d09a <unknown>\n#1 0x55a0074e48b0 <unknown>\n#2 0x55a007535b99 <unknown>\n#3 0x55a007535d21 <unknown>\n#4 0x55a007584854 <unknown>\n#5 0x55a00755b9ad <unknown>\n#6 0x55a007581b8b <unknown>\n#7 0x55a00755b753 <unknown>\n#8 0x55a00752738e <unknown>\n#9 0x55a007528b51 <unknown>\n#10 0x55a0079e676b <unknown>\n#11 0x55a0079ea6f2 <unknown>\n#12 0x55a0079d28fc <unknown>\n#13 0x55a0079eb2e4 <unknown>\n#14 0x55a0079b69cf <unknown>\n#15 0x55a007a0bcd8 <unknown>\n#16 0x55a007a0beb6 <unknown>\n#17 0x55a007a1bf16 <unknown>\n#18 0x7f238809caa4 <unknown>\n#19 0x7f2388129c3c <unknown>\n\n","statusTrace":"  File \"/opt/hostedtoolcache/Python/3.13.2/x64/lib/python3.13/site-packages/allure_commons/_allure.py\", line 192, in impl\n    return func(*a, **kw)\n  File \"/home/runner/work/eim-map-test/eim-map-test/SLP/ui/PageObjects/SLPMain/slp_main.py\", line 63, in impl_wait_metadata\n    ListComponent(self.driver).get_map_filed(IMPLIS_WAIT_MAP)\n    ~~~~~~~~~~~~~~~~~~~~~~~~~~~~~~~~~~~~~~~~^^^^^^^^^^^^^^^^^\n  File \"/home/runner/work/eim-map-test/eim-map-test/SLP/ui/PageObjects/SLPMain/listing_component.py\", line 46, in get_map_filed\n    return self.node.find_element(*xpath)\n           ~~~~~~~~~~~~~~~~~~~~~~^^^^^^^^\n  File \"/opt/hostedtoolcache/Python/3.13.2/x64/lib/python3.13/site-packages/selenium/webdriver/remote/webdriver.py\", line 770, in find_element\n    return self.execute(Command.FIND_ELEMENT, {\"using\": by, \"value\": value})[\"value\"]\n           ~~~~~~~~~~~~^^^^^^^^^^^^^^^^^^^^^^^^^^^^^^^^^^^^^^^^^^^^^^^^^^^^^\n  File \"/opt/hostedtoolcache/Python/3.13.2/x64/lib/python3.13/site-packages/selenium/webdriver/remote/webdriver.py\", line 384, in execute\n    self.error_handler.check_response(response)\n    ~~~~~~~~~~~~~~~~~~~~~~~~~~~~~~~~~^^^^^^^^^^\n  File \"/opt/hostedtoolcache/Python/3.13.2/x64/lib/python3.13/site-packages/selenium/webdriver/remote/errorhandler.py\", line 232, in check_response\n    raise exception_class(message, screen, stacktrace)\n","steps":[],"attachments":[],"parameters":[],"shouldDisplayMessage":true,"stepsCount":0,"attachmentsCount":0,"hasContent":true,"attachmentStep":false},{"name":"Looks like the class PROPERTY - E is not mapped","time":{"start":1739800669707,"stop":1739800669707,"duration":0},"status":"passed","steps":[],"attachments":[],"parameters":[],"shouldDisplayMessage":false,"stepsCount":0,"attachmentsCount":0,"hasContent":false,"attachmentStep":false},{"name":"Select main metadata","time":{"start":1739800669707,"stop":1739800669847,"duration":140},"status":"passed","steps":[],"attachments":[],"parameters":[{"name":"metadata","value":"7"}],"shouldDisplayMessage":false,"stepsCount":0,"attachmentsCount":0,"hasContent":true,"attachmentStep":false},{"name":"Implicit wait metadata","time":{"start":1739800669871,"stop":1739800679933,"duration":10062},"status":"broken","statusMessage":"selenium.common.exceptions.NoSuchElementException: Message: no such element: Unable to locate element: {\"method\":\"css selector\",\"selector\":\"#listing_mapper_list_category__0\"}\n  (Session info: chrome=133.0.6943.98); For documentation on this error, please visit: https://www.selenium.dev/documentation/webdriver/troubleshooting/errors#no-such-element-exception\nStacktrace:\n#0 0x55a007a1d09a <unknown>\n#1 0x55a0074e48b0 <unknown>\n#2 0x55a007535b99 <unknown>\n#3 0x55a007535d21 <unknown>\n#4 0x55a007584854 <unknown>\n#5 0x55a00755b9ad <unknown>\n#6 0x55a007581b8b <unknown>\n#7 0x55a00755b753 <unknown>\n#8 0x55a00752738e <unknown>\n#9 0x55a007528b51 <unknown>\n#10 0x55a0079e676b <unknown>\n#11 0x55a0079ea6f2 <unknown>\n#12 0x55a0079d28fc <unknown>\n#13 0x55a0079eb2e4 <unknown>\n#14 0x55a0079b69cf <unknown>\n#15 0x55a007a0bcd8 <unknown>\n#16 0x55a007a0beb6 <unknown>\n#17 0x55a007a1bf16 <unknown>\n#18 0x7f238809caa4 <unknown>\n#19 0x7f2388129c3c <unknown>\n\n","statusTrace":"  File \"/opt/hostedtoolcache/Python/3.13.2/x64/lib/python3.13/site-packages/allure_commons/_allure.py\", line 192, in impl\n    return func(*a, **kw)\n  File \"/home/runner/work/eim-map-test/eim-map-test/SLP/ui/PageObjects/SLPMain/slp_main.py\", line 63, in impl_wait_metadata\n    ListComponent(self.driver).get_map_filed(IMPLIS_WAIT_MAP)\n    ~~~~~~~~~~~~~~~~~~~~~~~~~~~~~~~~~~~~~~~~^^^^^^^^^^^^^^^^^\n  File \"/home/runner/work/eim-map-test/eim-map-test/SLP/ui/PageObjects/SLPMain/listing_component.py\", line 46, in get_map_filed\n    return self.node.find_element(*xpath)\n           ~~~~~~~~~~~~~~~~~~~~~~^^^^^^^^\n  File \"/opt/hostedtoolcache/Python/3.13.2/x64/lib/python3.13/site-packages/selenium/webdriver/remote/webdriver.py\", line 770, in find_element\n    return self.execute(Command.FIND_ELEMENT, {\"using\": by, \"value\": value})[\"value\"]\n           ~~~~~~~~~~~~^^^^^^^^^^^^^^^^^^^^^^^^^^^^^^^^^^^^^^^^^^^^^^^^^^^^^\n  File \"/opt/hostedtoolcache/Python/3.13.2/x64/lib/python3.13/site-packages/selenium/webdriver/remote/webdriver.py\", line 384, in execute\n    self.error_handler.check_response(response)\n    ~~~~~~~~~~~~~~~~~~~~~~~~~~~~~~~~~^^^^^^^^^^\n  File \"/opt/hostedtoolcache/Python/3.13.2/x64/lib/python3.13/site-packages/selenium/webdriver/remote/errorhandler.py\", line 232, in check_response\n    raise exception_class(message, screen, stacktrace)\n","steps":[],"attachments":[],"parameters":[],"shouldDisplayMessage":true,"stepsCount":0,"attachmentsCount":0,"hasContent":true,"attachmentStep":false},{"name":"Looks like the class PROPERTY - F is not mapped","time":{"start":1739800679934,"stop":1739800679934,"duration":0},"status":"passed","steps":[],"attachments":[],"parameters":[],"shouldDisplayMessage":false,"stepsCount":0,"attachmentsCount":0,"hasContent":false,"attachmentStep":false},{"name":"Select main metadata","time":{"start":1739800679934,"stop":1739800680079,"duration":145},"status":"passed","steps":[],"attachments":[],"parameters":[{"name":"metadata","value":"8"}],"shouldDisplayMessage":false,"stepsCount":0,"attachmentsCount":0,"hasContent":true,"attachmentStep":false},{"name":"Implicit wait metadata","time":{"start":1739800680101,"stop":1739800690158,"duration":10057},"status":"broken","statusMessage":"selenium.common.exceptions.NoSuchElementException: Message: no such element: Unable to locate element: {\"method\":\"css selector\",\"selector\":\"#listing_mapper_list_category__0\"}\n  (Session info: chrome=133.0.6943.98); For documentation on this error, please visit: https://www.selenium.dev/documentation/webdriver/troubleshooting/errors#no-such-element-exception\nStacktrace:\n#0 0x55a007a1d09a <unknown>\n#1 0x55a0074e48b0 <unknown>\n#2 0x55a007535b99 <unknown>\n#3 0x55a007535d21 <unknown>\n#4 0x55a007584854 <unknown>\n#5 0x55a00755b9ad <unknown>\n#6 0x55a007581b8b <unknown>\n#7 0x55a00755b753 <unknown>\n#8 0x55a00752738e <unknown>\n#9 0x55a007528b51 <unknown>\n#10 0x55a0079e676b <unknown>\n#11 0x55a0079ea6f2 <unknown>\n#12 0x55a0079d28fc <unknown>\n#13 0x55a0079eb2e4 <unknown>\n#14 0x55a0079b69cf <unknown>\n#15 0x55a007a0bcd8 <unknown>\n#16 0x55a007a0beb6 <unknown>\n#17 0x55a007a1bf16 <unknown>\n#18 0x7f238809caa4 <unknown>\n#19 0x7f2388129c3c <unknown>\n\n","statusTrace":"  File \"/opt/hostedtoolcache/Python/3.13.2/x64/lib/python3.13/site-packages/allure_commons/_allure.py\", line 192, in impl\n    return func(*a, **kw)\n  File \"/home/runner/work/eim-map-test/eim-map-test/SLP/ui/PageObjects/SLPMain/slp_main.py\", line 63, in impl_wait_metadata\n    ListComponent(self.driver).get_map_filed(IMPLIS_WAIT_MAP)\n    ~~~~~~~~~~~~~~~~~~~~~~~~~~~~~~~~~~~~~~~~^^^^^^^^^^^^^^^^^\n  File \"/home/runner/work/eim-map-test/eim-map-test/SLP/ui/PageObjects/SLPMain/listing_component.py\", line 46, in get_map_filed\n    return self.node.find_element(*xpath)\n           ~~~~~~~~~~~~~~~~~~~~~~^^^^^^^^\n  File \"/opt/hostedtoolcache/Python/3.13.2/x64/lib/python3.13/site-packages/selenium/webdriver/remote/webdriver.py\", line 770, in find_element\n    return self.execute(Command.FIND_ELEMENT, {\"using\": by, \"value\": value})[\"value\"]\n           ~~~~~~~~~~~~^^^^^^^^^^^^^^^^^^^^^^^^^^^^^^^^^^^^^^^^^^^^^^^^^^^^^\n  File \"/opt/hostedtoolcache/Python/3.13.2/x64/lib/python3.13/site-packages/selenium/webdriver/remote/webdriver.py\", line 384, in execute\n    self.error_handler.check_response(response)\n    ~~~~~~~~~~~~~~~~~~~~~~~~~~~~~~~~~^^^^^^^^^^\n  File \"/opt/hostedtoolcache/Python/3.13.2/x64/lib/python3.13/site-packages/selenium/webdriver/remote/errorhandler.py\", line 232, in check_response\n    raise exception_class(message, screen, stacktrace)\n","steps":[],"attachments":[],"parameters":[],"shouldDisplayMessage":true,"stepsCount":0,"attachmentsCount":0,"hasContent":true,"attachmentStep":false},{"name":"Looks like the class PROPERTY - H is not mapped","time":{"start":1739800690159,"stop":1739800690159,"duration":0},"status":"passed","steps":[],"attachments":[],"parameters":[],"shouldDisplayMessage":false,"stepsCount":0,"attachmentsCount":0,"hasContent":false,"attachmentStep":false}],"attachments":[],"parameters":[],"shouldDisplayMessage":true,"stepsCount":27,"attachmentsCount":0,"hasContent":true,"attachmentStep":false},"afterStages":[{"name":"_unittest_setUpClass_fixture_TestPromotionChecklist::0","time":{"start":1739801612961,"stop":1739801612961,"duration":0},"status":"passed","steps":[],"attachments":[],"parameters":[],"shouldDisplayMessage":false,"stepsCount":0,"attachmentsCount":0,"hasContent":false,"attachmentStep":false}],"labels":[{"name":"tag","value":"@pytest.mark.filterwarnings('ignore::DeprecationWarning')"},{"name":"parentSuite","value":"tests"},{"name":"suite","value":"test_checklist"},{"name":"subSuite","value":"TestPromotionChecklist"},{"name":"host","value":"fv-az1043-579"},{"name":"thread","value":"3351-MainThread"},{"name":"framework","value":"pytest"},{"name":"language","value":"cpython3"},{"name":"package","value":"tests.test_checklist"},{"name":"resultFormat","value":"allure2"}],"parameters":[],"links":[],"hidden":false,"retry":false,"extra":{"severity":"normal","retries":[],"categories":[{"name":"Product defects","matchedStatuses":[],"flaky":false}],"tags":["@pytest.mark.filterwarnings('ignore::DeprecationWarning')"]},"source":"b10aad3b980f7325.json","parameterValues":[]}