{"uid":"b1134073c46408ad","name":"test_list_address_properties_country_0_741","fullName":"tests.test_checklist.TestPromotionChecklist#test_list_address_properties_country_0_741","historyId":"32545792c557fd8f084a88f8698c45f7","time":{"start":1736848187831,"stop":1736848230820,"duration":42989},"description":"list_address.country is SetConstant to country code (US or CA) [with source='741']","descriptionHtml":"<p>list_address.country is SetConstant to country code (US or CA) [with source='741']</p>\n","status":"broken","statusMessage":"selenium.common.exceptions.TimeoutException: Message: \nStacktrace:\n#0 0x55f5fb4188fa <unknown>\n#1 0x55f5faf29d20 <unknown>\n#2 0x55f5faf78a66 <unknown>\n#3 0x55f5faf78d01 <unknown>\n#4 0x55f5fafbe184 <unknown>\n#5 0x55f5faf9cb1d <unknown>\n#6 0x55f5fafbb560 <unknown>\n#7 0x55f5faf9c893 <unknown>\n#8 0x55f5faf6b30d <unknown>\n#9 0x55f5faf6c32e <unknown>\n#10 0x55f5fb3e500b <unknown>\n#11 0x55f5fb3e8f97 <unknown>\n#12 0x55f5fb3d171c <unknown>\n#13 0x55f5fb3e9b17 <unknown>\n#14 0x55f5fb3b66cf <unknown>\n#15 0x55f5fb4076b8 <unknown>\n#16 0x55f5fb407880 <unknown>\n#17 0x55f5fb417776 <unknown>\n#18 0x7fd003894ac3 <unknown>","statusTrace":"a = (<tests.test_checklist.TestPromotionChecklist testMethod=test_list_address_properties_country_0_741>,)\nkw = {}\n\n    @wraps(func)\n    def standalone_func(*a, **kw):\n>       return func(*(a + p.args), **p.kwargs, **kw)\n\n/opt/hostedtoolcache/Python/3.12.8/x64/lib/python3.12/site-packages/parameterized/parameterized.py:620: \n_ _ _ _ _ _ _ _ _ _ _ _ _ _ _ _ _ _ _ _ _ _ _ _ _ _ _ _ _ _ _ _ _ _ _ _ _ _ _ _ \ntests/test_checklist.py:111: in test_list_address_properties_country\n    WebDriverWait(self.driver, 30).until(EC.element_to_be_clickable(SOURCE_ID))\n_ _ _ _ _ _ _ _ _ _ _ _ _ _ _ _ _ _ _ _ _ _ _ _ _ _ _ _ _ _ _ _ _ _ _ _ _ _ _ _ \n\nself = <selenium.webdriver.support.wait.WebDriverWait (session=\"20aa1383aca922b85d0de48f0fb11dd9\")>\nmethod = <function element_to_be_clickable.<locals>._predicate at 0x7fb42f2a5da0>\nmessage = ''\n\n    def until(self, method: Callable[[D], Union[Literal[False], T]], message: str = \"\") -> T:\n        \"\"\"Calls the method provided with the driver as an argument until the \\\n        return value does not evaluate to ``False``.\n    \n        :param method: callable(WebDriver)\n        :param message: optional message for :exc:`TimeoutException`\n        :returns: the result of the last call to `method`\n        :raises: :exc:`selenium.common.exceptions.TimeoutException` if timeout occurs\n        \"\"\"\n        screen = None\n        stacktrace = None\n    \n        end_time = time.monotonic() + self._timeout\n        while True:\n            try:\n                value = method(self._driver)\n                if value:\n                    return value\n            except self._ignored_exceptions as exc:\n                screen = getattr(exc, \"screen\", None)\n                stacktrace = getattr(exc, \"stacktrace\", None)\n            if time.monotonic() > end_time:\n                break\n            time.sleep(self._poll)\n>       raise TimeoutException(message, screen, stacktrace)\nE       selenium.common.exceptions.TimeoutException: Message: \nE       Stacktrace:\nE       #0 0x55f5fb4188fa <unknown>\nE       #1 0x55f5faf29d20 <unknown>\nE       #2 0x55f5faf78a66 <unknown>\nE       #3 0x55f5faf78d01 <unknown>\nE       #4 0x55f5fafbe184 <unknown>\nE       #5 0x55f5faf9cb1d <unknown>\nE       #6 0x55f5fafbb560 <unknown>\nE       #7 0x55f5faf9c893 <unknown>\nE       #8 0x55f5faf6b30d <unknown>\nE       #9 0x55f5faf6c32e <unknown>\nE       #10 0x55f5fb3e500b <unknown>\nE       #11 0x55f5fb3e8f97 <unknown>\nE       #12 0x55f5fb3d171c <unknown>\nE       #13 0x55f5fb3e9b17 <unknown>\nE       #14 0x55f5fb3b66cf <unknown>\nE       #15 0x55f5fb4076b8 <unknown>\nE       #16 0x55f5fb407880 <unknown>\nE       #17 0x55f5fb417776 <unknown>\nE       #18 0x7fd003894ac3 <unknown>\n\n/opt/hostedtoolcache/Python/3.12.8/x64/lib/python3.12/site-packages/selenium/webdriver/support/wait.py:105: TimeoutException","flaky":false,"newFailed":false,"newBroken":false,"newPassed":false,"retriesCount":0,"retriesStatusChange":false,"beforeStages":[{"name":"_unittest_setUpClass_fixture_TestPromotionChecklist","time":{"start":1736847964134,"stop":1736847964134,"duration":0},"status":"passed","steps":[],"attachments":[],"parameters":[],"stepsCount":0,"shouldDisplayMessage":false,"attachmentsCount":0,"hasContent":false,"attachmentStep":false}],"afterStages":[{"name":"_unittest_setUpClass_fixture_TestPromotionChecklist::0","time":{"start":1736848439682,"stop":1736848439682,"duration":0},"status":"passed","steps":[],"attachments":[],"parameters":[],"stepsCount":0,"shouldDisplayMessage":false,"attachmentsCount":0,"hasContent":false,"attachmentStep":false}],"labels":[{"name":"tag","value":"@pytest.mark.filterwarnings('ignore::DeprecationWarning')"},{"name":"parentSuite","value":"tests"},{"name":"suite","value":"test_checklist"},{"name":"subSuite","value":"TestPromotionChecklist"},{"name":"host","value":"fv-az802-406"},{"name":"thread","value":"2925-MainThread"},{"name":"framework","value":"pytest"},{"name":"language","value":"cpython3"},{"name":"package","value":"tests.test_checklist"},{"name":"resultFormat","value":"allure2"}],"parameters":[],"links":[],"hidden":false,"retry":false,"extra":{"severity":"normal","retries":[],"categories":[{"name":"Test defects","matchedStatuses":[],"flaky":false}],"tags":["@pytest.mark.filterwarnings('ignore::DeprecationWarning')"]},"source":"b1134073c46408ad.json","parameterValues":[]}