{"uid":"bb0a3ee4ceff8f8c","name":"test_currency_code_07_154","fullName":"tests.test_checklist.TestPromotionChecklist#test_currency_code_07_154","historyId":"a09d6d2d9e88165005409eaabf76a209","time":{"start":1739776541651,"stop":1739776635266,"duration":93615},"status":"passed","flaky":false,"newFailed":false,"newBroken":false,"newPassed":false,"retriesCount":0,"retriesStatusChange":false,"beforeStages":[{"name":"_unittest_setUpClass_fixture_TestPromotionChecklist","time":{"start":1739775226607,"stop":1739775226607,"duration":0},"status":"passed","steps":[],"attachments":[],"parameters":[],"shouldDisplayMessage":false,"stepsCount":0,"attachmentsCount":0,"hasContent":false,"attachmentStep":false}],"testStage":{"status":"passed","steps":[{"name":"Click authorisation button","time":{"start":1739776542446,"stop":1739776543214,"duration":768},"status":"passed","steps":[{"name":"Get authorisation button","time":{"start":1739776542447,"stop":1739776542457,"duration":10},"status":"passed","steps":[],"attachments":[],"parameters":[],"shouldDisplayMessage":false,"stepsCount":0,"attachmentsCount":0,"hasContent":false,"attachmentStep":false}],"attachments":[],"parameters":[],"shouldDisplayMessage":false,"stepsCount":1,"attachmentsCount":0,"hasContent":true,"attachmentStep":false},{"name":"Source select","time":{"start":1739776543750,"stop":1739776543871,"duration":121},"status":"passed","steps":[],"attachments":[],"parameters":[{"name":"source","value":"'154'"}],"shouldDisplayMessage":false,"stepsCount":0,"attachmentsCount":0,"hasContent":true,"attachmentStep":false},{"name":"Select main metadata","time":{"start":1739776545219,"stop":1739776545321,"duration":102},"status":"passed","steps":[],"attachments":[],"parameters":[{"name":"metadata","value":"1"}],"shouldDisplayMessage":false,"stepsCount":0,"attachmentsCount":0,"hasContent":true,"attachmentStep":false},{"name":"Implicit wait metadata","time":{"start":1739776545321,"stop":1739776553674,"duration":8353},"status":"passed","steps":[],"attachments":[],"parameters":[],"shouldDisplayMessage":false,"stepsCount":0,"attachmentsCount":0,"hasContent":false,"attachmentStep":false},{"name":"\nMetadata = PROPERTY Ok âœ…\n","time":{"start":1739776553711,"stop":1739776553711,"duration":0},"status":"passed","steps":[],"attachments":[],"parameters":[],"shouldDisplayMessage":false,"stepsCount":0,"attachmentsCount":0,"hasContent":false,"attachmentStep":false},{"name":"Select main metadata","time":{"start":1739776553751,"stop":1739776553881,"duration":130},"status":"passed","steps":[],"attachments":[],"parameters":[{"name":"metadata","value":"2"}],"shouldDisplayMessage":false,"stepsCount":0,"attachmentsCount":0,"hasContent":true,"attachmentStep":false},{"name":"Implicit wait metadata","time":{"start":1739776553881,"stop":1739776563914,"duration":10033},"status":"broken","statusMessage":"selenium.common.exceptions.NoSuchElementException: Message: no such element: Unable to locate element: {\"method\":\"css selector\",\"selector\":\"#listing_mapper_list_category__0\"}\n  (Session info: chrome=133.0.6943.98); For documentation on this error, please visit: https://www.selenium.dev/documentation/webdriver/troubleshooting/errors#no-such-element-exception\nStacktrace:\n#0 0x55601883609a <unknown>\n#1 0x5560182fd8b0 <unknown>\n#2 0x55601834eb99 <unknown>\n#3 0x55601834ed21 <unknown>\n#4 0x55601839d854 <unknown>\n#5 0x5560183749ad <unknown>\n#6 0x55601839ab8b <unknown>\n#7 0x556018374753 <unknown>\n#8 0x55601834038e <unknown>\n#9 0x556018341b51 <unknown>\n#10 0x5560187ff76b <unknown>\n#11 0x5560188036f2 <unknown>\n#12 0x5560187eb8fc <unknown>\n#13 0x5560188042e4 <unknown>\n#14 0x5560187cf9cf <unknown>\n#15 0x556018824cd8 <unknown>\n#16 0x556018824eb6 <unknown>\n#17 0x556018834f16 <unknown>\n#18 0x7fcf8189caa4 <unknown>\n#19 0x7fcf81929c3c <unknown>\n\n","statusTrace":"  File \"/opt/hostedtoolcache/Python/3.13.2/x64/lib/python3.13/site-packages/allure_commons/_allure.py\", line 192, in impl\n    return func(*a, **kw)\n  File \"/home/runner/work/eim-map-test/eim-map-test/SLP/ui/PageObjects/SLPMain/slp_main.py\", line 63, in impl_wait_metadata\n    ListComponent(self.driver).get_map_filed(IMPLIS_WAIT_MAP)\n    ~~~~~~~~~~~~~~~~~~~~~~~~~~~~~~~~~~~~~~~~^^^^^^^^^^^^^^^^^\n  File \"/home/runner/work/eim-map-test/eim-map-test/SLP/ui/PageObjects/SLPMain/listing_component.py\", line 46, in get_map_filed\n    return self.node.find_element(*xpath)\n           ~~~~~~~~~~~~~~~~~~~~~~^^^^^^^^\n  File \"/opt/hostedtoolcache/Python/3.13.2/x64/lib/python3.13/site-packages/selenium/webdriver/remote/webdriver.py\", line 770, in find_element\n    return self.execute(Command.FIND_ELEMENT, {\"using\": by, \"value\": value})[\"value\"]\n           ~~~~~~~~~~~~^^^^^^^^^^^^^^^^^^^^^^^^^^^^^^^^^^^^^^^^^^^^^^^^^^^^^\n  File \"/opt/hostedtoolcache/Python/3.13.2/x64/lib/python3.13/site-packages/selenium/webdriver/remote/webdriver.py\", line 384, in execute\n    self.error_handler.check_response(response)\n    ~~~~~~~~~~~~~~~~~~~~~~~~~~~~~~~~~^^^^^^^^^^\n  File \"/opt/hostedtoolcache/Python/3.13.2/x64/lib/python3.13/site-packages/selenium/webdriver/remote/errorhandler.py\", line 232, in check_response\n    raise exception_class(message, screen, stacktrace)\n","steps":[],"attachments":[],"parameters":[],"shouldDisplayMessage":true,"stepsCount":0,"attachmentsCount":0,"hasContent":true,"attachmentStep":false},{"name":"Looks like the class PROPERTY - A is not mapped","time":{"start":1739776563915,"stop":1739776563915,"duration":0},"status":"passed","steps":[],"attachments":[],"parameters":[],"shouldDisplayMessage":false,"stepsCount":0,"attachmentsCount":0,"hasContent":false,"attachmentStep":false},{"name":"Select main metadata","time":{"start":1739776563935,"stop":1739776564048,"duration":113},"status":"passed","steps":[],"attachments":[],"parameters":[{"name":"metadata","value":"3"}],"shouldDisplayMessage":false,"stepsCount":0,"attachmentsCount":0,"hasContent":true,"attachmentStep":false},{"name":"Implicit wait metadata","time":{"start":1739776564048,"stop":1739776574090,"duration":10042},"status":"broken","statusMessage":"selenium.common.exceptions.NoSuchElementException: Message: no such element: Unable to locate element: {\"method\":\"css selector\",\"selector\":\"#listing_mapper_list_category__0\"}\n  (Session info: chrome=133.0.6943.98); For documentation on this error, please visit: https://www.selenium.dev/documentation/webdriver/troubleshooting/errors#no-such-element-exception\nStacktrace:\n#0 0x55601883609a <unknown>\n#1 0x5560182fd8b0 <unknown>\n#2 0x55601834eb99 <unknown>\n#3 0x55601834ed21 <unknown>\n#4 0x55601839d854 <unknown>\n#5 0x5560183749ad <unknown>\n#6 0x55601839ab8b <unknown>\n#7 0x556018374753 <unknown>\n#8 0x55601834038e <unknown>\n#9 0x556018341b51 <unknown>\n#10 0x5560187ff76b <unknown>\n#11 0x5560188036f2 <unknown>\n#12 0x5560187eb8fc <unknown>\n#13 0x5560188042e4 <unknown>\n#14 0x5560187cf9cf <unknown>\n#15 0x556018824cd8 <unknown>\n#16 0x556018824eb6 <unknown>\n#17 0x556018834f16 <unknown>\n#18 0x7fcf8189caa4 <unknown>\n#19 0x7fcf81929c3c <unknown>\n\n","statusTrace":"  File \"/opt/hostedtoolcache/Python/3.13.2/x64/lib/python3.13/site-packages/allure_commons/_allure.py\", line 192, in impl\n    return func(*a, **kw)\n  File \"/home/runner/work/eim-map-test/eim-map-test/SLP/ui/PageObjects/SLPMain/slp_main.py\", line 63, in impl_wait_metadata\n    ListComponent(self.driver).get_map_filed(IMPLIS_WAIT_MAP)\n    ~~~~~~~~~~~~~~~~~~~~~~~~~~~~~~~~~~~~~~~~^^^^^^^^^^^^^^^^^\n  File \"/home/runner/work/eim-map-test/eim-map-test/SLP/ui/PageObjects/SLPMain/listing_component.py\", line 46, in get_map_filed\n    return self.node.find_element(*xpath)\n           ~~~~~~~~~~~~~~~~~~~~~~^^^^^^^^\n  File \"/opt/hostedtoolcache/Python/3.13.2/x64/lib/python3.13/site-packages/selenium/webdriver/remote/webdriver.py\", line 770, in find_element\n    return self.execute(Command.FIND_ELEMENT, {\"using\": by, \"value\": value})[\"value\"]\n           ~~~~~~~~~~~~^^^^^^^^^^^^^^^^^^^^^^^^^^^^^^^^^^^^^^^^^^^^^^^^^^^^^\n  File \"/opt/hostedtoolcache/Python/3.13.2/x64/lib/python3.13/site-packages/selenium/webdriver/remote/webdriver.py\", line 384, in execute\n    self.error_handler.check_response(response)\n    ~~~~~~~~~~~~~~~~~~~~~~~~~~~~~~~~~^^^^^^^^^^\n  File \"/opt/hostedtoolcache/Python/3.13.2/x64/lib/python3.13/site-packages/selenium/webdriver/remote/errorhandler.py\", line 232, in check_response\n    raise exception_class(message, screen, stacktrace)\n","steps":[],"attachments":[],"parameters":[],"shouldDisplayMessage":true,"stepsCount":0,"attachmentsCount":0,"hasContent":true,"attachmentStep":false},{"name":"Looks like the class PROPERTY - B is not mapped","time":{"start":1739776574091,"stop":1739776574091,"duration":0},"status":"passed","steps":[],"attachments":[],"parameters":[],"shouldDisplayMessage":false,"stepsCount":0,"attachmentsCount":0,"hasContent":false,"attachmentStep":false},{"name":"Select main metadata","time":{"start":1739776574110,"stop":1739776574223,"duration":113},"status":"passed","steps":[],"attachments":[],"parameters":[{"name":"metadata","value":"4"}],"shouldDisplayMessage":false,"stepsCount":0,"attachmentsCount":0,"hasContent":true,"attachmentStep":false},{"name":"Implicit wait metadata","time":{"start":1739776574223,"stop":1739776584280,"duration":10057},"status":"broken","statusMessage":"selenium.common.exceptions.NoSuchElementException: Message: no such element: Unable to locate element: {\"method\":\"css selector\",\"selector\":\"#listing_mapper_list_category__0\"}\n  (Session info: chrome=133.0.6943.98); For documentation on this error, please visit: https://www.selenium.dev/documentation/webdriver/troubleshooting/errors#no-such-element-exception\nStacktrace:\n#0 0x55601883609a <unknown>\n#1 0x5560182fd8b0 <unknown>\n#2 0x55601834eb99 <unknown>\n#3 0x55601834ed21 <unknown>\n#4 0x55601839d854 <unknown>\n#5 0x5560183749ad <unknown>\n#6 0x55601839ab8b <unknown>\n#7 0x556018374753 <unknown>\n#8 0x55601834038e <unknown>\n#9 0x556018341b51 <unknown>\n#10 0x5560187ff76b <unknown>\n#11 0x5560188036f2 <unknown>\n#12 0x5560187eb8fc <unknown>\n#13 0x5560188042e4 <unknown>\n#14 0x5560187cf9cf <unknown>\n#15 0x556018824cd8 <unknown>\n#16 0x556018824eb6 <unknown>\n#17 0x556018834f16 <unknown>\n#18 0x7fcf8189caa4 <unknown>\n#19 0x7fcf81929c3c <unknown>\n\n","statusTrace":"  File \"/opt/hostedtoolcache/Python/3.13.2/x64/lib/python3.13/site-packages/allure_commons/_allure.py\", line 192, in impl\n    return func(*a, **kw)\n  File \"/home/runner/work/eim-map-test/eim-map-test/SLP/ui/PageObjects/SLPMain/slp_main.py\", line 63, in impl_wait_metadata\n    ListComponent(self.driver).get_map_filed(IMPLIS_WAIT_MAP)\n    ~~~~~~~~~~~~~~~~~~~~~~~~~~~~~~~~~~~~~~~~^^^^^^^^^^^^^^^^^\n  File \"/home/runner/work/eim-map-test/eim-map-test/SLP/ui/PageObjects/SLPMain/listing_component.py\", line 46, in get_map_filed\n    return self.node.find_element(*xpath)\n           ~~~~~~~~~~~~~~~~~~~~~~^^^^^^^^\n  File \"/opt/hostedtoolcache/Python/3.13.2/x64/lib/python3.13/site-packages/selenium/webdriver/remote/webdriver.py\", line 770, in find_element\n    return self.execute(Command.FIND_ELEMENT, {\"using\": by, \"value\": value})[\"value\"]\n           ~~~~~~~~~~~~^^^^^^^^^^^^^^^^^^^^^^^^^^^^^^^^^^^^^^^^^^^^^^^^^^^^^\n  File \"/opt/hostedtoolcache/Python/3.13.2/x64/lib/python3.13/site-packages/selenium/webdriver/remote/webdriver.py\", line 384, in execute\n    self.error_handler.check_response(response)\n    ~~~~~~~~~~~~~~~~~~~~~~~~~~~~~~~~~^^^^^^^^^^\n  File \"/opt/hostedtoolcache/Python/3.13.2/x64/lib/python3.13/site-packages/selenium/webdriver/remote/errorhandler.py\", line 232, in check_response\n    raise exception_class(message, screen, stacktrace)\n","steps":[],"attachments":[],"parameters":[],"shouldDisplayMessage":true,"stepsCount":0,"attachmentsCount":0,"hasContent":true,"attachmentStep":false},{"name":"Looks like the class PROPERTY - C is not mapped","time":{"start":1739776584281,"stop":1739776584281,"duration":0},"status":"passed","steps":[],"attachments":[],"parameters":[],"shouldDisplayMessage":false,"stepsCount":0,"attachmentsCount":0,"hasContent":false,"attachmentStep":false},{"name":"Select main metadata","time":{"start":1739776584301,"stop":1739776584416,"duration":115},"status":"passed","steps":[],"attachments":[],"parameters":[{"name":"metadata","value":"5"}],"shouldDisplayMessage":false,"stepsCount":0,"attachmentsCount":0,"hasContent":true,"attachmentStep":false},{"name":"Implicit wait metadata","time":{"start":1739776584416,"stop":1739776594459,"duration":10043},"status":"broken","statusMessage":"selenium.common.exceptions.NoSuchElementException: Message: no such element: Unable to locate element: {\"method\":\"css selector\",\"selector\":\"#listing_mapper_list_category__0\"}\n  (Session info: chrome=133.0.6943.98); For documentation on this error, please visit: https://www.selenium.dev/documentation/webdriver/troubleshooting/errors#no-such-element-exception\nStacktrace:\n#0 0x55601883609a <unknown>\n#1 0x5560182fd8b0 <unknown>\n#2 0x55601834eb99 <unknown>\n#3 0x55601834ed21 <unknown>\n#4 0x55601839d854 <unknown>\n#5 0x5560183749ad <unknown>\n#6 0x55601839ab8b <unknown>\n#7 0x556018374753 <unknown>\n#8 0x55601834038e <unknown>\n#9 0x556018341b51 <unknown>\n#10 0x5560187ff76b <unknown>\n#11 0x5560188036f2 <unknown>\n#12 0x5560187eb8fc <unknown>\n#13 0x5560188042e4 <unknown>\n#14 0x5560187cf9cf <unknown>\n#15 0x556018824cd8 <unknown>\n#16 0x556018824eb6 <unknown>\n#17 0x556018834f16 <unknown>\n#18 0x7fcf8189caa4 <unknown>\n#19 0x7fcf81929c3c <unknown>\n\n","statusTrace":"  File \"/opt/hostedtoolcache/Python/3.13.2/x64/lib/python3.13/site-packages/allure_commons/_allure.py\", line 192, in impl\n    return func(*a, **kw)\n  File \"/home/runner/work/eim-map-test/eim-map-test/SLP/ui/PageObjects/SLPMain/slp_main.py\", line 63, in impl_wait_metadata\n    ListComponent(self.driver).get_map_filed(IMPLIS_WAIT_MAP)\n    ~~~~~~~~~~~~~~~~~~~~~~~~~~~~~~~~~~~~~~~~^^^^^^^^^^^^^^^^^\n  File \"/home/runner/work/eim-map-test/eim-map-test/SLP/ui/PageObjects/SLPMain/listing_component.py\", line 46, in get_map_filed\n    return self.node.find_element(*xpath)\n           ~~~~~~~~~~~~~~~~~~~~~~^^^^^^^^\n  File \"/opt/hostedtoolcache/Python/3.13.2/x64/lib/python3.13/site-packages/selenium/webdriver/remote/webdriver.py\", line 770, in find_element\n    return self.execute(Command.FIND_ELEMENT, {\"using\": by, \"value\": value})[\"value\"]\n           ~~~~~~~~~~~~^^^^^^^^^^^^^^^^^^^^^^^^^^^^^^^^^^^^^^^^^^^^^^^^^^^^^\n  File \"/opt/hostedtoolcache/Python/3.13.2/x64/lib/python3.13/site-packages/selenium/webdriver/remote/webdriver.py\", line 384, in execute\n    self.error_handler.check_response(response)\n    ~~~~~~~~~~~~~~~~~~~~~~~~~~~~~~~~~^^^^^^^^^^\n  File \"/opt/hostedtoolcache/Python/3.13.2/x64/lib/python3.13/site-packages/selenium/webdriver/remote/errorhandler.py\", line 232, in check_response\n    raise exception_class(message, screen, stacktrace)\n","steps":[],"attachments":[],"parameters":[],"shouldDisplayMessage":true,"stepsCount":0,"attachmentsCount":0,"hasContent":true,"attachmentStep":false},{"name":"Looks like the class PROPERTY - D is not mapped","time":{"start":1739776594460,"stop":1739776594460,"duration":0},"status":"passed","steps":[],"attachments":[],"parameters":[],"shouldDisplayMessage":false,"stepsCount":0,"attachmentsCount":0,"hasContent":false,"attachmentStep":false},{"name":"Select main metadata","time":{"start":1739776594482,"stop":1739776594603,"duration":121},"status":"passed","steps":[],"attachments":[],"parameters":[{"name":"metadata","value":"6"}],"shouldDisplayMessage":false,"stepsCount":0,"attachmentsCount":0,"hasContent":true,"attachmentStep":false},{"name":"Implicit wait metadata","time":{"start":1739776594603,"stop":1739776604664,"duration":10061},"status":"broken","statusMessage":"selenium.common.exceptions.NoSuchElementException: Message: no such element: Unable to locate element: {\"method\":\"css selector\",\"selector\":\"#listing_mapper_list_category__0\"}\n  (Session info: chrome=133.0.6943.98); For documentation on this error, please visit: https://www.selenium.dev/documentation/webdriver/troubleshooting/errors#no-such-element-exception\nStacktrace:\n#0 0x55601883609a <unknown>\n#1 0x5560182fd8b0 <unknown>\n#2 0x55601834eb99 <unknown>\n#3 0x55601834ed21 <unknown>\n#4 0x55601839d854 <unknown>\n#5 0x5560183749ad <unknown>\n#6 0x55601839ab8b <unknown>\n#7 0x556018374753 <unknown>\n#8 0x55601834038e <unknown>\n#9 0x556018341b51 <unknown>\n#10 0x5560187ff76b <unknown>\n#11 0x5560188036f2 <unknown>\n#12 0x5560187eb8fc <unknown>\n#13 0x5560188042e4 <unknown>\n#14 0x5560187cf9cf <unknown>\n#15 0x556018824cd8 <unknown>\n#16 0x556018824eb6 <unknown>\n#17 0x556018834f16 <unknown>\n#18 0x7fcf8189caa4 <unknown>\n#19 0x7fcf81929c3c <unknown>\n\n","statusTrace":"  File \"/opt/hostedtoolcache/Python/3.13.2/x64/lib/python3.13/site-packages/allure_commons/_allure.py\", line 192, in impl\n    return func(*a, **kw)\n  File \"/home/runner/work/eim-map-test/eim-map-test/SLP/ui/PageObjects/SLPMain/slp_main.py\", line 63, in impl_wait_metadata\n    ListComponent(self.driver).get_map_filed(IMPLIS_WAIT_MAP)\n    ~~~~~~~~~~~~~~~~~~~~~~~~~~~~~~~~~~~~~~~~^^^^^^^^^^^^^^^^^\n  File \"/home/runner/work/eim-map-test/eim-map-test/SLP/ui/PageObjects/SLPMain/listing_component.py\", line 46, in get_map_filed\n    return self.node.find_element(*xpath)\n           ~~~~~~~~~~~~~~~~~~~~~~^^^^^^^^\n  File \"/opt/hostedtoolcache/Python/3.13.2/x64/lib/python3.13/site-packages/selenium/webdriver/remote/webdriver.py\", line 770, in find_element\n    return self.execute(Command.FIND_ELEMENT, {\"using\": by, \"value\": value})[\"value\"]\n           ~~~~~~~~~~~~^^^^^^^^^^^^^^^^^^^^^^^^^^^^^^^^^^^^^^^^^^^^^^^^^^^^^\n  File \"/opt/hostedtoolcache/Python/3.13.2/x64/lib/python3.13/site-packages/selenium/webdriver/remote/webdriver.py\", line 384, in execute\n    self.error_handler.check_response(response)\n    ~~~~~~~~~~~~~~~~~~~~~~~~~~~~~~~~~^^^^^^^^^^\n  File \"/opt/hostedtoolcache/Python/3.13.2/x64/lib/python3.13/site-packages/selenium/webdriver/remote/errorhandler.py\", line 232, in check_response\n    raise exception_class(message, screen, stacktrace)\n","steps":[],"attachments":[],"parameters":[],"shouldDisplayMessage":true,"stepsCount":0,"attachmentsCount":0,"hasContent":true,"attachmentStep":false},{"name":"Looks like the class PROPERTY - E is not mapped","time":{"start":1739776604665,"stop":1739776604665,"duration":0},"status":"passed","steps":[],"attachments":[],"parameters":[],"shouldDisplayMessage":false,"stepsCount":0,"attachmentsCount":0,"hasContent":false,"attachmentStep":false},{"name":"Select main metadata","time":{"start":1739776604685,"stop":1739776604811,"duration":126},"status":"passed","steps":[],"attachments":[],"parameters":[{"name":"metadata","value":"7"}],"shouldDisplayMessage":false,"stepsCount":0,"attachmentsCount":0,"hasContent":true,"attachmentStep":false},{"name":"Implicit wait metadata","time":{"start":1739776604811,"stop":1739776614826,"duration":10015},"status":"broken","statusMessage":"selenium.common.exceptions.NoSuchElementException: Message: no such element: Unable to locate element: {\"method\":\"css selector\",\"selector\":\"#listing_mapper_list_category__0\"}\n  (Session info: chrome=133.0.6943.98); For documentation on this error, please visit: https://www.selenium.dev/documentation/webdriver/troubleshooting/errors#no-such-element-exception\nStacktrace:\n#0 0x55601883609a <unknown>\n#1 0x5560182fd8b0 <unknown>\n#2 0x55601834eb99 <unknown>\n#3 0x55601834ed21 <unknown>\n#4 0x55601839d854 <unknown>\n#5 0x5560183749ad <unknown>\n#6 0x55601839ab8b <unknown>\n#7 0x556018374753 <unknown>\n#8 0x55601834038e <unknown>\n#9 0x556018341b51 <unknown>\n#10 0x5560187ff76b <unknown>\n#11 0x5560188036f2 <unknown>\n#12 0x5560187eb8fc <unknown>\n#13 0x5560188042e4 <unknown>\n#14 0x5560187cf9cf <unknown>\n#15 0x556018824cd8 <unknown>\n#16 0x556018824eb6 <unknown>\n#17 0x556018834f16 <unknown>\n#18 0x7fcf8189caa4 <unknown>\n#19 0x7fcf81929c3c <unknown>\n\n","statusTrace":"  File \"/opt/hostedtoolcache/Python/3.13.2/x64/lib/python3.13/site-packages/allure_commons/_allure.py\", line 192, in impl\n    return func(*a, **kw)\n  File \"/home/runner/work/eim-map-test/eim-map-test/SLP/ui/PageObjects/SLPMain/slp_main.py\", line 63, in impl_wait_metadata\n    ListComponent(self.driver).get_map_filed(IMPLIS_WAIT_MAP)\n    ~~~~~~~~~~~~~~~~~~~~~~~~~~~~~~~~~~~~~~~~^^^^^^^^^^^^^^^^^\n  File \"/home/runner/work/eim-map-test/eim-map-test/SLP/ui/PageObjects/SLPMain/listing_component.py\", line 46, in get_map_filed\n    return self.node.find_element(*xpath)\n           ~~~~~~~~~~~~~~~~~~~~~~^^^^^^^^\n  File \"/opt/hostedtoolcache/Python/3.13.2/x64/lib/python3.13/site-packages/selenium/webdriver/remote/webdriver.py\", line 770, in find_element\n    return self.execute(Command.FIND_ELEMENT, {\"using\": by, \"value\": value})[\"value\"]\n           ~~~~~~~~~~~~^^^^^^^^^^^^^^^^^^^^^^^^^^^^^^^^^^^^^^^^^^^^^^^^^^^^^\n  File \"/opt/hostedtoolcache/Python/3.13.2/x64/lib/python3.13/site-packages/selenium/webdriver/remote/webdriver.py\", line 384, in execute\n    self.error_handler.check_response(response)\n    ~~~~~~~~~~~~~~~~~~~~~~~~~~~~~~~~~^^^^^^^^^^\n  File \"/opt/hostedtoolcache/Python/3.13.2/x64/lib/python3.13/site-packages/selenium/webdriver/remote/errorhandler.py\", line 232, in check_response\n    raise exception_class(message, screen, stacktrace)\n","steps":[],"attachments":[],"parameters":[],"shouldDisplayMessage":true,"stepsCount":0,"attachmentsCount":0,"hasContent":true,"attachmentStep":false},{"name":"Looks like the class PROPERTY - F is not mapped","time":{"start":1739776614827,"stop":1739776614827,"duration":0},"status":"passed","steps":[],"attachments":[],"parameters":[],"shouldDisplayMessage":false,"stepsCount":0,"attachmentsCount":0,"hasContent":false,"attachmentStep":false},{"name":"Select main metadata","time":{"start":1739776614846,"stop":1739776614978,"duration":132},"status":"passed","steps":[],"attachments":[],"parameters":[{"name":"metadata","value":"8"}],"shouldDisplayMessage":false,"stepsCount":0,"attachmentsCount":0,"hasContent":true,"attachmentStep":false},{"name":"Implicit wait metadata","time":{"start":1739776614978,"stop":1739776624995,"duration":10017},"status":"broken","statusMessage":"selenium.common.exceptions.NoSuchElementException: Message: no such element: Unable to locate element: {\"method\":\"css selector\",\"selector\":\"#listing_mapper_list_category__0\"}\n  (Session info: chrome=133.0.6943.98); For documentation on this error, please visit: https://www.selenium.dev/documentation/webdriver/troubleshooting/errors#no-such-element-exception\nStacktrace:\n#0 0x55601883609a <unknown>\n#1 0x5560182fd8b0 <unknown>\n#2 0x55601834eb99 <unknown>\n#3 0x55601834ed21 <unknown>\n#4 0x55601839d854 <unknown>\n#5 0x5560183749ad <unknown>\n#6 0x55601839ab8b <unknown>\n#7 0x556018374753 <unknown>\n#8 0x55601834038e <unknown>\n#9 0x556018341b51 <unknown>\n#10 0x5560187ff76b <unknown>\n#11 0x5560188036f2 <unknown>\n#12 0x5560187eb8fc <unknown>\n#13 0x5560188042e4 <unknown>\n#14 0x5560187cf9cf <unknown>\n#15 0x556018824cd8 <unknown>\n#16 0x556018824eb6 <unknown>\n#17 0x556018834f16 <unknown>\n#18 0x7fcf8189caa4 <unknown>\n#19 0x7fcf81929c3c <unknown>\n\n","statusTrace":"  File \"/opt/hostedtoolcache/Python/3.13.2/x64/lib/python3.13/site-packages/allure_commons/_allure.py\", line 192, in impl\n    return func(*a, **kw)\n  File \"/home/runner/work/eim-map-test/eim-map-test/SLP/ui/PageObjects/SLPMain/slp_main.py\", line 63, in impl_wait_metadata\n    ListComponent(self.driver).get_map_filed(IMPLIS_WAIT_MAP)\n    ~~~~~~~~~~~~~~~~~~~~~~~~~~~~~~~~~~~~~~~~^^^^^^^^^^^^^^^^^\n  File \"/home/runner/work/eim-map-test/eim-map-test/SLP/ui/PageObjects/SLPMain/listing_component.py\", line 46, in get_map_filed\n    return self.node.find_element(*xpath)\n           ~~~~~~~~~~~~~~~~~~~~~~^^^^^^^^\n  File \"/opt/hostedtoolcache/Python/3.13.2/x64/lib/python3.13/site-packages/selenium/webdriver/remote/webdriver.py\", line 770, in find_element\n    return self.execute(Command.FIND_ELEMENT, {\"using\": by, \"value\": value})[\"value\"]\n           ~~~~~~~~~~~~^^^^^^^^^^^^^^^^^^^^^^^^^^^^^^^^^^^^^^^^^^^^^^^^^^^^^\n  File \"/opt/hostedtoolcache/Python/3.13.2/x64/lib/python3.13/site-packages/selenium/webdriver/remote/webdriver.py\", line 384, in execute\n    self.error_handler.check_response(response)\n    ~~~~~~~~~~~~~~~~~~~~~~~~~~~~~~~~~^^^^^^^^^^\n  File \"/opt/hostedtoolcache/Python/3.13.2/x64/lib/python3.13/site-packages/selenium/webdriver/remote/errorhandler.py\", line 232, in check_response\n    raise exception_class(message, screen, stacktrace)\n","steps":[],"attachments":[],"parameters":[],"shouldDisplayMessage":true,"stepsCount":0,"attachmentsCount":0,"hasContent":true,"attachmentStep":false},{"name":"Looks like the class LOOKUP is not mapped","time":{"start":1739776624996,"stop":1739776624996,"duration":0},"status":"passed","steps":[],"attachments":[],"parameters":[],"shouldDisplayMessage":false,"stepsCount":0,"attachmentsCount":0,"hasContent":false,"attachmentStep":false},{"name":"Select main metadata","time":{"start":1739776625015,"stop":1739776625156,"duration":141},"status":"passed","steps":[],"attachments":[],"parameters":[{"name":"metadata","value":"9"}],"shouldDisplayMessage":false,"stepsCount":0,"attachmentsCount":0,"hasContent":true,"attachmentStep":false},{"name":"Implicit wait metadata","time":{"start":1739776625157,"stop":1739776635208,"duration":10051},"status":"broken","statusMessage":"selenium.common.exceptions.NoSuchElementException: Message: no such element: Unable to locate element: {\"method\":\"css selector\",\"selector\":\"#listing_mapper_list_category__0\"}\n  (Session info: chrome=133.0.6943.98); For documentation on this error, please visit: https://www.selenium.dev/documentation/webdriver/troubleshooting/errors#no-such-element-exception\nStacktrace:\n#0 0x55601883609a <unknown>\n#1 0x5560182fd8b0 <unknown>\n#2 0x55601834eb99 <unknown>\n#3 0x55601834ed21 <unknown>\n#4 0x55601839d854 <unknown>\n#5 0x5560183749ad <unknown>\n#6 0x55601839ab8b <unknown>\n#7 0x556018374753 <unknown>\n#8 0x55601834038e <unknown>\n#9 0x556018341b51 <unknown>\n#10 0x5560187ff76b <unknown>\n#11 0x5560188036f2 <unknown>\n#12 0x5560187eb8fc <unknown>\n#13 0x5560188042e4 <unknown>\n#14 0x5560187cf9cf <unknown>\n#15 0x556018824cd8 <unknown>\n#16 0x556018824eb6 <unknown>\n#17 0x556018834f16 <unknown>\n#18 0x7fcf8189caa4 <unknown>\n#19 0x7fcf81929c3c <unknown>\n\n","statusTrace":"  File \"/opt/hostedtoolcache/Python/3.13.2/x64/lib/python3.13/site-packages/allure_commons/_allure.py\", line 192, in impl\n    return func(*a, **kw)\n  File \"/home/runner/work/eim-map-test/eim-map-test/SLP/ui/PageObjects/SLPMain/slp_main.py\", line 63, in impl_wait_metadata\n    ListComponent(self.driver).get_map_filed(IMPLIS_WAIT_MAP)\n    ~~~~~~~~~~~~~~~~~~~~~~~~~~~~~~~~~~~~~~~~^^^^^^^^^^^^^^^^^\n  File \"/home/runner/work/eim-map-test/eim-map-test/SLP/ui/PageObjects/SLPMain/listing_component.py\", line 46, in get_map_filed\n    return self.node.find_element(*xpath)\n           ~~~~~~~~~~~~~~~~~~~~~~^^^^^^^^\n  File \"/opt/hostedtoolcache/Python/3.13.2/x64/lib/python3.13/site-packages/selenium/webdriver/remote/webdriver.py\", line 770, in find_element\n    return self.execute(Command.FIND_ELEMENT, {\"using\": by, \"value\": value})[\"value\"]\n           ~~~~~~~~~~~~^^^^^^^^^^^^^^^^^^^^^^^^^^^^^^^^^^^^^^^^^^^^^^^^^^^^^\n  File \"/opt/hostedtoolcache/Python/3.13.2/x64/lib/python3.13/site-packages/selenium/webdriver/remote/webdriver.py\", line 384, in execute\n    self.error_handler.check_response(response)\n    ~~~~~~~~~~~~~~~~~~~~~~~~~~~~~~~~~^^^^^^^^^^\n  File \"/opt/hostedtoolcache/Python/3.13.2/x64/lib/python3.13/site-packages/selenium/webdriver/remote/errorhandler.py\", line 232, in check_response\n    raise exception_class(message, screen, stacktrace)\n","steps":[],"attachments":[],"parameters":[],"shouldDisplayMessage":true,"stepsCount":0,"attachmentsCount":0,"hasContent":true,"attachmentStep":false},{"name":"Looks like the class ROOM is not mapped","time":{"start":1739776635209,"stop":1739776635209,"duration":0},"status":"passed","steps":[],"attachments":[],"parameters":[],"shouldDisplayMessage":false,"stepsCount":0,"attachmentsCount":0,"hasContent":false,"attachmentStep":false}],"attachments":[],"parameters":[],"shouldDisplayMessage":false,"stepsCount":30,"attachmentsCount":0,"hasContent":true,"attachmentStep":false},"afterStages":[{"name":"_unittest_setUpClass_fixture_TestPromotionChecklist::0","time":{"start":1739786584330,"stop":1739786584330,"duration":0},"status":"passed","steps":[],"attachments":[],"parameters":[],"shouldDisplayMessage":false,"stepsCount":0,"attachmentsCount":0,"hasContent":false,"attachmentStep":false}],"labels":[{"name":"tag","value":"@pytest.mark.filterwarnings('ignore::DeprecationWarning')"},{"name":"parentSuite","value":"tests"},{"name":"suite","value":"test_checklist"},{"name":"subSuite","value":"TestPromotionChecklist"},{"name":"host","value":"fv-az1319-980"},{"name":"thread","value":"3366-MainThread"},{"name":"framework","value":"pytest"},{"name":"language","value":"cpython3"},{"name":"package","value":"tests.test_checklist"},{"name":"resultFormat","value":"allure2"}],"parameters":[],"links":[],"hidden":false,"retry":false,"extra":{"severity":"normal","retries":[],"categories":[],"tags":["@pytest.mark.filterwarnings('ignore::DeprecationWarning')"]},"source":"bb0a3ee4ceff8f8c.json","parameterValues":[]}