{"uid":"c358aeb3e916267e","name":"test_not_nullify_03_161","fullName":"tests.test_checklist.TestPromotionChecklist#test_not_nullify_03_161","historyId":"de5c165199ca6bf615633822748c4a1f","time":{"start":1739701656536,"stop":1739701709824,"duration":53288},"status":"failed","statusMessage":"AssertionError: False is not true : {'close_price': True, 'current_list_price': True, 'hoa-items-properties-assoc_fee': True, 'hoa-items-properties-assoc_fee_search': True, 'marketing_info-properties-display_list_price': True, 'raw-properties-parking_total': True, 'structure-properties-parking_total': True, 'taxes-items-properties-tax_amt': False}","statusTrace":"tests/test_checklist.py:677: in test_not_nullify\n    raise e  # Re-raise to ensure the test fails\ntests/test_checklist.py:672: in test_not_nullify\n    self.assertTrue(all(actual), result)\nE   AssertionError: False is not true : {'close_price': True, 'current_list_price': True, 'hoa-items-properties-assoc_fee': True, 'hoa-items-properties-assoc_fee_search': True, 'marketing_info-properties-display_list_price': True, 'raw-properties-parking_total': True, 'structure-properties-parking_total': True, 'taxes-items-properties-tax_amt': False}","flaky":false,"newFailed":false,"newBroken":false,"newPassed":false,"retriesCount":0,"retriesStatusChange":false,"beforeStages":[{"name":"_unittest_setUpClass_fixture_TestPromotionChecklist","time":{"start":1739690686858,"stop":1739690686859,"duration":1},"status":"passed","steps":[],"attachments":[],"parameters":[],"shouldDisplayMessage":false,"stepsCount":0,"attachmentsCount":0,"hasContent":false,"attachmentStep":false}],"testStage":{"status":"failed","statusMessage":"AssertionError: False is not true : {'close_price': True, 'current_list_price': True, 'hoa-items-properties-assoc_fee': True, 'hoa-items-properties-assoc_fee_search': True, 'marketing_info-properties-display_list_price': True, 'raw-properties-parking_total': True, 'structure-properties-parking_total': True, 'taxes-items-properties-tax_amt': False}","statusTrace":"tests/test_checklist.py:677: in test_not_nullify\n    raise e  # Re-raise to ensure the test fails\ntests/test_checklist.py:672: in test_not_nullify\n    self.assertTrue(all(actual), result)\nE   AssertionError: False is not true : {'close_price': True, 'current_list_price': True, 'hoa-items-properties-assoc_fee': True, 'hoa-items-properties-assoc_fee_search': True, 'marketing_info-properties-display_list_price': True, 'raw-properties-parking_total': True, 'structure-properties-parking_total': True, 'taxes-items-properties-tax_amt': False}","steps":[{"name":"Click authorisation button","time":{"start":1739701657304,"stop":1739701657962,"duration":658},"status":"passed","steps":[{"name":"Get authorisation button","time":{"start":1739701657304,"stop":1739701657313,"duration":9},"status":"passed","steps":[],"attachments":[],"parameters":[],"shouldDisplayMessage":false,"stepsCount":0,"attachmentsCount":0,"hasContent":false,"attachmentStep":false}],"attachments":[],"parameters":[],"shouldDisplayMessage":false,"stepsCount":1,"attachmentsCount":0,"hasContent":true,"attachmentStep":false},{"name":"Source select","time":{"start":1739701658496,"stop":1739701658612,"duration":116},"status":"passed","steps":[],"attachments":[],"parameters":[{"name":"source","value":"'161'"}],"shouldDisplayMessage":false,"stepsCount":0,"attachmentsCount":0,"hasContent":true,"attachmentStep":false},{"name":"Select main metadata","time":{"start":1739701659977,"stop":1739701660074,"duration":97},"status":"passed","steps":[],"attachments":[],"parameters":[{"name":"metadata","value":"1"}],"shouldDisplayMessage":false,"stepsCount":0,"attachmentsCount":0,"hasContent":true,"attachmentStep":false},{"name":"Implicit wait metadata","time":{"start":1739701660104,"stop":1739701668790,"duration":8686},"status":"passed","steps":[],"attachments":[],"parameters":[],"shouldDisplayMessage":false,"stepsCount":0,"attachmentsCount":0,"hasContent":false,"attachmentStep":false},{"name":"\nMetadata = PROPERTY Failed ‚ùå \n","time":{"start":1739701668979,"stop":1739701668979,"duration":0},"status":"passed","steps":[],"attachments":[],"parameters":[],"shouldDisplayMessage":false,"stepsCount":0,"attachmentsCount":0,"hasContent":false,"attachmentStep":false},{"name":"Select main metadata","time":{"start":1739701668998,"stop":1739701669124,"duration":126},"status":"passed","steps":[],"attachments":[],"parameters":[{"name":"metadata","value":"2"}],"shouldDisplayMessage":false,"stepsCount":0,"attachmentsCount":0,"hasContent":true,"attachmentStep":false},{"name":"Implicit wait metadata","time":{"start":1739701669152,"stop":1739701679191,"duration":10039},"status":"broken","statusMessage":"selenium.common.exceptions.NoSuchElementException: Message: no such element: Unable to locate element: {\"method\":\"css selector\",\"selector\":\"#listing_mapper_list_category__0\"}\n  (Session info: chrome=133.0.6943.98); For documentation on this error, please visit: https://www.selenium.dev/documentation/webdriver/troubleshooting/errors#no-such-element-exception\nStacktrace:\n#0 0x5591b003009a <unknown>\n#1 0x5591afaf78b0 <unknown>\n#2 0x5591afb48b99 <unknown>\n#3 0x5591afb48d21 <unknown>\n#4 0x5591afb97854 <unknown>\n#5 0x5591afb6e9ad <unknown>\n#6 0x5591afb94b8b <unknown>\n#7 0x5591afb6e753 <unknown>\n#8 0x5591afb3a38e <unknown>\n#9 0x5591afb3bb51 <unknown>\n#10 0x5591afff976b <unknown>\n#11 0x5591afffd6f2 <unknown>\n#12 0x5591affe58fc <unknown>\n#13 0x5591afffe2e4 <unknown>\n#14 0x5591affc99cf <unknown>\n#15 0x5591b001ecd8 <unknown>\n#16 0x5591b001eeb6 <unknown>\n#17 0x5591b002ef16 <unknown>\n#18 0x7f186f89caa4 <unknown>\n#19 0x7f186f929c3c <unknown>\n\n","statusTrace":"  File \"/opt/hostedtoolcache/Python/3.13.2/x64/lib/python3.13/site-packages/allure_commons/_allure.py\", line 192, in impl\n    return func(*a, **kw)\n  File \"/home/runner/work/eim-map-test/eim-map-test/SLP/ui/PageObjects/SLPMain/slp_main.py\", line 63, in impl_wait_metadata\n    ListComponent(self.driver).get_map_filed(IMPLIS_WAIT_MAP)\n    ~~~~~~~~~~~~~~~~~~~~~~~~~~~~~~~~~~~~~~~~^^^^^^^^^^^^^^^^^\n  File \"/home/runner/work/eim-map-test/eim-map-test/SLP/ui/PageObjects/SLPMain/listing_component.py\", line 46, in get_map_filed\n    return self.node.find_element(*xpath)\n           ~~~~~~~~~~~~~~~~~~~~~~^^^^^^^^\n  File \"/opt/hostedtoolcache/Python/3.13.2/x64/lib/python3.13/site-packages/selenium/webdriver/remote/webdriver.py\", line 770, in find_element\n    return self.execute(Command.FIND_ELEMENT, {\"using\": by, \"value\": value})[\"value\"]\n           ~~~~~~~~~~~~^^^^^^^^^^^^^^^^^^^^^^^^^^^^^^^^^^^^^^^^^^^^^^^^^^^^^\n  File \"/opt/hostedtoolcache/Python/3.13.2/x64/lib/python3.13/site-packages/selenium/webdriver/remote/webdriver.py\", line 384, in execute\n    self.error_handler.check_response(response)\n    ~~~~~~~~~~~~~~~~~~~~~~~~~~~~~~~~~^^^^^^^^^^\n  File \"/opt/hostedtoolcache/Python/3.13.2/x64/lib/python3.13/site-packages/selenium/webdriver/remote/errorhandler.py\", line 232, in check_response\n    raise exception_class(message, screen, stacktrace)\n","steps":[],"attachments":[],"parameters":[],"shouldDisplayMessage":true,"stepsCount":0,"attachmentsCount":0,"hasContent":true,"attachmentStep":false},{"name":"Looks like the class PROPERTY - A is not mapped","time":{"start":1739701679192,"stop":1739701679192,"duration":0},"status":"passed","steps":[],"attachments":[],"parameters":[],"shouldDisplayMessage":false,"stepsCount":0,"attachmentsCount":0,"hasContent":false,"attachmentStep":false},{"name":"Select main metadata","time":{"start":1739701679192,"stop":1739701679314,"duration":122},"status":"passed","steps":[],"attachments":[],"parameters":[{"name":"metadata","value":"3"}],"shouldDisplayMessage":false,"stepsCount":0,"attachmentsCount":0,"hasContent":true,"attachmentStep":false},{"name":"Implicit wait metadata","time":{"start":1739701679336,"stop":1739701689389,"duration":10053},"status":"broken","statusMessage":"selenium.common.exceptions.NoSuchElementException: Message: no such element: Unable to locate element: {\"method\":\"css selector\",\"selector\":\"#listing_mapper_list_category__0\"}\n  (Session info: chrome=133.0.6943.98); For documentation on this error, please visit: https://www.selenium.dev/documentation/webdriver/troubleshooting/errors#no-such-element-exception\nStacktrace:\n#0 0x5591b003009a <unknown>\n#1 0x5591afaf78b0 <unknown>\n#2 0x5591afb48b99 <unknown>\n#3 0x5591afb48d21 <unknown>\n#4 0x5591afb97854 <unknown>\n#5 0x5591afb6e9ad <unknown>\n#6 0x5591afb94b8b <unknown>\n#7 0x5591afb6e753 <unknown>\n#8 0x5591afb3a38e <unknown>\n#9 0x5591afb3bb51 <unknown>\n#10 0x5591afff976b <unknown>\n#11 0x5591afffd6f2 <unknown>\n#12 0x5591affe58fc <unknown>\n#13 0x5591afffe2e4 <unknown>\n#14 0x5591affc99cf <unknown>\n#15 0x5591b001ecd8 <unknown>\n#16 0x5591b001eeb6 <unknown>\n#17 0x5591b002ef16 <unknown>\n#18 0x7f186f89caa4 <unknown>\n#19 0x7f186f929c3c <unknown>\n\n","statusTrace":"  File \"/opt/hostedtoolcache/Python/3.13.2/x64/lib/python3.13/site-packages/allure_commons/_allure.py\", line 192, in impl\n    return func(*a, **kw)\n  File \"/home/runner/work/eim-map-test/eim-map-test/SLP/ui/PageObjects/SLPMain/slp_main.py\", line 63, in impl_wait_metadata\n    ListComponent(self.driver).get_map_filed(IMPLIS_WAIT_MAP)\n    ~~~~~~~~~~~~~~~~~~~~~~~~~~~~~~~~~~~~~~~~^^^^^^^^^^^^^^^^^\n  File \"/home/runner/work/eim-map-test/eim-map-test/SLP/ui/PageObjects/SLPMain/listing_component.py\", line 46, in get_map_filed\n    return self.node.find_element(*xpath)\n           ~~~~~~~~~~~~~~~~~~~~~~^^^^^^^^\n  File \"/opt/hostedtoolcache/Python/3.13.2/x64/lib/python3.13/site-packages/selenium/webdriver/remote/webdriver.py\", line 770, in find_element\n    return self.execute(Command.FIND_ELEMENT, {\"using\": by, \"value\": value})[\"value\"]\n           ~~~~~~~~~~~~^^^^^^^^^^^^^^^^^^^^^^^^^^^^^^^^^^^^^^^^^^^^^^^^^^^^^\n  File \"/opt/hostedtoolcache/Python/3.13.2/x64/lib/python3.13/site-packages/selenium/webdriver/remote/webdriver.py\", line 384, in execute\n    self.error_handler.check_response(response)\n    ~~~~~~~~~~~~~~~~~~~~~~~~~~~~~~~~~^^^^^^^^^^\n  File \"/opt/hostedtoolcache/Python/3.13.2/x64/lib/python3.13/site-packages/selenium/webdriver/remote/errorhandler.py\", line 232, in check_response\n    raise exception_class(message, screen, stacktrace)\n","steps":[],"attachments":[],"parameters":[],"shouldDisplayMessage":true,"stepsCount":0,"attachmentsCount":0,"hasContent":true,"attachmentStep":false},{"name":"Looks like the class PROPERTY - B is not mapped","time":{"start":1739701689390,"stop":1739701689390,"duration":0},"status":"passed","steps":[],"attachments":[],"parameters":[],"shouldDisplayMessage":false,"stepsCount":0,"attachmentsCount":0,"hasContent":false,"attachmentStep":false},{"name":"Select main metadata","time":{"start":1739701689391,"stop":1739701689505,"duration":114},"status":"passed","steps":[],"attachments":[],"parameters":[{"name":"metadata","value":"4"}],"shouldDisplayMessage":false,"stepsCount":0,"attachmentsCount":0,"hasContent":true,"attachmentStep":false},{"name":"Implicit wait metadata","time":{"start":1739701689527,"stop":1739701699564,"duration":10037},"status":"broken","statusMessage":"selenium.common.exceptions.NoSuchElementException: Message: no such element: Unable to locate element: {\"method\":\"css selector\",\"selector\":\"#listing_mapper_list_category__0\"}\n  (Session info: chrome=133.0.6943.98); For documentation on this error, please visit: https://www.selenium.dev/documentation/webdriver/troubleshooting/errors#no-such-element-exception\nStacktrace:\n#0 0x5591b003009a <unknown>\n#1 0x5591afaf78b0 <unknown>\n#2 0x5591afb48b99 <unknown>\n#3 0x5591afb48d21 <unknown>\n#4 0x5591afb97854 <unknown>\n#5 0x5591afb6e9ad <unknown>\n#6 0x5591afb94b8b <unknown>\n#7 0x5591afb6e753 <unknown>\n#8 0x5591afb3a38e <unknown>\n#9 0x5591afb3bb51 <unknown>\n#10 0x5591afff976b <unknown>\n#11 0x5591afffd6f2 <unknown>\n#12 0x5591affe58fc <unknown>\n#13 0x5591afffe2e4 <unknown>\n#14 0x5591affc99cf <unknown>\n#15 0x5591b001ecd8 <unknown>\n#16 0x5591b001eeb6 <unknown>\n#17 0x5591b002ef16 <unknown>\n#18 0x7f186f89caa4 <unknown>\n#19 0x7f186f929c3c <unknown>\n\n","statusTrace":"  File \"/opt/hostedtoolcache/Python/3.13.2/x64/lib/python3.13/site-packages/allure_commons/_allure.py\", line 192, in impl\n    return func(*a, **kw)\n  File \"/home/runner/work/eim-map-test/eim-map-test/SLP/ui/PageObjects/SLPMain/slp_main.py\", line 63, in impl_wait_metadata\n    ListComponent(self.driver).get_map_filed(IMPLIS_WAIT_MAP)\n    ~~~~~~~~~~~~~~~~~~~~~~~~~~~~~~~~~~~~~~~~^^^^^^^^^^^^^^^^^\n  File \"/home/runner/work/eim-map-test/eim-map-test/SLP/ui/PageObjects/SLPMain/listing_component.py\", line 46, in get_map_filed\n    return self.node.find_element(*xpath)\n           ~~~~~~~~~~~~~~~~~~~~~~^^^^^^^^\n  File \"/opt/hostedtoolcache/Python/3.13.2/x64/lib/python3.13/site-packages/selenium/webdriver/remote/webdriver.py\", line 770, in find_element\n    return self.execute(Command.FIND_ELEMENT, {\"using\": by, \"value\": value})[\"value\"]\n           ~~~~~~~~~~~~^^^^^^^^^^^^^^^^^^^^^^^^^^^^^^^^^^^^^^^^^^^^^^^^^^^^^\n  File \"/opt/hostedtoolcache/Python/3.13.2/x64/lib/python3.13/site-packages/selenium/webdriver/remote/webdriver.py\", line 384, in execute\n    self.error_handler.check_response(response)\n    ~~~~~~~~~~~~~~~~~~~~~~~~~~~~~~~~~^^^^^^^^^^\n  File \"/opt/hostedtoolcache/Python/3.13.2/x64/lib/python3.13/site-packages/selenium/webdriver/remote/errorhandler.py\", line 232, in check_response\n    raise exception_class(message, screen, stacktrace)\n","steps":[],"attachments":[],"parameters":[],"shouldDisplayMessage":true,"stepsCount":0,"attachmentsCount":0,"hasContent":true,"attachmentStep":false},{"name":"Looks like the class PROPERTY - C is not mapped","time":{"start":1739701699565,"stop":1739701699565,"duration":0},"status":"passed","steps":[],"attachments":[],"parameters":[],"shouldDisplayMessage":false,"stepsCount":0,"attachmentsCount":0,"hasContent":false,"attachmentStep":false},{"name":"Select main metadata","time":{"start":1739701699565,"stop":1739701699686,"duration":121},"status":"passed","steps":[],"attachments":[],"parameters":[{"name":"metadata","value":"5"}],"shouldDisplayMessage":false,"stepsCount":0,"attachmentsCount":0,"hasContent":true,"attachmentStep":false},{"name":"Implicit wait metadata","time":{"start":1739701699707,"stop":1739701709756,"duration":10049},"status":"broken","statusMessage":"selenium.common.exceptions.NoSuchElementException: Message: no such element: Unable to locate element: {\"method\":\"css selector\",\"selector\":\"#listing_mapper_list_category__0\"}\n  (Session info: chrome=133.0.6943.98); For documentation on this error, please visit: https://www.selenium.dev/documentation/webdriver/troubleshooting/errors#no-such-element-exception\nStacktrace:\n#0 0x5591b003009a <unknown>\n#1 0x5591afaf78b0 <unknown>\n#2 0x5591afb48b99 <unknown>\n#3 0x5591afb48d21 <unknown>\n#4 0x5591afb97854 <unknown>\n#5 0x5591afb6e9ad <unknown>\n#6 0x5591afb94b8b <unknown>\n#7 0x5591afb6e753 <unknown>\n#8 0x5591afb3a38e <unknown>\n#9 0x5591afb3bb51 <unknown>\n#10 0x5591afff976b <unknown>\n#11 0x5591afffd6f2 <unknown>\n#12 0x5591affe58fc <unknown>\n#13 0x5591afffe2e4 <unknown>\n#14 0x5591affc99cf <unknown>\n#15 0x5591b001ecd8 <unknown>\n#16 0x5591b001eeb6 <unknown>\n#17 0x5591b002ef16 <unknown>\n#18 0x7f186f89caa4 <unknown>\n#19 0x7f186f929c3c <unknown>\n\n","statusTrace":"  File \"/opt/hostedtoolcache/Python/3.13.2/x64/lib/python3.13/site-packages/allure_commons/_allure.py\", line 192, in impl\n    return func(*a, **kw)\n  File \"/home/runner/work/eim-map-test/eim-map-test/SLP/ui/PageObjects/SLPMain/slp_main.py\", line 63, in impl_wait_metadata\n    ListComponent(self.driver).get_map_filed(IMPLIS_WAIT_MAP)\n    ~~~~~~~~~~~~~~~~~~~~~~~~~~~~~~~~~~~~~~~~^^^^^^^^^^^^^^^^^\n  File \"/home/runner/work/eim-map-test/eim-map-test/SLP/ui/PageObjects/SLPMain/listing_component.py\", line 46, in get_map_filed\n    return self.node.find_element(*xpath)\n           ~~~~~~~~~~~~~~~~~~~~~~^^^^^^^^\n  File \"/opt/hostedtoolcache/Python/3.13.2/x64/lib/python3.13/site-packages/selenium/webdriver/remote/webdriver.py\", line 770, in find_element\n    return self.execute(Command.FIND_ELEMENT, {\"using\": by, \"value\": value})[\"value\"]\n           ~~~~~~~~~~~~^^^^^^^^^^^^^^^^^^^^^^^^^^^^^^^^^^^^^^^^^^^^^^^^^^^^^\n  File \"/opt/hostedtoolcache/Python/3.13.2/x64/lib/python3.13/site-packages/selenium/webdriver/remote/webdriver.py\", line 384, in execute\n    self.error_handler.check_response(response)\n    ~~~~~~~~~~~~~~~~~~~~~~~~~~~~~~~~~^^^^^^^^^^\n  File \"/opt/hostedtoolcache/Python/3.13.2/x64/lib/python3.13/site-packages/selenium/webdriver/remote/errorhandler.py\", line 232, in check_response\n    raise exception_class(message, screen, stacktrace)\n","steps":[],"attachments":[],"parameters":[],"shouldDisplayMessage":true,"stepsCount":0,"attachmentsCount":0,"hasContent":true,"attachmentStep":false},{"name":"Looks like the class PROPERTY - E is not mapped","time":{"start":1739701709757,"stop":1739701709757,"duration":0},"status":"passed","steps":[],"attachments":[],"parameters":[],"shouldDisplayMessage":false,"stepsCount":0,"attachmentsCount":0,"hasContent":false,"attachmentStep":false}],"attachments":[],"parameters":[],"shouldDisplayMessage":true,"stepsCount":18,"attachmentsCount":0,"hasContent":true,"attachmentStep":false},"afterStages":[{"name":"_unittest_setUpClass_fixture_TestPromotionChecklist::0","time":{"start":1739706488545,"stop":1739706488545,"duration":0},"status":"passed","steps":[],"attachments":[],"parameters":[],"shouldDisplayMessage":false,"stepsCount":0,"attachmentsCount":0,"hasContent":false,"attachmentStep":false}],"labels":[{"name":"tag","value":"@pytest.mark.filterwarnings('ignore::DeprecationWarning')"},{"name":"parentSuite","value":"tests"},{"name":"suite","value":"test_checklist"},{"name":"subSuite","value":"TestPromotionChecklist"},{"name":"host","value":"fv-az1779-524"},{"name":"thread","value":"3377-MainThread"},{"name":"framework","value":"pytest"},{"name":"language","value":"cpython3"},{"name":"package","value":"tests.test_checklist"},{"name":"resultFormat","value":"allure2"}],"parameters":[],"links":[],"hidden":false,"retry":false,"extra":{"severity":"normal","retries":[],"categories":[{"name":"Product defects","matchedStatuses":[],"flaky":false}],"tags":["@pytest.mark.filterwarnings('ignore::DeprecationWarning')"]},"source":"c358aeb3e916267e.json","parameterValues":[]}