{"uid":"c6b5b0bad3c8a9f7","name":"test_kww_region_0_40","fullName":"tests.test_checklist.TestPromotionChecklist#test_kww_region_0_40","historyId":"f24ac3c6205681bb841ed105d4730ba8","time":{"start":1736848425375,"stop":1736848458781,"duration":33406},"description":"Kww_region has no mapping [with source='40']","descriptionHtml":"<p>Kww_region has no mapping [with source='40']</p>\n","status":"broken","statusMessage":"selenium.common.exceptions.TimeoutException: Message: \nStacktrace:\n#0 0x55ed62a618fa <unknown>\n#1 0x55ed62572d20 <unknown>\n#2 0x55ed625c1a66 <unknown>\n#3 0x55ed625c1d01 <unknown>\n#4 0x55ed62607184 <unknown>\n#5 0x55ed625e5b1d <unknown>\n#6 0x55ed62604560 <unknown>\n#7 0x55ed625e5893 <unknown>\n#8 0x55ed625b430d <unknown>\n#9 0x55ed625b532e <unknown>\n#10 0x55ed62a2e00b <unknown>\n#11 0x55ed62a31f97 <unknown>\n#12 0x55ed62a1a71c <unknown>\n#13 0x55ed62a32b17 <unknown>\n#14 0x55ed629ff6cf <unknown>\n#15 0x55ed62a506b8 <unknown>\n#16 0x55ed62a50880 <unknown>\n#17 0x55ed62a60776 <unknown>\n#18 0x7f109e294ac3 <unknown>","statusTrace":"a = (<tests.test_checklist.TestPromotionChecklist testMethod=test_kww_region_0_40>,)\nkw = {}\n\n    @wraps(func)\n    def standalone_func(*a, **kw):\n>       return func(*(a + p.args), **p.kwargs, **kw)\n\n/opt/hostedtoolcache/Python/3.12.8/x64/lib/python3.12/site-packages/parameterized/parameterized.py:620: \n_ _ _ _ _ _ _ _ _ _ _ _ _ _ _ _ _ _ _ _ _ _ _ _ _ _ _ _ _ _ _ _ _ _ _ _ _ _ _ _ \ntests/test_checklist.py:452: in test_kww_region\n    WebDriverWait(self.driver, 30).until(EC.element_to_be_clickable(SOURCE_ID))\n_ _ _ _ _ _ _ _ _ _ _ _ _ _ _ _ _ _ _ _ _ _ _ _ _ _ _ _ _ _ _ _ _ _ _ _ _ _ _ _ \n\nself = <selenium.webdriver.support.wait.WebDriverWait (session=\"12342d7232f2bfbab602b3248265b156\")>\nmethod = <function element_to_be_clickable.<locals>._predicate at 0x7f3fcff9a660>\nmessage = ''\n\n    def until(self, method: Callable[[D], Union[Literal[False], T]], message: str = \"\") -> T:\n        \"\"\"Calls the method provided with the driver as an argument until the \\\n        return value does not evaluate to ``False``.\n    \n        :param method: callable(WebDriver)\n        :param message: optional message for :exc:`TimeoutException`\n        :returns: the result of the last call to `method`\n        :raises: :exc:`selenium.common.exceptions.TimeoutException` if timeout occurs\n        \"\"\"\n        screen = None\n        stacktrace = None\n    \n        end_time = time.monotonic() + self._timeout\n        while True:\n            try:\n                value = method(self._driver)\n                if value:\n                    return value\n            except self._ignored_exceptions as exc:\n                screen = getattr(exc, \"screen\", None)\n                stacktrace = getattr(exc, \"stacktrace\", None)\n            if time.monotonic() > end_time:\n                break\n            time.sleep(self._poll)\n>       raise TimeoutException(message, screen, stacktrace)\nE       selenium.common.exceptions.TimeoutException: Message: \nE       Stacktrace:\nE       #0 0x55ed62a618fa <unknown>\nE       #1 0x55ed62572d20 <unknown>\nE       #2 0x55ed625c1a66 <unknown>\nE       #3 0x55ed625c1d01 <unknown>\nE       #4 0x55ed62607184 <unknown>\nE       #5 0x55ed625e5b1d <unknown>\nE       #6 0x55ed62604560 <unknown>\nE       #7 0x55ed625e5893 <unknown>\nE       #8 0x55ed625b430d <unknown>\nE       #9 0x55ed625b532e <unknown>\nE       #10 0x55ed62a2e00b <unknown>\nE       #11 0x55ed62a31f97 <unknown>\nE       #12 0x55ed62a1a71c <unknown>\nE       #13 0x55ed62a32b17 <unknown>\nE       #14 0x55ed629ff6cf <unknown>\nE       #15 0x55ed62a506b8 <unknown>\nE       #16 0x55ed62a50880 <unknown>\nE       #17 0x55ed62a60776 <unknown>\nE       #18 0x7f109e294ac3 <unknown>\n\n/opt/hostedtoolcache/Python/3.12.8/x64/lib/python3.12/site-packages/selenium/webdriver/support/wait.py:105: TimeoutException","flaky":false,"newFailed":false,"newBroken":false,"newPassed":false,"retriesCount":0,"retriesStatusChange":false,"beforeStages":[{"name":"_unittest_setUpClass_fixture_TestPromotionChecklist","time":{"start":1736848276155,"stop":1736848276155,"duration":0},"status":"passed","steps":[],"attachments":[],"parameters":[],"stepsCount":0,"shouldDisplayMessage":false,"attachmentsCount":0,"hasContent":false,"attachmentStep":false}],"afterStages":[{"name":"_unittest_setUpClass_fixture_TestPromotionChecklist::0","time":{"start":1736848745326,"stop":1736848745326,"duration":0},"status":"passed","steps":[],"attachments":[],"parameters":[],"stepsCount":0,"shouldDisplayMessage":false,"attachmentsCount":0,"hasContent":false,"attachmentStep":false}],"labels":[{"name":"tag","value":"@pytest.mark.filterwarnings('ignore::DeprecationWarning')"},{"name":"parentSuite","value":"tests"},{"name":"suite","value":"test_checklist"},{"name":"subSuite","value":"TestPromotionChecklist"},{"name":"host","value":"fv-az654-462"},{"name":"thread","value":"2826-MainThread"},{"name":"framework","value":"pytest"},{"name":"language","value":"cpython3"},{"name":"package","value":"tests.test_checklist"},{"name":"resultFormat","value":"allure2"}],"parameters":[],"links":[],"hidden":false,"retry":false,"extra":{"severity":"normal","retries":[],"categories":[{"name":"Test defects","matchedStatuses":[],"flaky":false}],"tags":["@pytest.mark.filterwarnings('ignore::DeprecationWarning')"]},"source":"c6b5b0bad3c8a9f7.json","parameterValues":[]}