{"uid":"c772a77468737c74","name":"test_list_dt_0_80","fullName":"tests.test_checklist.TestPromotionChecklist#test_list_dt_0_80","historyId":"221820eb74e70aecf6f68774f8fd0956","time":{"start":1736004430106,"stop":1736004443580,"duration":13474},"description":"list_dt is mapped [with source='80']","descriptionHtml":"<p>list_dt is mapped [with source='80']</p>\n","status":"failed","statusMessage":"AssertionError: False is not true","statusTrace":"self = <tests.test_checklist.TestPromotionChecklist testMethod=test_list_dt_0_80>\nsource = '80'\n\n    @allure.testcase('10')\n    @parameterized.expand(sources)\n    def test_list_dt(self, source):\n        '''list_dt is mapped'''\n        print('''list_dt is mapped''', flush=True)\n        print(f\"kw_id = {source}\", flush=True)\n        WebDriverWait(self.driver, 30).until(EC.element_to_be_clickable(SOURCE_ID))\n        SLPMain(self.driver).source_select(source)\n        metadata_numbers = ListComponent(self.driver).get_metadata_number()\n        for metadata in range(1, metadata_numbers):\n            class_txt = ListComponent(self.driver).get_metadata_text(metadata + 1)\n            with self.subTest(metadata=class_txt):\n                try:\n                    SLPMain(self.driver).metadata_main_select(metadata)\n                    SLPMain(self.driver).impl_wait_metadata()\n                    field = ListComponent(self.driver).get_txt_get_field('list_dt')\n                    field_actual = False\n                    if 'json_path=' in field:\n                        field_actual = True\n                    try:\n>                       self.assertTrue(field_actual)\nE                       AssertionError: False is not true\n\ntests/test_checklist.py:347: AssertionError\n\nDuring handling of the above exception, another exception occurred:\n\na = (<tests.test_checklist.TestPromotionChecklist testMethod=test_list_dt_0_80>,)\nkw = {}\n\n    @wraps(func)\n    def standalone_func(*a, **kw):\n>       return func(*(a + p.args), **p.kwargs, **kw)\n\n/opt/hostedtoolcache/Python/3.12.8/x64/lib/python3.12/site-packages/parameterized/parameterized.py:620: \n_ _ _ _ _ _ _ _ _ _ _ _ _ _ _ _ _ _ _ _ _ _ _ _ _ _ _ _ _ _ _ _ _ _ _ _ _ _ _ _ \ntests/test_checklist.py:351: in test_list_dt\n    self.assertTrue(field_actual)\nE   AssertionError: False is not true","flaky":false,"newFailed":false,"newBroken":false,"newPassed":false,"retriesCount":0,"retriesStatusChange":false,"beforeStages":[{"name":"_unittest_setUpClass_fixture_TestPromotionChecklist","time":{"start":1736004010535,"stop":1736004010535,"duration":0},"status":"passed","steps":[],"attachments":[],"parameters":[],"stepsCount":0,"shouldDisplayMessage":false,"attachmentsCount":0,"hasContent":false,"attachmentStep":false}],"testStage":{"description":"list_dt is mapped [with source='80']","status":"failed","statusMessage":"AssertionError: False is not true","statusTrace":"self = <tests.test_checklist.TestPromotionChecklist testMethod=test_list_dt_0_80>\nsource = '80'\n\n    @allure.testcase('10')\n    @parameterized.expand(sources)\n    def test_list_dt(self, source):\n        '''list_dt is mapped'''\n        print('''list_dt is mapped''', flush=True)\n        print(f\"kw_id = {source}\", flush=True)\n        WebDriverWait(self.driver, 30).until(EC.element_to_be_clickable(SOURCE_ID))\n        SLPMain(self.driver).source_select(source)\n        metadata_numbers = ListComponent(self.driver).get_metadata_number()\n        for metadata in range(1, metadata_numbers):\n            class_txt = ListComponent(self.driver).get_metadata_text(metadata + 1)\n            with self.subTest(metadata=class_txt):\n                try:\n                    SLPMain(self.driver).metadata_main_select(metadata)\n                    SLPMain(self.driver).impl_wait_metadata()\n                    field = ListComponent(self.driver).get_txt_get_field('list_dt')\n                    field_actual = False\n                    if 'json_path=' in field:\n                        field_actual = True\n                    try:\n>                       self.assertTrue(field_actual)\nE                       AssertionError: False is not true\n\ntests/test_checklist.py:347: AssertionError\n\nDuring handling of the above exception, another exception occurred:\n\na = (<tests.test_checklist.TestPromotionChecklist testMethod=test_list_dt_0_80>,)\nkw = {}\n\n    @wraps(func)\n    def standalone_func(*a, **kw):\n>       return func(*(a + p.args), **p.kwargs, **kw)\n\n/opt/hostedtoolcache/Python/3.12.8/x64/lib/python3.12/site-packages/parameterized/parameterized.py:620: \n_ _ _ _ _ _ _ _ _ _ _ _ _ _ _ _ _ _ _ _ _ _ _ _ _ _ _ _ _ _ _ _ _ _ _ _ _ _ _ _ \ntests/test_checklist.py:351: in test_list_dt\n    self.assertTrue(field_actual)\nE   AssertionError: False is not true","steps":[],"attachments":[{"uid":"3fcab8175d4c2538","name":"stdout","source":"3fcab8175d4c2538.txt","type":"text/plain","size":97}],"parameters":[],"stepsCount":0,"shouldDisplayMessage":true,"attachmentsCount":1,"hasContent":true,"attachmentStep":false},"afterStages":[{"name":"_unittest_setUpClass_fixture_TestPromotionChecklist::0","time":{"start":1736004585899,"stop":1736004585899,"duration":0},"status":"passed","steps":[],"attachments":[],"parameters":[],"stepsCount":0,"shouldDisplayMessage":false,"attachmentsCount":0,"hasContent":false,"attachmentStep":false}],"labels":[{"name":"parentSuite","value":"tests"},{"name":"suite","value":"test_checklist"},{"name":"subSuite","value":"TestPromotionChecklist"},{"name":"host","value":"fv-az1766-572"},{"name":"thread","value":"2772-MainThread"},{"name":"framework","value":"pytest"},{"name":"language","value":"cpython3"},{"name":"package","value":"tests.test_checklist"},{"name":"resultFormat","value":"allure2"}],"parameters":[],"links":[],"hidden":false,"retry":false,"extra":{"severity":"normal","retries":[],"categories":[{"name":"Product defects","matchedStatuses":[],"flaky":false}],"tags":[]},"source":"c772a77468737c74.json","parameterValues":[]}