{"uid":"c8df77f42a49dd03","name":"test_list_agent_office_phone_0_387","fullName":"tests.test_checklist.TestPromotionChecklist#test_list_agent_office_phone_0_387","historyId":"f2d06bbfb810f67ae58c155cc1f51e08","time":{"start":1738182727012,"stop":1738182760381,"duration":33369},"description":"list_agent_office_phone are mapped with [with source='387']\n`   FirstValueProvider:(\"agent_office_phone\",\"office_phone\")\" ","descriptionHtml":"<p>list_agent_office_phone are mapped with [with source='387']<br />\n`   FirstValueProvider:(&quot;agent_office_phone&quot;,&quot;office_phone&quot;)&quot;</p>\n","status":"broken","statusMessage":"selenium.common.exceptions.TimeoutException: Message: \nStacktrace:\n#0 0x560f15a6cdca <unknown>\n#1 0x560f155633f0 <unknown>\n#2 0x560f155b310c <unknown>\n#3 0x560f155b3331 <unknown>\n#4 0x560f155f9154 <unknown>\n#5 0x560f155d7abd <unknown>\n#6 0x560f155f64b3 <unknown>\n#7 0x560f155d7833 <unknown>\n#8 0x560f155a45a0 <unknown>\n#9 0x560f155a5ece <unknown>\n#10 0x560f15a36bdb <unknown>\n#11 0x560f15a3ab67 <unknown>\n#12 0x560f15a223bc <unknown>\n#13 0x560f15a3b727 <unknown>\n#14 0x560f15a0674f <unknown>\n#15 0x560f15a5b938 <unknown>\n#16 0x560f15a5bb00 <unknown>\n#17 0x560f15a6bc46 <unknown>\n#18 0x7f6c1d69ca94 <unknown>\n#19 0x7f6c1d729c3c <unknown>","statusTrace":"a = (<tests.test_checklist.TestPromotionChecklist testMethod=test_list_agent_office_phone_0_387>,)\nkw = {}\n\n    @wraps(func)\n    def standalone_func(*a, **kw):\n>       return func(*(a + p.args), **p.kwargs, **kw)\n\n/opt/hostedtoolcache/Python/3.13.1/x64/lib/python3.13/site-packages/parameterized/parameterized.py:620: \n_ _ _ _ _ _ _ _ _ _ _ _ _ _ _ _ _ _ _ _ _ _ _ _ _ _ _ _ _ _ _ _ _ _ _ _ _ _ _ _ \ntests/test_checklist.py:221: in test_list_agent_office_phone\n    WebDriverWait(self.driver, 30).until(EC.element_to_be_clickable(SOURCE_ID))\n_ _ _ _ _ _ _ _ _ _ _ _ _ _ _ _ _ _ _ _ _ _ _ _ _ _ _ _ _ _ _ _ _ _ _ _ _ _ _ _ \n\nself = <selenium.webdriver.support.wait.WebDriverWait (session=\"917ba7e8e2bbac6d4907d0c5e050d70e\")>\nmethod = <function element_to_be_clickable.<locals>._predicate at 0x7fa286f025c0>\nmessage = ''\n\n    def until(self, method: Callable[[D], Union[Literal[False], T]], message: str = \"\") -> T:\n        \"\"\"Calls the method provided with the driver as an argument until the \\\n        return value does not evaluate to ``False``.\n    \n        :param method: callable(WebDriver)\n        :param message: optional message for :exc:`TimeoutException`\n        :returns: the result of the last call to `method`\n        :raises: :exc:`selenium.common.exceptions.TimeoutException` if timeout occurs\n        \"\"\"\n        screen = None\n        stacktrace = None\n    \n        end_time = time.monotonic() + self._timeout\n        while True:\n            try:\n                value = method(self._driver)\n                if value:\n                    return value\n            except self._ignored_exceptions as exc:\n                screen = getattr(exc, \"screen\", None)\n                stacktrace = getattr(exc, \"stacktrace\", None)\n            if time.monotonic() > end_time:\n                break\n            time.sleep(self._poll)\n>       raise TimeoutException(message, screen, stacktrace)\nE       selenium.common.exceptions.TimeoutException: Message: \nE       Stacktrace:\nE       #0 0x560f15a6cdca <unknown>\nE       #1 0x560f155633f0 <unknown>\nE       #2 0x560f155b310c <unknown>\nE       #3 0x560f155b3331 <unknown>\nE       #4 0x560f155f9154 <unknown>\nE       #5 0x560f155d7abd <unknown>\nE       #6 0x560f155f64b3 <unknown>\nE       #7 0x560f155d7833 <unknown>\nE       #8 0x560f155a45a0 <unknown>\nE       #9 0x560f155a5ece <unknown>\nE       #10 0x560f15a36bdb <unknown>\nE       #11 0x560f15a3ab67 <unknown>\nE       #12 0x560f15a223bc <unknown>\nE       #13 0x560f15a3b727 <unknown>\nE       #14 0x560f15a0674f <unknown>\nE       #15 0x560f15a5b938 <unknown>\nE       #16 0x560f15a5bb00 <unknown>\nE       #17 0x560f15a6bc46 <unknown>\nE       #18 0x7f6c1d69ca94 <unknown>\nE       #19 0x7f6c1d729c3c <unknown>\n\n/opt/hostedtoolcache/Python/3.13.1/x64/lib/python3.13/site-packages/selenium/webdriver/support/wait.py:105: TimeoutException","flaky":false,"newFailed":false,"newBroken":false,"newPassed":false,"retriesCount":0,"retriesStatusChange":false,"beforeStages":[{"name":"_unittest_setUpClass_fixture_TestPromotionChecklist","time":{"start":1738182458731,"stop":1738182458731,"duration":0},"status":"passed","steps":[],"attachments":[],"parameters":[],"shouldDisplayMessage":false,"stepsCount":0,"attachmentsCount":0,"hasContent":false,"attachmentStep":false}],"afterStages":[{"name":"_unittest_setUpClass_fixture_TestPromotionChecklist::0","time":{"start":1738182929720,"stop":1738182929720,"duration":0},"status":"passed","steps":[],"attachments":[],"parameters":[],"shouldDisplayMessage":false,"stepsCount":0,"attachmentsCount":0,"hasContent":false,"attachmentStep":false}],"labels":[{"name":"tag","value":"@pytest.mark.filterwarnings('ignore::DeprecationWarning')"},{"name":"parentSuite","value":"tests"},{"name":"suite","value":"test_checklist"},{"name":"subSuite","value":"TestPromotionChecklist"},{"name":"host","value":"fv-az1049-217"},{"name":"thread","value":"3340-MainThread"},{"name":"framework","value":"pytest"},{"name":"language","value":"cpython3"},{"name":"package","value":"tests.test_checklist"},{"name":"resultFormat","value":"allure2"}],"parameters":[],"links":[],"hidden":false,"retry":false,"extra":{"severity":"normal","retries":[],"categories":[{"name":"Test defects","matchedStatuses":[],"flaky":false}],"tags":["@pytest.mark.filterwarnings('ignore::DeprecationWarning')"]},"source":"c8df77f42a49dd03.json","parameterValues":[]}