{"uid":"cfdecc6525b51024","name":"test_raw_properties_list_status_0_316","fullName":"tests.test_checklist.TestPromotionChecklist#test_raw_properties_list_status_0_316","historyId":"ef46538eb29d3e19ca0bfa8d2d5645d7","time":{"start":1736850776837,"stop":1736850799812,"duration":22975},"description":"raw.properties.list_status is mapped [with source='316']","descriptionHtml":"<p>raw.properties.list_status is mapped [with source='316']</p>\n","status":"broken","statusMessage":"selenium.common.exceptions.TimeoutException: Message: \nStacktrace:\n#0 0x557eb339a8fa <unknown>\n#1 0x557eb2eabd20 <unknown>\n#2 0x557eb2efaa66 <unknown>\n#3 0x557eb2efad01 <unknown>\n#4 0x557eb2f40184 <unknown>\n#5 0x557eb2f1eb1d <unknown>\n#6 0x557eb2f3d560 <unknown>\n#7 0x557eb2f1e893 <unknown>\n#8 0x557eb2eed30d <unknown>\n#9 0x557eb2eee32e <unknown>\n#10 0x557eb336700b <unknown>\n#11 0x557eb336af97 <unknown>\n#12 0x557eb335371c <unknown>\n#13 0x557eb336bb17 <unknown>\n#14 0x557eb33386cf <unknown>\n#15 0x557eb33896b8 <unknown>\n#16 0x557eb3389880 <unknown>\n#17 0x557eb3399776 <unknown>\n#18 0x7f7af8294ac3 <unknown>","statusTrace":"a = (<tests.test_checklist.TestPromotionChecklist testMethod=test_raw_properties_list_status_0_316>,)\nkw = {}\n\n    @wraps(func)\n    def standalone_func(*a, **kw):\n>       return func(*(a + p.args), **p.kwargs, **kw)\n\n/opt/hostedtoolcache/Python/3.12.8/x64/lib/python3.12/site-packages/parameterized/parameterized.py:620: \n_ _ _ _ _ _ _ _ _ _ _ _ _ _ _ _ _ _ _ _ _ _ _ _ _ _ _ _ _ _ _ _ _ _ _ _ _ _ _ _ \ntests/test_checklist.py:419: in test_raw_properties_list_status\n    WebDriverWait(self.driver, 20).until(EC.element_to_be_clickable(SOURCE_ID))\n_ _ _ _ _ _ _ _ _ _ _ _ _ _ _ _ _ _ _ _ _ _ _ _ _ _ _ _ _ _ _ _ _ _ _ _ _ _ _ _ \n\nself = <selenium.webdriver.support.wait.WebDriverWait (session=\"eadfa196f791b8047a747abcd2cb21ee\")>\nmethod = <function element_to_be_clickable.<locals>._predicate at 0x7f9ab59a1d00>\nmessage = ''\n\n    def until(self, method: Callable[[D], Union[Literal[False], T]], message: str = \"\") -> T:\n        \"\"\"Calls the method provided with the driver as an argument until the \\\n        return value does not evaluate to ``False``.\n    \n        :param method: callable(WebDriver)\n        :param message: optional message for :exc:`TimeoutException`\n        :returns: the result of the last call to `method`\n        :raises: :exc:`selenium.common.exceptions.TimeoutException` if timeout occurs\n        \"\"\"\n        screen = None\n        stacktrace = None\n    \n        end_time = time.monotonic() + self._timeout\n        while True:\n            try:\n                value = method(self._driver)\n                if value:\n                    return value\n            except self._ignored_exceptions as exc:\n                screen = getattr(exc, \"screen\", None)\n                stacktrace = getattr(exc, \"stacktrace\", None)\n            if time.monotonic() > end_time:\n                break\n            time.sleep(self._poll)\n>       raise TimeoutException(message, screen, stacktrace)\nE       selenium.common.exceptions.TimeoutException: Message: \nE       Stacktrace:\nE       #0 0x557eb339a8fa <unknown>\nE       #1 0x557eb2eabd20 <unknown>\nE       #2 0x557eb2efaa66 <unknown>\nE       #3 0x557eb2efad01 <unknown>\nE       #4 0x557eb2f40184 <unknown>\nE       #5 0x557eb2f1eb1d <unknown>\nE       #6 0x557eb2f3d560 <unknown>\nE       #7 0x557eb2f1e893 <unknown>\nE       #8 0x557eb2eed30d <unknown>\nE       #9 0x557eb2eee32e <unknown>\nE       #10 0x557eb336700b <unknown>\nE       #11 0x557eb336af97 <unknown>\nE       #12 0x557eb335371c <unknown>\nE       #13 0x557eb336bb17 <unknown>\nE       #14 0x557eb33386cf <unknown>\nE       #15 0x557eb33896b8 <unknown>\nE       #16 0x557eb3389880 <unknown>\nE       #17 0x557eb3399776 <unknown>\nE       #18 0x7f7af8294ac3 <unknown>\n\n/opt/hostedtoolcache/Python/3.12.8/x64/lib/python3.12/site-packages/selenium/webdriver/support/wait.py:105: TimeoutException","flaky":false,"newFailed":false,"newBroken":false,"newPassed":false,"retriesCount":0,"retriesStatusChange":false,"beforeStages":[{"name":"_unittest_setUpClass_fixture_TestPromotionChecklist","time":{"start":1736850329884,"stop":1736850329884,"duration":0},"status":"passed","steps":[],"attachments":[],"parameters":[],"stepsCount":0,"shouldDisplayMessage":false,"attachmentsCount":0,"hasContent":false,"attachmentStep":false}],"afterStages":[{"name":"_unittest_setUpClass_fixture_TestPromotionChecklist::0","time":{"start":1736850799837,"stop":1736850799837,"duration":0},"status":"passed","steps":[],"attachments":[],"parameters":[],"stepsCount":0,"shouldDisplayMessage":false,"attachmentsCount":0,"hasContent":false,"attachmentStep":false}],"labels":[{"name":"tag","value":"@pytest.mark.filterwarnings('ignore::DeprecationWarning')"},{"name":"parentSuite","value":"tests"},{"name":"suite","value":"test_checklist"},{"name":"subSuite","value":"TestPromotionChecklist"},{"name":"host","value":"fv-az523-483"},{"name":"thread","value":"2910-MainThread"},{"name":"framework","value":"pytest"},{"name":"language","value":"cpython3"},{"name":"package","value":"tests.test_checklist"},{"name":"resultFormat","value":"allure2"}],"parameters":[],"links":[],"hidden":false,"retry":false,"extra":{"severity":"normal","retries":[],"categories":[{"name":"Test defects","matchedStatuses":[],"flaky":false}],"tags":["@pytest.mark.filterwarnings('ignore::DeprecationWarning')"]},"source":"cfdecc6525b51024.json","parameterValues":[]}