{"uid":"d43b2cd6109f7d2f","name":"test_price_history_0_316","fullName":"tests.test_checklist.TestPromotionChecklist#test_price_history_0_316","historyId":"856d3d0eddd3ff752639ac60c5625388","time":{"start":1736848189082,"stop":1736848222662,"duration":33580},"description":"Price_history must use PriceHistoryEnhancer with ListPrice input [with source='316']","descriptionHtml":"<p>Price_history must use PriceHistoryEnhancer with ListPrice input [with source='316']</p>\n","status":"broken","statusMessage":"selenium.common.exceptions.TimeoutException: Message: \nStacktrace:\n#0 0x55d9828471fa <unknown>\n#1 0x55d982357810 <unknown>\n#2 0x55d9823a6506 <unknown>\n#3 0x55d9823a67a1 <unknown>\n#4 0x55d9823ebc24 <unknown>\n#5 0x55d9823ca5ad <unknown>\n#6 0x55d9823e9007 <unknown>\n#7 0x55d9823ca323 <unknown>\n#8 0x55d982398de0 <unknown>\n#9 0x55d982399dbe <unknown>\n#10 0x55d98281312b <unknown>\n#11 0x55d9828170c7 <unknown>\n#12 0x55d9828006cc <unknown>\n#13 0x55d982817c47 <unknown>\n#14 0x55d9827e567f <unknown>\n#15 0x55d982836288 <unknown>\n#16 0x55d982836450 <unknown>\n#17 0x55d982846076 <unknown>\n#18 0x7fb068494ac3 <unknown>","statusTrace":"a = (<tests.test_checklist.TestPromotionChecklist testMethod=test_price_history_0_316>,)\nkw = {}\n\n    @wraps(func)\n    def standalone_func(*a, **kw):\n>       return func(*(a + p.args), **p.kwargs, **kw)\n\n/opt/hostedtoolcache/Python/3.12.8/x64/lib/python3.12/site-packages/parameterized/parameterized.py:620: \n_ _ _ _ _ _ _ _ _ _ _ _ _ _ _ _ _ _ _ _ _ _ _ _ _ _ _ _ _ _ _ _ _ _ _ _ _ _ _ _ \ntests/test_checklist.py:485: in test_price_history\n    WebDriverWait(self.driver, 30).until(EC.element_to_be_clickable(SOURCE_ID))\n_ _ _ _ _ _ _ _ _ _ _ _ _ _ _ _ _ _ _ _ _ _ _ _ _ _ _ _ _ _ _ _ _ _ _ _ _ _ _ _ \n\nself = <selenium.webdriver.support.wait.WebDriverWait (session=\"19f396f57707a36035d2b6653a7e592f\")>\nmethod = <function element_to_be_clickable.<locals>._predicate at 0x7faf331a3ce0>\nmessage = ''\n\n    def until(self, method: Callable[[D], Union[Literal[False], T]], message: str = \"\") -> T:\n        \"\"\"Calls the method provided with the driver as an argument until the \\\n        return value does not evaluate to ``False``.\n    \n        :param method: callable(WebDriver)\n        :param message: optional message for :exc:`TimeoutException`\n        :returns: the result of the last call to `method`\n        :raises: :exc:`selenium.common.exceptions.TimeoutException` if timeout occurs\n        \"\"\"\n        screen = None\n        stacktrace = None\n    \n        end_time = time.monotonic() + self._timeout\n        while True:\n            try:\n                value = method(self._driver)\n                if value:\n                    return value\n            except self._ignored_exceptions as exc:\n                screen = getattr(exc, \"screen\", None)\n                stacktrace = getattr(exc, \"stacktrace\", None)\n            if time.monotonic() > end_time:\n                break\n            time.sleep(self._poll)\n>       raise TimeoutException(message, screen, stacktrace)\nE       selenium.common.exceptions.TimeoutException: Message: \nE       Stacktrace:\nE       #0 0x55d9828471fa <unknown>\nE       #1 0x55d982357810 <unknown>\nE       #2 0x55d9823a6506 <unknown>\nE       #3 0x55d9823a67a1 <unknown>\nE       #4 0x55d9823ebc24 <unknown>\nE       #5 0x55d9823ca5ad <unknown>\nE       #6 0x55d9823e9007 <unknown>\nE       #7 0x55d9823ca323 <unknown>\nE       #8 0x55d982398de0 <unknown>\nE       #9 0x55d982399dbe <unknown>\nE       #10 0x55d98281312b <unknown>\nE       #11 0x55d9828170c7 <unknown>\nE       #12 0x55d9828006cc <unknown>\nE       #13 0x55d982817c47 <unknown>\nE       #14 0x55d9827e567f <unknown>\nE       #15 0x55d982836288 <unknown>\nE       #16 0x55d982836450 <unknown>\nE       #17 0x55d982846076 <unknown>\nE       #18 0x7fb068494ac3 <unknown>\n\n/opt/hostedtoolcache/Python/3.12.8/x64/lib/python3.12/site-packages/selenium/webdriver/support/wait.py:105: TimeoutException","flaky":false,"newFailed":false,"newBroken":false,"newPassed":false,"retriesCount":0,"retriesStatusChange":false,"beforeStages":[{"name":"_unittest_setUpClass_fixture_TestPromotionChecklist","time":{"start":1736847732633,"stop":1736847732633,"duration":0},"status":"passed","steps":[],"attachments":[],"parameters":[],"stepsCount":0,"shouldDisplayMessage":false,"attachmentsCount":0,"hasContent":false,"attachmentStep":false}],"afterStages":[{"name":"_unittest_setUpClass_fixture_TestPromotionChecklist::0","time":{"start":1736848248462,"stop":1736848248462,"duration":0},"status":"passed","steps":[],"attachments":[],"parameters":[],"stepsCount":0,"shouldDisplayMessage":false,"attachmentsCount":0,"hasContent":false,"attachmentStep":false}],"labels":[{"name":"tag","value":"@pytest.mark.filterwarnings('ignore::DeprecationWarning')"},{"name":"parentSuite","value":"tests"},{"name":"suite","value":"test_checklist"},{"name":"subSuite","value":"TestPromotionChecklist"},{"name":"host","value":"fv-az915-568"},{"name":"thread","value":"2486-MainThread"},{"name":"framework","value":"pytest"},{"name":"language","value":"cpython3"},{"name":"package","value":"tests.test_checklist"},{"name":"resultFormat","value":"allure2"}],"parameters":[],"links":[],"hidden":false,"retry":false,"extra":{"severity":"normal","retries":[],"categories":[{"name":"Test defects","matchedStatuses":[],"flaky":false}],"tags":["@pytest.mark.filterwarnings('ignore::DeprecationWarning')"]},"source":"d43b2cd6109f7d2f.json","parameterValues":[]}