{"uid":"dab707a8790c91ac","name":"test_list_dt_0_316","fullName":"tests.test_checklist.TestPromotionChecklist#test_list_dt_0_316","historyId":"dbcef3c3801fa2e4e7a5823ade898b78","time":{"start":1736848116741,"stop":1736848150362,"duration":33621},"description":"list_dt is mapped [with source='316']","descriptionHtml":"<p>list_dt is mapped [with source='316']</p>\n","status":"broken","statusMessage":"selenium.common.exceptions.TimeoutException: Message: \nStacktrace:\n#0 0x5617c71f21fa <unknown>\n#1 0x5617c6d02810 <unknown>\n#2 0x5617c6d51506 <unknown>\n#3 0x5617c6d517a1 <unknown>\n#4 0x5617c6d96c24 <unknown>\n#5 0x5617c6d755ad <unknown>\n#6 0x5617c6d94007 <unknown>\n#7 0x5617c6d75323 <unknown>\n#8 0x5617c6d43de0 <unknown>\n#9 0x5617c6d44dbe <unknown>\n#10 0x5617c71be12b <unknown>\n#11 0x5617c71c20c7 <unknown>\n#12 0x5617c71ab6cc <unknown>\n#13 0x5617c71c2c47 <unknown>\n#14 0x5617c719067f <unknown>\n#15 0x5617c71e1288 <unknown>\n#16 0x5617c71e1450 <unknown>\n#17 0x5617c71f1076 <unknown>\n#18 0x7feb19094ac3 <unknown>","statusTrace":"a = (<tests.test_checklist.TestPromotionChecklist testMethod=test_list_dt_0_316>,)\nkw = {}\n\n    @wraps(func)\n    def standalone_func(*a, **kw):\n>       return func(*(a + p.args), **p.kwargs, **kw)\n\n/opt/hostedtoolcache/Python/3.12.8/x64/lib/python3.12/site-packages/parameterized/parameterized.py:620: \n_ _ _ _ _ _ _ _ _ _ _ _ _ _ _ _ _ _ _ _ _ _ _ _ _ _ _ _ _ _ _ _ _ _ _ _ _ _ _ _ \ntests/test_checklist.py:384: in test_list_dt\n    WebDriverWait(self.driver, 30).until(EC.element_to_be_clickable(SOURCE_ID))\n_ _ _ _ _ _ _ _ _ _ _ _ _ _ _ _ _ _ _ _ _ _ _ _ _ _ _ _ _ _ _ _ _ _ _ _ _ _ _ _ \n\nself = <selenium.webdriver.support.wait.WebDriverWait (session=\"09a25e760cd32a118b2bc3096af7a318\")>\nmethod = <function element_to_be_clickable.<locals>._predicate at 0x7faf331a19e0>\nmessage = ''\n\n    def until(self, method: Callable[[D], Union[Literal[False], T]], message: str = \"\") -> T:\n        \"\"\"Calls the method provided with the driver as an argument until the \\\n        return value does not evaluate to ``False``.\n    \n        :param method: callable(WebDriver)\n        :param message: optional message for :exc:`TimeoutException`\n        :returns: the result of the last call to `method`\n        :raises: :exc:`selenium.common.exceptions.TimeoutException` if timeout occurs\n        \"\"\"\n        screen = None\n        stacktrace = None\n    \n        end_time = time.monotonic() + self._timeout\n        while True:\n            try:\n                value = method(self._driver)\n                if value:\n                    return value\n            except self._ignored_exceptions as exc:\n                screen = getattr(exc, \"screen\", None)\n                stacktrace = getattr(exc, \"stacktrace\", None)\n            if time.monotonic() > end_time:\n                break\n            time.sleep(self._poll)\n>       raise TimeoutException(message, screen, stacktrace)\nE       selenium.common.exceptions.TimeoutException: Message: \nE       Stacktrace:\nE       #0 0x5617c71f21fa <unknown>\nE       #1 0x5617c6d02810 <unknown>\nE       #2 0x5617c6d51506 <unknown>\nE       #3 0x5617c6d517a1 <unknown>\nE       #4 0x5617c6d96c24 <unknown>\nE       #5 0x5617c6d755ad <unknown>\nE       #6 0x5617c6d94007 <unknown>\nE       #7 0x5617c6d75323 <unknown>\nE       #8 0x5617c6d43de0 <unknown>\nE       #9 0x5617c6d44dbe <unknown>\nE       #10 0x5617c71be12b <unknown>\nE       #11 0x5617c71c20c7 <unknown>\nE       #12 0x5617c71ab6cc <unknown>\nE       #13 0x5617c71c2c47 <unknown>\nE       #14 0x5617c719067f <unknown>\nE       #15 0x5617c71e1288 <unknown>\nE       #16 0x5617c71e1450 <unknown>\nE       #17 0x5617c71f1076 <unknown>\nE       #18 0x7feb19094ac3 <unknown>\n\n/opt/hostedtoolcache/Python/3.12.8/x64/lib/python3.12/site-packages/selenium/webdriver/support/wait.py:105: TimeoutException","flaky":false,"newFailed":false,"newBroken":false,"newPassed":false,"retriesCount":0,"retriesStatusChange":false,"beforeStages":[{"name":"_unittest_setUpClass_fixture_TestPromotionChecklist","time":{"start":1736847732633,"stop":1736847732633,"duration":0},"status":"passed","steps":[],"attachments":[],"parameters":[],"stepsCount":0,"shouldDisplayMessage":false,"attachmentsCount":0,"hasContent":false,"attachmentStep":false}],"afterStages":[{"name":"_unittest_setUpClass_fixture_TestPromotionChecklist::0","time":{"start":1736848248462,"stop":1736848248462,"duration":0},"status":"passed","steps":[],"attachments":[],"parameters":[],"stepsCount":0,"shouldDisplayMessage":false,"attachmentsCount":0,"hasContent":false,"attachmentStep":false}],"labels":[{"name":"tag","value":"@pytest.mark.filterwarnings('ignore::DeprecationWarning')"},{"name":"parentSuite","value":"tests"},{"name":"suite","value":"test_checklist"},{"name":"subSuite","value":"TestPromotionChecklist"},{"name":"host","value":"fv-az915-568"},{"name":"thread","value":"2486-MainThread"},{"name":"framework","value":"pytest"},{"name":"language","value":"cpython3"},{"name":"package","value":"tests.test_checklist"},{"name":"resultFormat","value":"allure2"}],"parameters":[],"links":[],"hidden":false,"retry":false,"extra":{"severity":"normal","retries":[],"categories":[{"name":"Test defects","matchedStatuses":[],"flaky":false}],"tags":["@pytest.mark.filterwarnings('ignore::DeprecationWarning')"]},"source":"dab707a8790c91ac.json","parameterValues":[]}