{"uid":"dac12063a5d680dd","name":"test_list_address_coordinates_07_463","fullName":"tests.test_checklist.TestPromotionChecklist#test_list_address_coordinates_07_463","historyId":"a995d1b258acdefea4991cbcf505a48e","time":{"start":1739882369908,"stop":1739882447251,"duration":77343},"status":"failed","statusMessage":"AssertionError: False is not true : list_address.properties.coordinates_gs\n+\n[add]\n[add]\n[add]\n[add]\nCoordinatesEnhancer(), ,list_address.properties.coordinates_gp\n+\n[add]\n[add]\n[add]\n[add]\nCoordinatesEnhancer()","statusTrace":"tests/test_checklist.py:601: in test_list_address_coordinates\n    raise e  # Re-raise to ensure the test fails\ntests/test_checklist.py:596: in test_list_address_coordinates\n    self.assertTrue(result, f'{actual_gs}, ,{actual_gp}')\nE   AssertionError: False is not true : list_address.properties.coordinates_gs\nE   +\nE   [add]\nE   [add]\nE   [add]\nE   [add]\nE   CoordinatesEnhancer(), ,list_address.properties.coordinates_gp\nE   +\nE   [add]\nE   [add]\nE   [add]\nE   [add]\nE   CoordinatesEnhancer()","flaky":false,"newFailed":false,"newBroken":false,"newPassed":false,"retriesCount":0,"retriesStatusChange":false,"beforeStages":[{"name":"_unittest_setUpClass_fixture_TestPromotionChecklist","time":{"start":1739877260084,"stop":1739877260085,"duration":1},"status":"passed","steps":[],"attachments":[],"parameters":[],"shouldDisplayMessage":false,"stepsCount":0,"attachmentsCount":0,"hasContent":false,"attachmentStep":false}],"testStage":{"status":"failed","statusMessage":"AssertionError: False is not true : list_address.properties.coordinates_gs\n+\n[add]\n[add]\n[add]\n[add]\nCoordinatesEnhancer(), ,list_address.properties.coordinates_gp\n+\n[add]\n[add]\n[add]\n[add]\nCoordinatesEnhancer()","statusTrace":"tests/test_checklist.py:601: in test_list_address_coordinates\n    raise e  # Re-raise to ensure the test fails\ntests/test_checklist.py:596: in test_list_address_coordinates\n    self.assertTrue(result, f'{actual_gs}, ,{actual_gp}')\nE   AssertionError: False is not true : list_address.properties.coordinates_gs\nE   +\nE   [add]\nE   [add]\nE   [add]\nE   [add]\nE   CoordinatesEnhancer(), ,list_address.properties.coordinates_gp\nE   +\nE   [add]\nE   [add]\nE   [add]\nE   [add]\nE   CoordinatesEnhancer()","steps":[{"name":"Click authorisation button","time":{"start":1739882370664,"stop":1739882377466,"duration":6802},"status":"passed","steps":[{"name":"Get authorisation button","time":{"start":1739882370664,"stop":1739882370674,"duration":10},"status":"passed","steps":[],"attachments":[],"parameters":[],"shouldDisplayMessage":false,"stepsCount":0,"attachmentsCount":0,"hasContent":false,"attachmentStep":false}],"attachments":[],"parameters":[],"shouldDisplayMessage":false,"stepsCount":1,"attachmentsCount":0,"hasContent":true,"attachmentStep":false},{"name":"Source select","time":{"start":1739882378000,"stop":1739882378116,"duration":116},"status":"passed","steps":[],"attachments":[],"parameters":[{"name":"source","value":"'463'"}],"shouldDisplayMessage":false,"stepsCount":0,"attachmentsCount":0,"hasContent":true,"attachmentStep":false},{"name":"Select main metadata","time":{"start":1739882379552,"stop":1739882379643,"duration":91},"status":"passed","steps":[],"attachments":[],"parameters":[{"name":"metadata","value":"1"}],"shouldDisplayMessage":false,"stepsCount":0,"attachmentsCount":0,"hasContent":true,"attachmentStep":false},{"name":"Implicit wait metadata","time":{"start":1739882379643,"stop":1739882386531,"duration":6888},"status":"passed","steps":[],"attachments":[],"parameters":[],"shouldDisplayMessage":false,"stepsCount":0,"attachmentsCount":0,"hasContent":false,"attachmentStep":false},{"name":"\nMetadata = PROPERTY Failed ‚ùå \n","time":{"start":1739882386577,"stop":1739882386577,"duration":0},"status":"passed","steps":[],"attachments":[],"parameters":[],"shouldDisplayMessage":false,"stepsCount":0,"attachmentsCount":0,"hasContent":false,"attachmentStep":false},{"name":"Select main metadata","time":{"start":1739882386624,"stop":1739882386758,"duration":134},"status":"passed","steps":[],"attachments":[],"parameters":[{"name":"metadata","value":"2"}],"shouldDisplayMessage":false,"stepsCount":0,"attachmentsCount":0,"hasContent":true,"attachmentStep":false},{"name":"Implicit wait metadata","time":{"start":1739882386758,"stop":1739882406825,"duration":20067},"status":"broken","statusMessage":"selenium.common.exceptions.NoSuchElementException: Message: no such element: Unable to locate element: {\"method\":\"css selector\",\"selector\":\"#listing_mapper_list_category__0\"}\n  (Session info: chrome=133.0.6943.98); For documentation on this error, please visit: https://www.selenium.dev/documentation/webdriver/troubleshooting/errors#no-such-element-exception\nStacktrace:\n#0 0x5627827eb09a <unknown>\n#1 0x5627822b28b0 <unknown>\n#2 0x562782303b99 <unknown>\n#3 0x562782303d21 <unknown>\n#4 0x562782352854 <unknown>\n#5 0x5627823299ad <unknown>\n#6 0x56278234fb8b <unknown>\n#7 0x562782329753 <unknown>\n#8 0x5627822f538e <unknown>\n#9 0x5627822f6b51 <unknown>\n#10 0x5627827b476b <unknown>\n#11 0x5627827b86f2 <unknown>\n#12 0x5627827a08fc <unknown>\n#13 0x5627827b92e4 <unknown>\n#14 0x5627827849cf <unknown>\n#15 0x5627827d9cd8 <unknown>\n#16 0x5627827d9eb6 <unknown>\n#17 0x5627827e9f16 <unknown>\n#18 0x7fb77ca9caa4 <unknown>\n#19 0x7fb77cb29c3c <unknown>\n\n","statusTrace":"  File \"/opt/hostedtoolcache/Python/3.13.2/x64/lib/python3.13/site-packages/allure_commons/_allure.py\", line 192, in impl\n    return func(*a, **kw)\n  File \"/home/runner/work/eim-map-test/eim-map-test/SLP/ui/PageObjects/SLPMain/slp_main.py\", line 63, in impl_wait_metadata\n    ListComponent(self.driver).get_map_filed(IMPLIS_WAIT_MAP)\n    ~~~~~~~~~~~~~~~~~~~~~~~~~~~~~~~~~~~~~~~~^^^^^^^^^^^^^^^^^\n  File \"/home/runner/work/eim-map-test/eim-map-test/SLP/ui/PageObjects/SLPMain/listing_component.py\", line 46, in get_map_filed\n    return self.node.find_element(*xpath)\n           ~~~~~~~~~~~~~~~~~~~~~~^^^^^^^^\n  File \"/opt/hostedtoolcache/Python/3.13.2/x64/lib/python3.13/site-packages/selenium/webdriver/remote/webdriver.py\", line 770, in find_element\n    return self.execute(Command.FIND_ELEMENT, {\"using\": by, \"value\": value})[\"value\"]\n           ~~~~~~~~~~~~^^^^^^^^^^^^^^^^^^^^^^^^^^^^^^^^^^^^^^^^^^^^^^^^^^^^^\n  File \"/opt/hostedtoolcache/Python/3.13.2/x64/lib/python3.13/site-packages/selenium/webdriver/remote/webdriver.py\", line 384, in execute\n    self.error_handler.check_response(response)\n    ~~~~~~~~~~~~~~~~~~~~~~~~~~~~~~~~~^^^^^^^^^^\n  File \"/opt/hostedtoolcache/Python/3.13.2/x64/lib/python3.13/site-packages/selenium/webdriver/remote/errorhandler.py\", line 232, in check_response\n    raise exception_class(message, screen, stacktrace)\n","steps":[],"attachments":[],"parameters":[],"shouldDisplayMessage":true,"stepsCount":0,"attachmentsCount":0,"hasContent":true,"attachmentStep":false},{"name":"Looks like the class LOOKUP is not mapped","time":{"start":1739882406826,"stop":1739882406826,"duration":0},"status":"passed","steps":[],"attachments":[],"parameters":[],"shouldDisplayMessage":false,"stepsCount":0,"attachmentsCount":0,"hasContent":false,"attachmentStep":false},{"name":"Select main metadata","time":{"start":1739882406847,"stop":1739882406962,"duration":115},"status":"passed","steps":[],"attachments":[],"parameters":[{"name":"metadata","value":"3"}],"shouldDisplayMessage":false,"stepsCount":0,"attachmentsCount":0,"hasContent":true,"attachmentStep":false},{"name":"Implicit wait metadata","time":{"start":1739882406962,"stop":1739882427024,"duration":20062},"status":"broken","statusMessage":"selenium.common.exceptions.NoSuchElementException: Message: no such element: Unable to locate element: {\"method\":\"css selector\",\"selector\":\"#listing_mapper_list_category__0\"}\n  (Session info: chrome=133.0.6943.98); For documentation on this error, please visit: https://www.selenium.dev/documentation/webdriver/troubleshooting/errors#no-such-element-exception\nStacktrace:\n#0 0x5627827eb09a <unknown>\n#1 0x5627822b28b0 <unknown>\n#2 0x562782303b99 <unknown>\n#3 0x562782303d21 <unknown>\n#4 0x562782352854 <unknown>\n#5 0x5627823299ad <unknown>\n#6 0x56278234fb8b <unknown>\n#7 0x562782329753 <unknown>\n#8 0x5627822f538e <unknown>\n#9 0x5627822f6b51 <unknown>\n#10 0x5627827b476b <unknown>\n#11 0x5627827b86f2 <unknown>\n#12 0x5627827a08fc <unknown>\n#13 0x5627827b92e4 <unknown>\n#14 0x5627827849cf <unknown>\n#15 0x5627827d9cd8 <unknown>\n#16 0x5627827d9eb6 <unknown>\n#17 0x5627827e9f16 <unknown>\n#18 0x7fb77ca9caa4 <unknown>\n#19 0x7fb77cb29c3c <unknown>\n\n","statusTrace":"  File \"/opt/hostedtoolcache/Python/3.13.2/x64/lib/python3.13/site-packages/allure_commons/_allure.py\", line 192, in impl\n    return func(*a, **kw)\n  File \"/home/runner/work/eim-map-test/eim-map-test/SLP/ui/PageObjects/SLPMain/slp_main.py\", line 63, in impl_wait_metadata\n    ListComponent(self.driver).get_map_filed(IMPLIS_WAIT_MAP)\n    ~~~~~~~~~~~~~~~~~~~~~~~~~~~~~~~~~~~~~~~~^^^^^^^^^^^^^^^^^\n  File \"/home/runner/work/eim-map-test/eim-map-test/SLP/ui/PageObjects/SLPMain/listing_component.py\", line 46, in get_map_filed\n    return self.node.find_element(*xpath)\n           ~~~~~~~~~~~~~~~~~~~~~~^^^^^^^^\n  File \"/opt/hostedtoolcache/Python/3.13.2/x64/lib/python3.13/site-packages/selenium/webdriver/remote/webdriver.py\", line 770, in find_element\n    return self.execute(Command.FIND_ELEMENT, {\"using\": by, \"value\": value})[\"value\"]\n           ~~~~~~~~~~~~^^^^^^^^^^^^^^^^^^^^^^^^^^^^^^^^^^^^^^^^^^^^^^^^^^^^^\n  File \"/opt/hostedtoolcache/Python/3.13.2/x64/lib/python3.13/site-packages/selenium/webdriver/remote/webdriver.py\", line 384, in execute\n    self.error_handler.check_response(response)\n    ~~~~~~~~~~~~~~~~~~~~~~~~~~~~~~~~~^^^^^^^^^^\n  File \"/opt/hostedtoolcache/Python/3.13.2/x64/lib/python3.13/site-packages/selenium/webdriver/remote/errorhandler.py\", line 232, in check_response\n    raise exception_class(message, screen, stacktrace)\n","steps":[],"attachments":[],"parameters":[],"shouldDisplayMessage":true,"stepsCount":0,"attachmentsCount":0,"hasContent":true,"attachmentStep":false},{"name":"Looks like the class DATASYSTEM is not mapped","time":{"start":1739882427025,"stop":1739882427025,"duration":0},"status":"passed","steps":[],"attachments":[],"parameters":[],"shouldDisplayMessage":false,"stepsCount":0,"attachmentsCount":0,"hasContent":false,"attachmentStep":false},{"name":"Select main metadata","time":{"start":1739882427045,"stop":1739882427157,"duration":112},"status":"passed","steps":[],"attachments":[],"parameters":[{"name":"metadata","value":"4"}],"shouldDisplayMessage":false,"stepsCount":0,"attachmentsCount":0,"hasContent":true,"attachmentStep":false},{"name":"Implicit wait metadata","time":{"start":1739882427158,"stop":1739882447194,"duration":20036},"status":"broken","statusMessage":"selenium.common.exceptions.NoSuchElementException: Message: no such element: Unable to locate element: {\"method\":\"css selector\",\"selector\":\"#listing_mapper_list_category__0\"}\n  (Session info: chrome=133.0.6943.98); For documentation on this error, please visit: https://www.selenium.dev/documentation/webdriver/troubleshooting/errors#no-such-element-exception\nStacktrace:\n#0 0x5627827eb09a <unknown>\n#1 0x5627822b28b0 <unknown>\n#2 0x562782303b99 <unknown>\n#3 0x562782303d21 <unknown>\n#4 0x562782352854 <unknown>\n#5 0x5627823299ad <unknown>\n#6 0x56278234fb8b <unknown>\n#7 0x562782329753 <unknown>\n#8 0x5627822f538e <unknown>\n#9 0x5627822f6b51 <unknown>\n#10 0x5627827b476b <unknown>\n#11 0x5627827b86f2 <unknown>\n#12 0x5627827a08fc <unknown>\n#13 0x5627827b92e4 <unknown>\n#14 0x5627827849cf <unknown>\n#15 0x5627827d9cd8 <unknown>\n#16 0x5627827d9eb6 <unknown>\n#17 0x5627827e9f16 <unknown>\n#18 0x7fb77ca9caa4 <unknown>\n#19 0x7fb77cb29c3c <unknown>\n\n","statusTrace":"  File \"/opt/hostedtoolcache/Python/3.13.2/x64/lib/python3.13/site-packages/allure_commons/_allure.py\", line 192, in impl\n    return func(*a, **kw)\n  File \"/home/runner/work/eim-map-test/eim-map-test/SLP/ui/PageObjects/SLPMain/slp_main.py\", line 63, in impl_wait_metadata\n    ListComponent(self.driver).get_map_filed(IMPLIS_WAIT_MAP)\n    ~~~~~~~~~~~~~~~~~~~~~~~~~~~~~~~~~~~~~~~~^^^^^^^^^^^^^^^^^\n  File \"/home/runner/work/eim-map-test/eim-map-test/SLP/ui/PageObjects/SLPMain/listing_component.py\", line 46, in get_map_filed\n    return self.node.find_element(*xpath)\n           ~~~~~~~~~~~~~~~~~~~~~~^^^^^^^^\n  File \"/opt/hostedtoolcache/Python/3.13.2/x64/lib/python3.13/site-packages/selenium/webdriver/remote/webdriver.py\", line 770, in find_element\n    return self.execute(Command.FIND_ELEMENT, {\"using\": by, \"value\": value})[\"value\"]\n           ~~~~~~~~~~~~^^^^^^^^^^^^^^^^^^^^^^^^^^^^^^^^^^^^^^^^^^^^^^^^^^^^^\n  File \"/opt/hostedtoolcache/Python/3.13.2/x64/lib/python3.13/site-packages/selenium/webdriver/remote/webdriver.py\", line 384, in execute\n    self.error_handler.check_response(response)\n    ~~~~~~~~~~~~~~~~~~~~~~~~~~~~~~~~~^^^^^^^^^^\n  File \"/opt/hostedtoolcache/Python/3.13.2/x64/lib/python3.13/site-packages/selenium/webdriver/remote/errorhandler.py\", line 232, in check_response\n    raise exception_class(message, screen, stacktrace)\n","steps":[],"attachments":[],"parameters":[],"shouldDisplayMessage":true,"stepsCount":0,"attachmentsCount":0,"hasContent":true,"attachmentStep":false},{"name":"Looks like the class PROPERTYUNITTYPES is not mapped","time":{"start":1739882447195,"stop":1739882447195,"duration":0},"status":"passed","steps":[],"attachments":[],"parameters":[],"shouldDisplayMessage":false,"stepsCount":0,"attachmentsCount":0,"hasContent":false,"attachmentStep":false}],"attachments":[],"parameters":[],"shouldDisplayMessage":true,"stepsCount":15,"attachmentsCount":0,"hasContent":true,"attachmentStep":false},"afterStages":[{"name":"_unittest_setUpClass_fixture_TestPromotionChecklist::0","time":{"start":1739892071077,"stop":1739892071077,"duration":0},"status":"passed","steps":[],"attachments":[],"parameters":[],"shouldDisplayMessage":false,"stepsCount":0,"attachmentsCount":0,"hasContent":false,"attachmentStep":false}],"labels":[{"name":"tag","value":"@pytest.mark.filterwarnings('ignore::DeprecationWarning')"},{"name":"parentSuite","value":"tests"},{"name":"suite","value":"test_checklist"},{"name":"subSuite","value":"TestPromotionChecklist"},{"name":"host","value":"fv-az1384-314"},{"name":"thread","value":"3340-MainThread"},{"name":"framework","value":"pytest"},{"name":"language","value":"cpython3"},{"name":"package","value":"tests.test_checklist"},{"name":"resultFormat","value":"allure2"}],"parameters":[],"links":[],"hidden":false,"retry":false,"extra":{"severity":"normal","retries":[],"categories":[{"name":"Product defects","matchedStatuses":[],"flaky":false}],"tags":["@pytest.mark.filterwarnings('ignore::DeprecationWarning')"]},"source":"dac12063a5d680dd.json","parameterValues":[]}