{"uid":"fe19c27dfb111c6c","name":"test_co_list_agent_office_phone_0_741","fullName":"tests.test_checklist.TestPromotionChecklist#test_co_list_agent_office_phone_0_741","historyId":"8cf59ce81522ff6699fd29455a85d8d5","time":{"start":1737539374217,"stop":1737539407695,"duration":33478},"description":"co_list_agent_office_phone are mapped with [with source='741']\n            FirstValueProvider:(\"agent_office_phone\",\"office_phone\")\" ","descriptionHtml":"<p>co_list_agent_office_phone are mapped with [with source='741']<br />\nFirstValueProvider:(&quot;agent_office_phone&quot;,&quot;office_phone&quot;)&quot;</p>\n","status":"broken","statusMessage":"selenium.common.exceptions.TimeoutException: Message: \nStacktrace:\n#0 0x557f312948fa <unknown>\n#1 0x557f30da5d20 <unknown>\n#2 0x557f30df4a66 <unknown>\n#3 0x557f30df4d01 <unknown>\n#4 0x557f30e3a184 <unknown>\n#5 0x557f30e18b1d <unknown>\n#6 0x557f30e37560 <unknown>\n#7 0x557f30e18893 <unknown>\n#8 0x557f30de730d <unknown>\n#9 0x557f30de832e <unknown>\n#10 0x557f3126100b <unknown>\n#11 0x557f31264f97 <unknown>\n#12 0x557f3124d71c <unknown>\n#13 0x557f31265b17 <unknown>\n#14 0x557f312326cf <unknown>\n#15 0x557f312836b8 <unknown>\n#16 0x557f31283880 <unknown>\n#17 0x557f31293776 <unknown>\n#18 0x7fec5fa9ca94 <unknown>\n#19 0x7fec5fb29c3c <unknown>","statusTrace":"a = (<tests.test_checklist.TestPromotionChecklist testMethod=test_co_list_agent_office_phone_0_741>,)\nkw = {}\n\n    @wraps(func)\n    def standalone_func(*a, **kw):\n>       return func(*(a + p.args), **p.kwargs, **kw)\n\n/opt/hostedtoolcache/Python/3.12.8/x64/lib/python3.12/site-packages/parameterized/parameterized.py:620: \n_ _ _ _ _ _ _ _ _ _ _ _ _ _ _ _ _ _ _ _ _ _ _ _ _ _ _ _ _ _ _ _ _ _ _ _ _ _ _ _ \ntests/test_checklist.py:147: in test_co_list_agent_office_phone\n    WebDriverWait(self.driver, 30).until(EC.element_to_be_clickable(SOURCE_ID))\n_ _ _ _ _ _ _ _ _ _ _ _ _ _ _ _ _ _ _ _ _ _ _ _ _ _ _ _ _ _ _ _ _ _ _ _ _ _ _ _ \n\nself = <selenium.webdriver.support.wait.WebDriverWait (session=\"b12f8b02e110d96d429f91dc0a5fc8ff\")>\nmethod = <function element_to_be_clickable.<locals>._predicate at 0x7ffa9193e8e0>\nmessage = ''\n\n    def until(self, method: Callable[[D], Union[Literal[False], T]], message: str = \"\") -> T:\n        \"\"\"Calls the method provided with the driver as an argument until the \\\n        return value does not evaluate to ``False``.\n    \n        :param method: callable(WebDriver)\n        :param message: optional message for :exc:`TimeoutException`\n        :returns: the result of the last call to `method`\n        :raises: :exc:`selenium.common.exceptions.TimeoutException` if timeout occurs\n        \"\"\"\n        screen = None\n        stacktrace = None\n    \n        end_time = time.monotonic() + self._timeout\n        while True:\n            try:\n                value = method(self._driver)\n                if value:\n                    return value\n            except self._ignored_exceptions as exc:\n                screen = getattr(exc, \"screen\", None)\n                stacktrace = getattr(exc, \"stacktrace\", None)\n            if time.monotonic() > end_time:\n                break\n            time.sleep(self._poll)\n>       raise TimeoutException(message, screen, stacktrace)\nE       selenium.common.exceptions.TimeoutException: Message: \nE       Stacktrace:\nE       #0 0x557f312948fa <unknown>\nE       #1 0x557f30da5d20 <unknown>\nE       #2 0x557f30df4a66 <unknown>\nE       #3 0x557f30df4d01 <unknown>\nE       #4 0x557f30e3a184 <unknown>\nE       #5 0x557f30e18b1d <unknown>\nE       #6 0x557f30e37560 <unknown>\nE       #7 0x557f30e18893 <unknown>\nE       #8 0x557f30de730d <unknown>\nE       #9 0x557f30de832e <unknown>\nE       #10 0x557f3126100b <unknown>\nE       #11 0x557f31264f97 <unknown>\nE       #12 0x557f3124d71c <unknown>\nE       #13 0x557f31265b17 <unknown>\nE       #14 0x557f312326cf <unknown>\nE       #15 0x557f312836b8 <unknown>\nE       #16 0x557f31283880 <unknown>\nE       #17 0x557f31293776 <unknown>\nE       #18 0x7fec5fa9ca94 <unknown>\nE       #19 0x7fec5fb29c3c <unknown>\n\n/opt/hostedtoolcache/Python/3.12.8/x64/lib/python3.12/site-packages/selenium/webdriver/support/wait.py:105: TimeoutException","flaky":false,"newFailed":false,"newBroken":false,"newPassed":false,"retriesCount":0,"retriesStatusChange":false,"beforeStages":[{"name":"_unittest_setUpClass_fixture_TestPromotionChecklist","time":{"start":1737539370478,"stop":1737539370478,"duration":0},"status":"passed","steps":[],"attachments":[],"parameters":[],"shouldDisplayMessage":false,"stepsCount":0,"attachmentsCount":0,"hasContent":false,"attachmentStep":false}],"testStage":{"description":"co_list_agent_office_phone are mapped with [with source='741']\n            FirstValueProvider:(\"agent_office_phone\",\"office_phone\")\" ","status":"broken","statusMessage":"selenium.common.exceptions.TimeoutException: Message: \nStacktrace:\n#0 0x557f312948fa <unknown>\n#1 0x557f30da5d20 <unknown>\n#2 0x557f30df4a66 <unknown>\n#3 0x557f30df4d01 <unknown>\n#4 0x557f30e3a184 <unknown>\n#5 0x557f30e18b1d <unknown>\n#6 0x557f30e37560 <unknown>\n#7 0x557f30e18893 <unknown>\n#8 0x557f30de730d <unknown>\n#9 0x557f30de832e <unknown>\n#10 0x557f3126100b <unknown>\n#11 0x557f31264f97 <unknown>\n#12 0x557f3124d71c <unknown>\n#13 0x557f31265b17 <unknown>\n#14 0x557f312326cf <unknown>\n#15 0x557f312836b8 <unknown>\n#16 0x557f31283880 <unknown>\n#17 0x557f31293776 <unknown>\n#18 0x7fec5fa9ca94 <unknown>\n#19 0x7fec5fb29c3c <unknown>","statusTrace":"a = (<tests.test_checklist.TestPromotionChecklist testMethod=test_co_list_agent_office_phone_0_741>,)\nkw = {}\n\n    @wraps(func)\n    def standalone_func(*a, **kw):\n>       return func(*(a + p.args), **p.kwargs, **kw)\n\n/opt/hostedtoolcache/Python/3.12.8/x64/lib/python3.12/site-packages/parameterized/parameterized.py:620: \n_ _ _ _ _ _ _ _ _ _ _ _ _ _ _ _ _ _ _ _ _ _ _ _ _ _ _ _ _ _ _ _ _ _ _ _ _ _ _ _ \ntests/test_checklist.py:147: in test_co_list_agent_office_phone\n    WebDriverWait(self.driver, 30).until(EC.element_to_be_clickable(SOURCE_ID))\n_ _ _ _ _ _ _ _ _ _ _ _ _ _ _ _ _ _ _ _ _ _ _ _ _ _ _ _ _ _ _ _ _ _ _ _ _ _ _ _ \n\nself = <selenium.webdriver.support.wait.WebDriverWait (session=\"b12f8b02e110d96d429f91dc0a5fc8ff\")>\nmethod = <function element_to_be_clickable.<locals>._predicate at 0x7ffa9193e8e0>\nmessage = ''\n\n    def until(self, method: Callable[[D], Union[Literal[False], T]], message: str = \"\") -> T:\n        \"\"\"Calls the method provided with the driver as an argument until the \\\n        return value does not evaluate to ``False``.\n    \n        :param method: callable(WebDriver)\n        :param message: optional message for :exc:`TimeoutException`\n        :returns: the result of the last call to `method`\n        :raises: :exc:`selenium.common.exceptions.TimeoutException` if timeout occurs\n        \"\"\"\n        screen = None\n        stacktrace = None\n    \n        end_time = time.monotonic() + self._timeout\n        while True:\n            try:\n                value = method(self._driver)\n                if value:\n                    return value\n            except self._ignored_exceptions as exc:\n                screen = getattr(exc, \"screen\", None)\n                stacktrace = getattr(exc, \"stacktrace\", None)\n            if time.monotonic() > end_time:\n                break\n            time.sleep(self._poll)\n>       raise TimeoutException(message, screen, stacktrace)\nE       selenium.common.exceptions.TimeoutException: Message: \nE       Stacktrace:\nE       #0 0x557f312948fa <unknown>\nE       #1 0x557f30da5d20 <unknown>\nE       #2 0x557f30df4a66 <unknown>\nE       #3 0x557f30df4d01 <unknown>\nE       #4 0x557f30e3a184 <unknown>\nE       #5 0x557f30e18b1d <unknown>\nE       #6 0x557f30e37560 <unknown>\nE       #7 0x557f30e18893 <unknown>\nE       #8 0x557f30de730d <unknown>\nE       #9 0x557f30de832e <unknown>\nE       #10 0x557f3126100b <unknown>\nE       #11 0x557f31264f97 <unknown>\nE       #12 0x557f3124d71c <unknown>\nE       #13 0x557f31265b17 <unknown>\nE       #14 0x557f312326cf <unknown>\nE       #15 0x557f312836b8 <unknown>\nE       #16 0x557f31283880 <unknown>\nE       #17 0x557f31293776 <unknown>\nE       #18 0x7fec5fa9ca94 <unknown>\nE       #19 0x7fec5fb29c3c <unknown>\n\n/opt/hostedtoolcache/Python/3.12.8/x64/lib/python3.12/site-packages/selenium/webdriver/support/wait.py:105: TimeoutException","steps":[],"attachments":[{"uid":"a4e0b54abc86e2b4","name":"log","source":"a4e0b54abc86e2b4.txt","type":"text/plain","size":360}],"parameters":[],"shouldDisplayMessage":true,"stepsCount":0,"attachmentsCount":1,"hasContent":true,"attachmentStep":false},"afterStages":[{"name":"_unittest_setUpClass_fixture_TestPromotionChecklist::0","time":{"start":1737539841779,"stop":1737539841779,"duration":0},"status":"passed","steps":[],"attachments":[],"parameters":[],"shouldDisplayMessage":false,"stepsCount":0,"attachmentsCount":0,"hasContent":false,"attachmentStep":false}],"labels":[{"name":"parentSuite","value":"tests"},{"name":"suite","value":"test_checklist"},{"name":"subSuite","value":"TestPromotionChecklist"},{"name":"host","value":"fv-az1676-475"},{"name":"thread","value":"3335-MainThread"},{"name":"framework","value":"pytest"},{"name":"language","value":"cpython3"},{"name":"package","value":"tests.test_checklist"},{"name":"resultFormat","value":"allure2"}],"parameters":[],"links":[],"hidden":false,"retry":false,"extra":{"severity":"normal","retries":[],"categories":[{"name":"Test defects","matchedStatuses":[],"flaky":false}],"tags":[]},"source":"fe19c27dfb111c6c.json","parameterValues":[]}