{"uid":"ffd46244db2dd835","name":"test_currency_code_0_316","fullName":"tests.test_checklist.TestPromotionChecklist#test_currency_code_0_316","historyId":"99cc0f93a5280cd4ab94b4d4182be690","time":{"start":1736847853666,"stop":1736847888177,"duration":34511},"description":"Currency_code must be UPPER [with source='316']","descriptionHtml":"<p>Currency_code must be UPPER [with source='316']</p>\n","status":"broken","statusMessage":"selenium.common.exceptions.TimeoutException: Message: \nStacktrace:\n#0 0x55e7147c51fa <unknown>\n#1 0x55e7142d5810 <unknown>\n#2 0x55e714324506 <unknown>\n#3 0x55e7143247a1 <unknown>\n#4 0x55e714369c24 <unknown>\n#5 0x55e7143485ad <unknown>\n#6 0x55e714367007 <unknown>\n#7 0x55e714348323 <unknown>\n#8 0x55e714316de0 <unknown>\n#9 0x55e714317dbe <unknown>\n#10 0x55e71479112b <unknown>\n#11 0x55e7147950c7 <unknown>\n#12 0x55e71477e6cc <unknown>\n#13 0x55e714795c47 <unknown>\n#14 0x55e71476367f <unknown>\n#15 0x55e7147b4288 <unknown>\n#16 0x55e7147b4450 <unknown>\n#17 0x55e7147c4076 <unknown>\n#18 0x7f1ca0a94ac3 <unknown>","statusTrace":"a = (<tests.test_checklist.TestPromotionChecklist testMethod=test_currency_code_0_316>,)\nkw = {}\n\n    @wraps(func)\n    def standalone_func(*a, **kw):\n>       return func(*(a + p.args), **p.kwargs, **kw)\n\n/opt/hostedtoolcache/Python/3.12.8/x64/lib/python3.12/site-packages/parameterized/parameterized.py:620: \n_ _ _ _ _ _ _ _ _ _ _ _ _ _ _ _ _ _ _ _ _ _ _ _ _ _ _ _ _ _ _ _ _ _ _ _ _ _ _ _ \ntests/test_checklist.py:349: in test_currency_code\n    WebDriverWait(self.driver, 30).until(EC.element_to_be_clickable(SOURCE_ID))\n_ _ _ _ _ _ _ _ _ _ _ _ _ _ _ _ _ _ _ _ _ _ _ _ _ _ _ _ _ _ _ _ _ _ _ _ _ _ _ _ \n\nself = <selenium.webdriver.support.wait.WebDriverWait (session=\"dfe4f899c39376dec92746bcae1ead48\")>\nmethod = <function element_to_be_clickable.<locals>._predicate at 0x7faf33447c40>\nmessage = ''\n\n    def until(self, method: Callable[[D], Union[Literal[False], T]], message: str = \"\") -> T:\n        \"\"\"Calls the method provided with the driver as an argument until the \\\n        return value does not evaluate to ``False``.\n    \n        :param method: callable(WebDriver)\n        :param message: optional message for :exc:`TimeoutException`\n        :returns: the result of the last call to `method`\n        :raises: :exc:`selenium.common.exceptions.TimeoutException` if timeout occurs\n        \"\"\"\n        screen = None\n        stacktrace = None\n    \n        end_time = time.monotonic() + self._timeout\n        while True:\n            try:\n                value = method(self._driver)\n                if value:\n                    return value\n            except self._ignored_exceptions as exc:\n                screen = getattr(exc, \"screen\", None)\n                stacktrace = getattr(exc, \"stacktrace\", None)\n            if time.monotonic() > end_time:\n                break\n            time.sleep(self._poll)\n>       raise TimeoutException(message, screen, stacktrace)\nE       selenium.common.exceptions.TimeoutException: Message: \nE       Stacktrace:\nE       #0 0x55e7147c51fa <unknown>\nE       #1 0x55e7142d5810 <unknown>\nE       #2 0x55e714324506 <unknown>\nE       #3 0x55e7143247a1 <unknown>\nE       #4 0x55e714369c24 <unknown>\nE       #5 0x55e7143485ad <unknown>\nE       #6 0x55e714367007 <unknown>\nE       #7 0x55e714348323 <unknown>\nE       #8 0x55e714316de0 <unknown>\nE       #9 0x55e714317dbe <unknown>\nE       #10 0x55e71479112b <unknown>\nE       #11 0x55e7147950c7 <unknown>\nE       #12 0x55e71477e6cc <unknown>\nE       #13 0x55e714795c47 <unknown>\nE       #14 0x55e71476367f <unknown>\nE       #15 0x55e7147b4288 <unknown>\nE       #16 0x55e7147b4450 <unknown>\nE       #17 0x55e7147c4076 <unknown>\nE       #18 0x7f1ca0a94ac3 <unknown>\n\n/opt/hostedtoolcache/Python/3.12.8/x64/lib/python3.12/site-packages/selenium/webdriver/support/wait.py:105: TimeoutException","flaky":false,"newFailed":false,"newBroken":false,"newPassed":false,"retriesCount":0,"retriesStatusChange":false,"beforeStages":[{"name":"_unittest_setUpClass_fixture_TestPromotionChecklist","time":{"start":1736847732633,"stop":1736847732633,"duration":0},"status":"passed","steps":[],"attachments":[],"parameters":[],"stepsCount":0,"shouldDisplayMessage":false,"attachmentsCount":0,"hasContent":false,"attachmentStep":false}],"afterStages":[{"name":"_unittest_setUpClass_fixture_TestPromotionChecklist::0","time":{"start":1736848248462,"stop":1736848248462,"duration":0},"status":"passed","steps":[],"attachments":[],"parameters":[],"stepsCount":0,"shouldDisplayMessage":false,"attachmentsCount":0,"hasContent":false,"attachmentStep":false}],"labels":[{"name":"tag","value":"@pytest.mark.filterwarnings('ignore::DeprecationWarning')"},{"name":"parentSuite","value":"tests"},{"name":"suite","value":"test_checklist"},{"name":"subSuite","value":"TestPromotionChecklist"},{"name":"host","value":"fv-az915-568"},{"name":"thread","value":"2486-MainThread"},{"name":"framework","value":"pytest"},{"name":"language","value":"cpython3"},{"name":"package","value":"tests.test_checklist"},{"name":"resultFormat","value":"allure2"}],"parameters":[],"links":[],"hidden":false,"retry":false,"extra":{"severity":"normal","retries":[],"categories":[{"name":"Test defects","matchedStatuses":[],"flaky":false}],"tags":["@pytest.mark.filterwarnings('ignore::DeprecationWarning')"]},"source":"ffd46244db2dd835.json","parameterValues":[]}